L 10/28/2014 - 10:31:26: SourceMod error session started
L 10/28/2014 - 10:31:26: Info (map "de_dust2") (file "errors_20141028.log")
L 10/28/2014 - 10:31:26: [SM] Unable to load extension "curl.ext": ”¶”√≥Ã–ÚŒﬁ∑®∆Ù∂Ø£¨“ÚŒ™”¶”√≥Ã–Úµƒ≤¢––≈‰÷√≤ª’˝»∑°£”–πÿœÍœ∏–≈œ¢£¨«Î≤Œ‘ƒ”¶”√≥Ã–Ú ¬º˛»’÷æ£¨ªÚ π”√√¸¡Ó–– sxstrace.exe π§æﬂ°£

L 10/28/2014 - 10:31:27: [SM] Fatal error encountered parsing translation file "namechangepunisher.phrases.txt"
L 10/28/2014 - 10:31:27: [SM] Error (line 0, column 0): Stream failed to open
L 10/28/2014 - 10:31:27: [SM] Fatal error encountered parsing translation file "plugin.supercmds.txt"
L 10/28/2014 - 10:31:27: [SM] Error (line 0, column 0): Stream failed to open
L 10/28/2014 - 10:31:27: [SM] Error parsing gameconfig file "D:\steam\steamapps\common\Counter-Strike\csgo\addons\sourcemod\gamedata\supercmds.gamedata.txt":
L 10/28/2014 - 10:31:27: [SM] Error 1 on line 0, col 0: Stream failed to open
L 10/28/2014 - 10:31:27: [SM] Native "LoadGameConfigFile" reported: Unable to open supercmds.gamedata: File could not be opened: œµÕ≥’“≤ªµΩ÷∏∂®µƒŒƒº˛°£

L 10/28/2014 - 10:31:27: [SM] Displaying call stack trace for plugin "sm_cmdx.smx":
L 10/28/2014 - 10:31:27: [SM]   [0]  Line 108, D:\CSGO\csgo±‡“Î∆˜\sm_cmdx.sp::OnPluginStart()
L 10/28/2014 - 10:31:27: [basecommands.smx] Could not parse file (line 12, file "addons\sourcemod\configs\adminmenu_cfgs.txt"):
L 10/28/2014 - 10:31:27: [basecommands.smx] Parser encountered error: Section ending without a matching section beginning
L 10/28/2014 - 12:54:24: SourceMod error session started
L 10/28/2014 - 12:54:24: Info (map "de_dust2") (file "errors_20141028.log")
L 10/28/2014 - 12:54:24: Error log file session closed.
L 10/28/2014 - 12:54:24: SourceMod error session started
L 10/28/2014 - 12:54:24: Info (map "de_dust2") (file "errors_20141028.log")
L 10/28/2014 - 12:54:24: [SM] Fatal error encountered parsing translation file "namechangepunisher.phrases.txt"
L 10/28/2014 - 12:54:24: [SM] Error (line 0, column 0): Stream failed to open
L 10/28/2014 - 12:54:24: [SM] Fatal error encountered parsing translation file "plugin.supercmds.txt"
L 10/28/2014 - 12:54:24: [SM] Error (line 0, column 0): Stream failed to open
L 10/28/2014 - 12:54:24: [basecommands.smx] Could not parse file (line 12, file "addons\sourcemod\configs\adminmenu_cfgs.txt"):
L 10/28/2014 - 12:54:24: [basecommands.smx] Parser encountered error: Section ending without a matching section beginning
L 10/28/2014 - 12:54:24: [sm_cmdx.smx] Unable to locate overrides file.
L 10/28/2014 - 13:21:58: Error log file session closed.
L 10/28/2014 - 13:21:58: SourceMod error session started
L 10/28/2014 - 13:21:58: Info (map "de_dust2") (file "errors_20141028.log")
L 10/28/2014 - 13:21:58: [SM] Fatal error encountered parsing translation file "namechangepunisher.phrases.txt"
L 10/28/2014 - 13:21:58: [SM] Error (line 0, column 0): Stream failed to open
L 10/28/2014 - 13:21:58: [SM] Fatal error encountered parsing translation file "plugin.supercmds.txt"
L 10/28/2014 - 13:21:58: [SM] Error (line 0, column 0): Stream failed to open
L 10/28/2014 - 13:21:58: [basecommands.smx] Could not parse file (line 12, file "addons\sourcemod\configs\adminmenu_cfgs.txt"):
L 10/28/2014 - 13:21:58: [basecommands.smx] Parser encountered error: Section ending without a matching section beginning
L 10/28/2014 - 13:21:59: [sm_cmdx.smx] Unable to locate overrides file.
L 10/28/2014 - 13:40:55: Error log file session closed.
L 10/28/2014 - 13:40:55: SourceMod error session started
L 10/28/2014 - 13:40:55: Info (map "de_inferno") (file "errors_20141028.log")
L 10/28/2014 - 13:40:55: [SM] Fatal error encountered parsing translation file "namechangepunisher.phrases.txt"
L 10/28/2014 - 13:40:55: [SM] Error (line 0, column 0): Stream failed to open
L 10/28/2014 - 13:40:55: [SM] Fatal error encountered parsing translation file "plugin.supercmds.txt"
L 10/28/2014 - 13:40:55: [SM] Error (line 0, column 0): Stream failed to open
L 10/28/2014 - 13:40:55: [basecommands.smx] Could not parse file (line 12, file "addons\sourcemod\configs\adminmenu_cfgs.txt"):
L 10/28/2014 - 13:40:55: [basecommands.smx] Parser encountered error: Section ending without a matching section beginning
L 10/28/2014 - 13:40:55: [sm_cmdx.smx] Unable to locate overrides file.
L 10/28/2014 - 13:54:22: [SM] Native "PrintToChat" reported: Client 1 is not in game
L 10/28/2014 - 13:54:22: [SM] Displaying call stack trace for plugin "!dao.smx":
L 10/28/2014 - 13:54:22: [SM]   [0]  Line 79, D:\CSGO\csgo±‡“Î∆˜\!dao.sp::Timer_knifemsg()
L 10/28/2014 - 13:54:22: Error log file session closed.
L 10/28/2014 - 13:54:22: SourceMod error session started
L 10/28/2014 - 13:54:22: Info (map "de_dust2") (file "errors_20141028.log")
L 10/28/2014 - 13:54:22: [SM] Fatal error encountered parsing translation file "namechangepunisher.phrases.txt"
L 10/28/2014 - 13:54:22: [SM] Error (line 0, column 0): Stream failed to open
L 10/28/2014 - 13:54:22: [SM] Fatal error encountered parsing translation file "plugin.supercmds.txt"
L 10/28/2014 - 13:54:22: [SM] Error (line 0, column 0): Stream failed to open
L 10/28/2014 - 13:54:22: [basecommands.smx] Could not parse file (line 12, file "addons\sourcemod\configs\adminmenu_cfgs.txt"):
L 10/28/2014 - 13:54:22: [basecommands.smx] Parser encountered error: Section ending without a matching section beginning
L 10/28/2014 - 13:54:22: [sm_cmdx.smx] Unable to locate overrides file.
L 10/28/2014 - 14:01:47: Error log file session closed.
L 10/28/2014 - 14:01:47: SourceMod error session started
L 10/28/2014 - 14:01:47: Info (map "wsf_bloodstrike") (file "errors_20141028.log")
L 10/28/2014 - 14:01:47: [SM] Fatal error encountered parsing translation file "namechangepunisher.phrases.txt"
L 10/28/2014 - 14:01:47: [SM] Error (line 0, column 0): Stream failed to open
L 10/28/2014 - 14:01:47: [SM] Fatal error encountered parsing translation file "plugin.supercmds.txt"
L 10/28/2014 - 14:01:47: [SM] Error (line 0, column 0): Stream failed to open
L 10/28/2014 - 14:01:47: [basecommands.smx] Could not parse file (line 12, file "addons\sourcemod\configs\adminmenu_cfgs.txt"):
L 10/28/2014 - 14:01:47: [basecommands.smx] Parser encountered error: Section ending without a matching section beginning
L 10/28/2014 - 14:01:47: [sm_cmdx.smx] Unable to locate overrides file.
L 10/28/2014 - 14:07:14: Error log file session closed.
L 10/28/2014 - 14:07:14: SourceMod error session started
L 10/28/2014 - 14:07:14: Info (map "de_dust2") (file "errors_20141028.log")
L 10/28/2014 - 14:07:14: [SM] Fatal error encountered parsing translation file "namechangepunisher.phrases.txt"
L 10/28/2014 - 14:07:14: [SM] Error (line 0, column 0): Stream failed to open
L 10/28/2014 - 14:07:14: [SM] Fatal error encountered parsing translation file "plugin.supercmds.txt"
L 10/28/2014 - 14:07:14: [SM] Error (line 0, column 0): Stream failed to open
L 10/28/2014 - 14:07:14: [basecommands.smx] Could not parse file (line 12, file "addons\sourcemod\configs\adminmenu_cfgs.txt"):
L 10/28/2014 - 14:07:14: [basecommands.smx] Parser encountered error: Section ending without a matching section beginning
L 10/28/2014 - 14:07:14: [sm_cmdx.smx] Unable to locate overrides file.
L 10/28/2014 - 14:54:14: Error log file session closed.
L 10/28/2014 - 14:54:14: SourceMod error session started
L 10/28/2014 - 14:54:14: Info (map "de_mirage") (file "errors_20141028.log")
L 10/28/2014 - 14:54:14: [SM] Fatal error encountered parsing translation file "namechangepunisher.phrases.txt"
L 10/28/2014 - 14:54:14: [SM] Error (line 0, column 0): Stream failed to open
L 10/28/2014 - 14:54:14: [SM] Fatal error encountered parsing translation file "plugin.supercmds.txt"
L 10/28/2014 - 14:54:14: [SM] Error (line 0, column 0): Stream failed to open
L 10/28/2014 - 14:54:14: [basecommands.smx] Could not parse file (line 12, file "addons\sourcemod\configs\adminmenu_cfgs.txt"):
L 10/28/2014 - 14:54:14: [basecommands.smx] Parser encountered error: Section ending without a matching section beginning
L 10/28/2014 - 14:54:14: [sm_cmdx.smx] Unable to locate overrides file.
L 10/28/2014 - 15:39:19: Error log file session closed.
L 10/28/2014 - 15:39:19: SourceMod error session started
L 10/28/2014 - 15:39:19: Info (map "de_inferno") (file "errors_20141028.log")
L 10/28/2014 - 15:39:19: [SM] Fatal error encountered parsing translation file "namechangepunisher.phrases.txt"
L 10/28/2014 - 15:39:19: [SM] Error (line 0, column 0): Stream failed to open
L 10/28/2014 - 15:39:19: [SM] Fatal error encountered parsing translation file "plugin.supercmds.txt"
L 10/28/2014 - 15:39:19: [SM] Error (line 0, column 0): Stream failed to open
L 10/28/2014 - 15:39:19: [basecommands.smx] Could not parse file (line 12, file "addons\sourcemod\configs\adminmenu_cfgs.txt"):
L 10/28/2014 - 15:39:19: [basecommands.smx] Parser encountered error: Section ending without a matching section beginning
L 10/28/2014 - 15:39:19: [sm_cmdx.smx] Unable to locate overrides file.
L 10/28/2014 - 15:39:44: [SM] Native "PrintToChat" reported: Client 5 is not in game
L 10/28/2014 - 15:39:44: [SM] Displaying call stack trace for plugin "!dao.smx":
L 10/28/2014 - 15:39:44: [SM]   [0]  Line 79, D:\CSGO\csgo±‡“Î∆˜\!dao.sp::Timer_knifemsg()
L 10/28/2014 - 16:18:33: Error log file session closed.
L 10/28/2014 - 16:18:33: SourceMod error session started
L 10/28/2014 - 16:18:33: Info (map "de_nuke") (file "errors_20141028.log")
L 10/28/2014 - 16:18:33: [SM] Fatal error encountered parsing translation file "namechangepunisher.phrases.txt"
L 10/28/2014 - 16:18:33: [SM] Error (line 0, column 0): Stream failed to open
L 10/28/2014 - 16:18:33: [SM] Fatal error encountered parsing translation file "plugin.supercmds.txt"
L 10/28/2014 - 16:18:33: [SM] Error (line 0, column 0): Stream failed to open
L 10/28/2014 - 16:18:33: [basecommands.smx] Could not parse file (line 12, file "addons\sourcemod\configs\adminmenu_cfgs.txt"):
L 10/28/2014 - 16:18:33: [basecommands.smx] Parser encountered error: Section ending without a matching section beginning
L 10/28/2014 - 16:18:33: [sm_cmdx.smx] Unable to locate overrides file.
L 10/28/2014 - 16:19:03: [SM] Native "PrintToChat" reported: Client 8 is not in game
L 10/28/2014 - 16:19:03: [SM] Displaying call stack trace for plugin "!dao.smx":
L 10/28/2014 - 16:19:03: [SM]   [0]  Line 79, D:\CSGO\csgo±‡“Î∆˜\!dao.sp::Timer_knifemsg()
L 10/28/2014 - 16:21:47: [SM] Native "CS_RespawnPlayer" reported: Client index 8 is not valid
L 10/28/2014 - 16:21:47: [SM] Displaying call stack trace for plugin "warmod.smx":
L 10/28/2014 - 16:21:47: [SM]   [0]  Line 4880, D:\CSGO\csgo±‡“Î∆˜\warmod.sp::RespawnPlayer()
L 10/28/2014 - 16:21:52: [SM] Native "PrintToChat" reported: Client 8 is not in game
L 10/28/2014 - 16:21:52: [SM] Displaying call stack trace for plugin "!dao.smx":
L 10/28/2014 - 16:21:52: [SM]   [0]  Line 79, D:\CSGO\csgo±‡“Î∆˜\!dao.sp::Timer_knifemsg()
L 10/28/2014 - 16:22:07: [SM] Native "PrintToChat" reported: Client 8 is not in game
L 10/28/2014 - 16:22:07: [SM] Displaying call stack trace for plugin "!dao.smx":
L 10/28/2014 - 16:22:07: [SM]   [0]  Line 79, D:\CSGO\csgo±‡“Î∆˜\!dao.sp::Timer_knifemsg()
L 10/28/2014 - 16:23:46: [SM] Native "CS_RespawnPlayer" reported: Client index 8 is not valid
L 10/28/2014 - 16:23:46: [SM] Displaying call stack trace for plugin "warmod.smx":
L 10/28/2014 - 16:23:46: [SM]   [0]  Line 4880, D:\CSGO\csgo±‡“Î∆˜\warmod.sp::RespawnPlayer()
L 10/28/2014 - 16:27:29: [SM] Native "PrintToChat" reported: Client 7 is not in game
L 10/28/2014 - 16:27:29: [SM] Displaying call stack trace for plugin "!dao.smx":
L 10/28/2014 - 16:27:29: [SM]   [0]  Line 79, D:\CSGO\csgo±‡“Î∆˜\!dao.sp::Timer_knifemsg()
L 10/28/2014 - 16:34:04: [SM] Native "PrintToChat" reported: Client 10 is not in game
L 10/28/2014 - 16:34:04: [SM] Displaying call stack trace for plugin "!dao.smx":
L 10/28/2014 - 16:34:04: [SM]   [0]  Line 79, D:\CSGO\csgo±‡“Î∆˜\!dao.sp::Timer_knifemsg()
L 10/28/2014 - 16:51:41: [SM] Native "PrintToChat" reported: Client 1 is not in game
L 10/28/2014 - 16:51:41: [SM] Displaying call stack trace for plugin "!dao.smx":
L 10/28/2014 - 16:51:41: [SM]   [0]  Line 79, D:\CSGO\csgo±‡“Î∆˜\!dao.sp::Timer_knifemsg()
L 10/28/2014 - 16:51:42: Error log file session closed.
L 10/28/2014 - 16:51:42: SourceMod error session started
L 10/28/2014 - 16:51:42: Info (map "de_dust2") (file "errors_20141028.log")
L 10/28/2014 - 16:51:42: [SM] Fatal error encountered parsing translation file "namechangepunisher.phrases.txt"
L 10/28/2014 - 16:51:42: [SM] Error (line 0, column 0): Stream failed to open
L 10/28/2014 - 16:51:42: [SM] Fatal error encountered parsing translation file "plugin.supercmds.txt"
L 10/28/2014 - 16:51:42: [SM] Error (line 0, column 0): Stream failed to open
L 10/28/2014 - 16:51:42: [basecommands.smx] Could not parse file (line 12, file "addons\sourcemod\configs\adminmenu_cfgs.txt"):
L 10/28/2014 - 16:51:42: [basecommands.smx] Parser encountered error: Section ending without a matching section beginning
L 10/28/2014 - 16:51:42: [sm_cmdx.smx] Unable to locate overrides file.
L 10/28/2014 - 16:58:45: [SM] Native "PrintToChat" reported: Client 1 is not in game
L 10/28/2014 - 16:58:45: [SM] Displaying call stack trace for plugin "!dao.smx":
L 10/28/2014 - 16:58:45: [SM]   [0]  Line 79, D:\CSGO\csgo±‡“Î∆˜\!dao.sp::Timer_knifemsg()
L 10/28/2014 - 17:00:52: Error log file session closed.
L 10/28/2014 - 17:00:52: SourceMod error session started
L 10/28/2014 - 17:00:52: Info (map "de_cache") (file "errors_20141028.log")
L 10/28/2014 - 17:00:52: [SM] Fatal error encountered parsing translation file "namechangepunisher.phrases.txt"
L 10/28/2014 - 17:00:52: [SM] Error (line 0, column 0): Stream failed to open
L 10/28/2014 - 17:00:52: [SM] Fatal error encountered parsing translation file "plugin.supercmds.txt"
L 10/28/2014 - 17:00:52: [SM] Error (line 0, column 0): Stream failed to open
L 10/28/2014 - 17:00:52: [basecommands.smx] Could not parse file (line 12, file "addons\sourcemod\configs\adminmenu_cfgs.txt"):
L 10/28/2014 - 17:00:52: [basecommands.smx] Parser encountered error: Section ending without a matching section beginning
L 10/28/2014 - 17:00:52: [sm_cmdx.smx] Unable to locate overrides file.
L 10/28/2014 - 17:01:25: [SM] Native "PrintToChat" reported: Client 9 is not in game
L 10/28/2014 - 17:01:25: [SM] Displaying call stack trace for plugin "!dao.smx":
L 10/28/2014 - 17:01:25: [SM]   [0]  Line 79, D:\CSGO\csgo±‡“Î∆˜\!dao.sp::Timer_knifemsg()
L 10/28/2014 - 17:05:50: [SM] Native "PrintToChat" reported: Client 1 is not in game
L 10/28/2014 - 17:05:50: [SM] Displaying call stack trace for plugin "!dao.smx":
L 10/28/2014 - 17:05:50: [SM]   [0]  Line 79, D:\CSGO\csgo±‡“Î∆˜\!dao.sp::Timer_knifemsg()
L 10/28/2014 - 17:40:15: Error log file session closed.
L 10/28/2014 - 17:40:15: SourceMod error session started
L 10/28/2014 - 17:40:15: Info (map "de_overpass") (file "errors_20141028.log")
L 10/28/2014 - 17:40:15: [SM] Fatal error encountered parsing translation file "namechangepunisher.phrases.txt"
L 10/28/2014 - 17:40:15: [SM] Error (line 0, column 0): Stream failed to open
L 10/28/2014 - 17:40:15: [SM] Fatal error encountered parsing translation file "plugin.supercmds.txt"
L 10/28/2014 - 17:40:15: [SM] Error (line 0, column 0): Stream failed to open
L 10/28/2014 - 17:40:15: [basecommands.smx] Could not parse file (line 12, file "addons\sourcemod\configs\adminmenu_cfgs.txt"):
L 10/28/2014 - 17:40:15: [basecommands.smx] Parser encountered error: Section ending without a matching section beginning
L 10/28/2014 - 17:40:15: [sm_cmdx.smx] Unable to locate overrides file.
L 10/28/2014 - 17:40:39: [SM] Native "PrintToChat" reported: Client 9 is not in game
L 10/28/2014 - 17:40:39: [SM] Displaying call stack trace for plugin "!dao.smx":
L 10/28/2014 - 17:40:39: [SM]   [0]  Line 79, D:\CSGO\csgo±‡“Î∆˜\!dao.sp::Timer_knifemsg()
L 10/28/2014 - 17:40:46: Error log file session closed.
L 10/28/2014 - 17:40:46: SourceMod error session started
L 10/28/2014 - 17:40:46: Info (map "de_nuke") (file "errors_20141028.log")
L 10/28/2014 - 17:40:46: [SM] Fatal error encountered parsing translation file "namechangepunisher.phrases.txt"
L 10/28/2014 - 17:40:46: [SM] Error (line 0, column 0): Stream failed to open
L 10/28/2014 - 17:40:46: [SM] Fatal error encountered parsing translation file "plugin.supercmds.txt"
L 10/28/2014 - 17:40:46: [SM] Error (line 0, column 0): Stream failed to open
L 10/28/2014 - 17:40:46: [basecommands.smx] Could not parse file (line 12, file "addons\sourcemod\configs\adminmenu_cfgs.txt"):
L 10/28/2014 - 17:40:46: [basecommands.smx] Parser encountered error: Section ending without a matching section beginning
L 10/28/2014 - 17:40:46: [sm_cmdx.smx] Unable to locate overrides file.
L 10/28/2014 - 17:40:47: [SM] Native "PrintToChat" reported: Client 12 is not in game
L 10/28/2014 - 17:40:47: [SM] Displaying call stack trace for plugin "!dao.smx":
L 10/28/2014 - 17:40:47: [SM]   [0]  Line 79, D:\CSGO\csgo±‡“Î∆˜\!dao.sp::Timer_knifemsg()
L 10/28/2014 - 17:41:12: [SM] Native "PrintToChat" reported: Client 14 is not in game
L 10/28/2014 - 17:41:12: [SM] Displaying call stack trace for plugin "!dao.smx":
L 10/28/2014 - 17:41:12: [SM]   [0]  Line 79, D:\CSGO\csgo±‡“Î∆˜\!dao.sp::Timer_knifemsg()
L 10/28/2014 - 18:11:21: [SM] Native "EquipPlayerWeapon" reported: NULL not allowed
L 10/28/2014 - 18:11:21: [SM] Displaying call stack trace for plugin "!dao.smx":
L 10/28/2014 - 18:11:21: [SM]   [0]  Line 279, D:\CSGO\csgo±‡“Î∆˜\!dao.sp::fadao()
L 10/28/2014 - 18:11:22: [SM] Native "EquipPlayerWeapon" reported: NULL not allowed
L 10/28/2014 - 18:11:22: [SM] Displaying call stack trace for plugin "!dao.smx":
L 10/28/2014 - 18:11:22: [SM]   [0]  Line 279, D:\CSGO\csgo±‡“Î∆˜\!dao.sp::fadao()
L 10/28/2014 - 18:13:23: Error log file session closed.
L 10/28/2014 - 18:13:23: SourceMod error session started
L 10/28/2014 - 18:13:23: Info (map "de_dust2") (file "errors_20141028.log")
L 10/28/2014 - 18:13:23: [SM] Fatal error encountered parsing translation file "namechangepunisher.phrases.txt"
L 10/28/2014 - 18:13:23: [SM] Error (line 0, column 0): Stream failed to open
L 10/28/2014 - 18:13:23: [SM] Fatal error encountered parsing translation file "plugin.supercmds.txt"
L 10/28/2014 - 18:13:23: [SM] Error (line 0, column 0): Stream failed to open
L 10/28/2014 - 18:13:23: [basecommands.smx] Could not parse file (line 12, file "addons\sourcemod\configs\adminmenu_cfgs.txt"):
L 10/28/2014 - 18:13:23: [basecommands.smx] Parser encountered error: Section ending without a matching section beginning
L 10/28/2014 - 18:13:23: [sm_cmdx.smx] Unable to locate overrides file.
L 10/28/2014 - 19:25:40: Error log file session closed.
L 10/28/2014 - 19:25:40: SourceMod error session started
L 10/28/2014 - 19:25:40: Info (map "de_nuke") (file "errors_20141028.log")
L 10/28/2014 - 19:25:40: [SM] Fatal error encountered parsing translation file "namechangepunisher.phrases.txt"
L 10/28/2014 - 19:25:40: [SM] Error (line 0, column 0): Stream failed to open
L 10/28/2014 - 19:25:40: [SM] Fatal error encountered parsing translation file "plugin.supercmds.txt"
L 10/28/2014 - 19:25:40: [SM] Error (line 0, column 0): Stream failed to open
L 10/28/2014 - 19:25:40: [basecommands.smx] Could not parse file (line 12, file "addons\sourcemod\configs\adminmenu_cfgs.txt"):
L 10/28/2014 - 19:25:40: [basecommands.smx] Parser encountered error: Section ending without a matching section beginning
L 10/28/2014 - 19:25:40: [sm_cmdx.smx] Unable to locate overrides file.
L 10/28/2014 - 19:48:44: [SM] Native "PrintToChat" reported: Client 12 is not in game
L 10/28/2014 - 19:48:44: [SM] Displaying call stack trace for plugin "!dao.smx":
L 10/28/2014 - 19:48:44: [SM]   [0]  Line 79, D:\CSGO\csgo±‡“Î∆˜\!dao.sp::Timer_knifemsg()
L 10/28/2014 - 19:49:04: Error log file session closed.
L 10/28/2014 - 19:49:04: SourceMod error session started
L 10/28/2014 - 19:49:04: Info (map "de_nuke") (file "errors_20141028.log")
L 10/28/2014 - 19:49:04: [SM] Fatal error encountered parsing translation file "namechangepunisher.phrases.txt"
L 10/28/2014 - 19:49:04: [SM] Error (line 0, column 0): Stream failed to open
L 10/28/2014 - 19:49:04: [SM] Fatal error encountered parsing translation file "plugin.supercmds.txt"
L 10/28/2014 - 19:49:04: [SM] Error (line 0, column 0): Stream failed to open
L 10/28/2014 - 19:49:04: [basecommands.smx] Could not parse file (line 12, file "addons\sourcemod\configs\adminmenu_cfgs.txt"):
L 10/28/2014 - 19:49:04: [basecommands.smx] Parser encountered error: Section ending without a matching section beginning
L 10/28/2014 - 19:49:04: [sm_cmdx.smx] Unable to locate overrides file.
L 10/28/2014 - 19:50:22: [SM] Native "CS_RespawnPlayer" reported: Client index 12 is not valid
L 10/28/2014 - 19:50:22: [SM] Displaying call stack trace for plugin "warmod.smx":
L 10/28/2014 - 19:50:22: [SM]   [0]  Line 4880, D:\CSGO\csgo±‡“Î∆˜\warmod.sp::RespawnPlayer()
L 10/28/2014 - 19:50:24: [SM] Native "CS_RespawnPlayer" reported: Client index 12 is not valid
L 10/28/2014 - 19:50:24: [SM] Displaying call stack trace for plugin "warmod.smx":
L 10/28/2014 - 19:50:24: [SM]   [0]  Line 4880, D:\CSGO\csgo±‡“Î∆˜\warmod.sp::RespawnPlayer()
L 10/28/2014 - 19:50:42: [SM] Native "PrintToChat" reported: Client 12 is not in game
L 10/28/2014 - 19:50:42: [SM] Displaying call stack trace for plugin "!dao.smx":
L 10/28/2014 - 19:50:42: [SM]   [0]  Line 79, D:\CSGO\csgo±‡“Î∆˜\!dao.sp::Timer_knifemsg()
L 10/28/2014 - 19:50:44: [SM] Native "PrintToChat" reported: Client 12 is not in game
L 10/28/2014 - 19:50:44: [SM] Displaying call stack trace for plugin "!dao.smx":
L 10/28/2014 - 19:50:44: [SM]   [0]  Line 79, D:\CSGO\csgo±‡“Î∆˜\!dao.sp::Timer_knifemsg()
L 10/28/2014 - 19:50:46: [SM] Native "PrintToChat" reported: Client 8 is not in game
L 10/28/2014 - 19:50:46: [SM] Displaying call stack trace for plugin "!dao.smx":
L 10/28/2014 - 19:50:46: [SM]   [0]  Line 79, D:\CSGO\csgo±‡“Î∆˜\!dao.sp::Timer_knifemsg()
L 10/28/2014 - 20:14:19: Error log file session closed.
L 10/28/2014 - 20:14:19: SourceMod error session started
L 10/28/2014 - 20:14:19: Info (map "de_cache") (file "errors_20141028.log")
L 10/28/2014 - 20:14:19: [SM] Fatal error encountered parsing translation file "namechangepunisher.phrases.txt"
L 10/28/2014 - 20:14:19: [SM] Error (line 0, column 0): Stream failed to open
L 10/28/2014 - 20:14:19: [SM] Fatal error encountered parsing translation file "plugin.supercmds.txt"
L 10/28/2014 - 20:14:19: [SM] Error (line 0, column 0): Stream failed to open
L 10/28/2014 - 20:14:19: [basecommands.smx] Could not parse file (line 12, file "addons\sourcemod\configs\adminmenu_cfgs.txt"):
L 10/28/2014 - 20:14:19: [basecommands.smx] Parser encountered error: Section ending without a matching section beginning
L 10/28/2014 - 20:14:19: [sm_cmdx.smx] Unable to locate overrides file.
L 10/28/2014 - 20:54:13: Error log file session closed.
L 10/28/2014 - 20:54:13: SourceMod error session started
L 10/28/2014 - 20:54:13: Info (map "de_overpass") (file "errors_20141028.log")
L 10/28/2014 - 20:54:13: [SM] Fatal error encountered parsing translation file "namechangepunisher.phrases.txt"
L 10/28/2014 - 20:54:13: [SM] Error (line 0, column 0): Stream failed to open
L 10/28/2014 - 20:54:13: [SM] Fatal error encountered parsing translation file "plugin.supercmds.txt"
L 10/28/2014 - 20:54:13: [SM] Error (line 0, column 0): Stream failed to open
L 10/28/2014 - 20:54:13: [basecommands.smx] Could not parse file (line 12, file "addons\sourcemod\configs\adminmenu_cfgs.txt"):
L 10/28/2014 - 20:54:13: [basecommands.smx] Parser encountered error: Section ending without a matching section beginning
L 10/28/2014 - 20:54:13: [sm_cmdx.smx] Unable to locate overrides file.
L 10/28/2014 - 20:54:39: [SM] Native "PrintToChat" reported: Client 9 is not in game
L 10/28/2014 - 20:54:39: [SM] Displaying call stack trace for plugin "!dao.smx":
L 10/28/2014 - 20:54:39: [SM]   [0]  Line 79, D:\CSGO\csgo±‡“Î∆˜\!dao.sp::Timer_knifemsg()
L 10/28/2014 - 20:56:08: Error log file session closed.
L 10/28/2014 - 20:56:08: SourceMod error session started
L 10/28/2014 - 20:56:08: Info (map "de_inferno") (file "errors_20141028.log")
L 10/28/2014 - 20:56:08: [SM] Fatal error encountered parsing translation file "namechangepunisher.phrases.txt"
L 10/28/2014 - 20:56:08: [SM] Error (line 0, column 0): Stream failed to open
L 10/28/2014 - 20:56:08: [SM] Fatal error encountered parsing translation file "plugin.supercmds.txt"
L 10/28/2014 - 20:56:08: [SM] Error (line 0, column 0): Stream failed to open
L 10/28/2014 - 20:56:09: [basecommands.smx] Could not parse file (line 12, file "addons\sourcemod\configs\adminmenu_cfgs.txt"):
L 10/28/2014 - 20:56:09: [basecommands.smx] Parser encountered error: Section ending without a matching section beginning
L 10/28/2014 - 20:56:09: [sm_cmdx.smx] Unable to locate overrides file.
L 10/28/2014 - 21:05:38: [SM] Native "PrintToChat" reported: Client 5 is not in game
L 10/28/2014 - 21:05:38: [SM] Displaying call stack trace for plugin "!dao.smx":
L 10/28/2014 - 21:05:38: [SM]   [0]  Line 79, D:\CSGO\csgo±‡“Î∆˜\!dao.sp::Timer_knifemsg()
L 10/28/2014 - 21:20:53: [SM] Native "PrintToChat" reported: Client 12 is not in game
L 10/28/2014 - 21:20:53: [SM] Displaying call stack trace for plugin "!dao.smx":
L 10/28/2014 - 21:20:53: [SM]   [0]  Line 79, D:\CSGO\csgo±‡“Î∆˜\!dao.sp::Timer_knifemsg()
L 10/28/2014 - 21:39:59: Error log file session closed.
L 10/28/2014 - 21:39:59: SourceMod error session started
L 10/28/2014 - 21:39:59: Info (map "de_nuke") (file "errors_20141028.log")
L 10/28/2014 - 21:39:59: [SM] Fatal error encountered parsing translation file "namechangepunisher.phrases.txt"
L 10/28/2014 - 21:39:59: [SM] Error (line 0, column 0): Stream failed to open
L 10/28/2014 - 21:39:59: [SM] Fatal error encountered parsing translation file "plugin.supercmds.txt"
L 10/28/2014 - 21:39:59: [SM] Error (line 0, column 0): Stream failed to open
L 10/28/2014 - 21:39:59: [basecommands.smx] Could not parse file (line 12, file "addons\sourcemod\configs\adminmenu_cfgs.txt"):
L 10/28/2014 - 21:39:59: [basecommands.smx] Parser encountered error: Section ending without a matching section beginning
L 10/28/2014 - 21:39:59: [sm_cmdx.smx] Unable to locate overrides file.
L 10/28/2014 - 21:40:35: [SM] Native "PrintToChat" reported: Client 3 is not in game
L 10/28/2014 - 21:40:35: [SM] Displaying call stack trace for plugin "!dao.smx":
L 10/28/2014 - 21:40:35: [SM]   [0]  Line 79, D:\CSGO\csgo±‡“Î∆˜\!dao.sp::Timer_knifemsg()
L 10/28/2014 - 21:40:54: Error log file session closed.
L 10/28/2014 - 21:40:54: SourceMod error session started
L 10/28/2014 - 21:40:54: Info (map "de_mirage") (file "errors_20141028.log")
L 10/28/2014 - 21:40:54: [SM] Fatal error encountered parsing translation file "namechangepunisher.phrases.txt"
L 10/28/2014 - 21:40:54: [SM] Error (line 0, column 0): Stream failed to open
L 10/28/2014 - 21:40:54: [SM] Fatal error encountered parsing translation file "plugin.supercmds.txt"
L 10/28/2014 - 21:40:54: [SM] Error (line 0, column 0): Stream failed to open
L 10/28/2014 - 21:40:55: [basecommands.smx] Could not parse file (line 12, file "addons\sourcemod\configs\adminmenu_cfgs.txt"):
L 10/28/2014 - 21:40:55: [basecommands.smx] Parser encountered error: Section ending without a matching section beginning
L 10/28/2014 - 21:40:55: [sm_cmdx.smx] Unable to locate overrides file.
L 10/28/2014 - 21:41:11: [SM] Native "CS_RespawnPlayer" reported: Client index 3 is not valid
L 10/28/2014 - 21:41:11: [SM] Displaying call stack trace for plugin "warmod.smx":
L 10/28/2014 - 21:41:11: [SM]   [0]  Line 4880, D:\CSGO\csgo±‡“Î∆˜\warmod.sp::RespawnPlayer()
L 10/28/2014 - 21:41:16: [SM] Native "CS_RespawnPlayer" reported: Client index 3 is not valid
L 10/28/2014 - 21:41:16: [SM] Displaying call stack trace for plugin "warmod.smx":
L 10/28/2014 - 21:41:16: [SM]   [0]  Line 4880, D:\CSGO\csgo±‡“Î∆˜\warmod.sp::RespawnPlayer()
L 10/28/2014 - 21:41:23: [SM] Native "CS_RespawnPlayer" reported: Client index 3 is not valid
L 10/28/2014 - 21:41:23: [SM] Displaying call stack trace for plugin "warmod.smx":
L 10/28/2014 - 21:41:23: [SM]   [0]  Line 4880, D:\CSGO\csgo±‡“Î∆˜\warmod.sp::RespawnPlayer()
L 10/28/2014 - 21:41:31: [SM] Native "PrintToChat" reported: Client 3 is not in game
L 10/28/2014 - 21:41:31: [SM] Displaying call stack trace for plugin "!dao.smx":
L 10/28/2014 - 21:41:31: [SM]   [0]  Line 79, D:\CSGO\csgo±‡“Î∆˜\!dao.sp::Timer_knifemsg()
L 10/28/2014 - 21:44:18: [SM] Native "PrintToChat" reported: Client 2 is not in game
L 10/28/2014 - 21:44:18: [SM] Displaying call stack trace for plugin "!dao.smx":
L 10/28/2014 - 21:44:18: [SM]   [0]  Line 79, D:\CSGO\csgo±‡“Î∆˜\!dao.sp::Timer_knifemsg()
L 10/28/2014 - 22:08:56: [SM] Native "PrintToChat" reported: Client 9 is not in game
L 10/28/2014 - 22:08:56: [SM] Displaying call stack trace for plugin "!dao.smx":
L 10/28/2014 - 22:08:56: [SM]   [0]  Line 79, D:\CSGO\csgo±‡“Î∆˜\!dao.sp::Timer_knifemsg()
L 10/28/2014 - 22:09:02: [SM] Native "PrintToChat" reported: Client 12 is not in game
L 10/28/2014 - 22:09:02: [SM] Displaying call stack trace for plugin "!dao.smx":
L 10/28/2014 - 22:09:02: [SM]   [0]  Line 79, D:\CSGO\csgo±‡“Î∆˜\!dao.sp::Timer_knifemsg()
L 10/28/2014 - 22:15:16: [SM] Native "PrintToChat" reported: Client 6 is not in game
L 10/28/2014 - 22:15:16: [SM] Displaying call stack trace for plugin "!dao.smx":
L 10/28/2014 - 22:15:16: [SM]   [0]  Line 79, D:\CSGO\csgo±‡“Î∆˜\!dao.sp::Timer_knifemsg()
L 10/28/2014 - 22:25:10: Error log file session closed.
L 10/28/2014 - 22:25:10: SourceMod error session started
L 10/28/2014 - 22:25:10: Info (map "de_inferno") (file "errors_20141028.log")
L 10/28/2014 - 22:25:10: [SM] Fatal error encountered parsing translation file "namechangepunisher.phrases.txt"
L 10/28/2014 - 22:25:10: [SM] Error (line 0, column 0): Stream failed to open
L 10/28/2014 - 22:25:10: [SM] Fatal error encountered parsing translation file "plugin.supercmds.txt"
L 10/28/2014 - 22:25:10: [SM] Error (line 0, column 0): Stream failed to open
L 10/28/2014 - 22:25:10: [basecommands.smx] Could not parse file (line 12, file "addons\sourcemod\configs\adminmenu_cfgs.txt"):
L 10/28/2014 - 22:25:10: [basecommands.smx] Parser encountered error: Section ending without a matching section beginning
L 10/28/2014 - 22:25:10: [sm_cmdx.smx] Unable to locate overrides file.
L 10/28/2014 - 22:25:37: [SM] Native "PrintToChat" reported: Client 10 is not in game
L 10/28/2014 - 22:25:37: [SM] Displaying call stack trace for plugin "!dao.smx":
L 10/28/2014 - 22:25:37: [SM]   [0]  Line 79, D:\CSGO\csgo±‡“Î∆˜\!dao.sp::Timer_knifemsg()
L 10/28/2014 - 22:29:04: [SM] Native "PrintToChat" reported: Client 10 is not in game
L 10/28/2014 - 22:29:04: [SM] Displaying call stack trace for plugin "!dao.smx":
L 10/28/2014 - 22:29:04: [SM]   [0]  Line 79, D:\CSGO\csgo±‡“Î∆˜\!dao.sp::Timer_knifemsg()
L 10/28/2014 - 23:09:03: Error log file session closed.
L 10/28/2014 - 23:09:03: SourceMod error session started
L 10/28/2014 - 23:09:03: Info (map "de_nuke") (file "errors_20141028.log")
L 10/28/2014 - 23:09:03: [SM] Fatal error encountered parsing translation file "namechangepunisher.phrases.txt"
L 10/28/2014 - 23:09:03: [SM] Error (line 0, column 0): Stream failed to open
L 10/28/2014 - 23:09:03: [SM] Fatal error encountered parsing translation file "plugin.supercmds.txt"
L 10/28/2014 - 23:09:03: [SM] Error (line 0, column 0): Stream failed to open
L 10/28/2014 - 23:09:03: [basecommands.smx] Could not parse file (line 12, file "addons\sourcemod\configs\adminmenu_cfgs.txt"):
L 10/28/2014 - 23:09:03: [basecommands.smx] Parser encountered error: Section ending without a matching section beginning
L 10/28/2014 - 23:09:03: [sm_cmdx.smx] Unable to locate overrides file.
L 10/28/2014 - 23:38:37: Error log file session closed.
L 10/28/2014 - 23:38:37: SourceMod error session started
L 10/28/2014 - 23:38:37: Info (map "de_cache") (file "errors_20141028.log")
L 10/28/2014 - 23:38:37: [SM] Fatal error encountered parsing translation file "namechangepunisher.phrases.txt"
L 10/28/2014 - 23:38:37: [SM] Error (line 0, column 0): Stream failed to open
L 10/28/2014 - 23:38:37: [SM] Fatal error encountered parsing translation file "plugin.supercmds.txt"
L 10/28/2014 - 23:38:37: [SM] Error (line 0, column 0): Stream failed to open
L 10/28/2014 - 23:38:37: [basecommands.smx] Could not parse file (line 12, file "addons\sourcemod\configs\adminmenu_cfgs.txt"):
L 10/28/2014 - 23:38:37: [basecommands.smx] Parser encountered error: Section ending without a matching section beginning
L 10/28/2014 - 23:38:37: [sm_cmdx.smx] Unable to locate overrides file.
L 10/28/2014 - 23:38:48: [SM] Native "CS_RespawnPlayer" reported: Client index 1 is not valid
L 10/28/2014 - 23:38:48: [SM] Displaying call stack trace for plugin "warmod.smx":
L 10/28/2014 - 23:38:48: [SM]   [0]  Line 4880, D:\CSGO\csgo±‡“Î∆˜\warmod.sp::RespawnPlayer()
L 10/28/2014 - 23:38:56: [SM] Native "CS_RespawnPlayer" reported: Client index 1 is not valid
L 10/28/2014 - 23:38:56: [SM] Displaying call stack trace for plugin "warmod.smx":
L 10/28/2014 - 23:38:56: [SM]   [0]  Line 4880, D:\CSGO\csgo±‡“Î∆˜\warmod.sp::RespawnPlayer()
L 10/28/2014 - 23:39:08: [SM] Native "PrintToChat" reported: Client 1 is not in game
L 10/28/2014 - 23:39:08: [SM] Displaying call stack trace for plugin "!dao.smx":
L 10/28/2014 - 23:39:08: [SM]   [0]  Line 79, D:\CSGO\csgo±‡“Î∆˜\!dao.sp::Timer_knifemsg()
L 10/28/2014 - 23:39:16: [SM] Native "PrintToChat" reported: Client 1 is not in game
L 10/28/2014 - 23:39:16: [SM] Displaying call stack trace for plugin "!dao.smx":
L 10/28/2014 - 23:39:16: [SM]   [0]  Line 79, D:\CSGO\csgo±‡“Î∆˜\!dao.sp::Timer_knifemsg()
L 10/28/2014 - 23:40:52: Error log file session closed.
L 10/28/2014 - 23:40:52: SourceMod error session started
L 10/28/2014 - 23:40:52: Info (map "de_dust2") (file "errors_20141028.log")
L 10/28/2014 - 23:40:52: [SM] Fatal error encountered parsing translation file "namechangepunisher.phrases.txt"
L 10/28/2014 - 23:40:52: [SM] Error (line 0, column 0): Stream failed to open
L 10/28/2014 - 23:40:52: [SM] Fatal error encountered parsing translation file "plugin.supercmds.txt"
L 10/28/2014 - 23:40:52: [SM] Error (line 0, column 0): Stream failed to open
L 10/28/2014 - 23:40:52: [basecommands.smx] Could not parse file (line 12, file "addons\sourcemod\configs\adminmenu_cfgs.txt"):
L 10/28/2014 - 23:40:52: [basecommands.smx] Parser encountered error: Section ending without a matching section beginning
L 10/28/2014 - 23:40:52: [sm_cmdx.smx] Unable to locate overrides file.
L 10/28/2014 - 23:43:48: [SM] Native "PrintToChat" reported: Client 10 is not in game
L 10/28/2014 - 23:43:48: [SM] Displaying call stack trace for plugin "!dao.smx":
L 10/28/2014 - 23:43:48: [SM]   [0]  Line 79, D:\CSGO\csgo±‡“Î∆˜\!dao.sp::Timer_knifemsg()
