L 11/02/2014 - 00:24:43: SourceMod error session started
L 11/02/2014 - 00:24:43: Info (map "de_inferno") (file "errors_20141102.log")
L 11/02/2014 - 00:24:43: Error log file session closed.
L 11/02/2014 - 00:24:43: SourceMod error session started
L 11/02/2014 - 00:24:43: Info (map "de_inferno") (file "errors_20141102.log")
L 11/02/2014 - 00:24:43: [SM] Fatal error encountered parsing translation file "namechangepunisher.phrases.txt"
L 11/02/2014 - 00:24:43: [SM] Error (line 0, column 0): Stream failed to open
L 11/02/2014 - 00:24:43: [SM] Fatal error encountered parsing translation file "plugin.supercmds.txt"
L 11/02/2014 - 00:24:43: [SM] Error (line 0, column 0): Stream failed to open
L 11/02/2014 - 00:24:43: [basecommands.smx] Could not parse file (line 12, file "addons\sourcemod\configs\adminmenu_cfgs.txt"):
L 11/02/2014 - 00:24:43: [basecommands.smx] Parser encountered error: Section ending without a matching section beginning
L 11/02/2014 - 00:24:43: [sm_cmdx.smx] Unable to locate overrides file.
L 11/02/2014 - 00:25:03: [SM] Native "PrintToChat" reported: Client 4 is not in game
L 11/02/2014 - 00:25:03: [SM] Displaying call stack trace for plugin "!dao.smx":
L 11/02/2014 - 00:25:03: [SM]   [0]  Line 79, D:\CSGO\csgo±‡“Î∆˜\!dao.sp::Timer_knifemsg()
L 11/02/2014 - 00:25:08: [SM] Native "PrintToChat" reported: Client 1 is not in game
L 11/02/2014 - 00:25:08: [SM] Displaying call stack trace for plugin "!dao.smx":
L 11/02/2014 - 00:25:08: [SM]   [0]  Line 79, D:\CSGO\csgo±‡“Î∆˜\!dao.sp::Timer_knifemsg()
L 11/02/2014 - 00:25:11: [SM] Native "PrintToChat" reported: Client 2 is not in game
L 11/02/2014 - 00:25:11: [SM] Displaying call stack trace for plugin "!dao.smx":
L 11/02/2014 - 00:25:11: [SM]   [0]  Line 79, D:\CSGO\csgo±‡“Î∆˜\!dao.sp::Timer_knifemsg()
L 11/02/2014 - 00:25:14: [SM] Native "PrintToChat" reported: Client 3 is not in game
L 11/02/2014 - 00:25:14: [SM] Displaying call stack trace for plugin "!dao.smx":
L 11/02/2014 - 00:25:14: [SM]   [0]  Line 79, D:\CSGO\csgo±‡“Î∆˜\!dao.sp::Timer_knifemsg()
L 11/02/2014 - 05:36:11: Error log file session closed.
L 11/02/2014 - 05:36:11: SourceMod error session started
L 11/02/2014 - 05:36:11: Info (map "de_inferno") (file "errors_20141102.log")
L 11/02/2014 - 05:36:11: [SM] Fatal error encountered parsing translation file "namechangepunisher.phrases.txt"
L 11/02/2014 - 05:36:11: [SM] Error (line 0, column 0): Stream failed to open
L 11/02/2014 - 05:36:11: [SM] Fatal error encountered parsing translation file "plugin.supercmds.txt"
L 11/02/2014 - 05:36:11: [SM] Error (line 0, column 0): Stream failed to open
L 11/02/2014 - 05:36:11: [basecommands.smx] Could not parse file (line 12, file "addons\sourcemod\configs\adminmenu_cfgs.txt"):
L 11/02/2014 - 05:36:11: [basecommands.smx] Parser encountered error: Section ending without a matching section beginning
L 11/02/2014 - 05:36:11: [sm_cmdx.smx] Unable to locate overrides file.
L 11/02/2014 - 05:36:29: Error log file session closed.
L 11/02/2014 - 05:36:29: SourceMod error session started
L 11/02/2014 - 05:36:29: Info (map "de_dust2") (file "errors_20141102.log")
L 11/02/2014 - 05:36:29: [SM] Fatal error encountered parsing translation file "namechangepunisher.phrases.txt"
L 11/02/2014 - 05:36:29: [SM] Error (line 0, column 0): Stream failed to open
L 11/02/2014 - 05:36:29: [SM] Fatal error encountered parsing translation file "plugin.supercmds.txt"
L 11/02/2014 - 05:36:29: [SM] Error (line 0, column 0): Stream failed to open
L 11/02/2014 - 05:36:29: [basecommands.smx] Could not parse file (line 12, file "addons\sourcemod\configs\adminmenu_cfgs.txt"):
L 11/02/2014 - 05:36:29: [basecommands.smx] Parser encountered error: Section ending without a matching section beginning
L 11/02/2014 - 05:36:29: [sm_cmdx.smx] Unable to locate overrides file.
L 11/02/2014 - 14:52:50: Error log file session closed.
L 11/02/2014 - 14:52:50: SourceMod error session started
L 11/02/2014 - 14:52:50: Info (map "de_dust2") (file "errors_20141102.log")
L 11/02/2014 - 14:52:50: [SM] Fatal error encountered parsing translation file "namechangepunisher.phrases.txt"
L 11/02/2014 - 14:52:50: [SM] Error (line 0, column 0): Stream failed to open
L 11/02/2014 - 14:52:50: [SM] Fatal error encountered parsing translation file "plugin.supercmds.txt"
L 11/02/2014 - 14:52:50: [SM] Error (line 0, column 0): Stream failed to open
L 11/02/2014 - 14:52:50: [basecommands.smx] Could not parse file (line 12, file "addons\sourcemod\configs\adminmenu_cfgs.txt"):
L 11/02/2014 - 14:52:50: [basecommands.smx] Parser encountered error: Section ending without a matching section beginning
L 11/02/2014 - 14:52:50: [sm_cmdx.smx] Unable to locate overrides file.
L 11/02/2014 - 14:56:49: [SM] Native "CS_RespawnPlayer" reported: Client index 3 is not valid
L 11/02/2014 - 14:56:49: [SM] Displaying call stack trace for plugin "warmod”–‘›Õ£.sp.smx":
L 11/02/2014 - 14:56:49: [SM]   [0]  Line 2670, D:\CSGO\csgo±‡“Î∆˜\warmod”–‘›Õ£.sp.bak::RespawnPlayer()
L 11/02/2014 - 14:57:09: [SM] Native "PrintToChat" reported: Client 3 is not in game
L 11/02/2014 - 14:57:09: [SM] Displaying call stack trace for plugin "!dao.smx":
L 11/02/2014 - 14:57:09: [SM]   [0]  Line 79, D:\CSGO\csgo±‡“Î∆˜\!dao.sp::Timer_knifemsg()
L 11/02/2014 - 15:41:43: Error log file session closed.
L 11/02/2014 - 15:41:43: SourceMod error session started
L 11/02/2014 - 15:41:43: Info (map "de_dust2") (file "errors_20141102.log")
L 11/02/2014 - 15:41:43: [SM] Fatal error encountered parsing translation file "namechangepunisher.phrases.txt"
L 11/02/2014 - 15:41:43: [SM] Error (line 0, column 0): Stream failed to open
L 11/02/2014 - 15:41:43: [SM] Fatal error encountered parsing translation file "plugin.supercmds.txt"
L 11/02/2014 - 15:41:43: [SM] Error (line 0, column 0): Stream failed to open
L 11/02/2014 - 15:41:43: [basecommands.smx] Could not parse file (line 12, file "addons\sourcemod\configs\adminmenu_cfgs.txt"):
L 11/02/2014 - 15:41:43: [basecommands.smx] Parser encountered error: Section ending without a matching section beginning
L 11/02/2014 - 15:41:43: [sm_cmdx.smx] Unable to locate overrides file.
L 11/02/2014 - 16:14:43: Error log file session closed.
L 11/02/2014 - 16:14:43: SourceMod error session started
L 11/02/2014 - 16:14:43: Info (map "de_mirage") (file "errors_20141102.log")
L 11/02/2014 - 16:14:43: [SM] Fatal error encountered parsing translation file "namechangepunisher.phrases.txt"
L 11/02/2014 - 16:14:43: [SM] Error (line 0, column 0): Stream failed to open
L 11/02/2014 - 16:14:43: [SM] Fatal error encountered parsing translation file "plugin.supercmds.txt"
L 11/02/2014 - 16:14:43: [SM] Error (line 0, column 0): Stream failed to open
L 11/02/2014 - 16:14:44: [basecommands.smx] Could not parse file (line 12, file "addons\sourcemod\configs\adminmenu_cfgs.txt"):
L 11/02/2014 - 16:14:44: [basecommands.smx] Parser encountered error: Section ending without a matching section beginning
L 11/02/2014 - 16:14:44: [sm_cmdx.smx] Unable to locate overrides file.
L 11/02/2014 - 16:21:48: Error log file session closed.
L 11/02/2014 - 16:21:48: SourceMod error session started
L 11/02/2014 - 16:21:48: Info (map "de_dust2") (file "errors_20141102.log")
L 11/02/2014 - 16:21:48: [SM] Fatal error encountered parsing translation file "namechangepunisher.phrases.txt"
L 11/02/2014 - 16:21:48: [SM] Error (line 0, column 0): Stream failed to open
L 11/02/2014 - 16:21:48: [SM] Fatal error encountered parsing translation file "plugin.supercmds.txt"
L 11/02/2014 - 16:21:48: [SM] Error (line 0, column 0): Stream failed to open
L 11/02/2014 - 16:21:48: [basecommands.smx] Could not parse file (line 12, file "addons\sourcemod\configs\adminmenu_cfgs.txt"):
L 11/02/2014 - 16:21:48: [basecommands.smx] Parser encountered error: Section ending without a matching section beginning
L 11/02/2014 - 16:21:48: [sm_cmdx.smx] Unable to locate overrides file.
L 11/02/2014 - 16:27:54: Error log file session closed.
L 11/02/2014 - 16:27:54: SourceMod error session started
L 11/02/2014 - 16:27:54: Info (map "de_mirage") (file "errors_20141102.log")
L 11/02/2014 - 16:27:54: [SM] Fatal error encountered parsing translation file "namechangepunisher.phrases.txt"
L 11/02/2014 - 16:27:54: [SM] Error (line 0, column 0): Stream failed to open
L 11/02/2014 - 16:27:54: [SM] Fatal error encountered parsing translation file "plugin.supercmds.txt"
L 11/02/2014 - 16:27:54: [SM] Error (line 0, column 0): Stream failed to open
L 11/02/2014 - 16:27:54: [basecommands.smx] Could not parse file (line 12, file "addons\sourcemod\configs\adminmenu_cfgs.txt"):
L 11/02/2014 - 16:27:54: [basecommands.smx] Parser encountered error: Section ending without a matching section beginning
L 11/02/2014 - 16:27:54: [sm_cmdx.smx] Unable to locate overrides file.
L 11/02/2014 - 16:55:11: Error log file session closed.
L 11/02/2014 - 16:55:11: SourceMod error session started
L 11/02/2014 - 16:55:11: Info (map "de_dust2") (file "errors_20141102.log")
L 11/02/2014 - 16:55:11: [SM] Fatal error encountered parsing translation file "namechangepunisher.phrases.txt"
L 11/02/2014 - 16:55:11: [SM] Error (line 0, column 0): Stream failed to open
L 11/02/2014 - 16:55:11: [SM] Fatal error encountered parsing translation file "plugin.supercmds.txt"
L 11/02/2014 - 16:55:11: [SM] Error (line 0, column 0): Stream failed to open
L 11/02/2014 - 16:55:11: [basecommands.smx] Could not parse file (line 12, file "addons\sourcemod\configs\adminmenu_cfgs.txt"):
L 11/02/2014 - 16:55:11: [basecommands.smx] Parser encountered error: Section ending without a matching section beginning
L 11/02/2014 - 16:55:11: [sm_cmdx.smx] Unable to locate overrides file.
L 11/02/2014 - 16:55:39: [SM] Plugin encountered error 4: Invalid parameter or parameter type
L 11/02/2014 - 16:55:39: [SM] Native "VFormat" reported: String formatted incorrectly - parameter 2 (total 1)
L 11/02/2014 - 16:55:39: [SM] Displaying call stack trace for plugin "warmod111111111111111.smx":
L 11/02/2014 - 16:55:39: [SM]   [0]  Line 328, D:\CSGO\csgo±‡“Î∆˜\include\halflife.inc::PrintToChatAll()
L 11/02/2014 - 16:55:39: [SM]   [1]  Line 952, D:\CSGO\csgo±‡“Î∆˜\warmod111111111111111.sp::Event_Round_End()
L 11/02/2014 - 16:56:11: [SM] Plugin encountered error 4: Invalid parameter or parameter type
L 11/02/2014 - 16:56:11: [SM] Native "VFormat" reported: String formatted incorrectly - parameter 2 (total 1)
L 11/02/2014 - 16:56:11: [SM] Displaying call stack trace for plugin "warmod111111111111111.smx":
L 11/02/2014 - 16:56:11: [SM]   [0]  Line 328, D:\CSGO\csgo±‡“Î∆˜\include\halflife.inc::PrintToChatAll()
L 11/02/2014 - 16:56:11: [SM]   [1]  Line 952, D:\CSGO\csgo±‡“Î∆˜\warmod111111111111111.sp::Event_Round_End()
L 11/02/2014 - 16:58:04: [SM] Plugin encountered error 4: Invalid parameter or parameter type
L 11/02/2014 - 16:58:04: [SM] Native "VFormat" reported: String formatted incorrectly - parameter 2 (total 1)
L 11/02/2014 - 16:58:04: [SM] Displaying call stack trace for plugin "warmod111111111111111.smx":
L 11/02/2014 - 16:58:04: [SM]   [0]  Line 328, D:\CSGO\csgo±‡“Î∆˜\include\halflife.inc::PrintToChatAll()
L 11/02/2014 - 16:58:04: [SM]   [1]  Line 952, D:\CSGO\csgo±‡“Î∆˜\warmod111111111111111.sp::Event_Round_End()
L 11/02/2014 - 17:00:22: [SM] Plugin encountered error 4: Invalid parameter or parameter type
L 11/02/2014 - 17:00:22: [SM] Native "VFormat" reported: String formatted incorrectly - parameter 2 (total 1)
L 11/02/2014 - 17:00:22: [SM] Displaying call stack trace for plugin "warmod111111111111111.smx":
L 11/02/2014 - 17:00:22: [SM]   [0]  Line 328, D:\CSGO\csgo±‡“Î∆˜\include\halflife.inc::PrintToChatAll()
L 11/02/2014 - 17:00:22: [SM]   [1]  Line 952, D:\CSGO\csgo±‡“Î∆˜\warmod111111111111111.sp::Event_Round_End()
L 11/02/2014 - 17:01:33: [SM] Plugin encountered error 4: Invalid parameter or parameter type
L 11/02/2014 - 17:01:33: [SM] Native "VFormat" reported: String formatted incorrectly - parameter 2 (total 1)
L 11/02/2014 - 17:01:33: [SM] Displaying call stack trace for plugin "warmod111111111111111.smx":
L 11/02/2014 - 17:01:33: [SM]   [0]  Line 328, D:\CSGO\csgo±‡“Î∆˜\include\halflife.inc::PrintToChatAll()
L 11/02/2014 - 17:01:33: [SM]   [1]  Line 952, D:\CSGO\csgo±‡“Î∆˜\warmod111111111111111.sp::Event_Round_End()
L 11/02/2014 - 17:02:53: [SM] Plugin encountered error 4: Invalid parameter or parameter type
L 11/02/2014 - 17:02:53: [SM] Native "VFormat" reported: String formatted incorrectly - parameter 2 (total 1)
L 11/02/2014 - 17:02:53: [SM] Displaying call stack trace for plugin "warmod111111111111111.smx":
L 11/02/2014 - 17:02:53: [SM]   [0]  Line 328, D:\CSGO\csgo±‡“Î∆˜\include\halflife.inc::PrintToChatAll()
L 11/02/2014 - 17:02:53: [SM]   [1]  Line 952, D:\CSGO\csgo±‡“Î∆˜\warmod111111111111111.sp::Event_Round_End()
L 11/02/2014 - 17:03:40: [SM] Plugin encountered error 4: Invalid parameter or parameter type
L 11/02/2014 - 17:03:40: [SM] Native "VFormat" reported: String formatted incorrectly - parameter 2 (total 1)
L 11/02/2014 - 17:03:40: [SM] Displaying call stack trace for plugin "warmod111111111111111.smx":
L 11/02/2014 - 17:03:40: [SM]   [0]  Line 328, D:\CSGO\csgo±‡“Î∆˜\include\halflife.inc::PrintToChatAll()
L 11/02/2014 - 17:03:40: [SM]   [1]  Line 952, D:\CSGO\csgo±‡“Î∆˜\warmod111111111111111.sp::Event_Round_End()
L 11/02/2014 - 17:04:42: [SM] Plugin encountered error 4: Invalid parameter or parameter type
L 11/02/2014 - 17:04:42: [SM] Native "VFormat" reported: String formatted incorrectly - parameter 2 (total 1)
L 11/02/2014 - 17:04:42: [SM] Displaying call stack trace for plugin "warmod111111111111111.smx":
L 11/02/2014 - 17:04:42: [SM]   [0]  Line 328, D:\CSGO\csgo±‡“Î∆˜\include\halflife.inc::PrintToChatAll()
L 11/02/2014 - 17:04:42: [SM]   [1]  Line 952, D:\CSGO\csgo±‡“Î∆˜\warmod111111111111111.sp::Event_Round_End()
L 11/02/2014 - 17:06:28: [SM] Plugin encountered error 4: Invalid parameter or parameter type
L 11/02/2014 - 17:06:28: [SM] Native "VFormat" reported: String formatted incorrectly - parameter 2 (total 1)
L 11/02/2014 - 17:06:28: [SM] Displaying call stack trace for plugin "warmod111111111111111.smx":
L 11/02/2014 - 17:06:28: [SM]   [0]  Line 328, D:\CSGO\csgo±‡“Î∆˜\include\halflife.inc::PrintToChatAll()
L 11/02/2014 - 17:06:28: [SM]   [1]  Line 952, D:\CSGO\csgo±‡“Î∆˜\warmod111111111111111.sp::Event_Round_End()
L 11/02/2014 - 17:08:04: [SM] Plugin encountered error 4: Invalid parameter or parameter type
L 11/02/2014 - 17:08:04: [SM] Native "VFormat" reported: String formatted incorrectly - parameter 2 (total 1)
L 11/02/2014 - 17:08:04: [SM] Displaying call stack trace for plugin "warmod111111111111111.smx":
L 11/02/2014 - 17:08:04: [SM]   [0]  Line 328, D:\CSGO\csgo±‡“Î∆˜\include\halflife.inc::PrintToChatAll()
L 11/02/2014 - 17:08:04: [SM]   [1]  Line 952, D:\CSGO\csgo±‡“Î∆˜\warmod111111111111111.sp::Event_Round_End()
L 11/02/2014 - 17:09:16: [SM] Plugin encountered error 4: Invalid parameter or parameter type
L 11/02/2014 - 17:09:16: [SM] Native "VFormat" reported: String formatted incorrectly - parameter 2 (total 1)
L 11/02/2014 - 17:09:16: [SM] Displaying call stack trace for plugin "warmod111111111111111.smx":
L 11/02/2014 - 17:09:16: [SM]   [0]  Line 328, D:\CSGO\csgo±‡“Î∆˜\include\halflife.inc::PrintToChatAll()
L 11/02/2014 - 17:09:16: [SM]   [1]  Line 952, D:\CSGO\csgo±‡“Î∆˜\warmod111111111111111.sp::Event_Round_End()
L 11/02/2014 - 17:10:45: [SM] Plugin encountered error 4: Invalid parameter or parameter type
L 11/02/2014 - 17:10:45: [SM] Native "VFormat" reported: String formatted incorrectly - parameter 2 (total 1)
L 11/02/2014 - 17:10:45: [SM] Displaying call stack trace for plugin "warmod111111111111111.smx":
L 11/02/2014 - 17:10:45: [SM]   [0]  Line 328, D:\CSGO\csgo±‡“Î∆˜\include\halflife.inc::PrintToChatAll()
L 11/02/2014 - 17:10:45: [SM]   [1]  Line 952, D:\CSGO\csgo±‡“Î∆˜\warmod111111111111111.sp::Event_Round_End()
L 11/02/2014 - 17:12:00: [SM] Plugin encountered error 4: Invalid parameter or parameter type
L 11/02/2014 - 17:12:00: [SM] Native "VFormat" reported: String formatted incorrectly - parameter 2 (total 1)
L 11/02/2014 - 17:12:00: [SM] Displaying call stack trace for plugin "warmod111111111111111.smx":
L 11/02/2014 - 17:12:00: [SM]   [0]  Line 328, D:\CSGO\csgo±‡“Î∆˜\include\halflife.inc::PrintToChatAll()
L 11/02/2014 - 17:12:00: [SM]   [1]  Line 952, D:\CSGO\csgo±‡“Î∆˜\warmod111111111111111.sp::Event_Round_End()
L 11/02/2014 - 17:14:09: [SM] Plugin encountered error 4: Invalid parameter or parameter type
L 11/02/2014 - 17:14:09: [SM] Native "VFormat" reported: String formatted incorrectly - parameter 2 (total 1)
L 11/02/2014 - 17:14:09: [SM] Displaying call stack trace for plugin "warmod111111111111111.smx":
L 11/02/2014 - 17:14:09: [SM]   [0]  Line 328, D:\CSGO\csgo±‡“Î∆˜\include\halflife.inc::PrintToChatAll()
L 11/02/2014 - 17:14:09: [SM]   [1]  Line 952, D:\CSGO\csgo±‡“Î∆˜\warmod111111111111111.sp::Event_Round_End()
L 11/02/2014 - 17:59:56: Error log file session closed.
L 11/02/2014 - 17:59:56: SourceMod error session started
L 11/02/2014 - 17:59:56: Info (map "de_dust2") (file "errors_20141102.log")
L 11/02/2014 - 17:59:56: [SM] Fatal error encountered parsing translation file "namechangepunisher.phrases.txt"
L 11/02/2014 - 17:59:56: [SM] Error (line 0, column 0): Stream failed to open
L 11/02/2014 - 17:59:56: [SM] Fatal error encountered parsing translation file "plugin.supercmds.txt"
L 11/02/2014 - 17:59:56: [SM] Error (line 0, column 0): Stream failed to open
L 11/02/2014 - 17:59:56: [basecommands.smx] Could not parse file (line 12, file "addons\sourcemod\configs\adminmenu_cfgs.txt"):
L 11/02/2014 - 17:59:56: [basecommands.smx] Parser encountered error: Section ending without a matching section beginning
L 11/02/2014 - 17:59:56: [sm_cmdx.smx] Unable to locate overrides file.
L 11/02/2014 - 18:00:11: Error log file session closed.
L 11/02/2014 - 18:00:11: SourceMod error session started
L 11/02/2014 - 18:00:11: Info (map "de_dust2") (file "errors_20141102.log")
L 11/02/2014 - 18:00:11: [SM] Fatal error encountered parsing translation file "namechangepunisher.phrases.txt"
L 11/02/2014 - 18:00:11: [SM] Error (line 0, column 0): Stream failed to open
L 11/02/2014 - 18:00:11: [SM] Fatal error encountered parsing translation file "plugin.supercmds.txt"
L 11/02/2014 - 18:00:11: [SM] Error (line 0, column 0): Stream failed to open
L 11/02/2014 - 18:00:11: [basecommands.smx] Could not parse file (line 12, file "addons\sourcemod\configs\adminmenu_cfgs.txt"):
L 11/02/2014 - 18:00:11: [basecommands.smx] Parser encountered error: Section ending without a matching section beginning
L 11/02/2014 - 18:00:11: [sm_cmdx.smx] Unable to locate overrides file.
L 11/02/2014 - 18:16:47: [SM] Native "PrintToChat" reported: Client 6 is not in game
L 11/02/2014 - 18:16:47: [SM] Displaying call stack trace for plugin "!dao.smx":
L 11/02/2014 - 18:16:47: [SM]   [0]  Line 79, D:\CSGO\csgo±‡“Î∆˜\!dao.sp::Timer_knifemsg()
L 11/02/2014 - 18:28:57: Error log file session closed.
L 11/02/2014 - 18:28:57: SourceMod error session started
L 11/02/2014 - 18:28:57: Info (map "de_mirage") (file "errors_20141102.log")
L 11/02/2014 - 18:28:57: [SM] Fatal error encountered parsing translation file "namechangepunisher.phrases.txt"
L 11/02/2014 - 18:28:57: [SM] Error (line 0, column 0): Stream failed to open
L 11/02/2014 - 18:28:57: [SM] Fatal error encountered parsing translation file "plugin.supercmds.txt"
L 11/02/2014 - 18:28:57: [SM] Error (line 0, column 0): Stream failed to open
L 11/02/2014 - 18:28:57: [basecommands.smx] Could not parse file (line 12, file "addons\sourcemod\configs\adminmenu_cfgs.txt"):
L 11/02/2014 - 18:28:57: [basecommands.smx] Parser encountered error: Section ending without a matching section beginning
L 11/02/2014 - 18:28:57: [sm_cmdx.smx] Unable to locate overrides file.
L 11/02/2014 - 18:37:06: Error log file session closed.
L 11/02/2014 - 18:37:06: SourceMod error session started
L 11/02/2014 - 18:37:06: Info (map "wsf_bloodstrike") (file "errors_20141102.log")
L 11/02/2014 - 18:37:06: [SM] Fatal error encountered parsing translation file "namechangepunisher.phrases.txt"
L 11/02/2014 - 18:37:06: [SM] Error (line 0, column 0): Stream failed to open
L 11/02/2014 - 18:37:06: [SM] Fatal error encountered parsing translation file "plugin.supercmds.txt"
L 11/02/2014 - 18:37:06: [SM] Error (line 0, column 0): Stream failed to open
L 11/02/2014 - 18:37:06: [basecommands.smx] Could not parse file (line 12, file "addons\sourcemod\configs\adminmenu_cfgs.txt"):
L 11/02/2014 - 18:37:06: [basecommands.smx] Parser encountered error: Section ending without a matching section beginning
L 11/02/2014 - 18:37:06: [sm_cmdx.smx] Unable to locate overrides file.
L 11/02/2014 - 18:44:33: [SM] Native "PrintToChat" reported: Client 5 is not in game
L 11/02/2014 - 18:44:33: [SM] Displaying call stack trace for plugin "!dao.smx":
L 11/02/2014 - 18:44:33: [SM]   [0]  Line 79, D:\CSGO\csgo±‡“Î∆˜\!dao.sp::Timer_knifemsg()
L 11/02/2014 - 18:44:54: [SM] Native "CS_RespawnPlayer" reported: Client index 3 is not valid
L 11/02/2014 - 18:44:54: [SM] Displaying call stack trace for plugin "warmod11111.sp.smx":
L 11/02/2014 - 18:44:54: [SM]   [0]  Line 2067, D:\CSGO\csgo±‡“Î∆˜\warmod11111.sp.bak::RespawnPlayer()
L 11/02/2014 - 18:45:13: [SM] Native "PrintToChat" reported: Client 3 is not in game
L 11/02/2014 - 18:45:13: [SM] Displaying call stack trace for plugin "!dao.smx":
L 11/02/2014 - 18:45:13: [SM]   [0]  Line 79, D:\CSGO\csgo±‡“Î∆˜\!dao.sp::Timer_knifemsg()
L 11/02/2014 - 18:51:06: [SM] Native "PrintToChat" reported: Client 8 is not in game
L 11/02/2014 - 18:51:06: [SM] Displaying call stack trace for plugin "!dao.smx":
L 11/02/2014 - 18:51:06: [SM]   [0]  Line 79, D:\CSGO\csgo±‡“Î∆˜\!dao.sp::Timer_knifemsg()
L 11/02/2014 - 18:51:06: [SM] Native "PrintToChat" reported: Client 9 is not in game
L 11/02/2014 - 18:51:06: [SM] Displaying call stack trace for plugin "!dao.smx":
L 11/02/2014 - 18:51:06: [SM]   [0]  Line 79, D:\CSGO\csgo±‡“Î∆˜\!dao.sp::Timer_knifemsg()
L 11/02/2014 - 18:51:06: [SM] Native "PrintToChat" reported: Client 10 is not in game
L 11/02/2014 - 18:51:06: [SM] Displaying call stack trace for plugin "!dao.smx":
L 11/02/2014 - 18:51:06: [SM]   [0]  Line 79, D:\CSGO\csgo±‡“Î∆˜\!dao.sp::Timer_knifemsg()
L 11/02/2014 - 18:55:20: Error log file session closed.
L 11/02/2014 - 18:55:20: SourceMod error session started
L 11/02/2014 - 18:55:20: Info (map "de_dust2") (file "errors_20141102.log")
L 11/02/2014 - 18:55:20: [SM] Fatal error encountered parsing translation file "namechangepunisher.phrases.txt"
L 11/02/2014 - 18:55:20: [SM] Error (line 0, column 0): Stream failed to open
L 11/02/2014 - 18:55:20: [SM] Fatal error encountered parsing translation file "plugin.supercmds.txt"
L 11/02/2014 - 18:55:20: [SM] Error (line 0, column 0): Stream failed to open
L 11/02/2014 - 18:55:20: [basecommands.smx] Could not parse file (line 12, file "addons\sourcemod\configs\adminmenu_cfgs.txt"):
L 11/02/2014 - 18:55:20: [basecommands.smx] Parser encountered error: Section ending without a matching section beginning
L 11/02/2014 - 18:55:20: [sm_cmdx.smx] Unable to locate overrides file.
L 11/02/2014 - 18:55:22: [SM] Native "PrintToChat" reported: Client 11 is not in game
L 11/02/2014 - 18:55:22: [SM] Displaying call stack trace for plugin "!dao.smx":
L 11/02/2014 - 18:55:22: [SM]   [0]  Line 79, D:\CSGO\csgo±‡“Î∆˜\!dao.sp::Timer_knifemsg()
L 11/02/2014 - 19:50:46: SourceMod error session started
L 11/02/2014 - 19:50:46: Info (map "de_dust2") (file "errors_20141102.log")
L 11/02/2014 - 19:50:46: [SM] Unable to load extension "curl.ext": ”¶”√≥Ã–ÚŒﬁ∑®∆Ù∂Ø£¨“ÚŒ™”¶”√≥Ã–Úµƒ≤¢––≈‰÷√≤ª’˝»∑°£”–πÿœÍœ∏–≈œ¢£¨«Î≤Œ‘ƒ”¶”√≥Ã–Ú ¬º˛»’÷æ£¨ªÚ π”√√¸¡Ó–– sxstrace.exe π§æﬂ°£

L 11/02/2014 - 19:50:46: [SM] Fatal error encountered parsing translation file "namechangepunisher.phrases.txt"
L 11/02/2014 - 19:50:46: [SM] Error (line 0, column 0): Stream failed to open
L 11/02/2014 - 19:50:46: [SM] Fatal error encountered parsing translation file "plugin.supercmds.txt"
L 11/02/2014 - 19:50:46: [SM] Error (line 0, column 0): Stream failed to open
L 11/02/2014 - 19:50:46: [SM] Error parsing gameconfig file "D:\steam\steamapps\common\Counter-Strike\csgo\addons\sourcemod\gamedata\supercmds.gamedata.txt":
L 11/02/2014 - 19:50:46: [SM] Error 1 on line 0, col 0: Stream failed to open
L 11/02/2014 - 19:50:46: [SM] Native "LoadGameConfigFile" reported: Unable to open supercmds.gamedata: File could not be opened: œµÕ≥’“≤ªµΩ÷∏∂®µƒŒƒº˛°£

L 11/02/2014 - 19:50:46: [SM] Displaying call stack trace for plugin "sm_cmdx.smx":
L 11/02/2014 - 19:50:46: [SM]   [0]  Line 108, D:\CSGO\csgo±‡“Î∆˜\sm_cmdx.sp::OnPluginStart()
L 11/02/2014 - 19:50:47: [basecommands.smx] Could not parse file (line 12, file "addons\sourcemod\configs\adminmenu_cfgs.txt"):
L 11/02/2014 - 19:50:47: [basecommands.smx] Parser encountered error: Section ending without a matching section beginning
L 11/02/2014 - 19:52:13: Error log file session closed.
L 11/02/2014 - 19:52:13: SourceMod error session started
L 11/02/2014 - 19:52:13: Info (map "de_dust2") (file "errors_20141102.log")
L 11/02/2014 - 19:52:13: [SM] Fatal error encountered parsing translation file "namechangepunisher.phrases.txt"
L 11/02/2014 - 19:52:13: [SM] Error (line 0, column 0): Stream failed to open
L 11/02/2014 - 19:52:13: [SM] Fatal error encountered parsing translation file "plugin.supercmds.txt"
L 11/02/2014 - 19:52:13: [SM] Error (line 0, column 0): Stream failed to open
L 11/02/2014 - 19:52:13: [basecommands.smx] Could not parse file (line 12, file "addons\sourcemod\configs\adminmenu_cfgs.txt"):
L 11/02/2014 - 19:52:13: [basecommands.smx] Parser encountered error: Section ending without a matching section beginning
L 11/02/2014 - 19:52:13: [UPDATER] --- BEGIN ERRORS FROM AUTOMATIC UPDATER ---
L 11/02/2014 - 19:52:13: [UPDATER] Parse error in update manifest: A property was declared outside of a section
L 11/02/2014 - 19:52:13: [UPDATER] --- END ERRORS FROM AUTOMATIC UPDATER ---
L 11/02/2014 - 19:52:13: [sm_cmdx.smx] Unable to locate overrides file.
L 11/02/2014 - 20:00:33: SourceMod error session started
L 11/02/2014 - 20:00:33: Info (map "de_dust2") (file "errors_20141102.log")
L 11/02/2014 - 20:00:33: [SM] Unable to load extension "curl.ext": ”¶”√≥Ã–ÚŒﬁ∑®∆Ù∂Ø£¨“ÚŒ™”¶”√≥Ã–Úµƒ≤¢––≈‰÷√≤ª’˝»∑°£”–πÿœÍœ∏–≈œ¢£¨«Î≤Œ‘ƒ”¶”√≥Ã–Ú ¬º˛»’÷æ£¨ªÚ π”√√¸¡Ó–– sxstrace.exe π§æﬂ°£

L 11/02/2014 - 20:00:33: [SM] Fatal error encountered parsing translation file "namechangepunisher.phrases.txt"
L 11/02/2014 - 20:00:33: [SM] Error (line 0, column 0): Stream failed to open
L 11/02/2014 - 20:00:33: [SM] Fatal error encountered parsing translation file "plugin.supercmds.txt"
L 11/02/2014 - 20:00:33: [SM] Error (line 0, column 0): Stream failed to open
L 11/02/2014 - 20:00:33: [SM] Error parsing gameconfig file "D:\steam\steamapps\common\Counter-Strike\csgo\addons\sourcemod\gamedata\supercmds.gamedata.txt":
L 11/02/2014 - 20:00:33: [SM] Error 1 on line 0, col 0: Stream failed to open
L 11/02/2014 - 20:00:33: [SM] Native "LoadGameConfigFile" reported: Unable to open supercmds.gamedata: File could not be opened: œµÕ≥’“≤ªµΩ÷∏∂®µƒŒƒº˛°£

L 11/02/2014 - 20:00:33: [SM] Displaying call stack trace for plugin "sm_cmdx.smx":
L 11/02/2014 - 20:00:33: [SM]   [0]  Line 108, D:\CSGO\csgo±‡“Î∆˜\sm_cmdx.sp::OnPluginStart()
L 11/02/2014 - 20:00:34: [basecommands.smx] Could not parse file (line 12, file "addons\sourcemod\configs\adminmenu_cfgs.txt"):
L 11/02/2014 - 20:00:34: [basecommands.smx] Parser encountered error: Section ending without a matching section beginning
L 11/02/2014 - 20:00:59: Error log file session closed.
L 11/02/2014 - 20:00:59: SourceMod error session started
L 11/02/2014 - 20:00:59: Info (map "de_dust2") (file "errors_20141102.log")
L 11/02/2014 - 20:00:59: [SM] Fatal error encountered parsing translation file "namechangepunisher.phrases.txt"
L 11/02/2014 - 20:00:59: [SM] Error (line 0, column 0): Stream failed to open
L 11/02/2014 - 20:00:59: [SM] Fatal error encountered parsing translation file "plugin.supercmds.txt"
L 11/02/2014 - 20:00:59: [SM] Error (line 0, column 0): Stream failed to open
L 11/02/2014 - 20:00:59: [basecommands.smx] Could not parse file (line 12, file "addons\sourcemod\configs\adminmenu_cfgs.txt"):
L 11/02/2014 - 20:00:59: [basecommands.smx] Parser encountered error: Section ending without a matching section beginning
L 11/02/2014 - 20:00:59: [sm_cmdx.smx] Unable to locate overrides file.
L 11/02/2014 - 20:03:02: Error log file session closed.
L 11/02/2014 - 20:03:02: SourceMod error session started
L 11/02/2014 - 20:03:02: Info (map "de_dust2") (file "errors_20141102.log")
L 11/02/2014 - 20:03:02: [SM] Fatal error encountered parsing translation file "namechangepunisher.phrases.txt"
L 11/02/2014 - 20:03:02: [SM] Error (line 0, column 0): Stream failed to open
L 11/02/2014 - 20:03:02: [SM] Fatal error encountered parsing translation file "plugin.supercmds.txt"
L 11/02/2014 - 20:03:02: [SM] Error (line 0, column 0): Stream failed to open
L 11/02/2014 - 20:03:02: [basecommands.smx] Could not parse file (line 12, file "addons\sourcemod\configs\adminmenu_cfgs.txt"):
L 11/02/2014 - 20:03:02: [basecommands.smx] Parser encountered error: Section ending without a matching section beginning
L 11/02/2014 - 20:03:02: [sm_cmdx.smx] Unable to locate overrides file.
L 11/02/2014 - 20:24:10: Error log file session closed.
L 11/02/2014 - 20:24:10: SourceMod error session started
L 11/02/2014 - 20:24:10: Info (map "AWP_snow_map") (file "errors_20141102.log")
L 11/02/2014 - 20:24:10: [SM] Fatal error encountered parsing translation file "namechangepunisher.phrases.txt"
L 11/02/2014 - 20:24:10: [SM] Error (line 0, column 0): Stream failed to open
L 11/02/2014 - 20:24:10: [SM] Fatal error encountered parsing translation file "plugin.supercmds.txt"
L 11/02/2014 - 20:24:10: [SM] Error (line 0, column 0): Stream failed to open
L 11/02/2014 - 20:24:11: [basecommands.smx] Could not parse file (line 12, file "addons\sourcemod\configs\adminmenu_cfgs.txt"):
L 11/02/2014 - 20:24:11: [basecommands.smx] Parser encountered error: Section ending without a matching section beginning
L 11/02/2014 - 20:24:11: [sm_cmdx.smx] Unable to locate overrides file.
L 11/02/2014 - 20:28:10: [SM] Native "CS_RespawnPlayer" reported: Client index 4 is not valid
L 11/02/2014 - 20:28:10: [SM] Displaying call stack trace for plugin "warmod11111.smx":
L 11/02/2014 - 20:28:10: [SM]   [0]  Line 1949, D:\CSGO\csgo±‡“Î∆˜\warmod11111.sp::RespawnPlayer()
L 11/02/2014 - 20:28:30: [SM] Native "PrintToChat" reported: Client 4 is not in game
L 11/02/2014 - 20:28:30: [SM] Displaying call stack trace for plugin "!dao.smx":
L 11/02/2014 - 20:28:30: [SM]   [0]  Line 79, D:\CSGO\csgo±‡“Î∆˜\!dao.sp::Timer_knifemsg()
L 11/02/2014 - 20:29:50: [SM] Native "PrintToChat" reported: Client 5 is not in game
L 11/02/2014 - 20:29:50: [SM] Displaying call stack trace for plugin "!dao.smx":
L 11/02/2014 - 20:29:50: [SM]   [0]  Line 79, D:\CSGO\csgo±‡“Î∆˜\!dao.sp::Timer_knifemsg()
L 11/02/2014 - 20:43:56: Error log file session closed.
L 11/02/2014 - 20:43:56: SourceMod error session started
L 11/02/2014 - 20:43:56: Info (map "de_dust2") (file "errors_20141102.log")
L 11/02/2014 - 20:43:56: [SM] Fatal error encountered parsing translation file "namechangepunisher.phrases.txt"
L 11/02/2014 - 20:43:56: [SM] Error (line 0, column 0): Stream failed to open
L 11/02/2014 - 20:43:56: [SM] Fatal error encountered parsing translation file "plugin.supercmds.txt"
L 11/02/2014 - 20:43:56: [SM] Error (line 0, column 0): Stream failed to open
L 11/02/2014 - 20:43:56: [basecommands.smx] Could not parse file (line 12, file "addons\sourcemod\configs\adminmenu_cfgs.txt"):
L 11/02/2014 - 20:43:56: [basecommands.smx] Parser encountered error: Section ending without a matching section beginning
L 11/02/2014 - 20:43:56: [sm_cmdx.smx] Unable to locate overrides file.
L 11/02/2014 - 20:51:35: [SM] Native "PrintToChat" reported: Client 12 is not in game
L 11/02/2014 - 20:51:35: [SM] Displaying call stack trace for plugin "!dao.smx":
L 11/02/2014 - 20:51:35: [SM]   [0]  Line 79, D:\CSGO\csgo±‡“Î∆˜\!dao.sp::Timer_knifemsg()
L 11/02/2014 - 21:04:04: [SM] Native "PrintToChat" reported: Client 6 is not in game
L 11/02/2014 - 21:04:04: [SM] Displaying call stack trace for plugin "!dao.smx":
L 11/02/2014 - 21:04:04: [SM]   [0]  Line 79, D:\CSGO\csgo±‡“Î∆˜\!dao.sp::Timer_knifemsg()
L 11/02/2014 - 21:07:38: [UPDATER] --- BEGIN ERRORS FROM AUTOMATIC UPDATER ---
L 11/02/2014 - 21:07:38: [UPDATER] Parse error in update manifest: A property was declared outside of a section
L 11/02/2014 - 21:07:38: [UPDATER] --- END ERRORS FROM AUTOMATIC UPDATER ---
L 11/02/2014 - 21:07:38: Error log file session closed.
L 11/02/2014 - 21:07:38: SourceMod error session started
L 11/02/2014 - 21:07:38: Info (map "de_dust2") (file "errors_20141102.log")
L 11/02/2014 - 21:07:38: [SM] Fatal error encountered parsing translation file "namechangepunisher.phrases.txt"
L 11/02/2014 - 21:07:38: [SM] Error (line 0, column 0): Stream failed to open
L 11/02/2014 - 21:07:38: [SM] Fatal error encountered parsing translation file "plugin.supercmds.txt"
L 11/02/2014 - 21:07:38: [SM] Error (line 0, column 0): Stream failed to open
L 11/02/2014 - 21:07:39: [basecommands.smx] Could not parse file (line 12, file "addons\sourcemod\configs\adminmenu_cfgs.txt"):
L 11/02/2014 - 21:07:39: [basecommands.smx] Parser encountered error: Section ending without a matching section beginning
L 11/02/2014 - 21:07:39: [sm_cmdx.smx] Unable to locate overrides file.
L 11/02/2014 - 21:08:08: [SM] Native "PrintToChat" reported: Client 1 is not in game
L 11/02/2014 - 21:08:08: [SM] Displaying call stack trace for plugin "!dao.smx":
L 11/02/2014 - 21:08:08: [SM]   [0]  Line 79, D:\CSGO\csgo±‡“Î∆˜\!dao.sp::Timer_knifemsg()
L 11/02/2014 - 21:13:39: Error log file session closed.
L 11/02/2014 - 21:13:39: SourceMod error session started
L 11/02/2014 - 21:13:39: Info (map "de_mirage") (file "errors_20141102.log")
L 11/02/2014 - 21:13:39: [SM] Fatal error encountered parsing translation file "namechangepunisher.phrases.txt"
L 11/02/2014 - 21:13:39: [SM] Error (line 0, column 0): Stream failed to open
L 11/02/2014 - 21:13:39: [SM] Fatal error encountered parsing translation file "plugin.supercmds.txt"
L 11/02/2014 - 21:13:39: [SM] Error (line 0, column 0): Stream failed to open
L 11/02/2014 - 21:13:39: [basecommands.smx] Could not parse file (line 12, file "addons\sourcemod\configs\adminmenu_cfgs.txt"):
L 11/02/2014 - 21:13:39: [basecommands.smx] Parser encountered error: Section ending without a matching section beginning
L 11/02/2014 - 21:13:39: [sm_cmdx.smx] Unable to locate overrides file.
L 11/02/2014 - 21:14:11: [SM] Native "PrintToChat" reported: Client 12 is not in game
L 11/02/2014 - 21:14:11: [SM] Displaying call stack trace for plugin "!dao.smx":
L 11/02/2014 - 21:14:11: [SM]   [0]  Line 79, D:\CSGO\csgo±‡“Î∆˜\!dao.sp::Timer_knifemsg()
L 11/02/2014 - 21:22:41: Error log file session closed.
L 11/02/2014 - 21:22:41: SourceMod error session started
L 11/02/2014 - 21:22:41: Info (map "de_dust2") (file "errors_20141102.log")
L 11/02/2014 - 21:22:41: [SM] Fatal error encountered parsing translation file "namechangepunisher.phrases.txt"
L 11/02/2014 - 21:22:41: [SM] Error (line 0, column 0): Stream failed to open
L 11/02/2014 - 21:22:41: [SM] Fatal error encountered parsing translation file "plugin.supercmds.txt"
L 11/02/2014 - 21:22:41: [SM] Error (line 0, column 0): Stream failed to open
L 11/02/2014 - 21:22:41: [basecommands.smx] Could not parse file (line 12, file "addons\sourcemod\configs\adminmenu_cfgs.txt"):
L 11/02/2014 - 21:22:41: [basecommands.smx] Parser encountered error: Section ending without a matching section beginning
L 11/02/2014 - 21:22:41: [sm_cmdx.smx] Unable to locate overrides file.
L 11/02/2014 - 21:27:01: [SM] Native "PrintToChat" reported: Client 4 is not in game
L 11/02/2014 - 21:27:01: [SM] Displaying call stack trace for plugin "!dao.smx":
L 11/02/2014 - 21:27:01: [SM]   [0]  Line 79, D:\CSGO\csgo±‡“Î∆˜\!dao.sp::Timer_knifemsg()
L 11/02/2014 - 21:32:09: [SM] Native "PrintToChat" reported: Client 3 is not in game
L 11/02/2014 - 21:32:09: [SM] Displaying call stack trace for plugin "!dao.smx":
L 11/02/2014 - 21:32:09: [SM]   [0]  Line 79, D:\CSGO\csgo±‡“Î∆˜\!dao.sp::Timer_knifemsg()
L 11/02/2014 - 21:54:04: Error log file session closed.
L 11/02/2014 - 21:54:04: SourceMod error session started
L 11/02/2014 - 21:54:04: Info (map "de_inferno") (file "errors_20141102.log")
L 11/02/2014 - 21:54:04: [SM] Fatal error encountered parsing translation file "namechangepunisher.phrases.txt"
L 11/02/2014 - 21:54:04: [SM] Error (line 0, column 0): Stream failed to open
L 11/02/2014 - 21:54:04: [SM] Fatal error encountered parsing translation file "plugin.supercmds.txt"
L 11/02/2014 - 21:54:04: [SM] Error (line 0, column 0): Stream failed to open
L 11/02/2014 - 21:54:04: [basecommands.smx] Could not parse file (line 12, file "addons\sourcemod\configs\adminmenu_cfgs.txt"):
L 11/02/2014 - 21:54:04: [basecommands.smx] Parser encountered error: Section ending without a matching section beginning
L 11/02/2014 - 21:54:04: [sm_cmdx.smx] Unable to locate overrides file.
L 11/02/2014 - 21:59:12: [SM] Native "PrintToChat" reported: Client 14 is not in game
L 11/02/2014 - 21:59:12: [SM] Displaying call stack trace for plugin "!dao.smx":
L 11/02/2014 - 21:59:12: [SM]   [0]  Line 79, D:\CSGO\csgo±‡“Î∆˜\!dao.sp::Timer_knifemsg()
L 11/02/2014 - 22:01:48: Error log file session closed.
L 11/02/2014 - 22:01:48: SourceMod error session started
L 11/02/2014 - 22:01:48: Info (map "de_mirage") (file "errors_20141102.log")
L 11/02/2014 - 22:01:48: [SM] Fatal error encountered parsing translation file "namechangepunisher.phrases.txt"
L 11/02/2014 - 22:01:48: [SM] Error (line 0, column 0): Stream failed to open
L 11/02/2014 - 22:01:48: [SM] Fatal error encountered parsing translation file "plugin.supercmds.txt"
L 11/02/2014 - 22:01:48: [SM] Error (line 0, column 0): Stream failed to open
L 11/02/2014 - 22:01:49: [basecommands.smx] Could not parse file (line 12, file "addons\sourcemod\configs\adminmenu_cfgs.txt"):
L 11/02/2014 - 22:01:49: [basecommands.smx] Parser encountered error: Section ending without a matching section beginning
L 11/02/2014 - 22:01:49: [sm_cmdx.smx] Unable to locate overrides file.
L 11/02/2014 - 22:02:21: [SM] Native "PrintToChat" reported: Client 4 is not in game
L 11/02/2014 - 22:02:21: [SM] Displaying call stack trace for plugin "!dao.smx":
L 11/02/2014 - 22:02:21: [SM]   [0]  Line 79, D:\CSGO\csgo±‡“Î∆˜\!dao.sp::Timer_knifemsg()
L 11/02/2014 - 22:36:29: Error log file session closed.
L 11/02/2014 - 22:36:29: SourceMod error session started
L 11/02/2014 - 22:36:29: Info (map "de_nuke") (file "errors_20141102.log")
L 11/02/2014 - 22:36:29: [SM] Fatal error encountered parsing translation file "namechangepunisher.phrases.txt"
L 11/02/2014 - 22:36:29: [SM] Error (line 0, column 0): Stream failed to open
L 11/02/2014 - 22:36:29: [SM] Fatal error encountered parsing translation file "plugin.supercmds.txt"
L 11/02/2014 - 22:36:29: [SM] Error (line 0, column 0): Stream failed to open
L 11/02/2014 - 22:36:30: [basecommands.smx] Could not parse file (line 12, file "addons\sourcemod\configs\adminmenu_cfgs.txt"):
L 11/02/2014 - 22:36:30: [basecommands.smx] Parser encountered error: Section ending without a matching section beginning
L 11/02/2014 - 22:36:30: [sm_cmdx.smx] Unable to locate overrides file.
L 11/02/2014 - 22:36:46: [SM] Native "CS_RespawnPlayer" reported: Client index 11 is not valid
L 11/02/2014 - 22:36:46: [SM] Displaying call stack trace for plugin "warmod.smx":
L 11/02/2014 - 22:36:46: [SM]   [0]  Line 1919, D:\CSGO\csgo±‡“Î∆˜\warmod11111.sp::RespawnPlayer()
L 11/02/2014 - 22:36:58: [SM] Native "PrintToChat" reported: Client 11 is not in game
L 11/02/2014 - 22:36:58: [SM] Displaying call stack trace for plugin "!dao.smx":
L 11/02/2014 - 22:36:58: [SM]   [0]  Line 79, D:\CSGO\csgo±‡“Î∆˜\!dao.sp::Timer_knifemsg()
L 11/02/2014 - 22:37:06: [SM] Native "PrintToChat" reported: Client 11 is not in game
L 11/02/2014 - 22:37:06: [SM] Displaying call stack trace for plugin "!dao.smx":
L 11/02/2014 - 22:37:06: [SM]   [0]  Line 79, D:\CSGO\csgo±‡“Î∆˜\!dao.sp::Timer_knifemsg()
L 11/02/2014 - 22:42:17: [SM] Native "EquipPlayerWeapon" reported: NULL not allowed
L 11/02/2014 - 22:42:17: [SM] Displaying call stack trace for plugin "!dao.smx":
L 11/02/2014 - 22:42:17: [SM]   [0]  Line 279, D:\CSGO\csgo±‡“Î∆˜\!dao.sp::fadao()
L 11/02/2014 - 22:42:18: [SM] Native "EquipPlayerWeapon" reported: NULL not allowed
L 11/02/2014 - 22:42:18: [SM] Displaying call stack trace for plugin "!dao.smx":
L 11/02/2014 - 22:42:18: [SM]   [0]  Line 279, D:\CSGO\csgo±‡“Î∆˜\!dao.sp::fadao()
L 11/02/2014 - 22:42:27: [SM] Native "EquipPlayerWeapon" reported: NULL not allowed
L 11/02/2014 - 22:42:27: [SM] Displaying call stack trace for plugin "!dao.smx":
L 11/02/2014 - 22:42:27: [SM]   [0]  Line 279, D:\CSGO\csgo±‡“Î∆˜\!dao.sp::fadao()
L 11/02/2014 - 22:42:27: [SM] Native "EquipPlayerWeapon" reported: NULL not allowed
L 11/02/2014 - 22:42:27: [SM] Displaying call stack trace for plugin "!dao.smx":
L 11/02/2014 - 22:42:27: [SM]   [0]  Line 279, D:\CSGO\csgo±‡“Î∆˜\!dao.sp::fadao()
L 11/02/2014 - 22:47:29: [SM] Native "EquipPlayerWeapon" reported: NULL not allowed
L 11/02/2014 - 22:47:29: [SM] Displaying call stack trace for plugin "!dao.smx":
L 11/02/2014 - 22:47:29: [SM]   [0]  Line 279, D:\CSGO\csgo±‡“Î∆˜\!dao.sp::fadao()
L 11/02/2014 - 22:47:29: [SM] Native "EquipPlayerWeapon" reported: NULL not allowed
L 11/02/2014 - 22:47:29: [SM] Displaying call stack trace for plugin "!dao.smx":
L 11/02/2014 - 22:47:29: [SM]   [0]  Line 279, D:\CSGO\csgo±‡“Î∆˜\!dao.sp::fadao()
L 11/02/2014 - 23:16:05: Error log file session closed.
L 11/02/2014 - 23:16:05: SourceMod error session started
L 11/02/2014 - 23:16:05: Info (map "de_cache") (file "errors_20141102.log")
L 11/02/2014 - 23:16:05: [SM] Fatal error encountered parsing translation file "namechangepunisher.phrases.txt"
L 11/02/2014 - 23:16:05: [SM] Error (line 0, column 0): Stream failed to open
L 11/02/2014 - 23:16:05: [SM] Fatal error encountered parsing translation file "plugin.supercmds.txt"
L 11/02/2014 - 23:16:05: [SM] Error (line 0, column 0): Stream failed to open
L 11/02/2014 - 23:16:05: [basecommands.smx] Could not parse file (line 12, file "addons\sourcemod\configs\adminmenu_cfgs.txt"):
L 11/02/2014 - 23:16:05: [basecommands.smx] Parser encountered error: Section ending without a matching section beginning
L 11/02/2014 - 23:16:05: [sm_cmdx.smx] Unable to locate overrides file.
L 11/02/2014 - 23:16:34: [SM] Native "PrintToChat" reported: Client 6 is not in game
L 11/02/2014 - 23:16:34: [SM] Displaying call stack trace for plugin "!dao.smx":
L 11/02/2014 - 23:16:34: [SM]   [0]  Line 79, D:\CSGO\csgo±‡“Î∆˜\!dao.sp::Timer_knifemsg()
L 11/02/2014 - 23:18:33: [SM] Native "PrintToChat" reported: Client 6 is not in game
L 11/02/2014 - 23:18:33: [SM] Displaying call stack trace for plugin "!dao.smx":
L 11/02/2014 - 23:18:33: [SM]   [0]  Line 79, D:\CSGO\csgo±‡“Î∆˜\!dao.sp::Timer_knifemsg()
L 11/02/2014 - 23:19:06: [SM] Native "PrintToChat" reported: Client 6 is not in game
L 11/02/2014 - 23:19:06: [SM] Displaying call stack trace for plugin "!dao.smx":
L 11/02/2014 - 23:19:06: [SM]   [0]  Line 79, D:\CSGO\csgo±‡“Î∆˜\!dao.sp::Timer_knifemsg()
L 11/02/2014 - 23:54:29: Error log file session closed.
L 11/02/2014 - 23:54:29: SourceMod error session started
L 11/02/2014 - 23:54:29: Info (map "de_overpass") (file "errors_20141102.log")
L 11/02/2014 - 23:54:29: [SM] Fatal error encountered parsing translation file "namechangepunisher.phrases.txt"
L 11/02/2014 - 23:54:29: [SM] Error (line 0, column 0): Stream failed to open
L 11/02/2014 - 23:54:29: [SM] Fatal error encountered parsing translation file "plugin.supercmds.txt"
L 11/02/2014 - 23:54:29: [SM] Error (line 0, column 0): Stream failed to open
L 11/02/2014 - 23:54:29: [basecommands.smx] Could not parse file (line 12, file "addons\sourcemod\configs\adminmenu_cfgs.txt"):
L 11/02/2014 - 23:54:29: [basecommands.smx] Parser encountered error: Section ending without a matching section beginning
L 11/02/2014 - 23:54:29: [sm_cmdx.smx] Unable to locate overrides file.
L 11/02/2014 - 23:54:30: [SM] Native "PrintToChat" reported: Client 6 is not in game
L 11/02/2014 - 23:54:30: [SM] Displaying call stack trace for plugin "!dao.smx":
L 11/02/2014 - 23:54:30: [SM]   [0]  Line 79, D:\CSGO\csgo±‡“Î∆˜\!dao.sp::Timer_knifemsg()
L 11/02/2014 - 23:54:56: [SM] Native "PrintToChat" reported: Client 1 is not in game
L 11/02/2014 - 23:54:56: [SM] Displaying call stack trace for plugin "!dao.smx":
L 11/02/2014 - 23:54:56: [SM]   [0]  Line 79, D:\CSGO\csgo±‡“Î∆˜\!dao.sp::Timer_knifemsg()
L 11/02/2014 - 23:54:56: [SM] Native "PrintToChat" reported: Client 3 is not in game
L 11/02/2014 - 23:54:56: [SM] Displaying call stack trace for plugin "!dao.smx":
L 11/02/2014 - 23:54:56: [SM]   [0]  Line 79, D:\CSGO\csgo±‡“Î∆˜\!dao.sp::Timer_knifemsg()
L 11/02/2014 - 23:54:57: [SM] Native "PrintToChat" reported: Client 2 is not in game
L 11/02/2014 - 23:54:57: [SM] Displaying call stack trace for plugin "!dao.smx":
L 11/02/2014 - 23:54:57: [SM]   [0]  Line 79, D:\CSGO\csgo±‡“Î∆˜\!dao.sp::Timer_knifemsg()
L 11/02/2014 - 23:55:00: [SM] Native "PrintToChat" reported: Client 9 is not in game
L 11/02/2014 - 23:55:00: [SM] Displaying call stack trace for plugin "!dao.smx":
L 11/02/2014 - 23:55:00: [SM]   [0]  Line 79, D:\CSGO\csgo±‡“Î∆˜\!dao.sp::Timer_knifemsg()
