L 10/30/2014 - 01:10:55: SourceMod error session started
L 10/30/2014 - 01:10:55: Info (map "de_nuke") (file "errors_20141030.log")
L 10/30/2014 - 01:10:55: Error log file session closed.
L 10/30/2014 - 01:10:55: SourceMod error session started
L 10/30/2014 - 01:10:55: Info (map "de_nuke") (file "errors_20141030.log")
L 10/30/2014 - 01:10:55: [SM] Fatal error encountered parsing translation file "namechangepunisher.phrases.txt"
L 10/30/2014 - 01:10:55: [SM] Error (line 0, column 0): Stream failed to open
L 10/30/2014 - 01:10:55: [SM] Fatal error encountered parsing translation file "plugin.supercmds.txt"
L 10/30/2014 - 01:10:55: [SM] Error (line 0, column 0): Stream failed to open
L 10/30/2014 - 01:10:55: [basecommands.smx] Could not parse file (line 12, file "addons\sourcemod\configs\adminmenu_cfgs.txt"):
L 10/30/2014 - 01:10:55: [basecommands.smx] Parser encountered error: Section ending without a matching section beginning
L 10/30/2014 - 01:10:55: [sm_cmdx.smx] Unable to locate overrides file.
L 10/30/2014 - 01:29:02: Error log file session closed.
L 10/30/2014 - 01:29:02: SourceMod error session started
L 10/30/2014 - 01:29:02: Info (map "de_nuke") (file "errors_20141030.log")
L 10/30/2014 - 01:29:02: [SM] Fatal error encountered parsing translation file "namechangepunisher.phrases.txt"
L 10/30/2014 - 01:29:02: [SM] Error (line 0, column 0): Stream failed to open
L 10/30/2014 - 01:29:02: [SM] Fatal error encountered parsing translation file "plugin.supercmds.txt"
L 10/30/2014 - 01:29:02: [SM] Error (line 0, column 0): Stream failed to open
L 10/30/2014 - 01:29:03: [basecommands.smx] Could not parse file (line 12, file "addons\sourcemod\configs\adminmenu_cfgs.txt"):
L 10/30/2014 - 01:29:03: [basecommands.smx] Parser encountered error: Section ending without a matching section beginning
L 10/30/2014 - 01:29:03: [sm_cmdx.smx] Unable to locate overrides file.
L 10/30/2014 - 01:29:21: Error log file session closed.
L 10/30/2014 - 01:29:21: SourceMod error session started
L 10/30/2014 - 01:29:21: Info (map "de_dust2") (file "errors_20141030.log")
L 10/30/2014 - 01:29:21: [SM] Fatal error encountered parsing translation file "namechangepunisher.phrases.txt"
L 10/30/2014 - 01:29:21: [SM] Error (line 0, column 0): Stream failed to open
L 10/30/2014 - 01:29:21: [SM] Fatal error encountered parsing translation file "plugin.supercmds.txt"
L 10/30/2014 - 01:29:21: [SM] Error (line 0, column 0): Stream failed to open
L 10/30/2014 - 01:29:21: [basecommands.smx] Could not parse file (line 12, file "addons\sourcemod\configs\adminmenu_cfgs.txt"):
L 10/30/2014 - 01:29:21: [basecommands.smx] Parser encountered error: Section ending without a matching section beginning
L 10/30/2014 - 01:29:21: [sm_cmdx.smx] Unable to locate overrides file.
L 10/30/2014 - 01:37:49: [SM] Native "Call_StartForward" reported: Invalid forward handle 0 (error 4)
L 10/30/2014 - 01:37:49: [SM] Displaying call stack trace for plugin "warmod.smx":
L 10/30/2014 - 01:37:49: [SM]   [0]  Line 1667, D:\CSGO\csgo编译器\warmod.sp::CheckScores()
L 10/30/2014 - 01:37:49: [SM]   [1]  Line 1458, D:\CSGO\csgo编译器\warmod.sp::Event_Round_End()
L 10/30/2014 - 01:38:38: Error log file session closed.
L 10/30/2014 - 01:38:38: SourceMod error session started
L 10/30/2014 - 01:38:38: Info (map "de_mirage") (file "errors_20141030.log")
L 10/30/2014 - 01:38:38: [SM] Fatal error encountered parsing translation file "namechangepunisher.phrases.txt"
L 10/30/2014 - 01:38:38: [SM] Error (line 0, column 0): Stream failed to open
L 10/30/2014 - 01:38:38: [SM] Fatal error encountered parsing translation file "plugin.supercmds.txt"
L 10/30/2014 - 01:38:38: [SM] Error (line 0, column 0): Stream failed to open
L 10/30/2014 - 01:38:38: [basecommands.smx] Could not parse file (line 12, file "addons\sourcemod\configs\adminmenu_cfgs.txt"):
L 10/30/2014 - 01:38:38: [basecommands.smx] Parser encountered error: Section ending without a matching section beginning
L 10/30/2014 - 01:38:38: [sm_cmdx.smx] Unable to locate overrides file.
L 10/30/2014 - 01:40:01: [SM] Native "PrintToChat" reported: Client 2 is not in game
L 10/30/2014 - 01:40:01: [SM] Displaying call stack trace for plugin "!dao.smx":
L 10/30/2014 - 01:40:01: [SM]   [0]  Line 79, D:\CSGO\csgo编译器\!dao.sp::Timer_knifemsg()
L 10/30/2014 - 01:40:01: [SM] Native "PrintToChat" reported: Client 3 is not in game
L 10/30/2014 - 01:40:01: [SM] Displaying call stack trace for plugin "!dao.smx":
L 10/30/2014 - 01:40:01: [SM]   [0]  Line 79, D:\CSGO\csgo编译器\!dao.sp::Timer_knifemsg()
L 10/30/2014 - 01:40:01: [SM] Native "PrintToChat" reported: Client 4 is not in game
L 10/30/2014 - 01:40:01: [SM] Displaying call stack trace for plugin "!dao.smx":
L 10/30/2014 - 01:40:01: [SM]   [0]  Line 79, D:\CSGO\csgo编译器\!dao.sp::Timer_knifemsg()
L 10/30/2014 - 01:40:01: [SM] Native "PrintToChat" reported: Client 5 is not in game
L 10/30/2014 - 01:40:01: [SM] Displaying call stack trace for plugin "!dao.smx":
L 10/30/2014 - 01:40:01: [SM]   [0]  Line 79, D:\CSGO\csgo编译器\!dao.sp::Timer_knifemsg()
L 10/30/2014 - 01:40:01: [SM] Native "PrintToChat" reported: Client 6 is not in game
L 10/30/2014 - 01:40:01: [SM] Displaying call stack trace for plugin "!dao.smx":
L 10/30/2014 - 01:40:01: [SM]   [0]  Line 79, D:\CSGO\csgo编译器\!dao.sp::Timer_knifemsg()
L 10/30/2014 - 01:40:01: [SM] Native "PrintToChat" reported: Client 7 is not in game
L 10/30/2014 - 01:40:01: [SM] Displaying call stack trace for plugin "!dao.smx":
L 10/30/2014 - 01:40:01: [SM]   [0]  Line 79, D:\CSGO\csgo编译器\!dao.sp::Timer_knifemsg()
L 10/30/2014 - 01:40:01: [SM] Native "PrintToChat" reported: Client 8 is not in game
L 10/30/2014 - 01:40:01: [SM] Displaying call stack trace for plugin "!dao.smx":
L 10/30/2014 - 01:40:01: [SM]   [0]  Line 79, D:\CSGO\csgo编译器\!dao.sp::Timer_knifemsg()
L 10/30/2014 - 01:40:01: [SM] Native "PrintToChat" reported: Client 9 is not in game
L 10/30/2014 - 01:40:01: [SM] Displaying call stack trace for plugin "!dao.smx":
L 10/30/2014 - 01:40:01: [SM]   [0]  Line 79, D:\CSGO\csgo编译器\!dao.sp::Timer_knifemsg()
L 10/30/2014 - 01:40:01: [SM] Native "PrintToChat" reported: Client 10 is not in game
L 10/30/2014 - 01:40:01: [SM] Displaying call stack trace for plugin "!dao.smx":
L 10/30/2014 - 01:40:01: [SM]   [0]  Line 79, D:\CSGO\csgo编译器\!dao.sp::Timer_knifemsg()
L 10/30/2014 - 11:13:23: Error log file session closed.
L 10/30/2014 - 11:13:23: SourceMod error session started
L 10/30/2014 - 11:13:23: Info (map "de_mirage") (file "errors_20141030.log")
L 10/30/2014 - 11:13:23: [SM] Fatal error encountered parsing translation file "namechangepunisher.phrases.txt"
L 10/30/2014 - 11:13:23: [SM] Error (line 0, column 0): Stream failed to open
L 10/30/2014 - 11:13:23: [SM] Fatal error encountered parsing translation file "plugin.supercmds.txt"
L 10/30/2014 - 11:13:23: [SM] Error (line 0, column 0): Stream failed to open
L 10/30/2014 - 11:13:23: [basecommands.smx] Could not parse file (line 12, file "addons\sourcemod\configs\adminmenu_cfgs.txt"):
L 10/30/2014 - 11:13:23: [basecommands.smx] Parser encountered error: Section ending without a matching section beginning
L 10/30/2014 - 11:13:23: [sm_cmdx.smx] Unable to locate overrides file.
L 10/30/2014 - 11:17:34: Error log file session closed.
L 10/30/2014 - 11:17:34: SourceMod error session started
L 10/30/2014 - 11:17:34: Info (map "de_dust2") (file "errors_20141030.log")
L 10/30/2014 - 11:17:34: [SM] Fatal error encountered parsing translation file "namechangepunisher.phrases.txt"
L 10/30/2014 - 11:17:34: [SM] Error (line 0, column 0): Stream failed to open
L 10/30/2014 - 11:17:34: [SM] Fatal error encountered parsing translation file "plugin.supercmds.txt"
L 10/30/2014 - 11:17:34: [SM] Error (line 0, column 0): Stream failed to open
L 10/30/2014 - 11:17:34: [basecommands.smx] Could not parse file (line 12, file "addons\sourcemod\configs\adminmenu_cfgs.txt"):
L 10/30/2014 - 11:17:34: [basecommands.smx] Parser encountered error: Section ending without a matching section beginning
L 10/30/2014 - 11:17:34: [sm_cmdx.smx] Unable to locate overrides file.
L 10/30/2014 - 11:20:14: Error log file session closed.
L 10/30/2014 - 11:20:14: SourceMod error session started
L 10/30/2014 - 11:20:14: Info (map "de_dust2") (file "errors_20141030.log")
L 10/30/2014 - 11:20:14: [SM] Fatal error encountered parsing translation file "namechangepunisher.phrases.txt"
L 10/30/2014 - 11:20:14: [SM] Error (line 0, column 0): Stream failed to open
L 10/30/2014 - 11:20:14: [SM] Fatal error encountered parsing translation file "plugin.supercmds.txt"
L 10/30/2014 - 11:20:14: [SM] Error (line 0, column 0): Stream failed to open
L 10/30/2014 - 11:20:15: [basecommands.smx] Could not parse file (line 12, file "addons\sourcemod\configs\adminmenu_cfgs.txt"):
L 10/30/2014 - 11:20:15: [basecommands.smx] Parser encountered error: Section ending without a matching section beginning
L 10/30/2014 - 11:20:15: [sm_cmdx.smx] Unable to locate overrides file.
L 10/30/2014 - 11:20:23: [SM] Native "PrintToChat" reported: Client index 0 is invalid
L 10/30/2014 - 11:20:23: [SM] Displaying call stack trace for plugin "warmod.smx":
L 10/30/2014 - 11:20:23: [SM]   [0]  Line 2530, D:\CSGO\csgo编译器\warmod.sp::ShowInfo()
L 10/30/2014 - 11:20:23: [SM]   [1]  Line 3188, D:\CSGO\csgo编译器\warmod.sp::UpdateInfo()
L 10/30/2014 - 11:27:20: [SM] Native "PrintToChat" reported: Client index 0 is invalid
L 10/30/2014 - 11:27:20: [SM] Displaying call stack trace for plugin "warmod.smx":
L 10/30/2014 - 11:27:20: [SM]   [0]  Line 2530, D:\CSGO\csgo编译器\warmod.sp::ShowInfo()
L 10/30/2014 - 11:27:20: [SM]   [1]  Line 3188, D:\CSGO\csgo编译器\warmod.sp::UpdateInfo()
L 10/30/2014 - 11:32:10: [SM] Native "PrintToChat" reported: Client index 0 is invalid
L 10/30/2014 - 11:32:10: [SM] Displaying call stack trace for plugin "warmod.smx":
L 10/30/2014 - 11:32:10: [SM]   [0]  Line 2530, D:\CSGO\csgo编译器\warmod.sp::ShowInfo()
L 10/30/2014 - 11:32:10: [SM]   [1]  Line 3188, D:\CSGO\csgo编译器\warmod.sp::UpdateInfo()
L 10/30/2014 - 11:33:15: [SM] Native "PrintToChat" reported: Client index 0 is invalid
L 10/30/2014 - 11:33:15: [SM] Displaying call stack trace for plugin "warmod.smx":
L 10/30/2014 - 11:33:15: [SM]   [0]  Line 2530, D:\CSGO\csgo编译器\warmod.sp::ShowInfo()
L 10/30/2014 - 11:33:15: [SM]   [1]  Line 3188, D:\CSGO\csgo编译器\warmod.sp::UpdateInfo()
L 10/30/2014 - 11:33:30: [SM] Native "PrintToChat" reported: Client index 0 is invalid
L 10/30/2014 - 11:33:30: [SM] Displaying call stack trace for plugin "warmod.smx":
L 10/30/2014 - 11:33:30: [SM]   [0]  Line 2530, D:\CSGO\csgo编译器\warmod.sp::ShowInfo()
L 10/30/2014 - 11:33:30: [SM]   [1]  Line 3188, D:\CSGO\csgo编译器\warmod.sp::UpdateInfo()
L 10/30/2014 - 11:34:39: [SM] Native "PrintToChat" reported: Client index 0 is invalid
L 10/30/2014 - 11:34:39: [SM] Displaying call stack trace for plugin "warmod.smx":
L 10/30/2014 - 11:34:39: [SM]   [0]  Line 2530, D:\CSGO\csgo编译器\warmod.sp::ShowInfo()
L 10/30/2014 - 11:34:39: [SM]   [1]  Line 3188, D:\CSGO\csgo编译器\warmod.sp::UpdateInfo()
L 10/30/2014 - 11:35:33: [SM] Native "PrintToChat" reported: Client index 0 is invalid
L 10/30/2014 - 11:35:33: [SM] Displaying call stack trace for plugin "warmod.smx":
L 10/30/2014 - 11:35:33: [SM]   [0]  Line 2530, D:\CSGO\csgo编译器\warmod.sp::ShowInfo()
L 10/30/2014 - 11:35:33: [SM]   [1]  Line 3188, D:\CSGO\csgo编译器\warmod.sp::UpdateInfo()
L 10/30/2014 - 11:37:13: [SM] Native "PrintToChat" reported: Client index 0 is invalid
L 10/30/2014 - 11:37:13: [SM] Displaying call stack trace for plugin "warmod.smx":
L 10/30/2014 - 11:37:13: [SM]   [0]  Line 2530, D:\CSGO\csgo编译器\warmod.sp::ShowInfo()
L 10/30/2014 - 11:37:13: [SM]   [1]  Line 3188, D:\CSGO\csgo编译器\warmod.sp::UpdateInfo()
L 10/30/2014 - 11:37:18: [SM] Native "PrintToChat" reported: Client index 0 is invalid
L 10/30/2014 - 11:37:18: [SM] Displaying call stack trace for plugin "warmod.smx":
L 10/30/2014 - 11:37:18: [SM]   [0]  Line 2530, D:\CSGO\csgo编译器\warmod.sp::ShowInfo()
L 10/30/2014 - 11:37:18: [SM]   [1]  Line 3188, D:\CSGO\csgo编译器\warmod.sp::UpdateInfo()
L 10/30/2014 - 11:39:12: [SM] Native "PrintToChat" reported: Client index 0 is invalid
L 10/30/2014 - 11:39:12: [SM] Displaying call stack trace for plugin "warmod.smx":
L 10/30/2014 - 11:39:12: [SM]   [0]  Line 2530, D:\CSGO\csgo编译器\warmod.sp::ShowInfo()
L 10/30/2014 - 11:39:12: [SM]   [1]  Line 3188, D:\CSGO\csgo编译器\warmod.sp::UpdateInfo()
L 10/30/2014 - 11:40:51: [SM] Native "PrintToChat" reported: Client 5 is not in game
L 10/30/2014 - 11:40:51: [SM] Displaying call stack trace for plugin "warmod.smx":
L 10/30/2014 - 11:40:51: [SM]   [0]  Line 2530, D:\CSGO\csgo编译器\warmod.sp::ShowInfo()
L 10/30/2014 - 11:40:51: [SM]   [1]  Line 374, D:\CSGO\csgo编译器\warmod.sp::OnClientDisconnect()
L 10/30/2014 - 11:41:07: [SM] Native "PrintToChat" reported: Client 5 is not in game
L 10/30/2014 - 11:41:07: [SM] Displaying call stack trace for plugin "warmod.smx":
L 10/30/2014 - 11:41:07: [SM]   [0]  Line 2530, D:\CSGO\csgo编译器\warmod.sp::ShowInfo()
L 10/30/2014 - 11:41:07: [SM]   [1]  Line 374, D:\CSGO\csgo编译器\warmod.sp::OnClientDisconnect()
L 10/30/2014 - 11:43:45: [SM] Native "PrintToChat" reported: Client index 0 is invalid
L 10/30/2014 - 11:43:45: [SM] Displaying call stack trace for plugin "warmod.smx":
L 10/30/2014 - 11:43:45: [SM]   [0]  Line 2530, D:\CSGO\csgo编译器\warmod.sp::ShowInfo()
L 10/30/2014 - 11:43:45: [SM]   [1]  Line 3188, D:\CSGO\csgo编译器\warmod.sp::UpdateInfo()
L 10/30/2014 - 11:45:21: [SM] Native "PrintToChat" reported: Client index 0 is invalid
L 10/30/2014 - 11:45:21: [SM] Displaying call stack trace for plugin "warmod.smx":
L 10/30/2014 - 11:45:21: [SM]   [0]  Line 2530, D:\CSGO\csgo编译器\warmod.sp::ShowInfo()
L 10/30/2014 - 11:45:21: [SM]   [1]  Line 3188, D:\CSGO\csgo编译器\warmod.sp::UpdateInfo()
L 10/30/2014 - 11:45:47: [SM] Native "PrintToChat" reported: Client index 0 is invalid
L 10/30/2014 - 11:45:47: [SM] Displaying call stack trace for plugin "warmod.smx":
L 10/30/2014 - 11:45:47: [SM]   [0]  Line 2530, D:\CSGO\csgo编译器\warmod.sp::ShowInfo()
L 10/30/2014 - 11:45:47: [SM]   [1]  Line 3188, D:\CSGO\csgo编译器\warmod.sp::UpdateInfo()
L 10/30/2014 - 11:46:38: [SM] Native "PrintToChat" reported: Client index 0 is invalid
L 10/30/2014 - 11:46:38: [SM] Displaying call stack trace for plugin "warmod.smx":
L 10/30/2014 - 11:46:38: [SM]   [0]  Line 2530, D:\CSGO\csgo编译器\warmod.sp::ShowInfo()
L 10/30/2014 - 11:46:38: [SM]   [1]  Line 3188, D:\CSGO\csgo编译器\warmod.sp::UpdateInfo()
L 10/30/2014 - 11:47:17: Error log file session closed.
L 10/30/2014 - 11:47:17: SourceMod error session started
L 10/30/2014 - 11:47:17: Info (map "de_mirage") (file "errors_20141030.log")
L 10/30/2014 - 11:47:17: [SM] Fatal error encountered parsing translation file "namechangepunisher.phrases.txt"
L 10/30/2014 - 11:47:17: [SM] Error (line 0, column 0): Stream failed to open
L 10/30/2014 - 11:47:17: [SM] Fatal error encountered parsing translation file "plugin.supercmds.txt"
L 10/30/2014 - 11:47:17: [SM] Error (line 0, column 0): Stream failed to open
L 10/30/2014 - 11:47:18: [basecommands.smx] Could not parse file (line 12, file "addons\sourcemod\configs\adminmenu_cfgs.txt"):
L 10/30/2014 - 11:47:18: [basecommands.smx] Parser encountered error: Section ending without a matching section beginning
L 10/30/2014 - 11:47:18: [sm_cmdx.smx] Unable to locate overrides file.
L 10/30/2014 - 11:47:30: [SM] Native "PrintToChat" reported: Client index 0 is invalid
L 10/30/2014 - 11:47:30: [SM] Displaying call stack trace for plugin "warmod.smx":
L 10/30/2014 - 11:47:30: [SM]   [0]  Line 2530, D:\CSGO\csgo编译器\warmod.sp::ShowInfo()
L 10/30/2014 - 11:47:30: [SM]   [1]  Line 3188, D:\CSGO\csgo编译器\warmod.sp::UpdateInfo()
L 10/30/2014 - 11:47:30: [SM] Native "PrintToChat" reported: Client index 0 is invalid
L 10/30/2014 - 11:47:30: [SM] Displaying call stack trace for plugin "warmod.smx":
L 10/30/2014 - 11:47:30: [SM]   [0]  Line 2530, D:\CSGO\csgo编译器\warmod.sp::ShowInfo()
L 10/30/2014 - 11:47:30: [SM]   [1]  Line 3188, D:\CSGO\csgo编译器\warmod.sp::UpdateInfo()
L 10/30/2014 - 11:47:40: [SM] Native "PrintToChat" reported: Client index 0 is invalid
L 10/30/2014 - 11:47:40: [SM] Displaying call stack trace for plugin "warmod.smx":
L 10/30/2014 - 11:47:40: [SM]   [0]  Line 2530, D:\CSGO\csgo编译器\warmod.sp::ShowInfo()
L 10/30/2014 - 11:47:40: [SM]   [1]  Line 3188, D:\CSGO\csgo编译器\warmod.sp::UpdateInfo()
L 10/30/2014 - 11:47:41: [SM] Native "PrintToChat" reported: Client index 0 is invalid
L 10/30/2014 - 11:47:41: [SM] Displaying call stack trace for plugin "warmod.smx":
L 10/30/2014 - 11:47:41: [SM]   [0]  Line 2530, D:\CSGO\csgo编译器\warmod.sp::ShowInfo()
L 10/30/2014 - 11:47:41: [SM]   [1]  Line 3188, D:\CSGO\csgo编译器\warmod.sp::UpdateInfo()
L 10/30/2014 - 11:47:44: [SM] Native "PrintToChat" reported: Client index 0 is invalid
L 10/30/2014 - 11:47:44: [SM] Displaying call stack trace for plugin "warmod.smx":
L 10/30/2014 - 11:47:44: [SM]   [0]  Line 2530, D:\CSGO\csgo编译器\warmod.sp::ShowInfo()
L 10/30/2014 - 11:47:44: [SM]   [1]  Line 3188, D:\CSGO\csgo编译器\warmod.sp::UpdateInfo()
L 10/30/2014 - 11:47:47: [SM] Native "PrintToChat" reported: Client index 0 is invalid
L 10/30/2014 - 11:47:47: [SM] Displaying call stack trace for plugin "warmod.smx":
L 10/30/2014 - 11:47:47: [SM]   [0]  Line 2530, D:\CSGO\csgo编译器\warmod.sp::ShowInfo()
L 10/30/2014 - 11:47:47: [SM]   [1]  Line 3188, D:\CSGO\csgo编译器\warmod.sp::UpdateInfo()
L 10/30/2014 - 11:47:53: [SM] Native "PrintToChat" reported: Client index 0 is invalid
L 10/30/2014 - 11:47:53: [SM] Displaying call stack trace for plugin "warmod.smx":
L 10/30/2014 - 11:47:53: [SM]   [0]  Line 2530, D:\CSGO\csgo编译器\warmod.sp::ShowInfo()
L 10/30/2014 - 11:47:53: [SM]   [1]  Line 3188, D:\CSGO\csgo编译器\warmod.sp::UpdateInfo()
L 10/30/2014 - 11:48:01: [SM] Native "PrintToChat" reported: Client index 0 is invalid
L 10/30/2014 - 11:48:01: [SM] Displaying call stack trace for plugin "warmod.smx":
L 10/30/2014 - 11:48:01: [SM]   [0]  Line 2530, D:\CSGO\csgo编译器\warmod.sp::ShowInfo()
L 10/30/2014 - 11:48:01: [SM]   [1]  Line 3188, D:\CSGO\csgo编译器\warmod.sp::UpdateInfo()
L 10/30/2014 - 11:50:28: [SM] Native "PrintToChat" reported: Client index 0 is invalid
L 10/30/2014 - 11:50:28: [SM] Displaying call stack trace for plugin "warmod.smx":
L 10/30/2014 - 11:50:28: [SM]   [0]  Line 2530, D:\CSGO\csgo编译器\warmod.sp::ShowInfo()
L 10/30/2014 - 11:50:28: [SM]   [1]  Line 3188, D:\CSGO\csgo编译器\warmod.sp::UpdateInfo()
L 10/30/2014 - 11:51:56: [SM] Native "PrintToChat" reported: Client index 0 is invalid
L 10/30/2014 - 11:51:56: [SM] Displaying call stack trace for plugin "warmod.smx":
L 10/30/2014 - 11:51:56: [SM]   [0]  Line 2530, D:\CSGO\csgo编译器\warmod.sp::ShowInfo()
L 10/30/2014 - 11:51:56: [SM]   [1]  Line 3188, D:\CSGO\csgo编译器\warmod.sp::UpdateInfo()
L 10/30/2014 - 11:53:37: [SM] Native "PrintToChat" reported: Client index 0 is invalid
L 10/30/2014 - 11:53:37: [SM] Displaying call stack trace for plugin "warmod.smx":
L 10/30/2014 - 11:53:37: [SM]   [0]  Line 2530, D:\CSGO\csgo编译器\warmod.sp::ShowInfo()
L 10/30/2014 - 11:53:37: [SM]   [1]  Line 3188, D:\CSGO\csgo编译器\warmod.sp::UpdateInfo()
L 10/30/2014 - 11:53:53: [SM] Native "PrintToChat" reported: Client index 0 is invalid
L 10/30/2014 - 11:53:53: [SM] Displaying call stack trace for plugin "warmod.smx":
L 10/30/2014 - 11:53:53: [SM]   [0]  Line 2530, D:\CSGO\csgo编译器\warmod.sp::ShowInfo()
L 10/30/2014 - 11:53:53: [SM]   [1]  Line 3188, D:\CSGO\csgo编译器\warmod.sp::UpdateInfo()
L 10/30/2014 - 11:58:54: [SM] Native "PrintToChat" reported: Client index 0 is invalid
L 10/30/2014 - 11:58:54: [SM] Displaying call stack trace for plugin "warmod.smx":
L 10/30/2014 - 11:58:54: [SM]   [0]  Line 2530, D:\CSGO\csgo编译器\warmod.sp::ShowInfo()
L 10/30/2014 - 11:58:54: [SM]   [1]  Line 3188, D:\CSGO\csgo编译器\warmod.sp::UpdateInfo()
L 10/30/2014 - 11:59:32: [SM] Native "PrintToChat" reported: Client index 0 is invalid
L 10/30/2014 - 11:59:32: [SM] Displaying call stack trace for plugin "warmod.smx":
L 10/30/2014 - 11:59:32: [SM]   [0]  Line 2530, D:\CSGO\csgo编译器\warmod.sp::ShowInfo()
L 10/30/2014 - 11:59:32: [SM]   [1]  Line 3188, D:\CSGO\csgo编译器\warmod.sp::UpdateInfo()
L 10/30/2014 - 12:01:11: [SM] Native "PrintToChat" reported: Client index 0 is invalid
L 10/30/2014 - 12:01:11: [SM] Displaying call stack trace for plugin "warmod.smx":
L 10/30/2014 - 12:01:11: [SM]   [0]  Line 2530, D:\CSGO\csgo编译器\warmod.sp::ShowInfo()
L 10/30/2014 - 12:01:11: [SM]   [1]  Line 3188, D:\CSGO\csgo编译器\warmod.sp::UpdateInfo()
L 10/30/2014 - 12:07:01: [SM] Native "PrintToChat" reported: Client index 0 is invalid
L 10/30/2014 - 12:07:01: [SM] Displaying call stack trace for plugin "warmod.smx":
L 10/30/2014 - 12:07:01: [SM]   [0]  Line 2530, D:\CSGO\csgo编译器\warmod.sp::ShowInfo()
L 10/30/2014 - 12:07:01: [SM]   [1]  Line 3188, D:\CSGO\csgo编译器\warmod.sp::UpdateInfo()
L 10/30/2014 - 12:07:18: [SM] Native "PrintToChat" reported: Client index 0 is invalid
L 10/30/2014 - 12:07:18: [SM] Displaying call stack trace for plugin "warmod.smx":
L 10/30/2014 - 12:07:18: [SM]   [0]  Line 2530, D:\CSGO\csgo编译器\warmod.sp::ShowInfo()
L 10/30/2014 - 12:07:18: [SM]   [1]  Line 3188, D:\CSGO\csgo编译器\warmod.sp::UpdateInfo()
L 10/30/2014 - 12:08:33: [SM] Native "PrintToChat" reported: Client index 0 is invalid
L 10/30/2014 - 12:08:33: [SM] Displaying call stack trace for plugin "warmod.smx":
L 10/30/2014 - 12:08:33: [SM]   [0]  Line 2530, D:\CSGO\csgo编译器\warmod.sp::ShowInfo()
L 10/30/2014 - 12:08:33: [SM]   [1]  Line 3188, D:\CSGO\csgo编译器\warmod.sp::UpdateInfo()
L 10/30/2014 - 12:14:20: Error log file session closed.
L 10/30/2014 - 12:14:20: SourceMod error session started
L 10/30/2014 - 12:14:20: Info (map "de_inferno") (file "errors_20141030.log")
L 10/30/2014 - 12:14:20: [SM] Fatal error encountered parsing translation file "namechangepunisher.phrases.txt"
L 10/30/2014 - 12:14:20: [SM] Error (line 0, column 0): Stream failed to open
L 10/30/2014 - 12:14:20: [SM] Fatal error encountered parsing translation file "plugin.supercmds.txt"
L 10/30/2014 - 12:14:20: [SM] Error (line 0, column 0): Stream failed to open
L 10/30/2014 - 12:14:20: [basecommands.smx] Could not parse file (line 12, file "addons\sourcemod\configs\adminmenu_cfgs.txt"):
L 10/30/2014 - 12:14:20: [basecommands.smx] Parser encountered error: Section ending without a matching section beginning
L 10/30/2014 - 12:14:20: [sm_cmdx.smx] Unable to locate overrides file.
L 10/30/2014 - 12:14:54: [SM] Native "PrintToChat" reported: Client index 0 is invalid
L 10/30/2014 - 12:14:54: [SM] Displaying call stack trace for plugin "warmod.smx":
L 10/30/2014 - 12:14:54: [SM]   [0]  Line 2530, D:\CSGO\csgo编译器\warmod.sp::ShowInfo()
L 10/30/2014 - 12:14:54: [SM]   [1]  Line 3188, D:\CSGO\csgo编译器\warmod.sp::UpdateInfo()
L 10/30/2014 - 12:14:54: [SM] Native "PrintToChat" reported: Client index 0 is invalid
L 10/30/2014 - 12:14:54: [SM] Displaying call stack trace for plugin "warmod.smx":
L 10/30/2014 - 12:14:54: [SM]   [0]  Line 2530, D:\CSGO\csgo编译器\warmod.sp::ShowInfo()
L 10/30/2014 - 12:14:54: [SM]   [1]  Line 3188, D:\CSGO\csgo编译器\warmod.sp::UpdateInfo()
L 10/30/2014 - 12:14:54: [SM] Native "CS_RespawnPlayer" reported: Client index 3 is not valid
L 10/30/2014 - 12:14:54: [SM] Displaying call stack trace for plugin "warmod.smx":
L 10/30/2014 - 12:14:54: [SM]   [0]  Line 3522, D:\CSGO\csgo编译器\warmod.sp::RespawnPlayer()
L 10/30/2014 - 12:16:01: [SM] Native "PrintToChat" reported: Client index 0 is invalid
L 10/30/2014 - 12:16:01: [SM] Displaying call stack trace for plugin "warmod.smx":
L 10/30/2014 - 12:16:01: [SM]   [0]  Line 2530, D:\CSGO\csgo编译器\warmod.sp::ShowInfo()
L 10/30/2014 - 12:16:01: [SM]   [1]  Line 3188, D:\CSGO\csgo编译器\warmod.sp::UpdateInfo()
L 10/30/2014 - 12:19:23: [SM] Native "PrintToChat" reported: Client index 0 is invalid
L 10/30/2014 - 12:19:23: [SM] Displaying call stack trace for plugin "warmod.smx":
L 10/30/2014 - 12:19:23: [SM]   [0]  Line 2530, D:\CSGO\csgo编译器\warmod.sp::ShowInfo()
L 10/30/2014 - 12:19:23: [SM]   [1]  Line 3188, D:\CSGO\csgo编译器\warmod.sp::UpdateInfo()
L 10/30/2014 - 12:26:26: [SM] Native "PrintToChat" reported: Client index 0 is invalid
L 10/30/2014 - 12:26:26: [SM] Displaying call stack trace for plugin "warmod.smx":
L 10/30/2014 - 12:26:26: [SM]   [0]  Line 2530, D:\CSGO\csgo编译器\warmod.sp::ShowInfo()
L 10/30/2014 - 12:26:26: [SM]   [1]  Line 3188, D:\CSGO\csgo编译器\warmod.sp::UpdateInfo()
L 10/30/2014 - 12:32:24: [SM] Native "PrintToChat" reported: Client index 0 is invalid
L 10/30/2014 - 12:32:24: [SM] Displaying call stack trace for plugin "warmod.smx":
L 10/30/2014 - 12:32:24: [SM]   [0]  Line 2530, D:\CSGO\csgo编译器\warmod.sp::ShowInfo()
L 10/30/2014 - 12:32:24: [SM]   [1]  Line 3188, D:\CSGO\csgo编译器\warmod.sp::UpdateInfo()
L 10/30/2014 - 12:43:18: Error log file session closed.
L 10/30/2014 - 12:43:18: SourceMod error session started
L 10/30/2014 - 12:43:18: Info (map "de_nuke") (file "errors_20141030.log")
L 10/30/2014 - 12:43:18: [SM] Fatal error encountered parsing translation file "namechangepunisher.phrases.txt"
L 10/30/2014 - 12:43:18: [SM] Error (line 0, column 0): Stream failed to open
L 10/30/2014 - 12:43:18: [SM] Fatal error encountered parsing translation file "plugin.supercmds.txt"
L 10/30/2014 - 12:43:18: [SM] Error (line 0, column 0): Stream failed to open
L 10/30/2014 - 12:43:18: [basecommands.smx] Could not parse file (line 12, file "addons\sourcemod\configs\adminmenu_cfgs.txt"):
L 10/30/2014 - 12:43:18: [basecommands.smx] Parser encountered error: Section ending without a matching section beginning
L 10/30/2014 - 12:43:18: [sm_cmdx.smx] Unable to locate overrides file.
L 10/30/2014 - 12:43:38: [SM] Plugin encountered error 4: Invalid parameter or parameter type
L 10/30/2014 - 12:43:38: [SM] Native "PrintToChat" reported: String formatted incorrectly - parameter 3 (total 2)
L 10/30/2014 - 12:43:38: [SM] Displaying call stack trace for plugin "warmod2.smx":
L 10/30/2014 - 12:43:38: [SM]   [0]  Line 1830, D:\CSGO\csgo编译器\warmod有记录比分.sp::ShowInfo()
L 10/30/2014 - 12:43:38: [SM]   [1]  Line 1406, D:\CSGO\csgo编译器\warmod有记录比分.sp::ReadyServ()
L 10/30/2014 - 12:43:38: [SM]   [2]  Line 1347, D:\CSGO\csgo编译器\warmod有记录比分.sp::Event_Player_Team()
L 10/30/2014 - 12:43:42: [SM] Native "PrintToChat" reported: Client index 0 is invalid
L 10/30/2014 - 12:43:42: [SM] Displaying call stack trace for plugin "warmod2.smx":
L 10/30/2014 - 12:43:42: [SM]   [0]  Line 1830, D:\CSGO\csgo编译器\warmod有记录比分.sp::ShowInfo()
L 10/30/2014 - 12:43:42: [SM]   [1]  Line 2430, D:\CSGO\csgo编译器\warmod有记录比分.sp::UpdateInfo()
L 10/30/2014 - 12:44:14: [SM] Plugin encountered error 4: Invalid parameter or parameter type
L 10/30/2014 - 12:44:14: [SM] Native "PrintToChat" reported: String formatted incorrectly - parameter 3 (total 2)
L 10/30/2014 - 12:44:14: [SM] Displaying call stack trace for plugin "warmod2.smx":
L 10/30/2014 - 12:44:14: [SM]   [0]  Line 1830, D:\CSGO\csgo编译器\warmod有记录比分.sp::ShowInfo()
L 10/30/2014 - 12:44:14: [SM]   [1]  Line 329, D:\CSGO\csgo编译器\warmod有记录比分.sp::OnClientDisconnect()
L 10/30/2014 - 12:46:11: [SM] Plugin encountered error 4: Invalid parameter or parameter type
L 10/30/2014 - 12:46:11: [SM] Native "PrintToChat" reported: String formatted incorrectly - parameter 3 (total 2)
L 10/30/2014 - 12:46:11: [SM] Displaying call stack trace for plugin "warmod2.smx":
L 10/30/2014 - 12:46:11: [SM]   [0]  Line 1830, D:\CSGO\csgo编译器\warmod有记录比分.sp::ShowInfo()
L 10/30/2014 - 12:46:11: [SM]   [1]  Line 1406, D:\CSGO\csgo编译器\warmod有记录比分.sp::ReadyServ()
L 10/30/2014 - 12:46:11: [SM]   [2]  Line 1347, D:\CSGO\csgo编译器\warmod有记录比分.sp::Event_Player_Team()
L 10/30/2014 - 12:46:17: Error log file session closed.
L 10/30/2014 - 12:46:17: SourceMod error session started
L 10/30/2014 - 12:46:17: Info (map "de_dust2") (file "errors_20141030.log")
L 10/30/2014 - 12:46:17: [SM] Fatal error encountered parsing translation file "namechangepunisher.phrases.txt"
L 10/30/2014 - 12:46:17: [SM] Error (line 0, column 0): Stream failed to open
L 10/30/2014 - 12:46:17: [SM] Fatal error encountered parsing translation file "plugin.supercmds.txt"
L 10/30/2014 - 12:46:17: [SM] Error (line 0, column 0): Stream failed to open
L 10/30/2014 - 12:46:17: [basecommands.smx] Could not parse file (line 12, file "addons\sourcemod\configs\adminmenu_cfgs.txt"):
L 10/30/2014 - 12:46:17: [basecommands.smx] Parser encountered error: Section ending without a matching section beginning
L 10/30/2014 - 12:46:17: [sm_cmdx.smx] Unable to locate overrides file.
L 10/30/2014 - 12:46:22: [SM] Plugin encountered error 4: Invalid parameter or parameter type
L 10/30/2014 - 12:46:22: [SM] Native "PrintToChat" reported: String formatted incorrectly - parameter 3 (total 2)
L 10/30/2014 - 12:46:22: [SM] Displaying call stack trace for plugin "warmod2.smx":
L 10/30/2014 - 12:46:22: [SM]   [0]  Line 1830, D:\CSGO\csgo编译器\warmod有记录比分.sp::ShowInfo()
L 10/30/2014 - 12:46:22: [SM]   [1]  Line 1406, D:\CSGO\csgo编译器\warmod有记录比分.sp::ReadyServ()
L 10/30/2014 - 12:46:22: [SM]   [2]  Line 1347, D:\CSGO\csgo编译器\warmod有记录比分.sp::Event_Player_Team()
L 10/30/2014 - 12:46:26: [SM] Native "PrintToChat" reported: Client index 0 is invalid
L 10/30/2014 - 12:46:26: [SM] Displaying call stack trace for plugin "warmod2.smx":
L 10/30/2014 - 12:46:26: [SM]   [0]  Line 1830, D:\CSGO\csgo编译器\warmod有记录比分.sp::ShowInfo()
L 10/30/2014 - 12:46:26: [SM]   [1]  Line 2430, D:\CSGO\csgo编译器\warmod有记录比分.sp::UpdateInfo()
L 10/30/2014 - 14:56:02: Error log file session closed.
L 10/30/2014 - 14:56:02: SourceMod error session started
L 10/30/2014 - 14:56:02: Info (map "de_dust2") (file "errors_20141030.log")
L 10/30/2014 - 14:56:02: [SM] Fatal error encountered parsing translation file "namechangepunisher.phrases.txt"
L 10/30/2014 - 14:56:02: [SM] Error (line 0, column 0): Stream failed to open
L 10/30/2014 - 14:56:02: [SM] Fatal error encountered parsing translation file "plugin.supercmds.txt"
L 10/30/2014 - 14:56:02: [SM] Error (line 0, column 0): Stream failed to open
L 10/30/2014 - 14:56:02: [basecommands.smx] Could not parse file (line 12, file "addons\sourcemod\configs\adminmenu_cfgs.txt"):
L 10/30/2014 - 14:56:02: [basecommands.smx] Parser encountered error: Section ending without a matching section beginning
L 10/30/2014 - 14:56:02: [sm_cmdx.smx] Unable to locate overrides file.
L 10/30/2014 - 14:56:10: [SM] Plugin encountered error 4: Invalid parameter or parameter type
L 10/30/2014 - 14:56:10: [SM] Native "PrintToChat" reported: String formatted incorrectly - parameter 3 (total 2)
L 10/30/2014 - 14:56:10: [SM] Displaying call stack trace for plugin "warmod.smx":
L 10/30/2014 - 14:56:10: [SM]   [0]  Line 1825, D:\CSGO\csgo编译器\warmod有记录比分.sp::ShowInfo()
L 10/30/2014 - 14:56:10: [SM]   [1]  Line 1404, D:\CSGO\csgo编译器\warmod有记录比分.sp::ReadyServ()
L 10/30/2014 - 14:56:10: [SM]   [2]  Line 1345, D:\CSGO\csgo编译器\warmod有记录比分.sp::Event_Player_Team()
L 10/30/2014 - 14:56:17: Error log file session closed.
L 10/30/2014 - 14:56:17: SourceMod error session started
L 10/30/2014 - 14:56:17: Info (map "de_dust2") (file "errors_20141030.log")
L 10/30/2014 - 14:56:17: [SM] Fatal error encountered parsing translation file "namechangepunisher.phrases.txt"
L 10/30/2014 - 14:56:17: [SM] Error (line 0, column 0): Stream failed to open
L 10/30/2014 - 14:56:17: [SM] Fatal error encountered parsing translation file "plugin.supercmds.txt"
L 10/30/2014 - 14:56:17: [SM] Error (line 0, column 0): Stream failed to open
L 10/30/2014 - 14:56:18: [basecommands.smx] Could not parse file (line 12, file "addons\sourcemod\configs\adminmenu_cfgs.txt"):
L 10/30/2014 - 14:56:18: [basecommands.smx] Parser encountered error: Section ending without a matching section beginning
L 10/30/2014 - 14:56:18: [sm_cmdx.smx] Unable to locate overrides file.
L 10/30/2014 - 14:56:22: [SM] Plugin encountered error 4: Invalid parameter or parameter type
L 10/30/2014 - 14:56:22: [SM] Native "PrintToChat" reported: String formatted incorrectly - parameter 3 (total 2)
L 10/30/2014 - 14:56:22: [SM] Displaying call stack trace for plugin "warmod.smx":
L 10/30/2014 - 14:56:22: [SM]   [0]  Line 1825, D:\CSGO\csgo编译器\warmod有记录比分.sp::ShowInfo()
L 10/30/2014 - 14:56:22: [SM]   [1]  Line 1404, D:\CSGO\csgo编译器\warmod有记录比分.sp::ReadyServ()
L 10/30/2014 - 14:56:22: [SM]   [2]  Line 1345, D:\CSGO\csgo编译器\warmod有记录比分.sp::Event_Player_Team()
L 10/30/2014 - 15:02:18: Error log file session closed.
L 10/30/2014 - 15:02:18: SourceMod error session started
L 10/30/2014 - 15:02:18: Info (map "de_dust2") (file "errors_20141030.log")
L 10/30/2014 - 15:02:18: [SM] Fatal error encountered parsing translation file "namechangepunisher.phrases.txt"
L 10/30/2014 - 15:02:18: [SM] Error (line 0, column 0): Stream failed to open
L 10/30/2014 - 15:02:18: [SM] Fatal error encountered parsing translation file "plugin.supercmds.txt"
L 10/30/2014 - 15:02:18: [SM] Error (line 0, column 0): Stream failed to open
L 10/30/2014 - 15:02:18: [basecommands.smx] Could not parse file (line 12, file "addons\sourcemod\configs\adminmenu_cfgs.txt"):
L 10/30/2014 - 15:02:18: [basecommands.smx] Parser encountered error: Section ending without a matching section beginning
L 10/30/2014 - 15:02:18: [sm_cmdx.smx] Unable to locate overrides file.
L 10/30/2014 - 15:02:24: [SM] Plugin encountered error 4: Invalid parameter or parameter type
L 10/30/2014 - 15:02:24: [SM] Native "PrintToChat" reported: String formatted incorrectly - parameter 3 (total 2)
L 10/30/2014 - 15:02:24: [SM] Displaying call stack trace for plugin "warmod.smx":
L 10/30/2014 - 15:02:24: [SM]   [0]  Line 1825, D:\CSGO\csgo编译器\warmod有记录比分.sp::ShowInfo()
L 10/30/2014 - 15:02:24: [SM]   [1]  Line 1404, D:\CSGO\csgo编译器\warmod有记录比分.sp::ReadyServ()
L 10/30/2014 - 15:02:24: [SM]   [2]  Line 1345, D:\CSGO\csgo编译器\warmod有记录比分.sp::Event_Player_Team()
L 10/30/2014 - 15:02:36: [SM] Plugin encountered error 4: Invalid parameter or parameter type
L 10/30/2014 - 15:02:36: [SM] Native "PrintToChat" reported: String formatted incorrectly - parameter 3 (total 2)
L 10/30/2014 - 15:02:36: [SM] Displaying call stack trace for plugin "warmod.smx":
L 10/30/2014 - 15:02:36: [SM]   [0]  Line 1825, D:\CSGO\csgo编译器\warmod有记录比分.sp::ShowInfo()
L 10/30/2014 - 15:02:36: [SM]   [1]  Line 1404, D:\CSGO\csgo编译器\warmod有记录比分.sp::ReadyServ()
L 10/30/2014 - 15:02:36: [SM]   [2]  Line 883, D:\CSGO\csgo编译器\warmod有记录比分.sp::ReadyUp()
L 10/30/2014 - 15:02:36: [SM]   [3]  Line 2343, D:\CSGO\csgo编译器\warmod有记录比分.sp::SayChat()
L 10/30/2014 - 15:11:12: Error log file session closed.
L 10/30/2014 - 15:11:12: SourceMod error session started
L 10/30/2014 - 15:11:12: Info (map "de_dust2") (file "errors_20141030.log")
L 10/30/2014 - 15:11:12: [SM] Fatal error encountered parsing translation file "namechangepunisher.phrases.txt"
L 10/30/2014 - 15:11:12: [SM] Error (line 0, column 0): Stream failed to open
L 10/30/2014 - 15:11:12: [SM] Fatal error encountered parsing translation file "plugin.supercmds.txt"
L 10/30/2014 - 15:11:12: [SM] Error (line 0, column 0): Stream failed to open
L 10/30/2014 - 15:11:13: [basecommands.smx] Could not parse file (line 12, file "addons\sourcemod\configs\adminmenu_cfgs.txt"):
L 10/30/2014 - 15:11:13: [basecommands.smx] Parser encountered error: Section ending without a matching section beginning
L 10/30/2014 - 15:11:13: [sm_cmdx.smx] Unable to locate overrides file.
L 10/30/2014 - 15:13:31: [SM] Native "PrintToChat" reported: Client index 0 is invalid
L 10/30/2014 - 15:13:31: [SM] Displaying call stack trace for plugin "warmod有记录比分.smx":
L 10/30/2014 - 15:13:31: [SM]   [0]  Line 1825, D:\CSGO\csgo编译器\warmod有记录比分.sp::ShowInfo()
L 10/30/2014 - 15:13:31: [SM]   [1]  Line 382, D:\CSGO\csgo编译器\warmod有记录比分.sp::ResetMatch()
L 10/30/2014 - 15:13:31: [SM]   [2]  Line 974, D:\CSGO\csgo编译器\warmod有记录比分.sp::ForceEnd()
L 10/30/2014 - 15:13:45: [SM] Native "PrintToChat" reported: Client index 0 is invalid
L 10/30/2014 - 15:13:45: [SM] Displaying call stack trace for plugin "warmod有记录比分.smx":
L 10/30/2014 - 15:13:45: [SM]   [0]  Line 1825, D:\CSGO\csgo编译器\warmod有记录比分.sp::ShowInfo()
L 10/30/2014 - 15:13:45: [SM]   [1]  Line 382, D:\CSGO\csgo编译器\warmod有记录比分.sp::ResetMatch()
L 10/30/2014 - 15:13:45: [SM]   [2]  Line 974, D:\CSGO\csgo编译器\warmod有记录比分.sp::ForceEnd()
L 10/30/2014 - 15:16:04: [SM] Native "PrintToChat" reported: Client index 0 is invalid
L 10/30/2014 - 15:16:04: [SM] Displaying call stack trace for plugin "warmod有记录比分.smx":
L 10/30/2014 - 15:16:04: [SM]   [0]  Line 1825, D:\CSGO\csgo编译器\warmod有记录比分.sp::ShowInfo()
L 10/30/2014 - 15:16:04: [SM]   [1]  Line 382, D:\CSGO\csgo编译器\warmod有记录比分.sp::ResetMatch()
L 10/30/2014 - 15:16:04: [SM]   [2]  Line 974, D:\CSGO\csgo编译器\warmod有记录比分.sp::ForceEnd()
L 10/30/2014 - 15:17:27: Error log file session closed.
L 10/30/2014 - 15:17:27: SourceMod error session started
L 10/30/2014 - 15:17:27: Info (map "de_dust2") (file "errors_20141030.log")
L 10/30/2014 - 15:17:27: [SM] Fatal error encountered parsing translation file "namechangepunisher.phrases.txt"
L 10/30/2014 - 15:17:27: [SM] Error (line 0, column 0): Stream failed to open
L 10/30/2014 - 15:17:27: [SM] Fatal error encountered parsing translation file "plugin.supercmds.txt"
L 10/30/2014 - 15:17:27: [SM] Error (line 0, column 0): Stream failed to open
L 10/30/2014 - 15:17:27: [basecommands.smx] Could not parse file (line 12, file "addons\sourcemod\configs\adminmenu_cfgs.txt"):
L 10/30/2014 - 15:17:27: [basecommands.smx] Parser encountered error: Section ending without a matching section beginning
L 10/30/2014 - 15:17:27: [sm_cmdx.smx] Unable to locate overrides file.
L 10/30/2014 - 15:19:21: [SM] Native "PrintToChat" reported: Client index 0 is invalid
L 10/30/2014 - 15:19:21: [SM] Displaying call stack trace for plugin "warmod有记录比分.smx":
L 10/30/2014 - 15:19:21: [SM]   [0]  Line 1825, D:\CSGO\csgo编译器\warmod有记录比分.sp::ShowInfo()
L 10/30/2014 - 15:19:21: [SM]   [1]  Line 2425, D:\CSGO\csgo编译器\warmod有记录比分.sp::UpdateInfo()
L 10/30/2014 - 15:25:00: [SM] Native "PrintToChat" reported: Client index 0 is invalid
L 10/30/2014 - 15:25:00: [SM] Displaying call stack trace for plugin "warmod有记录比分.smx":
L 10/30/2014 - 15:25:00: [SM]   [0]  Line 1825, D:\CSGO\csgo编译器\warmod有记录比分.sp::ShowInfo()
L 10/30/2014 - 15:25:00: [SM]   [1]  Line 2425, D:\CSGO\csgo编译器\warmod有记录比分.sp::UpdateInfo()
L 10/30/2014 - 15:31:19: Error log file session closed.
L 10/30/2014 - 15:31:19: SourceMod error session started
L 10/30/2014 - 15:31:19: Info (map "de_dust2") (file "errors_20141030.log")
L 10/30/2014 - 15:31:19: [SM] Fatal error encountered parsing translation file "namechangepunisher.phrases.txt"
L 10/30/2014 - 15:31:19: [SM] Error (line 0, column 0): Stream failed to open
L 10/30/2014 - 15:31:19: [SM] Fatal error encountered parsing translation file "plugin.supercmds.txt"
L 10/30/2014 - 15:31:19: [SM] Error (line 0, column 0): Stream failed to open
L 10/30/2014 - 15:31:19: [basecommands.smx] Could not parse file (line 12, file "addons\sourcemod\configs\adminmenu_cfgs.txt"):
L 10/30/2014 - 15:31:19: [basecommands.smx] Parser encountered error: Section ending without a matching section beginning
L 10/30/2014 - 15:31:19: [sm_cmdx.smx] Unable to locate overrides file.
L 10/30/2014 - 15:31:32: Error log file session closed.
L 10/30/2014 - 15:31:32: SourceMod error session started
L 10/30/2014 - 15:31:32: Info (map "de_dust2") (file "errors_20141030.log")
L 10/30/2014 - 15:31:32: [SM] Fatal error encountered parsing translation file "namechangepunisher.phrases.txt"
L 10/30/2014 - 15:31:32: [SM] Error (line 0, column 0): Stream failed to open
L 10/30/2014 - 15:31:32: [SM] Fatal error encountered parsing translation file "plugin.supercmds.txt"
L 10/30/2014 - 15:31:32: [SM] Error (line 0, column 0): Stream failed to open
L 10/30/2014 - 15:31:32: [basecommands.smx] Could not parse file (line 12, file "addons\sourcemod\configs\adminmenu_cfgs.txt"):
L 10/30/2014 - 15:31:32: [basecommands.smx] Parser encountered error: Section ending without a matching section beginning
L 10/30/2014 - 15:31:32: [sm_cmdx.smx] Unable to locate overrides file.
L 10/30/2014 - 16:22:54: Error log file session closed.
L 10/30/2014 - 16:22:54: SourceMod error session started
L 10/30/2014 - 16:22:54: Info (map "de_dust2") (file "errors_20141030.log")
L 10/30/2014 - 16:22:54: [SM] Fatal error encountered parsing translation file "namechangepunisher.phrases.txt"
L 10/30/2014 - 16:22:54: [SM] Error (line 0, column 0): Stream failed to open
L 10/30/2014 - 16:22:54: [SM] Fatal error encountered parsing translation file "plugin.supercmds.txt"
L 10/30/2014 - 16:22:54: [SM] Error (line 0, column 0): Stream failed to open
L 10/30/2014 - 16:22:54: [basecommands.smx] Could not parse file (line 12, file "addons\sourcemod\configs\adminmenu_cfgs.txt"):
L 10/30/2014 - 16:22:54: [basecommands.smx] Parser encountered error: Section ending without a matching section beginning
L 10/30/2014 - 16:22:54: [sm_cmdx.smx] Unable to locate overrides file.
L 10/30/2014 - 16:30:03: Error log file session closed.
L 10/30/2014 - 16:30:03: SourceMod error session started
L 10/30/2014 - 16:30:03: Info (map "de_dust2") (file "errors_20141030.log")
L 10/30/2014 - 16:30:03: [SM] Fatal error encountered parsing translation file "namechangepunisher.phrases.txt"
L 10/30/2014 - 16:30:03: [SM] Error (line 0, column 0): Stream failed to open
L 10/30/2014 - 16:30:03: [SM] Fatal error encountered parsing translation file "plugin.supercmds.txt"
L 10/30/2014 - 16:30:03: [SM] Error (line 0, column 0): Stream failed to open
L 10/30/2014 - 16:30:03: [basecommands.smx] Could not parse file (line 12, file "addons\sourcemod\configs\adminmenu_cfgs.txt"):
L 10/30/2014 - 16:30:03: [basecommands.smx] Parser encountered error: Section ending without a matching section beginning
L 10/30/2014 - 16:30:03: [sm_cmdx.smx] Unable to locate overrides file.
L 10/30/2014 - 18:16:34: Error log file session closed.
L 10/30/2014 - 18:16:34: SourceMod error session started
L 10/30/2014 - 18:16:34: Info (map "de_dust2") (file "errors_20141030.log")
L 10/30/2014 - 18:16:34: [SM] Fatal error encountered parsing translation file "namechangepunisher.phrases.txt"
L 10/30/2014 - 18:16:34: [SM] Error (line 0, column 0): Stream failed to open
L 10/30/2014 - 18:16:34: [SM] Fatal error encountered parsing translation file "plugin.supercmds.txt"
L 10/30/2014 - 18:16:34: [SM] Error (line 0, column 0): Stream failed to open
L 10/30/2014 - 18:16:34: [basecommands.smx] Could not parse file (line 12, file "addons\sourcemod\configs\adminmenu_cfgs.txt"):
L 10/30/2014 - 18:16:34: [basecommands.smx] Parser encountered error: Section ending without a matching section beginning
L 10/30/2014 - 18:16:34: [sm_cmdx.smx] Unable to locate overrides file.
L 10/30/2014 - 18:17:32: [SM] Native "PrintToChat" reported: Client index 0 is invalid
L 10/30/2014 - 18:17:32: [SM] Displaying call stack trace for plugin "warmod有记录比分.smx":
L 10/30/2014 - 18:17:32: [SM]   [0]  Line 1825, D:\CSGO\csgo编译器\warmod有记录比分.sp::ShowInfo()
L 10/30/2014 - 18:17:32: [SM]   [1]  Line 2425, D:\CSGO\csgo编译器\warmod有记录比分.sp::UpdateInfo()
L 10/30/2014 - 18:17:53: [SM] Native "PrintToChat" reported: Client index 0 is invalid
L 10/30/2014 - 18:17:53: [SM] Displaying call stack trace for plugin "warmod有记录比分.smx":
L 10/30/2014 - 18:17:53: [SM]   [0]  Line 1825, D:\CSGO\csgo编译器\warmod有记录比分.sp::ShowInfo()
L 10/30/2014 - 18:17:53: [SM]   [1]  Line 2425, D:\CSGO\csgo编译器\warmod有记录比分.sp::UpdateInfo()
L 10/30/2014 - 18:45:46: Error log file session closed.
L 10/30/2014 - 18:45:46: SourceMod error session started
L 10/30/2014 - 18:45:46: Info (map "de_dust2") (file "errors_20141030.log")
L 10/30/2014 - 18:45:46: [SM] Fatal error encountered parsing translation file "namechangepunisher.phrases.txt"
L 10/30/2014 - 18:45:46: [SM] Error (line 0, column 0): Stream failed to open
L 10/30/2014 - 18:45:46: [SM] Fatal error encountered parsing translation file "plugin.supercmds.txt"
L 10/30/2014 - 18:45:46: [SM] Error (line 0, column 0): Stream failed to open
L 10/30/2014 - 18:45:46: [SM] Fatal error encountered parsing translation file "sad.phrases.txt"
L 10/30/2014 - 18:45:46: [SM] Error (line 0, column 0): Stream failed to open
L 10/30/2014 - 18:45:47: [basecommands.smx] Could not parse file (line 12, file "addons\sourcemod\configs\adminmenu_cfgs.txt"):
L 10/30/2014 - 18:45:47: [basecommands.smx] Parser encountered error: Section ending without a matching section beginning
L 10/30/2014 - 18:45:47: [sm_cmdx.smx] Unable to locate overrides file.
L 10/30/2014 - 18:46:10: Error log file session closed.
L 10/30/2014 - 18:46:10: SourceMod error session started
L 10/30/2014 - 18:46:10: Info (map "de_dust2") (file "errors_20141030.log")
L 10/30/2014 - 18:46:10: [SM] Fatal error encountered parsing translation file "namechangepunisher.phrases.txt"
L 10/30/2014 - 18:46:10: [SM] Error (line 0, column 0): Stream failed to open
L 10/30/2014 - 18:46:10: [SM] Fatal error encountered parsing translation file "plugin.supercmds.txt"
L 10/30/2014 - 18:46:10: [SM] Error (line 0, column 0): Stream failed to open
L 10/30/2014 - 18:46:10: [SM] Fatal error encountered parsing translation file "sad.phrases.txt"
L 10/30/2014 - 18:46:10: [SM] Error (line 0, column 0): Stream failed to open
L 10/30/2014 - 18:46:10: [basecommands.smx] Could not parse file (line 12, file "addons\sourcemod\configs\adminmenu_cfgs.txt"):
L 10/30/2014 - 18:46:10: [basecommands.smx] Parser encountered error: Section ending without a matching section beginning
L 10/30/2014 - 18:46:10: [sm_cmdx.smx] Unable to locate overrides file.
L 10/30/2014 - 18:58:03: [SM] Native "PrintToChat" reported: Client index 0 is invalid
L 10/30/2014 - 18:58:03: [SM] Displaying call stack trace for plugin "warmod有记录比分.smx":
L 10/30/2014 - 18:58:03: [SM]   [0]  Line 1825, D:\CSGO\csgo编译器\warmod有记录比分.sp::ShowInfo()
L 10/30/2014 - 18:58:03: [SM]   [1]  Line 382, D:\CSGO\csgo编译器\warmod有记录比分.sp::ResetMatch()
L 10/30/2014 - 18:58:03: [SM]   [2]  Line 974, D:\CSGO\csgo编译器\warmod有记录比分.sp::ForceEnd()
L 10/30/2014 - 19:00:22: [SM] Native "PrintToChat" reported: Client index 0 is invalid
L 10/30/2014 - 19:00:22: [SM] Displaying call stack trace for plugin "warmod有记录比分.smx":
L 10/30/2014 - 19:00:22: [SM]   [0]  Line 1825, D:\CSGO\csgo编译器\warmod有记录比分.sp::ShowInfo()
L 10/30/2014 - 19:00:22: [SM]   [1]  Line 2425, D:\CSGO\csgo编译器\warmod有记录比分.sp::UpdateInfo()
L 10/30/2014 - 19:01:09: [SM] Native "PrintToChat" reported: Client index 0 is invalid
L 10/30/2014 - 19:01:09: [SM] Displaying call stack trace for plugin "warmod有记录比分.smx":
L 10/30/2014 - 19:01:09: [SM]   [0]  Line 1825, D:\CSGO\csgo编译器\warmod有记录比分.sp::ShowInfo()
L 10/30/2014 - 19:01:09: [SM]   [1]  Line 2425, D:\CSGO\csgo编译器\warmod有记录比分.sp::UpdateInfo()
L 10/30/2014 - 19:01:26: [SM] Native "PrintToChat" reported: Client index 0 is invalid
L 10/30/2014 - 19:01:26: [SM] Displaying call stack trace for plugin "warmod有记录比分.smx":
L 10/30/2014 - 19:01:26: [SM]   [0]  Line 1825, D:\CSGO\csgo编译器\warmod有记录比分.sp::ShowInfo()
L 10/30/2014 - 19:01:26: [SM]   [1]  Line 2425, D:\CSGO\csgo编译器\warmod有记录比分.sp::UpdateInfo()
L 10/30/2014 - 19:01:45: [SM] Native "PrintToChat" reported: Client index 0 is invalid
L 10/30/2014 - 19:01:45: [SM] Displaying call stack trace for plugin "warmod有记录比分.smx":
L 10/30/2014 - 19:01:45: [SM]   [0]  Line 1825, D:\CSGO\csgo编译器\warmod有记录比分.sp::ShowInfo()
L 10/30/2014 - 19:01:45: [SM]   [1]  Line 2425, D:\CSGO\csgo编译器\warmod有记录比分.sp::UpdateInfo()
L 10/30/2014 - 19:02:36: [SM] Native "PrintToChat" reported: Client index 0 is invalid
L 10/30/2014 - 19:02:36: [SM] Displaying call stack trace for plugin "warmod有记录比分.smx":
L 10/30/2014 - 19:02:36: [SM]   [0]  Line 1825, D:\CSGO\csgo编译器\warmod有记录比分.sp::ShowInfo()
L 10/30/2014 - 19:02:36: [SM]   [1]  Line 2425, D:\CSGO\csgo编译器\warmod有记录比分.sp::UpdateInfo()
L 10/30/2014 - 19:05:36: Error log file session closed.
L 10/30/2014 - 19:05:36: SourceMod error session started
L 10/30/2014 - 19:05:36: Info (map "wsf_bloodstrike") (file "errors_20141030.log")
L 10/30/2014 - 19:05:36: [SM] Fatal error encountered parsing translation file "namechangepunisher.phrases.txt"
L 10/30/2014 - 19:05:36: [SM] Error (line 0, column 0): Stream failed to open
L 10/30/2014 - 19:05:36: [SM] Fatal error encountered parsing translation file "plugin.supercmds.txt"
L 10/30/2014 - 19:05:36: [SM] Error (line 0, column 0): Stream failed to open
L 10/30/2014 - 19:05:36: [SM] Fatal error encountered parsing translation file "sad.phrases.txt"
L 10/30/2014 - 19:05:36: [SM] Error (line 0, column 0): Stream failed to open
L 10/30/2014 - 19:05:36: [basecommands.smx] Could not parse file (line 12, file "addons\sourcemod\configs\adminmenu_cfgs.txt"):
L 10/30/2014 - 19:05:36: [basecommands.smx] Parser encountered error: Section ending without a matching section beginning
L 10/30/2014 - 19:05:37: [sm_cmdx.smx] Unable to locate overrides file.
L 10/30/2014 - 19:05:44: [SM] Native "PrintToChat" reported: Client 11 is not in game
L 10/30/2014 - 19:05:44: [SM] Displaying call stack trace for plugin "warmod有记录比分.smx":
L 10/30/2014 - 19:05:44: [SM]   [0]  Line 1825, D:\CSGO\csgo编译器\warmod有记录比分.sp::ShowInfo()
L 10/30/2014 - 19:05:44: [SM]   [1]  Line 327, D:\CSGO\csgo编译器\warmod有记录比分.sp::OnClientDisconnect()
L 10/30/2014 - 19:05:47: [SM] Native "PrintToChat" reported: Client index 0 is invalid
L 10/30/2014 - 19:05:47: [SM] Displaying call stack trace for plugin "warmod有记录比分.smx":
L 10/30/2014 - 19:05:47: [SM]   [0]  Line 1825, D:\CSGO\csgo编译器\warmod有记录比分.sp::ShowInfo()
L 10/30/2014 - 19:05:47: [SM]   [1]  Line 2425, D:\CSGO\csgo编译器\warmod有记录比分.sp::UpdateInfo()
L 10/30/2014 - 19:05:50: [SM] Native "PrintToChat" reported: Client index 0 is invalid
L 10/30/2014 - 19:05:50: [SM] Displaying call stack trace for plugin "warmod有记录比分.smx":
L 10/30/2014 - 19:05:50: [SM]   [0]  Line 1825, D:\CSGO\csgo编译器\warmod有记录比分.sp::ShowInfo()
L 10/30/2014 - 19:05:50: [SM]   [1]  Line 2425, D:\CSGO\csgo编译器\warmod有记录比分.sp::UpdateInfo()
L 10/30/2014 - 19:05:51: [SM] Native "PrintToChat" reported: Client index 0 is invalid
L 10/30/2014 - 19:05:51: [SM] Displaying call stack trace for plugin "warmod有记录比分.smx":
L 10/30/2014 - 19:05:51: [SM]   [0]  Line 1825, D:\CSGO\csgo编译器\warmod有记录比分.sp::ShowInfo()
L 10/30/2014 - 19:05:51: [SM]   [1]  Line 2425, D:\CSGO\csgo编译器\warmod有记录比分.sp::UpdateInfo()
L 10/30/2014 - 19:05:56: [SM] Native "PrintToChat" reported: Client index 0 is invalid
L 10/30/2014 - 19:05:56: [SM] Displaying call stack trace for plugin "warmod有记录比分.smx":
L 10/30/2014 - 19:05:56: [SM]   [0]  Line 1825, D:\CSGO\csgo编译器\warmod有记录比分.sp::ShowInfo()
L 10/30/2014 - 19:05:56: [SM]   [1]  Line 2425, D:\CSGO\csgo编译器\warmod有记录比分.sp::UpdateInfo()
L 10/30/2014 - 19:05:57: [SM] Native "PrintToChat" reported: Client index 0 is invalid
L 10/30/2014 - 19:05:57: [SM] Displaying call stack trace for plugin "warmod有记录比分.smx":
L 10/30/2014 - 19:05:57: [SM]   [0]  Line 1825, D:\CSGO\csgo编译器\warmod有记录比分.sp::ShowInfo()
L 10/30/2014 - 19:05:57: [SM]   [1]  Line 2425, D:\CSGO\csgo编译器\warmod有记录比分.sp::UpdateInfo()
L 10/30/2014 - 19:07:56: [SM] Native "PrintToChat" reported: Client index 0 is invalid
L 10/30/2014 - 19:07:56: [SM] Displaying call stack trace for plugin "warmod有记录比分.smx":
L 10/30/2014 - 19:07:56: [SM]   [0]  Line 1825, D:\CSGO\csgo编译器\warmod有记录比分.sp::ShowInfo()
L 10/30/2014 - 19:07:56: [SM]   [1]  Line 2425, D:\CSGO\csgo编译器\warmod有记录比分.sp::UpdateInfo()
L 10/30/2014 - 19:13:00: [SM] Native "PrintToChat" reported: Client index 0 is invalid
L 10/30/2014 - 19:13:00: [SM] Displaying call stack trace for plugin "warmod有记录比分.smx":
L 10/30/2014 - 19:13:00: [SM]   [0]  Line 1825, D:\CSGO\csgo编译器\warmod有记录比分.sp::ShowInfo()
L 10/30/2014 - 19:13:00: [SM]   [1]  Line 2425, D:\CSGO\csgo编译器\warmod有记录比分.sp::UpdateInfo()
L 10/30/2014 - 19:15:20: [SM] Native "PrintToChat" reported: Client index 0 is invalid
L 10/30/2014 - 19:15:20: [SM] Displaying call stack trace for plugin "warmod有记录比分.smx":
L 10/30/2014 - 19:15:20: [SM]   [0]  Line 1825, D:\CSGO\csgo编译器\warmod有记录比分.sp::ShowInfo()
L 10/30/2014 - 19:15:20: [SM]   [1]  Line 2425, D:\CSGO\csgo编译器\warmod有记录比分.sp::UpdateInfo()
L 10/30/2014 - 19:15:30: [SM] Native "PrintToChat" reported: Client index 0 is invalid
L 10/30/2014 - 19:15:30: [SM] Displaying call stack trace for plugin "warmod有记录比分.smx":
L 10/30/2014 - 19:15:30: [SM]   [0]  Line 1825, D:\CSGO\csgo编译器\warmod有记录比分.sp::ShowInfo()
L 10/30/2014 - 19:15:30: [SM]   [1]  Line 2425, D:\CSGO\csgo编译器\warmod有记录比分.sp::UpdateInfo()
L 10/30/2014 - 19:16:57: [SM] Native "PrintToChat" reported: Client index 0 is invalid
L 10/30/2014 - 19:16:57: [SM] Displaying call stack trace for plugin "warmod有记录比分.smx":
L 10/30/2014 - 19:16:57: [SM]   [0]  Line 1825, D:\CSGO\csgo编译器\warmod有记录比分.sp::ShowInfo()
L 10/30/2014 - 19:16:57: [SM]   [1]  Line 2425, D:\CSGO\csgo编译器\warmod有记录比分.sp::UpdateInfo()
L 10/30/2014 - 19:18:53: Error log file session closed.
L 10/30/2014 - 19:18:53: SourceMod error session started
L 10/30/2014 - 19:18:53: Info (map "de_dust2") (file "errors_20141030.log")
L 10/30/2014 - 19:18:53: [SM] Fatal error encountered parsing translation file "namechangepunisher.phrases.txt"
L 10/30/2014 - 19:18:53: [SM] Error (line 0, column 0): Stream failed to open
L 10/30/2014 - 19:18:53: [SM] Fatal error encountered parsing translation file "plugin.supercmds.txt"
L 10/30/2014 - 19:18:53: [SM] Error (line 0, column 0): Stream failed to open
L 10/30/2014 - 19:18:53: [SM] Fatal error encountered parsing translation file "sad.phrases.txt"
L 10/30/2014 - 19:18:53: [SM] Error (line 0, column 0): Stream failed to open
L 10/30/2014 - 19:18:53: [basecommands.smx] Could not parse file (line 12, file "addons\sourcemod\configs\adminmenu_cfgs.txt"):
L 10/30/2014 - 19:18:53: [basecommands.smx] Parser encountered error: Section ending without a matching section beginning
L 10/30/2014 - 19:18:53: [sm_cmdx.smx] Unable to locate overrides file.
L 10/30/2014 - 19:19:03: [SM] Native "PrintToChat" reported: Client index 0 is invalid
L 10/30/2014 - 19:19:03: [SM] Displaying call stack trace for plugin "warmod有记录比分.smx":
L 10/30/2014 - 19:19:03: [SM]   [0]  Line 1825, D:\CSGO\csgo编译器\warmod有记录比分.sp::ShowInfo()
L 10/30/2014 - 19:19:03: [SM]   [1]  Line 2425, D:\CSGO\csgo编译器\warmod有记录比分.sp::UpdateInfo()
L 10/30/2014 - 19:19:05: [SM] Native "PrintToChat" reported: Client index 0 is invalid
L 10/30/2014 - 19:19:05: [SM] Displaying call stack trace for plugin "warmod有记录比分.smx":
L 10/30/2014 - 19:19:05: [SM]   [0]  Line 1825, D:\CSGO\csgo编译器\warmod有记录比分.sp::ShowInfo()
L 10/30/2014 - 19:19:05: [SM]   [1]  Line 2425, D:\CSGO\csgo编译器\warmod有记录比分.sp::UpdateInfo()
L 10/30/2014 - 19:19:05: [SM] Native "PrintToChat" reported: Client index 0 is invalid
L 10/30/2014 - 19:19:05: [SM] Displaying call stack trace for plugin "warmod有记录比分.smx":
L 10/30/2014 - 19:19:05: [SM]   [0]  Line 1825, D:\CSGO\csgo编译器\warmod有记录比分.sp::ShowInfo()
L 10/30/2014 - 19:19:05: [SM]   [1]  Line 2425, D:\CSGO\csgo编译器\warmod有记录比分.sp::UpdateInfo()
L 10/30/2014 - 19:19:09: [SM] Native "PrintToChat" reported: Client index 0 is invalid
L 10/30/2014 - 19:19:09: [SM] Displaying call stack trace for plugin "warmod有记录比分.smx":
L 10/30/2014 - 19:19:09: [SM]   [0]  Line 1825, D:\CSGO\csgo编译器\warmod有记录比分.sp::ShowInfo()
L 10/30/2014 - 19:19:09: [SM]   [1]  Line 2425, D:\CSGO\csgo编译器\warmod有记录比分.sp::UpdateInfo()
L 10/30/2014 - 19:19:09: [SM] Native "PrintToChat" reported: Client index 0 is invalid
L 10/30/2014 - 19:19:09: [SM] Displaying call stack trace for plugin "warmod有记录比分.smx":
L 10/30/2014 - 19:19:09: [SM]   [0]  Line 1825, D:\CSGO\csgo编译器\warmod有记录比分.sp::ShowInfo()
L 10/30/2014 - 19:19:09: [SM]   [1]  Line 2425, D:\CSGO\csgo编译器\warmod有记录比分.sp::UpdateInfo()
L 10/30/2014 - 19:19:10: [SM] Native "PrintToChat" reported: Client index 0 is invalid
L 10/30/2014 - 19:19:10: [SM] Displaying call stack trace for plugin "warmod有记录比分.smx":
L 10/30/2014 - 19:19:10: [SM]   [0]  Line 1825, D:\CSGO\csgo编译器\warmod有记录比分.sp::ShowInfo()
L 10/30/2014 - 19:19:10: [SM]   [1]  Line 2425, D:\CSGO\csgo编译器\warmod有记录比分.sp::UpdateInfo()
L 10/30/2014 - 19:19:14: [SM] Native "PrintToChat" reported: Client index 0 is invalid
L 10/30/2014 - 19:19:14: [SM] Displaying call stack trace for plugin "warmod有记录比分.smx":
L 10/30/2014 - 19:19:14: [SM]   [0]  Line 1825, D:\CSGO\csgo编译器\warmod有记录比分.sp::ShowInfo()
L 10/30/2014 - 19:19:14: [SM]   [1]  Line 2425, D:\CSGO\csgo编译器\warmod有记录比分.sp::UpdateInfo()
L 10/30/2014 - 19:19:15: [SM] Native "PrintToChat" reported: Client index 0 is invalid
L 10/30/2014 - 19:19:15: [SM] Displaying call stack trace for plugin "warmod有记录比分.smx":
L 10/30/2014 - 19:19:15: [SM]   [0]  Line 1825, D:\CSGO\csgo编译器\warmod有记录比分.sp::ShowInfo()
L 10/30/2014 - 19:19:15: [SM]   [1]  Line 2425, D:\CSGO\csgo编译器\warmod有记录比分.sp::UpdateInfo()
L 10/30/2014 - 19:19:17: [SM] Native "PrintToChat" reported: Client index 0 is invalid
L 10/30/2014 - 19:19:17: [SM] Displaying call stack trace for plugin "warmod有记录比分.smx":
L 10/30/2014 - 19:19:17: [SM]   [0]  Line 1825, D:\CSGO\csgo编译器\warmod有记录比分.sp::ShowInfo()
L 10/30/2014 - 19:19:17: [SM]   [1]  Line 2425, D:\CSGO\csgo编译器\warmod有记录比分.sp::UpdateInfo()
L 10/30/2014 - 19:19:18: [SM] Native "PrintToChat" reported: Client index 0 is invalid
L 10/30/2014 - 19:19:18: [SM] Displaying call stack trace for plugin "warmod有记录比分.smx":
L 10/30/2014 - 19:19:18: [SM]   [0]  Line 1825, D:\CSGO\csgo编译器\warmod有记录比分.sp::ShowInfo()
L 10/30/2014 - 19:19:18: [SM]   [1]  Line 2425, D:\CSGO\csgo编译器\warmod有记录比分.sp::UpdateInfo()
L 10/30/2014 - 19:56:19: Error log file session closed.
L 10/30/2014 - 19:56:19: SourceMod error session started
L 10/30/2014 - 19:56:19: Info (map "de_mirage") (file "errors_20141030.log")
L 10/30/2014 - 19:56:19: [SM] Fatal error encountered parsing translation file "namechangepunisher.phrases.txt"
L 10/30/2014 - 19:56:19: [SM] Error (line 0, column 0): Stream failed to open
L 10/30/2014 - 19:56:19: [SM] Fatal error encountered parsing translation file "plugin.supercmds.txt"
L 10/30/2014 - 19:56:19: [SM] Error (line 0, column 0): Stream failed to open
L 10/30/2014 - 19:56:19: [SM] Fatal error encountered parsing translation file "sad.phrases.txt"
L 10/30/2014 - 19:56:19: [SM] Error (line 0, column 0): Stream failed to open
L 10/30/2014 - 19:56:20: [basecommands.smx] Could not parse file (line 12, file "addons\sourcemod\configs\adminmenu_cfgs.txt"):
L 10/30/2014 - 19:56:20: [basecommands.smx] Parser encountered error: Section ending without a matching section beginning
L 10/30/2014 - 19:56:20: [sm_cmdx.smx] Unable to locate overrides file.
L 10/30/2014 - 20:44:54: Error log file session closed.
L 10/30/2014 - 20:44:54: SourceMod error session started
L 10/30/2014 - 20:44:54: Info (map "de_inferno") (file "errors_20141030.log")
L 10/30/2014 - 20:44:54: [SM] Fatal error encountered parsing translation file "namechangepunisher.phrases.txt"
L 10/30/2014 - 20:44:54: [SM] Error (line 0, column 0): Stream failed to open
L 10/30/2014 - 20:44:54: [SM] Fatal error encountered parsing translation file "plugin.supercmds.txt"
L 10/30/2014 - 20:44:54: [SM] Error (line 0, column 0): Stream failed to open
L 10/30/2014 - 20:44:54: [SM] Fatal error encountered parsing translation file "sad.phrases.txt"
L 10/30/2014 - 20:44:54: [SM] Error (line 0, column 0): Stream failed to open
L 10/30/2014 - 20:44:54: [basecommands.smx] Could not parse file (line 12, file "addons\sourcemod\configs\adminmenu_cfgs.txt"):
L 10/30/2014 - 20:44:54: [basecommands.smx] Parser encountered error: Section ending without a matching section beginning
L 10/30/2014 - 20:44:54: [sm_cmdx.smx] Unable to locate overrides file.
L 10/30/2014 - 20:46:33: [SM] Native "PrintToChat" reported: Client 9 is not in game
L 10/30/2014 - 20:46:33: [SM] Displaying call stack trace for plugin "!dao.smx":
L 10/30/2014 - 20:46:33: [SM]   [0]  Line 79, D:\CSGO\csgo编译器\!dao.sp::Timer_knifemsg()
L 10/30/2014 - 21:25:03: Error log file session closed.
L 10/30/2014 - 21:25:03: SourceMod error session started
L 10/30/2014 - 21:25:03: Info (map "de_nuke") (file "errors_20141030.log")
L 10/30/2014 - 21:25:03: [SM] Fatal error encountered parsing translation file "namechangepunisher.phrases.txt"
L 10/30/2014 - 21:25:03: [SM] Error (line 0, column 0): Stream failed to open
L 10/30/2014 - 21:25:03: [SM] Fatal error encountered parsing translation file "plugin.supercmds.txt"
L 10/30/2014 - 21:25:03: [SM] Error (line 0, column 0): Stream failed to open
L 10/30/2014 - 21:25:03: [SM] Fatal error encountered parsing translation file "sad.phrases.txt"
L 10/30/2014 - 21:25:03: [SM] Error (line 0, column 0): Stream failed to open
L 10/30/2014 - 21:25:03: [basecommands.smx] Could not parse file (line 12, file "addons\sourcemod\configs\adminmenu_cfgs.txt"):
L 10/30/2014 - 21:25:03: [basecommands.smx] Parser encountered error: Section ending without a matching section beginning
L 10/30/2014 - 21:25:03: [sm_cmdx.smx] Unable to locate overrides file.
L 10/30/2014 - 21:25:33: [SM] Native "PrintToChat" reported: Client 4 is not in game
L 10/30/2014 - 21:25:33: [SM] Displaying call stack trace for plugin "!dao.smx":
L 10/30/2014 - 21:25:33: [SM]   [0]  Line 79, D:\CSGO\csgo编译器\!dao.sp::Timer_knifemsg()
L 10/30/2014 - 21:25:33: [SM] Native "PrintToChat" reported: Client 5 is not in game
L 10/30/2014 - 21:25:33: [SM] Displaying call stack trace for plugin "!dao.smx":
L 10/30/2014 - 21:25:33: [SM]   [0]  Line 79, D:\CSGO\csgo编译器\!dao.sp::Timer_knifemsg()
L 10/30/2014 - 21:51:01: Error log file session closed.
L 10/30/2014 - 21:51:01: SourceMod error session started
L 10/30/2014 - 21:51:01: Info (map "de_cache") (file "errors_20141030.log")
L 10/30/2014 - 21:51:01: [SM] Fatal error encountered parsing translation file "namechangepunisher.phrases.txt"
L 10/30/2014 - 21:51:01: [SM] Error (line 0, column 0): Stream failed to open
L 10/30/2014 - 21:51:01: [SM] Fatal error encountered parsing translation file "plugin.supercmds.txt"
L 10/30/2014 - 21:51:01: [SM] Error (line 0, column 0): Stream failed to open
L 10/30/2014 - 21:51:01: [SM] Fatal error encountered parsing translation file "sad.phrases.txt"
L 10/30/2014 - 21:51:01: [SM] Error (line 0, column 0): Stream failed to open
L 10/30/2014 - 21:51:01: [basecommands.smx] Could not parse file (line 12, file "addons\sourcemod\configs\adminmenu_cfgs.txt"):
L 10/30/2014 - 21:51:01: [basecommands.smx] Parser encountered error: Section ending without a matching section beginning
L 10/30/2014 - 21:51:01: [sm_cmdx.smx] Unable to locate overrides file.
L 10/30/2014 - 21:51:18: [SM] Native "PrintToChat" reported: Client 4 is not in game
L 10/30/2014 - 21:51:18: [SM] Displaying call stack trace for plugin "!dao.smx":
L 10/30/2014 - 21:51:18: [SM]   [0]  Line 79, D:\CSGO\csgo编译器\!dao.sp::Timer_knifemsg()
L 10/30/2014 - 21:51:18: [SM] Native "PrintToChat" reported: Client 2 is not in game
L 10/30/2014 - 21:51:18: [SM] Displaying call stack trace for plugin "!dao.smx":
L 10/30/2014 - 21:51:18: [SM]   [0]  Line 79, D:\CSGO\csgo编译器\!dao.sp::Timer_knifemsg()
L 10/30/2014 - 21:51:27: [SM] Native "PrintToChat" reported: Client 6 is not in game
L 10/30/2014 - 21:51:27: [SM] Displaying call stack trace for plugin "!dao.smx":
L 10/30/2014 - 21:51:27: [SM]   [0]  Line 79, D:\CSGO\csgo编译器\!dao.sp::Timer_knifemsg()
L 10/30/2014 - 21:51:36: [SM] Native "PrintToChat" reported: Client 1 is not in game
L 10/30/2014 - 21:51:36: [SM] Displaying call stack trace for plugin "!dao.smx":
L 10/30/2014 - 21:51:36: [SM]   [0]  Line 79, D:\CSGO\csgo编译器\!dao.sp::Timer_knifemsg()
L 10/30/2014 - 21:52:13: Error log file session closed.
L 10/30/2014 - 21:52:13: SourceMod error session started
L 10/30/2014 - 21:52:13: Info (map "de_dust2") (file "errors_20141030.log")
L 10/30/2014 - 21:52:13: [SM] Fatal error encountered parsing translation file "namechangepunisher.phrases.txt"
L 10/30/2014 - 21:52:13: [SM] Error (line 0, column 0): Stream failed to open
L 10/30/2014 - 21:52:13: [SM] Fatal error encountered parsing translation file "plugin.supercmds.txt"
L 10/30/2014 - 21:52:13: [SM] Error (line 0, column 0): Stream failed to open
L 10/30/2014 - 21:52:13: [SM] Fatal error encountered parsing translation file "sad.phrases.txt"
L 10/30/2014 - 21:52:13: [SM] Error (line 0, column 0): Stream failed to open
L 10/30/2014 - 21:52:14: [basecommands.smx] Could not parse file (line 12, file "addons\sourcemod\configs\adminmenu_cfgs.txt"):
L 10/30/2014 - 21:52:14: [basecommands.smx] Parser encountered error: Section ending without a matching section beginning
L 10/30/2014 - 21:52:14: [sm_cmdx.smx] Unable to locate overrides file.
L 10/30/2014 - 22:04:01: [SM] Native "PrintToChat" reported: Client 8 is not in game
L 10/30/2014 - 22:04:01: [SM] Displaying call stack trace for plugin "!dao.smx":
L 10/30/2014 - 22:04:01: [SM]   [0]  Line 79, D:\CSGO\csgo编译器\!dao.sp::Timer_knifemsg()
L 10/30/2014 - 22:23:45: [SM] Native "PrintToChat" reported: Client 10 is not in game
L 10/30/2014 - 22:23:45: [SM] Displaying call stack trace for plugin "!dao.smx":
L 10/30/2014 - 22:23:45: [SM]   [0]  Line 79, D:\CSGO\csgo编译器\!dao.sp::Timer_knifemsg()
L 10/30/2014 - 22:31:09: Error log file session closed.
L 10/30/2014 - 22:31:09: SourceMod error session started
L 10/30/2014 - 22:31:09: Info (map "de_mirage") (file "errors_20141030.log")
L 10/30/2014 - 22:31:09: [SM] Fatal error encountered parsing translation file "namechangepunisher.phrases.txt"
L 10/30/2014 - 22:31:09: [SM] Error (line 0, column 0): Stream failed to open
L 10/30/2014 - 22:31:09: [SM] Fatal error encountered parsing translation file "plugin.supercmds.txt"
L 10/30/2014 - 22:31:09: [SM] Error (line 0, column 0): Stream failed to open
L 10/30/2014 - 22:31:09: [SM] Fatal error encountered parsing translation file "sad.phrases.txt"
L 10/30/2014 - 22:31:09: [SM] Error (line 0, column 0): Stream failed to open
L 10/30/2014 - 22:31:09: [basecommands.smx] Could not parse file (line 12, file "addons\sourcemod\configs\adminmenu_cfgs.txt"):
L 10/30/2014 - 22:31:09: [basecommands.smx] Parser encountered error: Section ending without a matching section beginning
L 10/30/2014 - 22:31:09: [sm_cmdx.smx] Unable to locate overrides file.
L 10/30/2014 - 22:34:36: [SM] Native "CS_RespawnPlayer" reported: Client index 8 is not valid
L 10/30/2014 - 22:34:36: [SM] Displaying call stack trace for plugin "warmod有记录比分.smx":
L 10/30/2014 - 22:34:36: [SM]   [0]  Line 2661, D:\CSGO\csgo编译器\warmod有记录比分.sp::RespawnPlayer()
L 10/30/2014 - 22:34:41: [SM] Native "CS_RespawnPlayer" reported: Client index 8 is not valid
L 10/30/2014 - 22:34:41: [SM] Displaying call stack trace for plugin "warmod有记录比分.smx":
L 10/30/2014 - 22:34:41: [SM]   [0]  Line 2661, D:\CSGO\csgo编译器\warmod有记录比分.sp::RespawnPlayer()
L 10/30/2014 - 22:34:56: [SM] Native "PrintToChat" reported: Client 8 is not in game
L 10/30/2014 - 22:34:56: [SM] Displaying call stack trace for plugin "!dao.smx":
L 10/30/2014 - 22:34:56: [SM]   [0]  Line 79, D:\CSGO\csgo编译器\!dao.sp::Timer_knifemsg()
L 10/30/2014 - 22:35:01: [SM] Native "PrintToChat" reported: Client 8 is not in game
L 10/30/2014 - 22:35:01: [SM] Displaying call stack trace for plugin "!dao.smx":
L 10/30/2014 - 22:35:01: [SM]   [0]  Line 79, D:\CSGO\csgo编译器\!dao.sp::Timer_knifemsg()
L 10/30/2014 - 22:51:01: [SM] Native "PrintToChat" reported: Client 8 is not in game
L 10/30/2014 - 22:51:01: [SM] Displaying call stack trace for plugin "!dao.smx":
L 10/30/2014 - 22:51:01: [SM]   [0]  Line 79, D:\CSGO\csgo编译器\!dao.sp::Timer_knifemsg()
L 10/30/2014 - 23:14:50: Error log file session closed.
L 10/30/2014 - 23:14:50: SourceMod error session started
L 10/30/2014 - 23:14:50: Info (map "de_inferno") (file "errors_20141030.log")
L 10/30/2014 - 23:14:50: [SM] Fatal error encountered parsing translation file "namechangepunisher.phrases.txt"
L 10/30/2014 - 23:14:50: [SM] Error (line 0, column 0): Stream failed to open
L 10/30/2014 - 23:14:50: [SM] Fatal error encountered parsing translation file "plugin.supercmds.txt"
L 10/30/2014 - 23:14:50: [SM] Error (line 0, column 0): Stream failed to open
L 10/30/2014 - 23:14:50: [SM] Fatal error encountered parsing translation file "sad.phrases.txt"
L 10/30/2014 - 23:14:50: [SM] Error (line 0, column 0): Stream failed to open
L 10/30/2014 - 23:14:50: [basecommands.smx] Could not parse file (line 12, file "addons\sourcemod\configs\adminmenu_cfgs.txt"):
L 10/30/2014 - 23:14:50: [basecommands.smx] Parser encountered error: Section ending without a matching section beginning
L 10/30/2014 - 23:14:50: [sm_cmdx.smx] Unable to locate overrides file.
L 10/30/2014 - 23:15:15: [SM] Native "PrintToChat" reported: Client 6 is not in game
L 10/30/2014 - 23:15:15: [SM] Displaying call stack trace for plugin "!dao.smx":
L 10/30/2014 - 23:15:15: [SM]   [0]  Line 79, D:\CSGO\csgo编译器\!dao.sp::Timer_knifemsg()
L 10/30/2014 - 23:17:00: [SM] Native "CS_RespawnPlayer" reported: Client index 13 is not valid
L 10/30/2014 - 23:17:00: [SM] Displaying call stack trace for plugin "warmod有记录比分.smx":
L 10/30/2014 - 23:17:00: [SM]   [0]  Line 2661, D:\CSGO\csgo编译器\warmod有记录比分.sp::RespawnPlayer()
L 10/30/2014 - 23:19:42: [SM] Native "PrintToChat" reported: Client 6 is not in game
L 10/30/2014 - 23:19:42: [SM] Displaying call stack trace for plugin "!dao.smx":
L 10/30/2014 - 23:19:42: [SM]   [0]  Line 79, D:\CSGO\csgo编译器\!dao.sp::Timer_knifemsg()
L 10/30/2014 - 23:44:54: Error log file session closed.
L 10/30/2014 - 23:44:54: SourceMod error session started
L 10/30/2014 - 23:44:54: Info (map "de_nuke") (file "errors_20141030.log")
L 10/30/2014 - 23:44:54: [SM] Fatal error encountered parsing translation file "namechangepunisher.phrases.txt"
L 10/30/2014 - 23:44:54: [SM] Error (line 0, column 0): Stream failed to open
L 10/30/2014 - 23:44:54: [SM] Fatal error encountered parsing translation file "plugin.supercmds.txt"
L 10/30/2014 - 23:44:54: [SM] Error (line 0, column 0): Stream failed to open
L 10/30/2014 - 23:44:54: [SM] Fatal error encountered parsing translation file "sad.phrases.txt"
L 10/30/2014 - 23:44:54: [SM] Error (line 0, column 0): Stream failed to open
L 10/30/2014 - 23:44:55: [basecommands.smx] Could not parse file (line 12, file "addons\sourcemod\configs\adminmenu_cfgs.txt"):
L 10/30/2014 - 23:44:55: [basecommands.smx] Parser encountered error: Section ending without a matching section beginning
L 10/30/2014 - 23:44:55: [sm_cmdx.smx] Unable to locate overrides file.
L 10/30/2014 - 23:45:15: [SM] Native "PrintToChat" reported: Client 6 is not in game
L 10/30/2014 - 23:45:15: [SM] Displaying call stack trace for plugin "!dao.smx":
L 10/30/2014 - 23:45:15: [SM]   [0]  Line 79, D:\CSGO\csgo编译器\!dao.sp::Timer_knifemsg()
L 10/30/2014 - 23:45:18: [SM] Native "PrintToChat" reported: Client 9 is not in game
L 10/30/2014 - 23:45:18: [SM] Displaying call stack trace for plugin "!dao.smx":
L 10/30/2014 - 23:45:18: [SM]   [0]  Line 79, D:\CSGO\csgo编译器\!dao.sp::Timer_knifemsg()
L 10/30/2014 - 23:45:29: [SM] Native "PrintToChat" reported: Client 1 is not in game
L 10/30/2014 - 23:45:29: [SM] Displaying call stack trace for plugin "!dao.smx":
L 10/30/2014 - 23:45:29: [SM]   [0]  Line 79, D:\CSGO\csgo编译器\!dao.sp::Timer_knifemsg()
L 10/30/2014 - 23:50:07: Error log file session closed.
L 10/30/2014 - 23:50:07: SourceMod error session started
L 10/30/2014 - 23:50:07: Info (map "de_nuke") (file "errors_20141030.log")
L 10/30/2014 - 23:50:07: [SM] Fatal error encountered parsing translation file "namechangepunisher.phrases.txt"
L 10/30/2014 - 23:50:07: [SM] Error (line 0, column 0): Stream failed to open
L 10/30/2014 - 23:50:07: [SM] Fatal error encountered parsing translation file "plugin.supercmds.txt"
L 10/30/2014 - 23:50:07: [SM] Error (line 0, column 0): Stream failed to open
L 10/30/2014 - 23:50:07: [SM] Fatal error encountered parsing translation file "sad.phrases.txt"
L 10/30/2014 - 23:50:07: [SM] Error (line 0, column 0): Stream failed to open
L 10/30/2014 - 23:50:08: [basecommands.smx] Could not parse file (line 12, file "addons\sourcemod\configs\adminmenu_cfgs.txt"):
L 10/30/2014 - 23:50:08: [basecommands.smx] Parser encountered error: Section ending without a matching section beginning
L 10/30/2014 - 23:50:08: [sm_cmdx.smx] Unable to locate overrides file.
L 10/30/2014 - 23:54:38: Error log file session closed.
L 10/30/2014 - 23:54:38: SourceMod error session started
L 10/30/2014 - 23:54:38: Info (map "de_nuke") (file "errors_20141030.log")
L 10/30/2014 - 23:54:38: [SM] Fatal error encountered parsing translation file "namechangepunisher.phrases.txt"
L 10/30/2014 - 23:54:38: [SM] Error (line 0, column 0): Stream failed to open
L 10/30/2014 - 23:54:38: [SM] Fatal error encountered parsing translation file "plugin.supercmds.txt"
L 10/30/2014 - 23:54:38: [SM] Error (line 0, column 0): Stream failed to open
L 10/30/2014 - 23:54:38: [SM] Fatal error encountered parsing translation file "sad.phrases.txt"
L 10/30/2014 - 23:54:38: [SM] Error (line 0, column 0): Stream failed to open
L 10/30/2014 - 23:54:38: [basecommands.smx] Could not parse file (line 12, file "addons\sourcemod\configs\adminmenu_cfgs.txt"):
L 10/30/2014 - 23:54:38: [basecommands.smx] Parser encountered error: Section ending without a matching section beginning
L 10/30/2014 - 23:54:38: [sm_cmdx.smx] Unable to locate overrides file.
