L 10/24/2014 - 16:39:49: SourceMod error session started
L 10/24/2014 - 16:39:49: Info (map "de_dust2") (file "errors_20141024.log")
L 10/24/2014 - 16:39:49: [SM] Fatal error encountered parsing translation file "namechangepunisher.phrases.txt"
L 10/24/2014 - 16:39:49: [SM] Error (line 0, column 0): Stream failed to open
L 10/24/2014 - 16:39:49: [SM] Fatal error encountered parsing translation file "plugin.supercmds.txt"
L 10/24/2014 - 16:39:49: [SM] Error (line 0, column 0): Stream failed to open
L 10/24/2014 - 16:39:49: [SM] Error parsing gameconfig file "D:\steam\steamapps\common\Counter-Strike Global Offensive Beta - Dedicated Server\csgo\addons\sourcemod\gamedata\supercmds.gamedata.txt":
L 10/24/2014 - 16:39:49: [SM] Error 1 on line 0, col 0: Stream failed to open
L 10/24/2014 - 16:39:49: [SM] Native "LoadGameConfigFile" reported: Unable to open supercmds.gamedata: File could not be opened: œµÕ≥’“≤ªµΩ÷∏∂®µƒŒƒº˛°£

L 10/24/2014 - 16:39:49: [SM] Displaying call stack trace for plugin "sm_cmdx.smx":
L 10/24/2014 - 16:39:49: [SM]   [0]  Line 108, D:\CSGO\csgo±‡“Î∆˜\sm_cmdx.sp::OnPluginStart()
L 10/24/2014 - 16:39:51: [basecommands.smx] Could not parse file (line 12, file "addons\sourcemod\configs\adminmenu_cfgs.txt"):
L 10/24/2014 - 16:39:51: [basecommands.smx] Parser encountered error: Section ending without a matching section beginning
L 10/24/2014 - 16:42:01: SourceMod error session started
L 10/24/2014 - 16:42:01: Info (map "de_dust2") (file "errors_20141024.log")
L 10/24/2014 - 16:42:01: [SM] Fatal error encountered parsing translation file "namechangepunisher.phrases.txt"
L 10/24/2014 - 16:42:01: [SM] Error (line 0, column 0): Stream failed to open
L 10/24/2014 - 16:42:01: [SM] Fatal error encountered parsing translation file "plugin.supercmds.txt"
L 10/24/2014 - 16:42:01: [SM] Error (line 0, column 0): Stream failed to open
L 10/24/2014 - 16:42:01: [SM] Error parsing gameconfig file "D:\steam\steamapps\common\Counter-Strike Global Offensive Beta - Dedicated Server\csgo\addons\sourcemod\gamedata\supercmds.gamedata.txt":
L 10/24/2014 - 16:42:01: [SM] Error 1 on line 0, col 0: Stream failed to open
L 10/24/2014 - 16:42:01: [SM] Native "LoadGameConfigFile" reported: Unable to open supercmds.gamedata: File could not be opened: œµÕ≥’“≤ªµΩ÷∏∂®µƒŒƒº˛°£

L 10/24/2014 - 16:42:01: [SM] Displaying call stack trace for plugin "sm_cmdx.smx":
L 10/24/2014 - 16:42:01: [SM]   [0]  Line 108, D:\CSGO\csgo±‡“Î∆˜\sm_cmdx.sp::OnPluginStart()
L 10/24/2014 - 16:42:02: [basecommands.smx] Could not parse file (line 12, file "addons\sourcemod\configs\adminmenu_cfgs.txt"):
L 10/24/2014 - 16:42:02: [basecommands.smx] Parser encountered error: Section ending without a matching section beginning
L 10/24/2014 - 17:39:51: [warmod.smx] GameTech LiveWire - Socket error 3 (errno 11004)
L 10/24/2014 - 17:39:52: Error log file session closed.
L 10/24/2014 - 17:39:52: SourceMod error session started
L 10/24/2014 - 17:39:52: Info (map "de_dust2") (file "errors_20141024.log")
L 10/24/2014 - 17:39:52: [SM] Fatal error encountered parsing translation file "namechangepunisher.phrases.txt"
L 10/24/2014 - 17:39:52: [SM] Error (line 0, column 0): Stream failed to open
L 10/24/2014 - 17:39:52: [SM] Fatal error encountered parsing translation file "plugin.supercmds.txt"
L 10/24/2014 - 17:39:52: [SM] Error (line 0, column 0): Stream failed to open
L 10/24/2014 - 17:39:52: [basecommands.smx] Could not parse file (line 12, file "addons\sourcemod\configs\adminmenu_cfgs.txt"):
L 10/24/2014 - 17:39:52: [basecommands.smx] Parser encountered error: Section ending without a matching section beginning
L 10/24/2014 - 17:39:52: [warmod.smx] GameTech LiveWire - Socket error 3 (errno 11004)
L 10/24/2014 - 17:39:52: [sm_cmdx.smx] Unable to locate overrides file.
L 10/24/2014 - 17:39:52: [warmod.smx] GameTech LiveWire - Socket error 3 (errno 11004)
L 10/24/2014 - 17:39:53: [warmod.smx] GameTech LiveWire - Socket error 3 (errno 11004)
L 10/24/2014 - 17:39:57: [warmod.smx] Plug-in tEasyFTP.smx required to auto upload demos
L 10/24/2014 - 17:39:57: [warmod.smx] Plug-in tEasyFTP.smx required to auto upload demos
L 10/24/2014 - 17:57:23: Error log file session closed.
L 10/24/2014 - 17:57:23: SourceMod error session started
L 10/24/2014 - 17:57:23: Info (map "de_dust2") (file "errors_20141024.log")
L 10/24/2014 - 17:57:23: [SM] Fatal error encountered parsing translation file "namechangepunisher.phrases.txt"
L 10/24/2014 - 17:57:23: [SM] Error (line 0, column 0): Stream failed to open
L 10/24/2014 - 17:57:23: [SM] Fatal error encountered parsing translation file "plugin.supercmds.txt"
L 10/24/2014 - 17:57:23: [SM] Error (line 0, column 0): Stream failed to open
L 10/24/2014 - 17:57:24: [basecommands.smx] Could not parse file (line 12, file "addons\sourcemod\configs\adminmenu_cfgs.txt"):
L 10/24/2014 - 17:57:24: [basecommands.smx] Parser encountered error: Section ending without a matching section beginning
L 10/24/2014 - 17:57:24: [warmod.smx] GameTech LiveWire - Socket error 3 (errno 11004)
L 10/24/2014 - 17:57:24: [sm_cmdx.smx] Unable to locate overrides file.
L 10/24/2014 - 17:57:24: [warmod.smx] GameTech LiveWire - Socket error 3 (errno 11004)
L 10/24/2014 - 17:57:29: [warmod.smx] Plug-in tEasyFTP.smx required to auto upload demos
L 10/24/2014 - 19:21:51: Error log file session closed.
L 10/24/2014 - 19:21:51: SourceMod error session started
L 10/24/2014 - 19:21:51: Info (map "de_dust2") (file "errors_20141024.log")
L 10/24/2014 - 19:21:51: [SM] Fatal error encountered parsing translation file "namechangepunisher.phrases.txt"
L 10/24/2014 - 19:21:51: [SM] Error (line 0, column 0): Stream failed to open
L 10/24/2014 - 19:21:51: [SM] Fatal error encountered parsing translation file "plugin.supercmds.txt"
L 10/24/2014 - 19:21:51: [SM] Error (line 0, column 0): Stream failed to open
L 10/24/2014 - 19:21:51: [basecommands.smx] Could not parse file (line 12, file "addons\sourcemod\configs\adminmenu_cfgs.txt"):
L 10/24/2014 - 19:21:51: [basecommands.smx] Parser encountered error: Section ending without a matching section beginning
L 10/24/2014 - 19:21:51: [warmod.smx] GameTech LiveWire - Socket error 3 (errno 11004)
L 10/24/2014 - 19:21:51: [sm_cmdx.smx] Unable to locate overrides file.
L 10/24/2014 - 19:21:51: [warmod.smx] GameTech LiveWire - Socket error 3 (errno 11004)
L 10/24/2014 - 19:21:56: [warmod.smx] Plug-in tEasyFTP.smx required to auto upload demos
L 10/24/2014 - 20:31:55: Error log file session closed.
L 10/24/2014 - 20:31:55: SourceMod error session started
L 10/24/2014 - 20:31:55: Info (map "de_dust2") (file "errors_20141024.log")
L 10/24/2014 - 20:31:55: [SM] Fatal error encountered parsing translation file "namechangepunisher.phrases.txt"
L 10/24/2014 - 20:31:55: [SM] Error (line 0, column 0): Stream failed to open
L 10/24/2014 - 20:31:55: [SM] Fatal error encountered parsing translation file "plugin.supercmds.txt"
L 10/24/2014 - 20:31:55: [SM] Error (line 0, column 0): Stream failed to open
L 10/24/2014 - 20:31:55: [basecommands.smx] Could not parse file (line 12, file "addons\sourcemod\configs\adminmenu_cfgs.txt"):
L 10/24/2014 - 20:31:55: [basecommands.smx] Parser encountered error: Section ending without a matching section beginning
L 10/24/2014 - 20:31:55: [warmod.smx] GameTech LiveWire - Socket error 3 (errno 11004)
L 10/24/2014 - 20:31:55: [sm_cmdx.smx] Unable to locate overrides file.
L 10/24/2014 - 20:31:56: [warmod.smx] GameTech LiveWire - Socket error 3 (errno 11004)
L 10/24/2014 - 20:32:00: [warmod.smx] Plug-in tEasyFTP.smx required to auto upload demos
L 10/24/2014 - 20:34:04: [SM] Native "PrintToChat" reported: Client 10 is not in game
L 10/24/2014 - 20:34:04: [SM] Displaying call stack trace for plugin "!dao.smx":
L 10/24/2014 - 20:34:04: [SM]   [0]  Line 79, C:\csgo\csgo±‡“Î∆˜\!dao.sp::Timer_knifemsg()
L 10/24/2014 - 20:34:23: [SM] Native "PrintToChat" reported: Client 11 is not in game
L 10/24/2014 - 20:34:23: [SM] Displaying call stack trace for plugin "!dao.smx":
L 10/24/2014 - 20:34:23: [SM]   [0]  Line 79, C:\csgo\csgo±‡“Î∆˜\!dao.sp::Timer_knifemsg()
L 10/24/2014 - 20:35:57: [SM] Native "PrintToChat" reported: Client 10 is not in game
L 10/24/2014 - 20:35:57: [SM] Displaying call stack trace for plugin "!dao.smx":
L 10/24/2014 - 20:35:57: [SM]   [0]  Line 79, C:\csgo\csgo±‡“Î∆˜\!dao.sp::Timer_knifemsg()
L 10/24/2014 - 20:37:37: [SM] Native "PrintToChat" reported: Client 10 is not in game
L 10/24/2014 - 20:37:37: [SM] Displaying call stack trace for plugin "!dao.smx":
L 10/24/2014 - 20:37:37: [SM]   [0]  Line 79, C:\csgo\csgo±‡“Î∆˜\!dao.sp::Timer_knifemsg()
L 10/24/2014 - 20:38:57: [SM] Native "PrintToChat" reported: Client 12 is not in game
L 10/24/2014 - 20:38:57: [SM] Displaying call stack trace for plugin "!dao.smx":
L 10/24/2014 - 20:38:57: [SM]   [0]  Line 79, C:\csgo\csgo±‡“Î∆˜\!dao.sp::Timer_knifemsg()
L 10/24/2014 - 20:41:10: [SM] Native "PrintToChat" reported: Client 10 is not in game
L 10/24/2014 - 20:41:10: [SM] Displaying call stack trace for plugin "!dao.smx":
L 10/24/2014 - 20:41:10: [SM]   [0]  Line 79, C:\csgo\csgo±‡“Î∆˜\!dao.sp::Timer_knifemsg()
L 10/24/2014 - 20:41:57: [SM] Plugin encountered error 4: Invalid parameter or parameter type
L 10/24/2014 - 20:41:57: [SM] Native "VFormat" reported: Language phrase "Match Live1" not found
L 10/24/2014 - 20:41:57: [SM] Displaying call stack trace for plugin "warmod.smx":
L 10/24/2014 - 20:41:57: [SM]   [0]  Line 328, C:\csgo\csgo±‡“Î∆˜\include\halflife.inc::PrintToChatAll()
L 10/24/2014 - 20:41:57: [SM]   [1]  Line 3981, C:\csgo\csgo±‡“Î∆˜\warmod.sp::LiveOn3Override()
L 10/24/2014 - 20:41:57: [SM]   [2]  Line 3963, C:\csgo\csgo±‡“Î∆˜\warmod.sp::LiveOn3()
L 10/24/2014 - 20:41:57: [SM]   [3]  Line 3827, C:\csgo\csgo±‡“Î∆˜\warmod.sp::CheckReady()
L 10/24/2014 - 20:41:57: [SM]   [4]  Line 3767, C:\csgo\csgo±‡“Î∆˜\warmod.sp::ReadyServ()
L 10/24/2014 - 20:41:57: [SM]   [5]  Line 1529, C:\csgo\csgo±‡“Î∆˜\warmod.sp::ReadyUp()
L 10/24/2014 - 20:41:57: [SM]   [6]  Line 5517, C:\csgo\csgo±‡“Î∆˜\warmod.sp::SayChat()
L 10/24/2014 - 20:44:13: [SM] Plugin encountered error 4: Invalid parameter or parameter type
L 10/24/2014 - 20:44:13: [SM] Native "Format" reported: Language phrase "CTWinning" not found
L 10/24/2014 - 20:44:13: [SM] Displaying call stack trace for plugin "warmod.smx":
L 10/24/2014 - 20:44:13: [SM]   [0]  Line 2101, C:\csgo\csgo±‡“Î∆˜\warmod.sp::GetScoreMsg()
L 10/24/2014 - 20:44:13: [SM]   [1]  Line 2050, C:\csgo\csgo±‡“Î∆˜\warmod.sp::DisplayScore()
L 10/24/2014 - 20:44:13: [SM]   [2]  Line 3338, C:\csgo\csgo±‡“Î∆˜\warmod.sp::CheckScores()
L 10/24/2014 - 20:44:13: [SM]   [3]  Line 2365, C:\csgo\csgo±‡“Î∆˜\warmod.sp::Event_Round_End()
L 10/24/2014 - 20:47:42: [SM] Plugin encountered error 4: Invalid parameter or parameter type
L 10/24/2014 - 20:47:42: [SM] Native "Format" reported: Language phrase "TWinning" not found
L 10/24/2014 - 20:47:42: [SM] Displaying call stack trace for plugin "warmod.smx":
L 10/24/2014 - 20:47:42: [SM]   [0]  Line 2093, C:\csgo\csgo±‡“Î∆˜\warmod.sp::GetScoreMsg()
L 10/24/2014 - 20:47:42: [SM]   [1]  Line 2050, C:\csgo\csgo±‡“Î∆˜\warmod.sp::DisplayScore()
L 10/24/2014 - 20:47:42: [SM]   [2]  Line 3338, C:\csgo\csgo±‡“Î∆˜\warmod.sp::CheckScores()
L 10/24/2014 - 20:47:42: [SM]   [3]  Line 2365, C:\csgo\csgo±‡“Î∆˜\warmod.sp::Event_Round_End()
L 10/24/2014 - 20:48:54: [SM] Plugin encountered error 4: Invalid parameter or parameter type
L 10/24/2014 - 20:48:54: [SM] Native "Format" reported: Language phrase "TWinning" not found
L 10/24/2014 - 20:48:54: [SM] Displaying call stack trace for plugin "warmod.smx":
L 10/24/2014 - 20:48:54: [SM]   [0]  Line 2093, C:\csgo\csgo±‡“Î∆˜\warmod.sp::GetScoreMsg()
L 10/24/2014 - 20:48:54: [SM]   [1]  Line 2050, C:\csgo\csgo±‡“Î∆˜\warmod.sp::DisplayScore()
L 10/24/2014 - 20:48:54: [SM]   [2]  Line 3338, C:\csgo\csgo±‡“Î∆˜\warmod.sp::CheckScores()
L 10/24/2014 - 20:48:54: [SM]   [3]  Line 2365, C:\csgo\csgo±‡“Î∆˜\warmod.sp::Event_Round_End()
L 10/24/2014 - 20:50:35: [SM] Plugin encountered error 4: Invalid parameter or parameter type
L 10/24/2014 - 20:50:35: [SM] Native "Format" reported: Language phrase "TWinning" not found
L 10/24/2014 - 20:50:35: [SM] Displaying call stack trace for plugin "warmod.smx":
L 10/24/2014 - 20:50:35: [SM]   [0]  Line 2093, C:\csgo\csgo±‡“Î∆˜\warmod.sp::GetScoreMsg()
L 10/24/2014 - 20:50:35: [SM]   [1]  Line 2050, C:\csgo\csgo±‡“Î∆˜\warmod.sp::DisplayScore()
L 10/24/2014 - 20:50:35: [SM]   [2]  Line 3338, C:\csgo\csgo±‡“Î∆˜\warmod.sp::CheckScores()
L 10/24/2014 - 20:50:35: [SM]   [3]  Line 2365, C:\csgo\csgo±‡“Î∆˜\warmod.sp::Event_Round_End()
L 10/24/2014 - 20:52:48: [SM] Plugin encountered error 4: Invalid parameter or parameter type
L 10/24/2014 - 20:52:48: [SM] Native "Format" reported: Language phrase "TWinning" not found
L 10/24/2014 - 20:52:48: [SM] Displaying call stack trace for plugin "warmod.smx":
L 10/24/2014 - 20:52:48: [SM]   [0]  Line 2093, C:\csgo\csgo±‡“Î∆˜\warmod.sp::GetScoreMsg()
L 10/24/2014 - 20:52:48: [SM]   [1]  Line 2050, C:\csgo\csgo±‡“Î∆˜\warmod.sp::DisplayScore()
L 10/24/2014 - 20:52:48: [SM]   [2]  Line 3338, C:\csgo\csgo±‡“Î∆˜\warmod.sp::CheckScores()
L 10/24/2014 - 20:52:48: [SM]   [3]  Line 2365, C:\csgo\csgo±‡“Î∆˜\warmod.sp::Event_Round_End()
L 10/24/2014 - 20:54:03: [SM] Plugin encountered error 4: Invalid parameter or parameter type
L 10/24/2014 - 20:54:03: [SM] Native "Format" reported: Language phrase "TWinning" not found
L 10/24/2014 - 20:54:03: [SM] Displaying call stack trace for plugin "warmod.smx":
L 10/24/2014 - 20:54:03: [SM]   [0]  Line 2093, C:\csgo\csgo±‡“Î∆˜\warmod.sp::GetScoreMsg()
L 10/24/2014 - 20:54:03: [SM]   [1]  Line 2050, C:\csgo\csgo±‡“Î∆˜\warmod.sp::DisplayScore()
L 10/24/2014 - 20:54:03: [SM]   [2]  Line 3338, C:\csgo\csgo±‡“Î∆˜\warmod.sp::CheckScores()
L 10/24/2014 - 20:54:03: [SM]   [3]  Line 2365, C:\csgo\csgo±‡“Î∆˜\warmod.sp::Event_Round_End()
L 10/24/2014 - 20:55:20: [SM] Plugin encountered error 4: Invalid parameter or parameter type
L 10/24/2014 - 20:55:20: [SM] Native "Format" reported: Language phrase "TWinning" not found
L 10/24/2014 - 20:55:20: [SM] Displaying call stack trace for plugin "warmod.smx":
L 10/24/2014 - 20:55:20: [SM]   [0]  Line 2093, C:\csgo\csgo±‡“Î∆˜\warmod.sp::GetScoreMsg()
L 10/24/2014 - 20:55:20: [SM]   [1]  Line 2050, C:\csgo\csgo±‡“Î∆˜\warmod.sp::DisplayScore()
L 10/24/2014 - 20:55:20: [SM]   [2]  Line 3338, C:\csgo\csgo±‡“Î∆˜\warmod.sp::CheckScores()
L 10/24/2014 - 20:55:20: [SM]   [3]  Line 2365, C:\csgo\csgo±‡“Î∆˜\warmod.sp::Event_Round_End()
L 10/24/2014 - 20:56:16: [SM] Plugin encountered error 4: Invalid parameter or parameter type
L 10/24/2014 - 20:56:16: [SM] Native "Format" reported: Language phrase "TWinning" not found
L 10/24/2014 - 20:56:16: [SM] Displaying call stack trace for plugin "warmod.smx":
L 10/24/2014 - 20:56:16: [SM]   [0]  Line 2093, C:\csgo\csgo±‡“Î∆˜\warmod.sp::GetScoreMsg()
L 10/24/2014 - 20:56:16: [SM]   [1]  Line 2050, C:\csgo\csgo±‡“Î∆˜\warmod.sp::DisplayScore()
L 10/24/2014 - 20:56:16: [SM]   [2]  Line 3338, C:\csgo\csgo±‡“Î∆˜\warmod.sp::CheckScores()
L 10/24/2014 - 20:56:16: [SM]   [3]  Line 2365, C:\csgo\csgo±‡“Î∆˜\warmod.sp::Event_Round_End()
L 10/24/2014 - 20:57:14: [SM] Plugin encountered error 4: Invalid parameter or parameter type
L 10/24/2014 - 20:57:14: [SM] Native "Format" reported: Language phrase "TWinning" not found
L 10/24/2014 - 20:57:14: [SM] Displaying call stack trace for plugin "warmod.smx":
L 10/24/2014 - 20:57:14: [SM]   [0]  Line 2093, C:\csgo\csgo±‡“Î∆˜\warmod.sp::GetScoreMsg()
L 10/24/2014 - 20:57:14: [SM]   [1]  Line 2050, C:\csgo\csgo±‡“Î∆˜\warmod.sp::DisplayScore()
L 10/24/2014 - 20:57:14: [SM]   [2]  Line 3338, C:\csgo\csgo±‡“Î∆˜\warmod.sp::CheckScores()
L 10/24/2014 - 20:57:14: [SM]   [3]  Line 2365, C:\csgo\csgo±‡“Î∆˜\warmod.sp::Event_Round_End()
L 10/24/2014 - 20:59:23: [SM] Plugin encountered error 4: Invalid parameter or parameter type
L 10/24/2014 - 20:59:23: [SM] Native "Format" reported: Language phrase "TWinning" not found
L 10/24/2014 - 20:59:23: [SM] Displaying call stack trace for plugin "warmod.smx":
L 10/24/2014 - 20:59:23: [SM]   [0]  Line 2093, C:\csgo\csgo±‡“Î∆˜\warmod.sp::GetScoreMsg()
L 10/24/2014 - 20:59:23: [SM]   [1]  Line 2050, C:\csgo\csgo±‡“Î∆˜\warmod.sp::DisplayScore()
L 10/24/2014 - 20:59:23: [SM]   [2]  Line 3338, C:\csgo\csgo±‡“Î∆˜\warmod.sp::CheckScores()
L 10/24/2014 - 20:59:23: [SM]   [3]  Line 2365, C:\csgo\csgo±‡“Î∆˜\warmod.sp::Event_Round_End()
L 10/24/2014 - 21:00:37: [SM] Plugin encountered error 4: Invalid parameter or parameter type
L 10/24/2014 - 21:00:37: [SM] Native "Format" reported: Language phrase "TWinning" not found
L 10/24/2014 - 21:00:37: [SM] Displaying call stack trace for plugin "warmod.smx":
L 10/24/2014 - 21:00:37: [SM]   [0]  Line 2093, C:\csgo\csgo±‡“Î∆˜\warmod.sp::GetScoreMsg()
L 10/24/2014 - 21:00:37: [SM]   [1]  Line 2050, C:\csgo\csgo±‡“Î∆˜\warmod.sp::DisplayScore()
L 10/24/2014 - 21:00:37: [SM]   [2]  Line 3338, C:\csgo\csgo±‡“Î∆˜\warmod.sp::CheckScores()
L 10/24/2014 - 21:00:37: [SM]   [3]  Line 2365, C:\csgo\csgo±‡“Î∆˜\warmod.sp::Event_Round_End()
L 10/24/2014 - 21:01:26: [SM] Plugin encountered error 4: Invalid parameter or parameter type
L 10/24/2014 - 21:01:26: [SM] Native "Format" reported: Language phrase "TWinning" not found
L 10/24/2014 - 21:01:26: [SM] Displaying call stack trace for plugin "warmod.smx":
L 10/24/2014 - 21:01:26: [SM]   [0]  Line 2093, C:\csgo\csgo±‡“Î∆˜\warmod.sp::GetScoreMsg()
L 10/24/2014 - 21:01:26: [SM]   [1]  Line 2050, C:\csgo\csgo±‡“Î∆˜\warmod.sp::DisplayScore()
L 10/24/2014 - 21:01:26: [SM]   [2]  Line 3338, C:\csgo\csgo±‡“Î∆˜\warmod.sp::CheckScores()
L 10/24/2014 - 21:01:26: [SM]   [3]  Line 2365, C:\csgo\csgo±‡“Î∆˜\warmod.sp::Event_Round_End()
L 10/24/2014 - 21:02:24: [SM] Plugin encountered error 4: Invalid parameter or parameter type
L 10/24/2014 - 21:02:24: [SM] Native "Format" reported: Language phrase "TWinning" not found
L 10/24/2014 - 21:02:24: [SM] Displaying call stack trace for plugin "warmod.smx":
L 10/24/2014 - 21:02:24: [SM]   [0]  Line 2093, C:\csgo\csgo±‡“Î∆˜\warmod.sp::GetScoreMsg()
L 10/24/2014 - 21:02:24: [SM]   [1]  Line 2050, C:\csgo\csgo±‡“Î∆˜\warmod.sp::DisplayScore()
L 10/24/2014 - 21:02:24: [SM]   [2]  Line 3078, C:\csgo\csgo±‡“Î∆˜\warmod.sp::CheckScores()
L 10/24/2014 - 21:02:24: [SM]   [3]  Line 2365, C:\csgo\csgo±‡“Î∆˜\warmod.sp::Event_Round_End()
L 10/24/2014 - 21:03:13: [SM] Plugin encountered error 4: Invalid parameter or parameter type
L 10/24/2014 - 21:03:13: [SM] Native "Format" reported: Language phrase "TWinning" not found
L 10/24/2014 - 21:03:13: [SM] Displaying call stack trace for plugin "warmod.smx":
L 10/24/2014 - 21:03:13: [SM]   [0]  Line 2093, C:\csgo\csgo±‡“Î∆˜\warmod.sp::GetScoreMsg()
L 10/24/2014 - 21:03:13: [SM]   [1]  Line 2050, C:\csgo\csgo±‡“Î∆˜\warmod.sp::DisplayScore()
L 10/24/2014 - 21:03:13: [SM]   [2]  Line 3338, C:\csgo\csgo±‡“Î∆˜\warmod.sp::CheckScores()
L 10/24/2014 - 21:03:13: [SM]   [3]  Line 2365, C:\csgo\csgo±‡“Î∆˜\warmod.sp::Event_Round_End()
L 10/24/2014 - 21:04:24: [SM] Plugin encountered error 4: Invalid parameter or parameter type
L 10/24/2014 - 21:04:24: [SM] Native "Format" reported: Language phrase "TWinning" not found
L 10/24/2014 - 21:04:24: [SM] Displaying call stack trace for plugin "warmod.smx":
L 10/24/2014 - 21:04:24: [SM]   [0]  Line 2093, C:\csgo\csgo±‡“Î∆˜\warmod.sp::GetScoreMsg()
L 10/24/2014 - 21:04:24: [SM]   [1]  Line 2050, C:\csgo\csgo±‡“Î∆˜\warmod.sp::DisplayScore()
L 10/24/2014 - 21:04:24: [SM]   [2]  Line 3338, C:\csgo\csgo±‡“Î∆˜\warmod.sp::CheckScores()
L 10/24/2014 - 21:04:24: [SM]   [3]  Line 2365, C:\csgo\csgo±‡“Î∆˜\warmod.sp::Event_Round_End()
L 10/24/2014 - 21:05:27: [SM] Plugin encountered error 4: Invalid parameter or parameter type
L 10/24/2014 - 21:05:27: [SM] Native "Format" reported: Language phrase "TWinning" not found
L 10/24/2014 - 21:05:27: [SM] Displaying call stack trace for plugin "warmod.smx":
L 10/24/2014 - 21:05:27: [SM]   [0]  Line 2093, C:\csgo\csgo±‡“Î∆˜\warmod.sp::GetScoreMsg()
L 10/24/2014 - 21:05:27: [SM]   [1]  Line 2050, C:\csgo\csgo±‡“Î∆˜\warmod.sp::DisplayScore()
L 10/24/2014 - 21:05:27: [SM]   [2]  Line 3338, C:\csgo\csgo±‡“Î∆˜\warmod.sp::CheckScores()
L 10/24/2014 - 21:05:27: [SM]   [3]  Line 2365, C:\csgo\csgo±‡“Î∆˜\warmod.sp::Event_Round_End()
L 10/24/2014 - 21:07:09: [SM] Plugin encountered error 4: Invalid parameter or parameter type
L 10/24/2014 - 21:07:09: [SM] Native "Format" reported: Language phrase "TWinning" not found
L 10/24/2014 - 21:07:09: [SM] Displaying call stack trace for plugin "warmod.smx":
L 10/24/2014 - 21:07:09: [SM]   [0]  Line 2093, C:\csgo\csgo±‡“Î∆˜\warmod.sp::GetScoreMsg()
L 10/24/2014 - 21:07:09: [SM]   [1]  Line 2050, C:\csgo\csgo±‡“Î∆˜\warmod.sp::DisplayScore()
L 10/24/2014 - 21:07:09: [SM]   [2]  Line 3338, C:\csgo\csgo±‡“Î∆˜\warmod.sp::CheckScores()
L 10/24/2014 - 21:07:09: [SM]   [3]  Line 2365, C:\csgo\csgo±‡“Î∆˜\warmod.sp::Event_Round_End()
L 10/24/2014 - 21:08:03: [SM] Plugin encountered error 4: Invalid parameter or parameter type
L 10/24/2014 - 21:08:03: [SM] Native "Format" reported: Language phrase "TWinning" not found
L 10/24/2014 - 21:08:03: [SM] Displaying call stack trace for plugin "warmod.smx":
L 10/24/2014 - 21:08:03: [SM]   [0]  Line 2093, C:\csgo\csgo±‡“Î∆˜\warmod.sp::GetScoreMsg()
L 10/24/2014 - 21:08:03: [SM]   [1]  Line 2050, C:\csgo\csgo±‡“Î∆˜\warmod.sp::DisplayScore()
L 10/24/2014 - 21:08:03: [SM]   [2]  Line 3338, C:\csgo\csgo±‡“Î∆˜\warmod.sp::CheckScores()
L 10/24/2014 - 21:08:03: [SM]   [3]  Line 2365, C:\csgo\csgo±‡“Î∆˜\warmod.sp::Event_Round_End()
L 10/24/2014 - 21:08:58: [SM] Plugin encountered error 4: Invalid parameter or parameter type
L 10/24/2014 - 21:08:58: [SM] Native "Format" reported: Language phrase "TWinning" not found
L 10/24/2014 - 21:08:58: [SM] Displaying call stack trace for plugin "warmod.smx":
L 10/24/2014 - 21:08:58: [SM]   [0]  Line 2093, C:\csgo\csgo±‡“Î∆˜\warmod.sp::GetScoreMsg()
L 10/24/2014 - 21:08:58: [SM]   [1]  Line 2050, C:\csgo\csgo±‡“Î∆˜\warmod.sp::DisplayScore()
L 10/24/2014 - 21:08:58: [SM]   [2]  Line 3338, C:\csgo\csgo±‡“Î∆˜\warmod.sp::CheckScores()
L 10/24/2014 - 21:08:58: [SM]   [3]  Line 2365, C:\csgo\csgo±‡“Î∆˜\warmod.sp::Event_Round_End()
L 10/24/2014 - 21:10:36: [SM] Plugin encountered error 4: Invalid parameter or parameter type
L 10/24/2014 - 21:10:36: [SM] Native "Format" reported: Language phrase "TWinning" not found
L 10/24/2014 - 21:10:36: [SM] Displaying call stack trace for plugin "warmod.smx":
L 10/24/2014 - 21:10:36: [SM]   [0]  Line 2093, C:\csgo\csgo±‡“Î∆˜\warmod.sp::GetScoreMsg()
L 10/24/2014 - 21:10:36: [SM]   [1]  Line 2050, C:\csgo\csgo±‡“Î∆˜\warmod.sp::DisplayScore()
L 10/24/2014 - 21:10:36: [SM]   [2]  Line 3277, C:\csgo\csgo±‡“Î∆˜\warmod.sp::CheckScores()
L 10/24/2014 - 21:10:36: [SM]   [3]  Line 2365, C:\csgo\csgo±‡“Î∆˜\warmod.sp::Event_Round_End()
L 10/24/2014 - 21:11:07: [SM] Native "PrintToChat" reported: Client 12 is not in game
L 10/24/2014 - 21:11:07: [SM] Displaying call stack trace for plugin "!dao.smx":
L 10/24/2014 - 21:11:07: [SM]   [0]  Line 79, C:\csgo\csgo±‡“Î∆˜\!dao.sp::Timer_knifemsg()
L 10/24/2014 - 21:11:54: [SM] Plugin encountered error 4: Invalid parameter or parameter type
L 10/24/2014 - 21:11:54: [SM] Native "Format" reported: Language phrase "TWinning" not found
L 10/24/2014 - 21:11:54: [SM] Displaying call stack trace for plugin "warmod.smx":
L 10/24/2014 - 21:11:54: [SM]   [0]  Line 2093, C:\csgo\csgo±‡“Î∆˜\warmod.sp::GetScoreMsg()
L 10/24/2014 - 21:11:54: [SM]   [1]  Line 2050, C:\csgo\csgo±‡“Î∆˜\warmod.sp::DisplayScore()
L 10/24/2014 - 21:11:54: [SM]   [2]  Line 3338, C:\csgo\csgo±‡“Î∆˜\warmod.sp::CheckScores()
L 10/24/2014 - 21:11:54: [SM]   [3]  Line 2365, C:\csgo\csgo±‡“Î∆˜\warmod.sp::Event_Round_End()
L 10/24/2014 - 21:12:27: [SM] Plugin encountered error 4: Invalid parameter or parameter type
L 10/24/2014 - 21:12:27: [SM] Native "Format" reported: Language phrase "TWinning" not found
L 10/24/2014 - 21:12:27: [SM] Displaying call stack trace for plugin "warmod.smx":
L 10/24/2014 - 21:12:27: [SM]   [0]  Line 2093, C:\csgo\csgo±‡“Î∆˜\warmod.sp::GetScoreMsg()
L 10/24/2014 - 21:12:27: [SM]   [1]  Line 2050, C:\csgo\csgo±‡“Î∆˜\warmod.sp::DisplayScore()
L 10/24/2014 - 21:12:27: [SM]   [2]  Line 3338, C:\csgo\csgo±‡“Î∆˜\warmod.sp::CheckScores()
L 10/24/2014 - 21:12:27: [SM]   [3]  Line 2365, C:\csgo\csgo±‡“Î∆˜\warmod.sp::Event_Round_End()
L 10/24/2014 - 21:13:58: [SM] Plugin encountered error 4: Invalid parameter or parameter type
L 10/24/2014 - 21:13:58: [SM] Native "Format" reported: Language phrase "TWinning" not found
L 10/24/2014 - 21:13:58: [SM] Displaying call stack trace for plugin "warmod.smx":
L 10/24/2014 - 21:13:58: [SM]   [0]  Line 2093, C:\csgo\csgo±‡“Î∆˜\warmod.sp::GetScoreMsg()
L 10/24/2014 - 21:13:58: [SM]   [1]  Line 2050, C:\csgo\csgo±‡“Î∆˜\warmod.sp::DisplayScore()
L 10/24/2014 - 21:13:58: [SM]   [2]  Line 3338, C:\csgo\csgo±‡“Î∆˜\warmod.sp::CheckScores()
L 10/24/2014 - 21:13:58: [SM]   [3]  Line 2365, C:\csgo\csgo±‡“Î∆˜\warmod.sp::Event_Round_End()
L 10/24/2014 - 21:14:46: [SM] Plugin encountered error 4: Invalid parameter or parameter type
L 10/24/2014 - 21:14:46: [SM] Native "Format" reported: Language phrase "TWinning" not found
L 10/24/2014 - 21:14:46: [SM] Displaying call stack trace for plugin "warmod.smx":
L 10/24/2014 - 21:14:46: [SM]   [0]  Line 2093, C:\csgo\csgo±‡“Î∆˜\warmod.sp::GetScoreMsg()
L 10/24/2014 - 21:14:46: [SM]   [1]  Line 2050, C:\csgo\csgo±‡“Î∆˜\warmod.sp::DisplayScore()
L 10/24/2014 - 21:14:46: [SM]   [2]  Line 3338, C:\csgo\csgo±‡“Î∆˜\warmod.sp::CheckScores()
L 10/24/2014 - 21:14:46: [SM]   [3]  Line 2365, C:\csgo\csgo±‡“Î∆˜\warmod.sp::Event_Round_End()
L 10/24/2014 - 21:16:04: [SM] Plugin encountered error 4: Invalid parameter or parameter type
L 10/24/2014 - 21:16:04: [SM] Native "Format" reported: Language phrase "TWinning" not found
L 10/24/2014 - 21:16:04: [SM] Displaying call stack trace for plugin "warmod.smx":
L 10/24/2014 - 21:16:04: [SM]   [0]  Line 2093, C:\csgo\csgo±‡“Î∆˜\warmod.sp::GetScoreMsg()
L 10/24/2014 - 21:16:04: [SM]   [1]  Line 2050, C:\csgo\csgo±‡“Î∆˜\warmod.sp::DisplayScore()
L 10/24/2014 - 21:16:04: [SM]   [2]  Line 3338, C:\csgo\csgo±‡“Î∆˜\warmod.sp::CheckScores()
L 10/24/2014 - 21:16:04: [SM]   [3]  Line 2365, C:\csgo\csgo±‡“Î∆˜\warmod.sp::Event_Round_End()
L 10/24/2014 - 21:17:17: [SM] Plugin encountered error 4: Invalid parameter or parameter type
L 10/24/2014 - 21:17:17: [SM] Native "Format" reported: Language phrase "TWinning" not found
L 10/24/2014 - 21:17:17: [SM] Displaying call stack trace for plugin "warmod.smx":
L 10/24/2014 - 21:17:17: [SM]   [0]  Line 2093, C:\csgo\csgo±‡“Î∆˜\warmod.sp::GetScoreMsg()
L 10/24/2014 - 21:17:17: [SM]   [1]  Line 2050, C:\csgo\csgo±‡“Î∆˜\warmod.sp::DisplayScore()
L 10/24/2014 - 21:17:17: [SM]   [2]  Line 3338, C:\csgo\csgo±‡“Î∆˜\warmod.sp::CheckScores()
L 10/24/2014 - 21:17:17: [SM]   [3]  Line 2365, C:\csgo\csgo±‡“Î∆˜\warmod.sp::Event_Round_End()
L 10/24/2014 - 21:17:38: Error log file session closed.
L 10/24/2014 - 21:17:38: SourceMod error session started
L 10/24/2014 - 21:17:38: Info (map "de_nuke") (file "errors_20141024.log")
L 10/24/2014 - 21:17:38: [SM] Fatal error encountered parsing translation file "namechangepunisher.phrases.txt"
L 10/24/2014 - 21:17:38: [SM] Error (line 0, column 0): Stream failed to open
L 10/24/2014 - 21:17:38: [SM] Fatal error encountered parsing translation file "plugin.supercmds.txt"
L 10/24/2014 - 21:17:38: [SM] Error (line 0, column 0): Stream failed to open
L 10/24/2014 - 21:17:38: [basecommands.smx] Could not parse file (line 12, file "addons\sourcemod\configs\adminmenu_cfgs.txt"):
L 10/24/2014 - 21:17:38: [basecommands.smx] Parser encountered error: Section ending without a matching section beginning
L 10/24/2014 - 21:17:38: [warmod.smx] GameTech LiveWire - Socket error 3 (errno 11004)
L 10/24/2014 - 21:17:38: [sm_cmdx.smx] Unable to locate overrides file.
L 10/24/2014 - 21:17:38: [warmod.smx] GameTech LiveWire - Socket error 3 (errno 11004)
L 10/24/2014 - 21:17:43: [warmod.smx] Plug-in tEasyFTP.smx required to auto upload demos
L 10/24/2014 - 21:18:08: Error log file session closed.
L 10/24/2014 - 21:18:08: SourceMod error session started
L 10/24/2014 - 21:18:08: Info (map "de_mirage") (file "errors_20141024.log")
L 10/24/2014 - 21:18:08: [SM] Fatal error encountered parsing translation file "namechangepunisher.phrases.txt"
L 10/24/2014 - 21:18:08: [SM] Error (line 0, column 0): Stream failed to open
L 10/24/2014 - 21:18:08: [SM] Fatal error encountered parsing translation file "plugin.supercmds.txt"
L 10/24/2014 - 21:18:08: [SM] Error (line 0, column 0): Stream failed to open
L 10/24/2014 - 21:18:09: [basecommands.smx] Could not parse file (line 12, file "addons\sourcemod\configs\adminmenu_cfgs.txt"):
L 10/24/2014 - 21:18:09: [basecommands.smx] Parser encountered error: Section ending without a matching section beginning
L 10/24/2014 - 21:18:09: [warmod.smx] GameTech LiveWire - Socket error 3 (errno 11004)
L 10/24/2014 - 21:18:09: [sm_cmdx.smx] Unable to locate overrides file.
L 10/24/2014 - 21:18:09: [warmod.smx] GameTech LiveWire - Socket error 3 (errno 11004)
L 10/24/2014 - 21:18:09: [SM] Native "PrintToChat" reported: Client 7 is not in game
L 10/24/2014 - 21:18:09: [SM] Displaying call stack trace for plugin "!dao.smx":
L 10/24/2014 - 21:18:09: [SM]   [0]  Line 79, C:\csgo\csgo±‡“Î∆˜\!dao.sp::Timer_knifemsg()
L 10/24/2014 - 21:18:10: [SM] Native "PrintToChat" reported: Client 1 is not in game
L 10/24/2014 - 21:18:10: [SM] Displaying call stack trace for plugin "!dao.smx":
L 10/24/2014 - 21:18:10: [SM]   [0]  Line 79, C:\csgo\csgo±‡“Î∆˜\!dao.sp::Timer_knifemsg()
L 10/24/2014 - 21:18:11: [SM] Native "PrintToChat" reported: Client 12 is not in game
L 10/24/2014 - 21:18:11: [SM] Displaying call stack trace for plugin "!dao.smx":
L 10/24/2014 - 21:18:11: [SM]   [0]  Line 79, C:\csgo\csgo±‡“Î∆˜\!dao.sp::Timer_knifemsg()
L 10/24/2014 - 21:18:11: [SM] Native "PrintToChat" reported: Client 13 is not in game
L 10/24/2014 - 21:18:11: [SM] Displaying call stack trace for plugin "!dao.smx":
L 10/24/2014 - 21:18:11: [SM]   [0]  Line 79, C:\csgo\csgo±‡“Î∆˜\!dao.sp::Timer_knifemsg()
L 10/24/2014 - 21:18:11: [SM] Native "PrintToChat" reported: Client 14 is not in game
L 10/24/2014 - 21:18:11: [SM] Displaying call stack trace for plugin "!dao.smx":
L 10/24/2014 - 21:18:11: [SM]   [0]  Line 79, C:\csgo\csgo±‡“Î∆˜\!dao.sp::Timer_knifemsg()
L 10/24/2014 - 21:18:11: [SM] Native "PrintToChat" reported: Client 15 is not in game
L 10/24/2014 - 21:18:11: [SM] Displaying call stack trace for plugin "!dao.smx":
L 10/24/2014 - 21:18:11: [SM]   [0]  Line 79, C:\csgo\csgo±‡“Î∆˜\!dao.sp::Timer_knifemsg()
L 10/24/2014 - 21:18:11: [SM] Native "PrintToChat" reported: Client 16 is not in game
L 10/24/2014 - 21:18:11: [SM] Displaying call stack trace for plugin "!dao.smx":
L 10/24/2014 - 21:18:11: [SM]   [0]  Line 79, C:\csgo\csgo±‡“Î∆˜\!dao.sp::Timer_knifemsg()
L 10/24/2014 - 21:18:11: [SM] Native "PrintToChat" reported: Client 17 is not in game
L 10/24/2014 - 21:18:11: [SM] Displaying call stack trace for plugin "!dao.smx":
L 10/24/2014 - 21:18:11: [SM]   [0]  Line 79, C:\csgo\csgo±‡“Î∆˜\!dao.sp::Timer_knifemsg()
L 10/24/2014 - 21:18:11: [SM] Native "PrintToChat" reported: Client 18 is not in game
L 10/24/2014 - 21:18:11: [SM] Displaying call stack trace for plugin "!dao.smx":
L 10/24/2014 - 21:18:11: [SM]   [0]  Line 79, C:\csgo\csgo±‡“Î∆˜\!dao.sp::Timer_knifemsg()
L 10/24/2014 - 21:18:11: [SM] Native "PrintToChat" reported: Client 19 is not in game
L 10/24/2014 - 21:18:11: [SM] Displaying call stack trace for plugin "!dao.smx":
L 10/24/2014 - 21:18:11: [SM]   [0]  Line 79, C:\csgo\csgo±‡“Î∆˜\!dao.sp::Timer_knifemsg()
L 10/24/2014 - 21:18:11: [SM] Native "PrintToChat" reported: Client 20 is not in game
L 10/24/2014 - 21:18:11: [SM] Displaying call stack trace for plugin "!dao.smx":
L 10/24/2014 - 21:18:11: [SM]   [0]  Line 79, C:\csgo\csgo±‡“Î∆˜\!dao.sp::Timer_knifemsg()
L 10/24/2014 - 21:18:14: [warmod.smx] Plug-in tEasyFTP.smx required to auto upload demos
L 10/24/2014 - 21:18:17: [SM] Native "PrintToChat" reported: Client 10 is not in game
L 10/24/2014 - 21:18:17: [SM] Displaying call stack trace for plugin "!dao.smx":
L 10/24/2014 - 21:18:17: [SM]   [0]  Line 79, C:\csgo\csgo±‡“Î∆˜\!dao.sp::Timer_knifemsg()
L 10/24/2014 - 21:18:22: [SM] Native "PrintToChat" reported: Client 11 is not in game
L 10/24/2014 - 21:18:22: [SM] Displaying call stack trace for plugin "!dao.smx":
L 10/24/2014 - 21:18:22: [SM]   [0]  Line 79, C:\csgo\csgo±‡“Î∆˜\!dao.sp::Timer_knifemsg()
L 10/24/2014 - 21:18:59: [SM] Plugin encountered error 4: Invalid parameter or parameter type
L 10/24/2014 - 21:18:59: [SM] Native "VFormat" reported: Language phrase "Match Live1" not found
L 10/24/2014 - 21:18:59: [SM] Displaying call stack trace for plugin "warmod.smx":
L 10/24/2014 - 21:18:59: [SM]   [0]  Line 328, C:\csgo\csgo±‡“Î∆˜\include\halflife.inc::PrintToChatAll()
L 10/24/2014 - 21:18:59: [SM]   [1]  Line 3981, C:\csgo\csgo±‡“Î∆˜\warmod.sp::LiveOn3Override()
L 10/24/2014 - 21:18:59: [SM]   [2]  Line 3963, C:\csgo\csgo±‡“Î∆˜\warmod.sp::LiveOn3()
L 10/24/2014 - 21:18:59: [SM]   [3]  Line 3827, C:\csgo\csgo±‡“Î∆˜\warmod.sp::CheckReady()
L 10/24/2014 - 21:18:59: [SM]   [4]  Line 3767, C:\csgo\csgo±‡“Î∆˜\warmod.sp::ReadyServ()
L 10/24/2014 - 21:18:59: [SM]   [5]  Line 1529, C:\csgo\csgo±‡“Î∆˜\warmod.sp::ReadyUp()
L 10/24/2014 - 21:18:59: [SM]   [6]  Line 5517, C:\csgo\csgo±‡“Î∆˜\warmod.sp::SayChat()
L 10/24/2014 - 21:20:35: [SM] Plugin encountered error 4: Invalid parameter or parameter type
L 10/24/2014 - 21:20:35: [SM] Native "Format" reported: Language phrase "TWinning" not found
L 10/24/2014 - 21:20:35: [SM] Displaying call stack trace for plugin "warmod.smx":
L 10/24/2014 - 21:20:35: [SM]   [0]  Line 2093, C:\csgo\csgo±‡“Î∆˜\warmod.sp::GetScoreMsg()
L 10/24/2014 - 21:20:35: [SM]   [1]  Line 2050, C:\csgo\csgo±‡“Î∆˜\warmod.sp::DisplayScore()
L 10/24/2014 - 21:20:35: [SM]   [2]  Line 3338, C:\csgo\csgo±‡“Î∆˜\warmod.sp::CheckScores()
L 10/24/2014 - 21:20:35: [SM]   [3]  Line 2365, C:\csgo\csgo±‡“Î∆˜\warmod.sp::Event_Round_End()
L 10/24/2014 - 21:21:20: [SM] Plugin encountered error 4: Invalid parameter or parameter type
L 10/24/2014 - 21:21:20: [SM] Native "Format" reported: Language phrase "TWinning" not found
L 10/24/2014 - 21:21:20: [SM] Displaying call stack trace for plugin "warmod.smx":
L 10/24/2014 - 21:21:20: [SM]   [0]  Line 2093, C:\csgo\csgo±‡“Î∆˜\warmod.sp::GetScoreMsg()
L 10/24/2014 - 21:21:20: [SM]   [1]  Line 2050, C:\csgo\csgo±‡“Î∆˜\warmod.sp::DisplayScore()
L 10/24/2014 - 21:21:20: [SM]   [2]  Line 3338, C:\csgo\csgo±‡“Î∆˜\warmod.sp::CheckScores()
L 10/24/2014 - 21:21:20: [SM]   [3]  Line 2365, C:\csgo\csgo±‡“Î∆˜\warmod.sp::Event_Round_End()
L 10/24/2014 - 21:22:01: [SM] Plugin encountered error 4: Invalid parameter or parameter type
L 10/24/2014 - 21:22:01: [SM] Native "Format" reported: Language phrase "TWinning" not found
L 10/24/2014 - 21:22:01: [SM] Displaying call stack trace for plugin "warmod.smx":
L 10/24/2014 - 21:22:01: [SM]   [0]  Line 2093, C:\csgo\csgo±‡“Î∆˜\warmod.sp::GetScoreMsg()
L 10/24/2014 - 21:22:01: [SM]   [1]  Line 2050, C:\csgo\csgo±‡“Î∆˜\warmod.sp::DisplayScore()
L 10/24/2014 - 21:22:01: [SM]   [2]  Line 3338, C:\csgo\csgo±‡“Î∆˜\warmod.sp::CheckScores()
L 10/24/2014 - 21:22:01: [SM]   [3]  Line 2365, C:\csgo\csgo±‡“Î∆˜\warmod.sp::Event_Round_End()
L 10/24/2014 - 21:23:03: [SM] Plugin encountered error 4: Invalid parameter or parameter type
L 10/24/2014 - 21:23:03: [SM] Native "Format" reported: Language phrase "TWinning" not found
L 10/24/2014 - 21:23:03: [SM] Displaying call stack trace for plugin "warmod.smx":
L 10/24/2014 - 21:23:03: [SM]   [0]  Line 2093, C:\csgo\csgo±‡“Î∆˜\warmod.sp::GetScoreMsg()
L 10/24/2014 - 21:23:03: [SM]   [1]  Line 2050, C:\csgo\csgo±‡“Î∆˜\warmod.sp::DisplayScore()
L 10/24/2014 - 21:23:03: [SM]   [2]  Line 3338, C:\csgo\csgo±‡“Î∆˜\warmod.sp::CheckScores()
L 10/24/2014 - 21:23:03: [SM]   [3]  Line 2365, C:\csgo\csgo±‡“Î∆˜\warmod.sp::Event_Round_End()
L 10/24/2014 - 21:24:10: [SM] Plugin encountered error 4: Invalid parameter or parameter type
L 10/24/2014 - 21:24:10: [SM] Native "Format" reported: Language phrase "TWinning" not found
L 10/24/2014 - 21:24:10: [SM] Displaying call stack trace for plugin "warmod.smx":
L 10/24/2014 - 21:24:10: [SM]   [0]  Line 2093, C:\csgo\csgo±‡“Î∆˜\warmod.sp::GetScoreMsg()
L 10/24/2014 - 21:24:10: [SM]   [1]  Line 2050, C:\csgo\csgo±‡“Î∆˜\warmod.sp::DisplayScore()
L 10/24/2014 - 21:24:10: [SM]   [2]  Line 3338, C:\csgo\csgo±‡“Î∆˜\warmod.sp::CheckScores()
L 10/24/2014 - 21:24:10: [SM]   [3]  Line 2365, C:\csgo\csgo±‡“Î∆˜\warmod.sp::Event_Round_End()
L 10/24/2014 - 21:25:19: [SM] Plugin encountered error 4: Invalid parameter or parameter type
L 10/24/2014 - 21:25:19: [SM] Native "Format" reported: Language phrase "TWinning" not found
L 10/24/2014 - 21:25:19: [SM] Displaying call stack trace for plugin "warmod.smx":
L 10/24/2014 - 21:25:19: [SM]   [0]  Line 2093, C:\csgo\csgo±‡“Î∆˜\warmod.sp::GetScoreMsg()
L 10/24/2014 - 21:25:19: [SM]   [1]  Line 2050, C:\csgo\csgo±‡“Î∆˜\warmod.sp::DisplayScore()
L 10/24/2014 - 21:25:19: [SM]   [2]  Line 3338, C:\csgo\csgo±‡“Î∆˜\warmod.sp::CheckScores()
L 10/24/2014 - 21:25:19: [SM]   [3]  Line 2365, C:\csgo\csgo±‡“Î∆˜\warmod.sp::Event_Round_End()
L 10/24/2014 - 21:26:45: [SM] Plugin encountered error 4: Invalid parameter or parameter type
L 10/24/2014 - 21:26:45: [SM] Native "Format" reported: Language phrase "TWinning" not found
L 10/24/2014 - 21:26:45: [SM] Displaying call stack trace for plugin "warmod.smx":
L 10/24/2014 - 21:26:45: [SM]   [0]  Line 2093, C:\csgo\csgo±‡“Î∆˜\warmod.sp::GetScoreMsg()
L 10/24/2014 - 21:26:45: [SM]   [1]  Line 2050, C:\csgo\csgo±‡“Î∆˜\warmod.sp::DisplayScore()
L 10/24/2014 - 21:26:45: [SM]   [2]  Line 3338, C:\csgo\csgo±‡“Î∆˜\warmod.sp::CheckScores()
L 10/24/2014 - 21:26:45: [SM]   [3]  Line 2365, C:\csgo\csgo±‡“Î∆˜\warmod.sp::Event_Round_End()
L 10/24/2014 - 21:28:17: [SM] Plugin encountered error 4: Invalid parameter or parameter type
L 10/24/2014 - 21:28:17: [SM] Native "Format" reported: Language phrase "TWinning" not found
L 10/24/2014 - 21:28:17: [SM] Displaying call stack trace for plugin "warmod.smx":
L 10/24/2014 - 21:28:17: [SM]   [0]  Line 2093, C:\csgo\csgo±‡“Î∆˜\warmod.sp::GetScoreMsg()
L 10/24/2014 - 21:28:17: [SM]   [1]  Line 2050, C:\csgo\csgo±‡“Î∆˜\warmod.sp::DisplayScore()
L 10/24/2014 - 21:28:17: [SM]   [2]  Line 3338, C:\csgo\csgo±‡“Î∆˜\warmod.sp::CheckScores()
L 10/24/2014 - 21:28:17: [SM]   [3]  Line 2365, C:\csgo\csgo±‡“Î∆˜\warmod.sp::Event_Round_End()
L 10/24/2014 - 21:29:20: [SM] Plugin encountered error 4: Invalid parameter or parameter type
L 10/24/2014 - 21:29:20: [SM] Native "Format" reported: Language phrase "TWinning" not found
L 10/24/2014 - 21:29:20: [SM] Displaying call stack trace for plugin "warmod.smx":
L 10/24/2014 - 21:29:20: [SM]   [0]  Line 2093, C:\csgo\csgo±‡“Î∆˜\warmod.sp::GetScoreMsg()
L 10/24/2014 - 21:29:20: [SM]   [1]  Line 2050, C:\csgo\csgo±‡“Î∆˜\warmod.sp::DisplayScore()
L 10/24/2014 - 21:29:20: [SM]   [2]  Line 3338, C:\csgo\csgo±‡“Î∆˜\warmod.sp::CheckScores()
L 10/24/2014 - 21:29:20: [SM]   [3]  Line 2365, C:\csgo\csgo±‡“Î∆˜\warmod.sp::Event_Round_End()
L 10/24/2014 - 21:30:30: [SM] Plugin encountered error 4: Invalid parameter or parameter type
L 10/24/2014 - 21:30:30: [SM] Native "Format" reported: Language phrase "TWinning" not found
L 10/24/2014 - 21:30:30: [SM] Displaying call stack trace for plugin "warmod.smx":
L 10/24/2014 - 21:30:30: [SM]   [0]  Line 2093, C:\csgo\csgo±‡“Î∆˜\warmod.sp::GetScoreMsg()
L 10/24/2014 - 21:30:30: [SM]   [1]  Line 2050, C:\csgo\csgo±‡“Î∆˜\warmod.sp::DisplayScore()
L 10/24/2014 - 21:30:30: [SM]   [2]  Line 3338, C:\csgo\csgo±‡“Î∆˜\warmod.sp::CheckScores()
L 10/24/2014 - 21:30:30: [SM]   [3]  Line 2365, C:\csgo\csgo±‡“Î∆˜\warmod.sp::Event_Round_End()
L 10/24/2014 - 21:31:39: [SM] Plugin encountered error 4: Invalid parameter or parameter type
L 10/24/2014 - 21:31:39: [SM] Native "Format" reported: Language phrase "TWinning" not found
L 10/24/2014 - 21:31:39: [SM] Displaying call stack trace for plugin "warmod.smx":
L 10/24/2014 - 21:31:39: [SM]   [0]  Line 2093, C:\csgo\csgo±‡“Î∆˜\warmod.sp::GetScoreMsg()
L 10/24/2014 - 21:31:39: [SM]   [1]  Line 2050, C:\csgo\csgo±‡“Î∆˜\warmod.sp::DisplayScore()
L 10/24/2014 - 21:31:39: [SM]   [2]  Line 3338, C:\csgo\csgo±‡“Î∆˜\warmod.sp::CheckScores()
L 10/24/2014 - 21:31:39: [SM]   [3]  Line 2365, C:\csgo\csgo±‡“Î∆˜\warmod.sp::Event_Round_End()
L 10/24/2014 - 21:32:31: [SM] Plugin encountered error 4: Invalid parameter or parameter type
L 10/24/2014 - 21:32:31: [SM] Native "Format" reported: Language phrase "TWinning" not found
L 10/24/2014 - 21:32:31: [SM] Displaying call stack trace for plugin "warmod.smx":
L 10/24/2014 - 21:32:31: [SM]   [0]  Line 2093, C:\csgo\csgo±‡“Î∆˜\warmod.sp::GetScoreMsg()
L 10/24/2014 - 21:32:31: [SM]   [1]  Line 2050, C:\csgo\csgo±‡“Î∆˜\warmod.sp::DisplayScore()
L 10/24/2014 - 21:32:31: [SM]   [2]  Line 3338, C:\csgo\csgo±‡“Î∆˜\warmod.sp::CheckScores()
L 10/24/2014 - 21:32:31: [SM]   [3]  Line 2365, C:\csgo\csgo±‡“Î∆˜\warmod.sp::Event_Round_End()
L 10/24/2014 - 21:33:50: [SM] Plugin encountered error 4: Invalid parameter or parameter type
L 10/24/2014 - 21:33:50: [SM] Native "Format" reported: Language phrase "TWinning" not found
L 10/24/2014 - 21:33:50: [SM] Displaying call stack trace for plugin "warmod.smx":
L 10/24/2014 - 21:33:50: [SM]   [0]  Line 2093, C:\csgo\csgo±‡“Î∆˜\warmod.sp::GetScoreMsg()
L 10/24/2014 - 21:33:50: [SM]   [1]  Line 2050, C:\csgo\csgo±‡“Î∆˜\warmod.sp::DisplayScore()
L 10/24/2014 - 21:33:50: [SM]   [2]  Line 3338, C:\csgo\csgo±‡“Î∆˜\warmod.sp::CheckScores()
L 10/24/2014 - 21:33:50: [SM]   [3]  Line 2365, C:\csgo\csgo±‡“Î∆˜\warmod.sp::Event_Round_End()
L 10/24/2014 - 21:34:41: [SM] Plugin encountered error 4: Invalid parameter or parameter type
L 10/24/2014 - 21:34:41: [SM] Native "Format" reported: Language phrase "TWinning" not found
L 10/24/2014 - 21:34:41: [SM] Displaying call stack trace for plugin "warmod.smx":
L 10/24/2014 - 21:34:41: [SM]   [0]  Line 2093, C:\csgo\csgo±‡“Î∆˜\warmod.sp::GetScoreMsg()
L 10/24/2014 - 21:34:41: [SM]   [1]  Line 2050, C:\csgo\csgo±‡“Î∆˜\warmod.sp::DisplayScore()
L 10/24/2014 - 21:34:41: [SM]   [2]  Line 3338, C:\csgo\csgo±‡“Î∆˜\warmod.sp::CheckScores()
L 10/24/2014 - 21:34:41: [SM]   [3]  Line 2365, C:\csgo\csgo±‡“Î∆˜\warmod.sp::Event_Round_End()
L 10/24/2014 - 21:35:54: [SM] Native "PrintToChat" reported: Client 11 is not in game
L 10/24/2014 - 21:35:54: [SM] Displaying call stack trace for plugin "!dao.smx":
L 10/24/2014 - 21:35:54: [SM]   [0]  Line 79, C:\csgo\csgo±‡“Î∆˜\!dao.sp::Timer_knifemsg()
L 10/24/2014 - 21:36:20: [SM] Plugin encountered error 4: Invalid parameter or parameter type
L 10/24/2014 - 21:36:20: [SM] Native "Format" reported: Language phrase "TWinning" not found
L 10/24/2014 - 21:36:20: [SM] Displaying call stack trace for plugin "warmod.smx":
L 10/24/2014 - 21:36:20: [SM]   [0]  Line 2093, C:\csgo\csgo±‡“Î∆˜\warmod.sp::GetScoreMsg()
L 10/24/2014 - 21:36:20: [SM]   [1]  Line 2050, C:\csgo\csgo±‡“Î∆˜\warmod.sp::DisplayScore()
L 10/24/2014 - 21:36:20: [SM]   [2]  Line 3078, C:\csgo\csgo±‡“Î∆˜\warmod.sp::CheckScores()
L 10/24/2014 - 21:36:20: [SM]   [3]  Line 2365, C:\csgo\csgo±‡“Î∆˜\warmod.sp::Event_Round_End()
L 10/24/2014 - 21:37:21: [SM] Plugin encountered error 4: Invalid parameter or parameter type
L 10/24/2014 - 21:37:21: [SM] Native "Format" reported: Language phrase "TWinning" not found
L 10/24/2014 - 21:37:21: [SM] Displaying call stack trace for plugin "warmod.smx":
L 10/24/2014 - 21:37:21: [SM]   [0]  Line 2093, C:\csgo\csgo±‡“Î∆˜\warmod.sp::GetScoreMsg()
L 10/24/2014 - 21:37:21: [SM]   [1]  Line 2050, C:\csgo\csgo±‡“Î∆˜\warmod.sp::DisplayScore()
L 10/24/2014 - 21:37:21: [SM]   [2]  Line 3338, C:\csgo\csgo±‡“Î∆˜\warmod.sp::CheckScores()
L 10/24/2014 - 21:37:21: [SM]   [3]  Line 2365, C:\csgo\csgo±‡“Î∆˜\warmod.sp::Event_Round_End()
L 10/24/2014 - 21:38:45: [SM] Plugin encountered error 4: Invalid parameter or parameter type
L 10/24/2014 - 21:38:45: [SM] Native "Format" reported: Language phrase "TWinning" not found
L 10/24/2014 - 21:38:45: [SM] Displaying call stack trace for plugin "warmod.smx":
L 10/24/2014 - 21:38:45: [SM]   [0]  Line 2093, C:\csgo\csgo±‡“Î∆˜\warmod.sp::GetScoreMsg()
L 10/24/2014 - 21:38:45: [SM]   [1]  Line 2050, C:\csgo\csgo±‡“Î∆˜\warmod.sp::DisplayScore()
L 10/24/2014 - 21:38:45: [SM]   [2]  Line 3338, C:\csgo\csgo±‡“Î∆˜\warmod.sp::CheckScores()
L 10/24/2014 - 21:38:45: [SM]   [3]  Line 2365, C:\csgo\csgo±‡“Î∆˜\warmod.sp::Event_Round_End()
L 10/24/2014 - 21:39:44: [SM] Plugin encountered error 4: Invalid parameter or parameter type
L 10/24/2014 - 21:39:44: [SM] Native "Format" reported: Language phrase "TWinning" not found
L 10/24/2014 - 21:39:44: [SM] Displaying call stack trace for plugin "warmod.smx":
L 10/24/2014 - 21:39:44: [SM]   [0]  Line 2093, C:\csgo\csgo±‡“Î∆˜\warmod.sp::GetScoreMsg()
L 10/24/2014 - 21:39:44: [SM]   [1]  Line 2050, C:\csgo\csgo±‡“Î∆˜\warmod.sp::DisplayScore()
L 10/24/2014 - 21:39:44: [SM]   [2]  Line 3338, C:\csgo\csgo±‡“Î∆˜\warmod.sp::CheckScores()
L 10/24/2014 - 21:39:44: [SM]   [3]  Line 2365, C:\csgo\csgo±‡“Î∆˜\warmod.sp::Event_Round_End()
L 10/24/2014 - 21:41:09: [SM] Plugin encountered error 4: Invalid parameter or parameter type
L 10/24/2014 - 21:41:09: [SM] Native "Format" reported: Language phrase "TWinning" not found
L 10/24/2014 - 21:41:09: [SM] Displaying call stack trace for plugin "warmod.smx":
L 10/24/2014 - 21:41:09: [SM]   [0]  Line 2093, C:\csgo\csgo±‡“Î∆˜\warmod.sp::GetScoreMsg()
L 10/24/2014 - 21:41:09: [SM]   [1]  Line 2050, C:\csgo\csgo±‡“Î∆˜\warmod.sp::DisplayScore()
L 10/24/2014 - 21:41:09: [SM]   [2]  Line 3338, C:\csgo\csgo±‡“Î∆˜\warmod.sp::CheckScores()
L 10/24/2014 - 21:41:09: [SM]   [3]  Line 2365, C:\csgo\csgo±‡“Î∆˜\warmod.sp::Event_Round_End()
L 10/24/2014 - 21:42:09: [SM] Plugin encountered error 4: Invalid parameter or parameter type
L 10/24/2014 - 21:42:09: [SM] Native "Format" reported: Language phrase "TWinning" not found
L 10/24/2014 - 21:42:09: [SM] Displaying call stack trace for plugin "warmod.smx":
L 10/24/2014 - 21:42:09: [SM]   [0]  Line 2093, C:\csgo\csgo±‡“Î∆˜\warmod.sp::GetScoreMsg()
L 10/24/2014 - 21:42:09: [SM]   [1]  Line 2050, C:\csgo\csgo±‡“Î∆˜\warmod.sp::DisplayScore()
L 10/24/2014 - 21:42:09: [SM]   [2]  Line 3338, C:\csgo\csgo±‡“Î∆˜\warmod.sp::CheckScores()
L 10/24/2014 - 21:42:09: [SM]   [3]  Line 2365, C:\csgo\csgo±‡“Î∆˜\warmod.sp::Event_Round_End()
L 10/24/2014 - 21:43:46: [SM] Plugin encountered error 4: Invalid parameter or parameter type
L 10/24/2014 - 21:43:46: [SM] Native "Format" reported: Language phrase "TWinning" not found
L 10/24/2014 - 21:43:46: [SM] Displaying call stack trace for plugin "warmod.smx":
L 10/24/2014 - 21:43:46: [SM]   [0]  Line 2093, C:\csgo\csgo±‡“Î∆˜\warmod.sp::GetScoreMsg()
L 10/24/2014 - 21:43:46: [SM]   [1]  Line 2050, C:\csgo\csgo±‡“Î∆˜\warmod.sp::DisplayScore()
L 10/24/2014 - 21:43:46: [SM]   [2]  Line 3338, C:\csgo\csgo±‡“Î∆˜\warmod.sp::CheckScores()
L 10/24/2014 - 21:43:46: [SM]   [3]  Line 2365, C:\csgo\csgo±‡“Î∆˜\warmod.sp::Event_Round_End()
L 10/24/2014 - 21:45:48: Error log file session closed.
L 10/24/2014 - 21:45:48: SourceMod error session started
L 10/24/2014 - 21:45:48: Info (map "de_inferno") (file "errors_20141024.log")
L 10/24/2014 - 21:45:48: [SM] Fatal error encountered parsing translation file "namechangepunisher.phrases.txt"
L 10/24/2014 - 21:45:48: [SM] Error (line 0, column 0): Stream failed to open
L 10/24/2014 - 21:45:48: [SM] Fatal error encountered parsing translation file "plugin.supercmds.txt"
L 10/24/2014 - 21:45:48: [SM] Error (line 0, column 0): Stream failed to open
L 10/24/2014 - 21:45:48: [basecommands.smx] Could not parse file (line 12, file "addons\sourcemod\configs\adminmenu_cfgs.txt"):
L 10/24/2014 - 21:45:48: [basecommands.smx] Parser encountered error: Section ending without a matching section beginning
L 10/24/2014 - 21:45:48: [warmod.smx] GameTech LiveWire - Socket error 3 (errno 11004)
L 10/24/2014 - 21:45:48: [sm_cmdx.smx] Unable to locate overrides file.
L 10/24/2014 - 21:45:48: [warmod.smx] GameTech LiveWire - Socket error 3 (errno 11004)
L 10/24/2014 - 21:45:53: [warmod.smx] Plug-in tEasyFTP.smx required to auto upload demos
L 10/24/2014 - 21:46:02: [SM] Native "CS_RespawnPlayer" reported: Client index 7 is not valid
L 10/24/2014 - 21:46:02: [SM] Displaying call stack trace for plugin "warmod.smx":
L 10/24/2014 - 21:46:02: [SM]   [0]  Line 6417, C:\csgo\csgo±‡“Î∆˜\warmod.sp::RespawnPlayer()
L 10/24/2014 - 21:46:11: [SM] Native "PrintToChat" reported: Client 9 is not in game
L 10/24/2014 - 21:46:11: [SM] Displaying call stack trace for plugin "!dao.smx":
L 10/24/2014 - 21:46:11: [SM]   [0]  Line 79, C:\csgo\csgo±‡“Î∆˜\!dao.sp::Timer_knifemsg()
L 10/24/2014 - 21:46:17: [SM] Native "PrintToChat" reported: Client 7 is not in game
L 10/24/2014 - 21:46:17: [SM] Displaying call stack trace for plugin "!dao.smx":
L 10/24/2014 - 21:46:17: [SM]   [0]  Line 79, C:\csgo\csgo±‡“Î∆˜\!dao.sp::Timer_knifemsg()
L 10/24/2014 - 21:46:17: [SM] Native "PrintToChat" reported: Client 11 is not in game
L 10/24/2014 - 21:46:17: [SM] Displaying call stack trace for plugin "!dao.smx":
L 10/24/2014 - 21:46:17: [SM]   [0]  Line 79, C:\csgo\csgo±‡“Î∆˜\!dao.sp::Timer_knifemsg()
L 10/24/2014 - 21:46:17: [SM] Native "PrintToChat" reported: Client 13 is not in game
L 10/24/2014 - 21:46:17: [SM] Displaying call stack trace for plugin "!dao.smx":
L 10/24/2014 - 21:46:17: [SM]   [0]  Line 79, C:\csgo\csgo±‡“Î∆˜\!dao.sp::Timer_knifemsg()
L 10/24/2014 - 21:46:22: [SM] Native "PrintToChat" reported: Client 7 is not in game
L 10/24/2014 - 21:46:22: [SM] Displaying call stack trace for plugin "!dao.smx":
L 10/24/2014 - 21:46:22: [SM]   [0]  Line 79, C:\csgo\csgo±‡“Î∆˜\!dao.sp::Timer_knifemsg()
L 10/24/2014 - 22:08:36: Error log file session closed.
L 10/24/2014 - 22:08:36: SourceMod error session started
L 10/24/2014 - 22:08:36: Info (map "de_inferno") (file "errors_20141024.log")
L 10/24/2014 - 22:08:36: [SM] Fatal error encountered parsing translation file "namechangepunisher.phrases.txt"
L 10/24/2014 - 22:08:36: [SM] Error (line 0, column 0): Stream failed to open
L 10/24/2014 - 22:08:36: [SM] Fatal error encountered parsing translation file "plugin.supercmds.txt"
L 10/24/2014 - 22:08:36: [SM] Error (line 0, column 0): Stream failed to open
L 10/24/2014 - 22:08:36: [basecommands.smx] Could not parse file (line 12, file "addons\sourcemod\configs\adminmenu_cfgs.txt"):
L 10/24/2014 - 22:08:36: [basecommands.smx] Parser encountered error: Section ending without a matching section beginning
L 10/24/2014 - 22:08:36: [warmod.smx] GameTech LiveWire - Socket error 3 (errno 11004)
L 10/24/2014 - 22:08:36: [sm_cmdx.smx] Unable to locate overrides file.
L 10/24/2014 - 22:08:37: [warmod.smx] GameTech LiveWire - Socket error 3 (errno 11004)
L 10/24/2014 - 22:08:41: [warmod.smx] Plug-in tEasyFTP.smx required to auto upload demos
L 10/24/2014 - 22:33:09: Error log file session closed.
L 10/24/2014 - 22:33:09: SourceMod error session started
L 10/24/2014 - 22:33:09: Info (map "de_inferno") (file "errors_20141024.log")
L 10/24/2014 - 22:33:09: [SM] Fatal error encountered parsing translation file "namechangepunisher.phrases.txt"
L 10/24/2014 - 22:33:09: [SM] Error (line 0, column 0): Stream failed to open
L 10/24/2014 - 22:33:09: [SM] Fatal error encountered parsing translation file "plugin.supercmds.txt"
L 10/24/2014 - 22:33:09: [SM] Error (line 0, column 0): Stream failed to open
L 10/24/2014 - 22:33:09: [basecommands.smx] Could not parse file (line 12, file "addons\sourcemod\configs\adminmenu_cfgs.txt"):
L 10/24/2014 - 22:33:09: [basecommands.smx] Parser encountered error: Section ending without a matching section beginning
L 10/24/2014 - 22:33:09: [warmod.smx] GameTech LiveWire - Socket error 3 (errno 11004)
L 10/24/2014 - 22:33:09: [sm_cmdx.smx] Unable to locate overrides file.
L 10/24/2014 - 22:33:09: [warmod.smx] GameTech LiveWire - Socket error 3 (errno 11004)
L 10/24/2014 - 22:33:14: [warmod.smx] Plug-in tEasyFTP.smx required to auto upload demos
L 10/24/2014 - 22:47:09: [SM] Native "PrintToChat" reported: Client 4 is not in game
L 10/24/2014 - 22:47:09: [SM] Displaying call stack trace for plugin "!dao.smx":
L 10/24/2014 - 22:47:09: [SM]   [0]  Line 79, C:\csgo\csgo±‡“Î∆˜\!dao.sp::Timer_knifemsg()
L 10/24/2014 - 22:47:09: Error log file session closed.
L 10/24/2014 - 22:47:09: SourceMod error session started
L 10/24/2014 - 22:47:09: Info (map "de_inferno") (file "errors_20141024.log")
L 10/24/2014 - 22:47:09: [SM] Fatal error encountered parsing translation file "namechangepunisher.phrases.txt"
L 10/24/2014 - 22:47:09: [SM] Error (line 0, column 0): Stream failed to open
L 10/24/2014 - 22:47:09: [SM] Fatal error encountered parsing translation file "plugin.supercmds.txt"
L 10/24/2014 - 22:47:09: [SM] Error (line 0, column 0): Stream failed to open
L 10/24/2014 - 22:47:10: [basecommands.smx] Could not parse file (line 12, file "addons\sourcemod\configs\adminmenu_cfgs.txt"):
L 10/24/2014 - 22:47:10: [basecommands.smx] Parser encountered error: Section ending without a matching section beginning
L 10/24/2014 - 22:47:10: [warmod.smx] GameTech LiveWire - Socket error 3 (errno 11004)
L 10/24/2014 - 22:47:10: [sm_cmdx.smx] Unable to locate overrides file.
L 10/24/2014 - 22:47:14: [warmod.smx] Plug-in tEasyFTP.smx required to auto upload demos
L 10/24/2014 - 22:47:16: [warmod.smx] GameTech LiveWire - Socket error 3 (errno 11004)
