L 11/11/2014 - 17:32:25: SourceMod error session started
L 11/11/2014 - 17:32:25: Info (map "de_cache") (file "errors_20141111.log")
L 11/11/2014 - 17:32:25: Error log file session closed.
L 11/11/2014 - 17:32:25: SourceMod error session started
L 11/11/2014 - 17:32:25: Info (map "de_cache") (file "errors_20141111.log")
L 11/11/2014 - 17:32:25: [SM] Fatal error encountered parsing translation file "namechangepunisher.phrases.txt"
L 11/11/2014 - 17:32:25: [SM] Error (line 0, column 0): Stream failed to open
L 11/11/2014 - 17:32:25: [SM] Fatal error encountered parsing translation file "plugin.supercmds.txt"
L 11/11/2014 - 17:32:25: [SM] Error (line 0, column 0): Stream failed to open
L 11/11/2014 - 17:32:25: [basecommands.smx] Could not parse file (line 12, file "addons\sourcemod\configs\adminmenu_cfgs.txt"):
L 11/11/2014 - 17:32:25: [basecommands.smx] Parser encountered error: Section ending without a matching section beginning
L 11/11/2014 - 17:32:25: [sm_cmdx.smx] Unable to locate overrides file.
L 11/11/2014 - 18:42:35: Error log file session closed.
L 11/11/2014 - 18:42:35: SourceMod error session started
L 11/11/2014 - 18:42:35: Info (map "de_cache") (file "errors_20141111.log")
L 11/11/2014 - 18:42:35: [SM] Fatal error encountered parsing translation file "namechangepunisher.phrases.txt"
L 11/11/2014 - 18:42:35: [SM] Error (line 0, column 0): Stream failed to open
L 11/11/2014 - 18:42:35: [SM] Fatal error encountered parsing translation file "plugin.supercmds.txt"
L 11/11/2014 - 18:42:35: [SM] Error (line 0, column 0): Stream failed to open
L 11/11/2014 - 18:42:35: [basecommands.smx] Could not parse file (line 12, file "addons\sourcemod\configs\adminmenu_cfgs.txt"):
L 11/11/2014 - 18:42:35: [basecommands.smx] Parser encountered error: Section ending without a matching section beginning
L 11/11/2014 - 18:42:35: [sm_cmdx.smx] Unable to locate overrides file.
L 11/11/2014 - 18:42:56: Error log file session closed.
L 11/11/2014 - 18:42:56: SourceMod error session started
L 11/11/2014 - 18:42:56: Info (map "wsf_bloodstrike") (file "errors_20141111.log")
L 11/11/2014 - 18:42:56: [SM] Fatal error encountered parsing translation file "namechangepunisher.phrases.txt"
L 11/11/2014 - 18:42:56: [SM] Error (line 0, column 0): Stream failed to open
L 11/11/2014 - 18:42:56: [SM] Fatal error encountered parsing translation file "plugin.supercmds.txt"
L 11/11/2014 - 18:42:56: [SM] Error (line 0, column 0): Stream failed to open
L 11/11/2014 - 18:42:56: [basecommands.smx] Could not parse file (line 12, file "addons\sourcemod\configs\adminmenu_cfgs.txt"):
L 11/11/2014 - 18:42:56: [basecommands.smx] Parser encountered error: Section ending without a matching section beginning
L 11/11/2014 - 18:42:56: [sm_cmdx.smx] Unable to locate overrides file.
L 11/11/2014 - 18:49:35: Error log file session closed.
L 11/11/2014 - 18:49:35: SourceMod error session started
L 11/11/2014 - 18:49:35: Info (map "de_dust2") (file "errors_20141111.log")
L 11/11/2014 - 18:49:35: [SM] Fatal error encountered parsing translation file "namechangepunisher.phrases.txt"
L 11/11/2014 - 18:49:35: [SM] Error (line 0, column 0): Stream failed to open
L 11/11/2014 - 18:49:35: [SM] Fatal error encountered parsing translation file "plugin.supercmds.txt"
L 11/11/2014 - 18:49:35: [SM] Error (line 0, column 0): Stream failed to open
L 11/11/2014 - 18:49:35: [basecommands.smx] Could not parse file (line 12, file "addons\sourcemod\configs\adminmenu_cfgs.txt"):
L 11/11/2014 - 18:49:35: [basecommands.smx] Parser encountered error: Section ending without a matching section beginning
L 11/11/2014 - 18:49:35: [sm_cmdx.smx] Unable to locate overrides file.
L 11/11/2014 - 18:49:41: [SM] Native "PrintToChat" reported: Client 5 is not in game
L 11/11/2014 - 18:49:41: [SM] Displaying call stack trace for plugin "!dao.smx":
L 11/11/2014 - 18:49:41: [SM]   [0]  Line 85, D:\CSGO\csgo±‡“Î∆˜\!dao.sp::Timer_knifemsg()
L 11/11/2014 - 18:50:02: [SM] Native "EquipPlayerWeapon" reported: NULL not allowed
L 11/11/2014 - 18:50:02: [SM] Displaying call stack trace for plugin "!dao.smx":
L 11/11/2014 - 18:50:02: [SM]   [0]  Line 285, D:\CSGO\csgo±‡“Î∆˜\!dao.sp::fadao()
L 11/11/2014 - 18:50:02: [SM] Native "EquipPlayerWeapon" reported: NULL not allowed
L 11/11/2014 - 18:50:02: [SM] Displaying call stack trace for plugin "!dao.smx":
L 11/11/2014 - 18:50:02: [SM]   [0]  Line 285, D:\CSGO\csgo±‡“Î∆˜\!dao.sp::fadao()
L 11/11/2014 - 18:50:08: [SM] Native "EquipPlayerWeapon" reported: NULL not allowed
L 11/11/2014 - 18:50:08: [SM] Displaying call stack trace for plugin "!dao.smx":
L 11/11/2014 - 18:50:08: [SM]   [0]  Line 285, D:\CSGO\csgo±‡“Î∆˜\!dao.sp::fadao()
L 11/11/2014 - 18:50:08: [SM] Native "EquipPlayerWeapon" reported: NULL not allowed
L 11/11/2014 - 18:50:08: [SM] Displaying call stack trace for plugin "!dao.smx":
L 11/11/2014 - 18:50:08: [SM]   [0]  Line 285, D:\CSGO\csgo±‡“Î∆˜\!dao.sp::fadao()
L 11/11/2014 - 18:50:43: [SM] Native "EquipPlayerWeapon" reported: NULL not allowed
L 11/11/2014 - 18:50:43: [SM] Displaying call stack trace for plugin "!dao.smx":
L 11/11/2014 - 18:50:43: [SM]   [0]  Line 285, D:\CSGO\csgo±‡“Î∆˜\!dao.sp::fadao()
L 11/11/2014 - 18:50:44: [SM] Native "EquipPlayerWeapon" reported: NULL not allowed
L 11/11/2014 - 18:50:44: [SM] Displaying call stack trace for plugin "!dao.smx":
L 11/11/2014 - 18:50:44: [SM]   [0]  Line 285, D:\CSGO\csgo±‡“Î∆˜\!dao.sp::fadao()
L 11/11/2014 - 18:52:43: [SM] Native "PrintToChat" reported: Client 10 is not in game
L 11/11/2014 - 18:52:43: [SM] Displaying call stack trace for plugin "!dao.smx":
L 11/11/2014 - 18:52:43: [SM]   [0]  Line 85, D:\CSGO\csgo±‡“Î∆˜\!dao.sp::Timer_knifemsg()
L 11/11/2014 - 18:53:45: [SM] Native "EquipPlayerWeapon" reported: NULL not allowed
L 11/11/2014 - 18:53:45: [SM] Displaying call stack trace for plugin "!dao.smx":
L 11/11/2014 - 18:53:45: [SM]   [0]  Line 285, D:\CSGO\csgo±‡“Î∆˜\!dao.sp::fadao()
L 11/11/2014 - 18:53:45: [SM] Native "EquipPlayerWeapon" reported: NULL not allowed
L 11/11/2014 - 18:53:45: [SM] Displaying call stack trace for plugin "!dao.smx":
L 11/11/2014 - 18:53:45: [SM]   [0]  Line 285, D:\CSGO\csgo±‡“Î∆˜\!dao.sp::fadao()
L 11/11/2014 - 18:55:01: [SM] Native "EquipPlayerWeapon" reported: NULL not allowed
L 11/11/2014 - 18:55:01: [SM] Displaying call stack trace for plugin "!dao.smx":
L 11/11/2014 - 18:55:01: [SM]   [0]  Line 285, D:\CSGO\csgo±‡“Î∆˜\!dao.sp::fadao()
L 11/11/2014 - 18:55:01: [SM] Native "EquipPlayerWeapon" reported: NULL not allowed
L 11/11/2014 - 18:55:01: [SM] Displaying call stack trace for plugin "!dao.smx":
L 11/11/2014 - 18:55:01: [SM]   [0]  Line 285, D:\CSGO\csgo±‡“Î∆˜\!dao.sp::fadao()
L 11/11/2014 - 18:55:15: [SM] Native "EquipPlayerWeapon" reported: NULL not allowed
L 11/11/2014 - 18:55:15: [SM] Displaying call stack trace for plugin "!dao.smx":
L 11/11/2014 - 18:55:15: [SM]   [0]  Line 285, D:\CSGO\csgo±‡“Î∆˜\!dao.sp::fadao()
L 11/11/2014 - 18:55:15: [SM] Native "EquipPlayerWeapon" reported: NULL not allowed
L 11/11/2014 - 18:55:15: [SM] Displaying call stack trace for plugin "!dao.smx":
L 11/11/2014 - 18:55:15: [SM]   [0]  Line 285, D:\CSGO\csgo±‡“Î∆˜\!dao.sp::fadao()
L 11/11/2014 - 18:58:31: [SM] Native "EquipPlayerWeapon" reported: NULL not allowed
L 11/11/2014 - 18:58:31: [SM] Displaying call stack trace for plugin "!dao.smx":
L 11/11/2014 - 18:58:31: [SM]   [0]  Line 285, D:\CSGO\csgo±‡“Î∆˜\!dao.sp::fadao()
L 11/11/2014 - 18:58:31: [SM] Native "EquipPlayerWeapon" reported: NULL not allowed
L 11/11/2014 - 18:58:31: [SM] Displaying call stack trace for plugin "!dao.smx":
L 11/11/2014 - 18:58:31: [SM]   [0]  Line 285, D:\CSGO\csgo±‡“Î∆˜\!dao.sp::fadao()
L 11/11/2014 - 19:16:47: [SM] Native "PrintToChat" reported: Client 10 is not in game
L 11/11/2014 - 19:16:47: [SM] Displaying call stack trace for plugin "!dao.smx":
L 11/11/2014 - 19:16:47: [SM]   [0]  Line 85, D:\CSGO\csgo±‡“Î∆˜\!dao.sp::Timer_knifemsg()
L 11/11/2014 - 19:25:27: [SM] Native "PrintToChat" reported: Client 2 is not in game
L 11/11/2014 - 19:25:27: [SM] Displaying call stack trace for plugin "!dao.smx":
L 11/11/2014 - 19:25:27: [SM]   [0]  Line 85, D:\CSGO\csgo±‡“Î∆˜\!dao.sp::Timer_knifemsg()
L 11/11/2014 - 19:28:29: Error log file session closed.
L 11/11/2014 - 19:28:29: SourceMod error session started
L 11/11/2014 - 19:28:29: Info (map "de_mirage") (file "errors_20141111.log")
L 11/11/2014 - 19:28:29: [SM] Fatal error encountered parsing translation file "namechangepunisher.phrases.txt"
L 11/11/2014 - 19:28:29: [SM] Error (line 0, column 0): Stream failed to open
L 11/11/2014 - 19:28:29: [SM] Fatal error encountered parsing translation file "plugin.supercmds.txt"
L 11/11/2014 - 19:28:29: [SM] Error (line 0, column 0): Stream failed to open
L 11/11/2014 - 19:28:29: [basecommands.smx] Could not parse file (line 12, file "addons\sourcemod\configs\adminmenu_cfgs.txt"):
L 11/11/2014 - 19:28:29: [basecommands.smx] Parser encountered error: Section ending without a matching section beginning
L 11/11/2014 - 19:28:29: [sm_cmdx.smx] Unable to locate overrides file.
L 11/11/2014 - 19:28:40: [SM] Native "PrintToChat" reported: Client 2 is not in game
L 11/11/2014 - 19:28:40: [SM] Displaying call stack trace for plugin "!dao.smx":
L 11/11/2014 - 19:28:40: [SM]   [0]  Line 85, D:\CSGO\csgo±‡“Î∆˜\!dao.sp::Timer_knifemsg()
L 11/11/2014 - 19:28:46: [SM] Native "PrintToChat" reported: Client 6 is not in game
L 11/11/2014 - 19:28:46: [SM] Displaying call stack trace for plugin "!dao.smx":
L 11/11/2014 - 19:28:46: [SM]   [0]  Line 85, D:\CSGO\csgo±‡“Î∆˜\!dao.sp::Timer_knifemsg()
L 11/11/2014 - 19:29:02: [SM] Native "EquipPlayerWeapon" reported: NULL not allowed
L 11/11/2014 - 19:29:02: [SM] Displaying call stack trace for plugin "!dao.smx":
L 11/11/2014 - 19:29:02: [SM]   [0]  Line 285, D:\CSGO\csgo±‡“Î∆˜\!dao.sp::fadao()
L 11/11/2014 - 19:29:03: [SM] Native "EquipPlayerWeapon" reported: NULL not allowed
L 11/11/2014 - 19:29:03: [SM] Displaying call stack trace for plugin "!dao.smx":
L 11/11/2014 - 19:29:03: [SM]   [0]  Line 285, D:\CSGO\csgo±‡“Î∆˜\!dao.sp::fadao()
L 11/11/2014 - 19:29:03: [SM] Native "EquipPlayerWeapon" reported: NULL not allowed
L 11/11/2014 - 19:29:03: [SM] Displaying call stack trace for plugin "!dao.smx":
L 11/11/2014 - 19:29:03: [SM]   [0]  Line 285, D:\CSGO\csgo±‡“Î∆˜\!dao.sp::fadao()
L 11/11/2014 - 19:29:04: [SM] Native "EquipPlayerWeapon" reported: NULL not allowed
L 11/11/2014 - 19:29:04: [SM] Displaying call stack trace for plugin "!dao.smx":
L 11/11/2014 - 19:29:04: [SM]   [0]  Line 285, D:\CSGO\csgo±‡“Î∆˜\!dao.sp::fadao()
L 11/11/2014 - 19:29:22: [SM] Native "EquipPlayerWeapon" reported: NULL not allowed
L 11/11/2014 - 19:29:22: [SM] Displaying call stack trace for plugin "!dao.smx":
L 11/11/2014 - 19:29:22: [SM]   [0]  Line 285, D:\CSGO\csgo±‡“Î∆˜\!dao.sp::fadao()
L 11/11/2014 - 19:29:22: [SM] Native "EquipPlayerWeapon" reported: NULL not allowed
L 11/11/2014 - 19:29:22: [SM] Displaying call stack trace for plugin "!dao.smx":
L 11/11/2014 - 19:29:22: [SM]   [0]  Line 285, D:\CSGO\csgo±‡“Î∆˜\!dao.sp::fadao()
L 11/11/2014 - 19:29:31: [SM] Native "EquipPlayerWeapon" reported: NULL not allowed
L 11/11/2014 - 19:29:31: [SM] Displaying call stack trace for plugin "!dao.smx":
L 11/11/2014 - 19:29:31: [SM]   [0]  Line 285, D:\CSGO\csgo±‡“Î∆˜\!dao.sp::fadao()
L 11/11/2014 - 19:29:31: [SM] Native "EquipPlayerWeapon" reported: NULL not allowed
L 11/11/2014 - 19:29:31: [SM] Displaying call stack trace for plugin "!dao.smx":
L 11/11/2014 - 19:29:31: [SM]   [0]  Line 285, D:\CSGO\csgo±‡“Î∆˜\!dao.sp::fadao()
L 11/11/2014 - 19:30:41: [SM] Native "PrintToChat" reported: Client 4 is not in game
L 11/11/2014 - 19:30:41: [SM] Displaying call stack trace for plugin "!dao.smx":
L 11/11/2014 - 19:30:41: [SM]   [0]  Line 85, D:\CSGO\csgo±‡“Î∆˜\!dao.sp::Timer_knifemsg()
L 11/11/2014 - 19:55:02: [SM] Native "PrintToChat" reported: Client 3 is not in game
L 11/11/2014 - 19:55:02: [SM] Displaying call stack trace for plugin "!dao.smx":
L 11/11/2014 - 19:55:02: [SM]   [0]  Line 85, D:\CSGO\csgo±‡“Î∆˜\!dao.sp::Timer_knifemsg()
L 11/11/2014 - 19:55:37: [SM] Native "PrintToChat" reported: Client 3 is not in game
L 11/11/2014 - 19:55:37: [SM] Displaying call stack trace for plugin "!dao.smx":
L 11/11/2014 - 19:55:37: [SM]   [0]  Line 85, D:\CSGO\csgo±‡“Î∆˜\!dao.sp::Timer_knifemsg()
L 11/11/2014 - 20:10:26: Error log file session closed.
L 11/11/2014 - 20:10:26: SourceMod error session started
L 11/11/2014 - 20:10:26: Info (map "de_inferno") (file "errors_20141111.log")
L 11/11/2014 - 20:10:26: [SM] Fatal error encountered parsing translation file "namechangepunisher.phrases.txt"
L 11/11/2014 - 20:10:26: [SM] Error (line 0, column 0): Stream failed to open
L 11/11/2014 - 20:10:26: [SM] Fatal error encountered parsing translation file "plugin.supercmds.txt"
L 11/11/2014 - 20:10:26: [SM] Error (line 0, column 0): Stream failed to open
L 11/11/2014 - 20:10:26: [basecommands.smx] Could not parse file (line 12, file "addons\sourcemod\configs\adminmenu_cfgs.txt"):
L 11/11/2014 - 20:10:26: [basecommands.smx] Parser encountered error: Section ending without a matching section beginning
L 11/11/2014 - 20:10:26: [sm_cmdx.smx] Unable to locate overrides file.
L 11/11/2014 - 20:10:36: [SM] Native "PrintToChat" reported: Client 10 is not in game
L 11/11/2014 - 20:10:36: [SM] Displaying call stack trace for plugin "!dao.smx":
L 11/11/2014 - 20:10:36: [SM]   [0]  Line 85, D:\CSGO\csgo±‡“Î∆˜\!dao.sp::Timer_knifemsg()
L 11/11/2014 - 20:10:43: [SM] Native "PrintToChat" reported: Client 6 is not in game
L 11/11/2014 - 20:10:43: [SM] Displaying call stack trace for plugin "!dao.smx":
L 11/11/2014 - 20:10:43: [SM]   [0]  Line 85, D:\CSGO\csgo±‡“Î∆˜\!dao.sp::Timer_knifemsg()
L 11/11/2014 - 20:10:44: [SM] Native "PrintToChat" reported: Client 11 is not in game
L 11/11/2014 - 20:10:44: [SM] Displaying call stack trace for plugin "!dao.smx":
L 11/11/2014 - 20:10:44: [SM]   [0]  Line 85, D:\CSGO\csgo±‡“Î∆˜\!dao.sp::Timer_knifemsg()
L 11/11/2014 - 20:11:34: [SM] Native "EquipPlayerWeapon" reported: NULL not allowed
L 11/11/2014 - 20:11:34: [SM] Displaying call stack trace for plugin "!dao.smx":
L 11/11/2014 - 20:11:34: [SM]   [0]  Line 285, D:\CSGO\csgo±‡“Î∆˜\!dao.sp::fadao()
L 11/11/2014 - 20:11:35: [SM] Native "EquipPlayerWeapon" reported: NULL not allowed
L 11/11/2014 - 20:11:35: [SM] Displaying call stack trace for plugin "!dao.smx":
L 11/11/2014 - 20:11:35: [SM]   [0]  Line 285, D:\CSGO\csgo±‡“Î∆˜\!dao.sp::fadao()
L 11/11/2014 - 20:37:56: [SM] Native "PrintToChat" reported: Client 11 is not in game
L 11/11/2014 - 20:37:56: [SM] Displaying call stack trace for plugin "!dao.smx":
L 11/11/2014 - 20:37:56: [SM]   [0]  Line 85, D:\CSGO\csgo±‡“Î∆˜\!dao.sp::Timer_knifemsg()
L 11/11/2014 - 20:46:37: Error log file session closed.
L 11/11/2014 - 20:46:37: SourceMod error session started
L 11/11/2014 - 20:46:37: Info (map "de_nuke") (file "errors_20141111.log")
L 11/11/2014 - 20:46:37: [SM] Fatal error encountered parsing translation file "namechangepunisher.phrases.txt"
L 11/11/2014 - 20:46:37: [SM] Error (line 0, column 0): Stream failed to open
L 11/11/2014 - 20:46:37: [SM] Fatal error encountered parsing translation file "plugin.supercmds.txt"
L 11/11/2014 - 20:46:37: [SM] Error (line 0, column 0): Stream failed to open
L 11/11/2014 - 20:46:37: [basecommands.smx] Could not parse file (line 12, file "addons\sourcemod\configs\adminmenu_cfgs.txt"):
L 11/11/2014 - 20:46:37: [basecommands.smx] Parser encountered error: Section ending without a matching section beginning
L 11/11/2014 - 20:46:37: [sm_cmdx.smx] Unable to locate overrides file.
L 11/11/2014 - 20:46:54: [SM] Native "PrintToChat" reported: Client 10 is not in game
L 11/11/2014 - 20:46:54: [SM] Displaying call stack trace for plugin "!dao.smx":
L 11/11/2014 - 20:46:54: [SM]   [0]  Line 85, D:\CSGO\csgo±‡“Î∆˜\!dao.sp::Timer_knifemsg()
L 11/11/2014 - 20:46:59: [SM] Native "SetEntData" reported: Entity 4 (4) is invalid
L 11/11/2014 - 20:46:59: [SM] Displaying call stack trace for plugin "warmod11111.smx":
L 11/11/2014 - 20:46:59: [SM]   [0]  Line 1872, D:\CSGO\csgo±‡“Î∆˜\warmod11111.sp::RespawnPlayer()
L 11/11/2014 - 20:47:04: [SM] Native "PrintToChat" reported: Client 4 is not in game
L 11/11/2014 - 20:47:04: [SM] Displaying call stack trace for plugin "!dao.smx":
L 11/11/2014 - 20:47:04: [SM]   [0]  Line 85, D:\CSGO\csgo±‡“Î∆˜\!dao.sp::Timer_knifemsg()
L 11/11/2014 - 20:47:35: [SM] Native "PrintToChat" reported: Client 4 is not in game
L 11/11/2014 - 20:47:35: [SM] Displaying call stack trace for plugin "!dao.smx":
L 11/11/2014 - 20:47:35: [SM]   [0]  Line 85, D:\CSGO\csgo±‡“Î∆˜\!dao.sp::Timer_knifemsg()
L 11/11/2014 - 20:51:14: [SM] Native "PrintToChat" reported: Client 2 is not in game
L 11/11/2014 - 20:51:14: [SM] Displaying call stack trace for plugin "!dao.smx":
L 11/11/2014 - 20:51:14: [SM]   [0]  Line 85, D:\CSGO\csgo±‡“Î∆˜\!dao.sp::Timer_knifemsg()
L 11/11/2014 - 20:51:15: [SM] Plugin encountered error 4: Invalid parameter or parameter type
L 11/11/2014 - 20:51:15: [SM] Native "PrintToChat" reported: String formatted incorrectly - parameter 3 (total 2)
L 11/11/2014 - 20:51:15: [SM] Displaying call stack trace for plugin "warmod11111.smx":
L 11/11/2014 - 20:51:15: [SM]   [0]  Line 1170, D:\CSGO\csgo±‡“Î∆˜\warmod11111.sp::ChooseTeam()
L 11/11/2014 - 20:51:31: [SM] Plugin encountered error 4: Invalid parameter or parameter type
L 11/11/2014 - 20:51:31: [SM] Native "PrintToChat" reported: String formatted incorrectly - parameter 3 (total 2)
L 11/11/2014 - 20:51:31: [SM] Displaying call stack trace for plugin "warmod11111.smx":
L 11/11/2014 - 20:51:31: [SM]   [0]  Line 1170, D:\CSGO\csgo±‡“Î∆˜\warmod11111.sp::ChooseTeam()
L 11/11/2014 - 20:51:34: [SM] Plugin encountered error 4: Invalid parameter or parameter type
L 11/11/2014 - 20:51:34: [SM] Native "PrintToChat" reported: String formatted incorrectly - parameter 3 (total 2)
L 11/11/2014 - 20:51:34: [SM] Displaying call stack trace for plugin "warmod11111.smx":
L 11/11/2014 - 20:51:34: [SM]   [0]  Line 1170, D:\CSGO\csgo±‡“Î∆˜\warmod11111.sp::ChooseTeam()
L 11/11/2014 - 20:51:41: [SM] Plugin encountered error 4: Invalid parameter or parameter type
L 11/11/2014 - 20:51:41: [SM] Native "PrintToChat" reported: String formatted incorrectly - parameter 3 (total 2)
L 11/11/2014 - 20:51:41: [SM] Displaying call stack trace for plugin "warmod11111.smx":
L 11/11/2014 - 20:51:41: [SM]   [0]  Line 1170, D:\CSGO\csgo±‡“Î∆˜\warmod11111.sp::ChooseTeam()
L 11/11/2014 - 20:51:42: [SM] Plugin encountered error 4: Invalid parameter or parameter type
L 11/11/2014 - 20:51:42: [SM] Native "PrintToChat" reported: String formatted incorrectly - parameter 3 (total 2)
L 11/11/2014 - 20:51:42: [SM] Displaying call stack trace for plugin "warmod11111.smx":
L 11/11/2014 - 20:51:42: [SM]   [0]  Line 1170, D:\CSGO\csgo±‡“Î∆˜\warmod11111.sp::ChooseTeam()
L 11/11/2014 - 20:51:43: [SM] Plugin encountered error 4: Invalid parameter or parameter type
L 11/11/2014 - 20:51:43: [SM] Native "PrintToChat" reported: String formatted incorrectly - parameter 3 (total 2)
L 11/11/2014 - 20:51:43: [SM] Displaying call stack trace for plugin "warmod11111.smx":
L 11/11/2014 - 20:51:43: [SM]   [0]  Line 1170, D:\CSGO\csgo±‡“Î∆˜\warmod11111.sp::ChooseTeam()
L 11/11/2014 - 20:51:43: [SM] Plugin encountered error 4: Invalid parameter or parameter type
L 11/11/2014 - 20:51:43: [SM] Native "PrintToChat" reported: String formatted incorrectly - parameter 3 (total 2)
L 11/11/2014 - 20:51:43: [SM] Displaying call stack trace for plugin "warmod11111.smx":
L 11/11/2014 - 20:51:43: [SM]   [0]  Line 1170, D:\CSGO\csgo±‡“Î∆˜\warmod11111.sp::ChooseTeam()
L 11/11/2014 - 21:12:09: Error log file session closed.
L 11/11/2014 - 21:12:09: SourceMod error session started
L 11/11/2014 - 21:12:09: Info (map "de_cache") (file "errors_20141111.log")
L 11/11/2014 - 21:12:09: [SM] Fatal error encountered parsing translation file "namechangepunisher.phrases.txt"
L 11/11/2014 - 21:12:09: [SM] Error (line 0, column 0): Stream failed to open
L 11/11/2014 - 21:12:09: [SM] Fatal error encountered parsing translation file "plugin.supercmds.txt"
L 11/11/2014 - 21:12:09: [SM] Error (line 0, column 0): Stream failed to open
L 11/11/2014 - 21:12:10: [basecommands.smx] Could not parse file (line 12, file "addons\sourcemod\configs\adminmenu_cfgs.txt"):
L 11/11/2014 - 21:12:10: [basecommands.smx] Parser encountered error: Section ending without a matching section beginning
L 11/11/2014 - 21:12:10: [sm_cmdx.smx] Unable to locate overrides file.
L 11/11/2014 - 21:12:32: [SM] Native "SetEntData" reported: Entity 5 (5) is invalid
L 11/11/2014 - 21:12:32: [SM] Displaying call stack trace for plugin "warmod11111.smx":
L 11/11/2014 - 21:12:32: [SM]   [0]  Line 1870, D:\CSGO\csgo±‡“Î∆˜\warmod11111.sp::RespawnPlayer()
L 11/11/2014 - 21:12:40: [SM] Plugin encountered error 4: Invalid parameter or parameter type
L 11/11/2014 - 21:12:40: [SM] Native "PrintToChat" reported: String formatted incorrectly - parameter 3 (total 2)
L 11/11/2014 - 21:12:40: [SM] Displaying call stack trace for plugin "warmod11111.smx":
L 11/11/2014 - 21:12:40: [SM]   [0]  Line 1174, D:\CSGO\csgo±‡“Î∆˜\warmod11111.sp::ChooseTeam()
L 11/11/2014 - 21:12:45: [SM] Plugin encountered error 4: Invalid parameter or parameter type
L 11/11/2014 - 21:12:45: [SM] Native "PrintToChat" reported: String formatted incorrectly - parameter 3 (total 2)
L 11/11/2014 - 21:12:45: [SM] Displaying call stack trace for plugin "warmod11111.smx":
L 11/11/2014 - 21:12:45: [SM]   [0]  Line 1174, D:\CSGO\csgo±‡“Î∆˜\warmod11111.sp::ChooseTeam()
L 11/11/2014 - 21:12:52: [SM] Native "PrintToChat" reported: Client 5 is not in game
L 11/11/2014 - 21:12:52: [SM] Displaying call stack trace for plugin "!dao.smx":
L 11/11/2014 - 21:12:52: [SM]   [0]  Line 85, D:\CSGO\csgo±‡“Î∆˜\!dao.sp::Timer_knifemsg()
L 11/11/2014 - 21:13:03: [SM] Native "PrintToChat" reported: Client 5 is not in game
L 11/11/2014 - 21:13:03: [SM] Displaying call stack trace for plugin "!dao.smx":
L 11/11/2014 - 21:13:03: [SM]   [0]  Line 85, D:\CSGO\csgo±‡“Î∆˜\!dao.sp::Timer_knifemsg()
L 11/11/2014 - 21:13:17: [SM] Plugin encountered error 4: Invalid parameter or parameter type
L 11/11/2014 - 21:13:17: [SM] Native "PrintToChat" reported: String formatted incorrectly - parameter 3 (total 2)
L 11/11/2014 - 21:13:17: [SM] Displaying call stack trace for plugin "warmod11111.smx":
L 11/11/2014 - 21:13:17: [SM]   [0]  Line 1174, D:\CSGO\csgo±‡“Î∆˜\warmod11111.sp::ChooseTeam()
L 11/11/2014 - 21:13:18: [SM] Plugin encountered error 4: Invalid parameter or parameter type
L 11/11/2014 - 21:13:18: [SM] Native "PrintToChat" reported: String formatted incorrectly - parameter 3 (total 2)
L 11/11/2014 - 21:13:18: [SM] Displaying call stack trace for plugin "warmod11111.smx":
L 11/11/2014 - 21:13:18: [SM]   [0]  Line 1174, D:\CSGO\csgo±‡“Î∆˜\warmod11111.sp::ChooseTeam()
L 11/11/2014 - 21:13:21: [SM] Plugin encountered error 4: Invalid parameter or parameter type
L 11/11/2014 - 21:13:21: [SM] Native "PrintToChat" reported: String formatted incorrectly - parameter 3 (total 2)
L 11/11/2014 - 21:13:21: [SM] Displaying call stack trace for plugin "warmod11111.smx":
L 11/11/2014 - 21:13:21: [SM]   [0]  Line 1174, D:\CSGO\csgo±‡“Î∆˜\warmod11111.sp::ChooseTeam()
L 11/11/2014 - 21:13:22: [SM] Plugin encountered error 4: Invalid parameter or parameter type
L 11/11/2014 - 21:13:22: [SM] Native "PrintToChat" reported: String formatted incorrectly - parameter 3 (total 2)
L 11/11/2014 - 21:13:22: [SM] Displaying call stack trace for plugin "warmod11111.smx":
L 11/11/2014 - 21:13:22: [SM]   [0]  Line 1174, D:\CSGO\csgo±‡“Î∆˜\warmod11111.sp::ChooseTeam()
L 11/11/2014 - 21:13:23: [SM] Plugin encountered error 4: Invalid parameter or parameter type
L 11/11/2014 - 21:13:23: [SM] Native "PrintToChat" reported: String formatted incorrectly - parameter 3 (total 2)
L 11/11/2014 - 21:13:23: [SM] Displaying call stack trace for plugin "warmod11111.smx":
L 11/11/2014 - 21:13:23: [SM]   [0]  Line 1174, D:\CSGO\csgo±‡“Î∆˜\warmod11111.sp::ChooseTeam()
L 11/11/2014 - 21:13:24: [SM] Plugin encountered error 4: Invalid parameter or parameter type
L 11/11/2014 - 21:13:24: [SM] Native "PrintToChat" reported: String formatted incorrectly - parameter 3 (total 2)
L 11/11/2014 - 21:13:24: [SM] Displaying call stack trace for plugin "warmod11111.smx":
L 11/11/2014 - 21:13:24: [SM]   [0]  Line 1174, D:\CSGO\csgo±‡“Î∆˜\warmod11111.sp::ChooseTeam()
L 11/11/2014 - 21:13:49: [SM] Plugin encountered error 4: Invalid parameter or parameter type
L 11/11/2014 - 21:13:49: [SM] Native "PrintToChat" reported: String formatted incorrectly - parameter 3 (total 2)
L 11/11/2014 - 21:13:49: [SM] Displaying call stack trace for plugin "warmod11111.smx":
L 11/11/2014 - 21:13:49: [SM]   [0]  Line 1174, D:\CSGO\csgo±‡“Î∆˜\warmod11111.sp::ChooseTeam()
L 11/11/2014 - 21:13:53: [SM] Plugin encountered error 4: Invalid parameter or parameter type
L 11/11/2014 - 21:13:53: [SM] Native "PrintToChat" reported: String formatted incorrectly - parameter 3 (total 2)
L 11/11/2014 - 21:13:53: [SM] Displaying call stack trace for plugin "warmod11111.smx":
L 11/11/2014 - 21:13:53: [SM]   [0]  Line 1174, D:\CSGO\csgo±‡“Î∆˜\warmod11111.sp::ChooseTeam()
L 11/11/2014 - 21:14:12: [SM] Plugin encountered error 4: Invalid parameter or parameter type
L 11/11/2014 - 21:14:12: [SM] Native "PrintToChat" reported: String formatted incorrectly - parameter 3 (total 2)
L 11/11/2014 - 21:14:12: [SM] Displaying call stack trace for plugin "warmod11111.smx":
L 11/11/2014 - 21:14:12: [SM]   [0]  Line 1174, D:\CSGO\csgo±‡“Î∆˜\warmod11111.sp::ChooseTeam()
L 11/11/2014 - 21:15:16: [SM] Plugin encountered error 4: Invalid parameter or parameter type
L 11/11/2014 - 21:15:16: [SM] Native "PrintToChat" reported: String formatted incorrectly - parameter 3 (total 2)
L 11/11/2014 - 21:15:16: [SM] Displaying call stack trace for plugin "warmod11111.smx":
L 11/11/2014 - 21:15:16: [SM]   [0]  Line 1174, D:\CSGO\csgo±‡“Î∆˜\warmod11111.sp::ChooseTeam()
L 11/11/2014 - 21:23:34: [SM] Plugin encountered error 4: Invalid parameter or parameter type
L 11/11/2014 - 21:23:34: [SM] Native "PrintToChat" reported: String formatted incorrectly - parameter 3 (total 2)
L 11/11/2014 - 21:23:34: [SM] Displaying call stack trace for plugin "warmod11111.smx":
L 11/11/2014 - 21:23:34: [SM]   [0]  Line 1174, D:\CSGO\csgo±‡“Î∆˜\warmod11111.sp::ChooseTeam()
L 11/11/2014 - 21:30:00: [SM] Native "PrintToChat" reported: Client 5 is not in game
L 11/11/2014 - 21:30:00: [SM] Displaying call stack trace for plugin "!dao.smx":
L 11/11/2014 - 21:30:00: [SM]   [0]  Line 85, D:\CSGO\csgo±‡“Î∆˜\!dao.sp::Timer_knifemsg()
L 11/11/2014 - 21:30:25: [SM] Plugin encountered error 4: Invalid parameter or parameter type
L 11/11/2014 - 21:30:25: [SM] Native "PrintToChat" reported: String formatted incorrectly - parameter 3 (total 2)
L 11/11/2014 - 21:30:25: [SM] Displaying call stack trace for plugin "warmod11111.smx":
L 11/11/2014 - 21:30:25: [SM]   [0]  Line 1174, D:\CSGO\csgo±‡“Î∆˜\warmod11111.sp::ChooseTeam()
L 11/11/2014 - 21:44:46: [SM] Plugin encountered error 4: Invalid parameter or parameter type
L 11/11/2014 - 21:44:46: [SM] Native "PrintToChat" reported: String formatted incorrectly - parameter 3 (total 2)
L 11/11/2014 - 21:44:46: [SM] Displaying call stack trace for plugin "warmod11111.smx":
L 11/11/2014 - 21:44:46: [SM]   [0]  Line 1174, D:\CSGO\csgo±‡“Î∆˜\warmod11111.sp::ChooseTeam()
L 11/11/2014 - 21:53:48: Error log file session closed.
L 11/11/2014 - 21:53:48: SourceMod error session started
L 11/11/2014 - 21:53:48: Info (map "de_overpass") (file "errors_20141111.log")
L 11/11/2014 - 21:53:48: [SM] Fatal error encountered parsing translation file "namechangepunisher.phrases.txt"
L 11/11/2014 - 21:53:48: [SM] Error (line 0, column 0): Stream failed to open
L 11/11/2014 - 21:53:48: [SM] Fatal error encountered parsing translation file "plugin.supercmds.txt"
L 11/11/2014 - 21:53:48: [SM] Error (line 0, column 0): Stream failed to open
L 11/11/2014 - 21:53:49: [basecommands.smx] Could not parse file (line 12, file "addons\sourcemod\configs\adminmenu_cfgs.txt"):
L 11/11/2014 - 21:53:49: [basecommands.smx] Parser encountered error: Section ending without a matching section beginning
L 11/11/2014 - 21:53:49: [sm_cmdx.smx] Unable to locate overrides file.
L 11/11/2014 - 21:54:04: [SM] Native "PrintToChat" reported: Client 13 is not in game
L 11/11/2014 - 21:54:04: [SM] Displaying call stack trace for plugin "!dao.smx":
L 11/11/2014 - 21:54:04: [SM]   [0]  Line 85, D:\CSGO\csgo±‡“Î∆˜\!dao.sp::Timer_knifemsg()
L 11/11/2014 - 21:54:05: [SM] Native "CS_RespawnPlayer" reported: Client index 11 is not valid
L 11/11/2014 - 21:54:05: [SM] Displaying call stack trace for plugin "warmod2(4).smx":
L 11/11/2014 - 21:54:05: [SM]   [0]  Line 4988, D:\CSGO\csgo±‡“Î∆˜\warmod2(4).sp::RespawnPlayer()
L 11/11/2014 - 21:54:14: [SM] Native "PrintToChat" reported: Client 11 is not in game
L 11/11/2014 - 21:54:14: [SM] Displaying call stack trace for plugin "!dao.smx":
L 11/11/2014 - 21:54:14: [SM]   [0]  Line 85, D:\CSGO\csgo±‡“Î∆˜\!dao.sp::Timer_knifemsg()
L 11/11/2014 - 21:54:25: [SM] Native "PrintToChat" reported: Client 11 is not in game
L 11/11/2014 - 21:54:25: [SM] Displaying call stack trace for plugin "!dao.smx":
L 11/11/2014 - 21:54:25: [SM]   [0]  Line 85, D:\CSGO\csgo±‡“Î∆˜\!dao.sp::Timer_knifemsg()
L 11/11/2014 - 21:55:14: Error log file session closed.
L 11/11/2014 - 21:55:14: SourceMod error session started
L 11/11/2014 - 21:55:14: Info (map "de_dust2") (file "errors_20141111.log")
L 11/11/2014 - 21:55:14: [SM] Fatal error encountered parsing translation file "namechangepunisher.phrases.txt"
L 11/11/2014 - 21:55:14: [SM] Error (line 0, column 0): Stream failed to open
L 11/11/2014 - 21:55:14: [SM] Fatal error encountered parsing translation file "plugin.supercmds.txt"
L 11/11/2014 - 21:55:14: [SM] Error (line 0, column 0): Stream failed to open
L 11/11/2014 - 21:55:14: [basecommands.smx] Could not parse file (line 12, file "addons\sourcemod\configs\adminmenu_cfgs.txt"):
L 11/11/2014 - 21:55:14: [basecommands.smx] Parser encountered error: Section ending without a matching section beginning
L 11/11/2014 - 21:55:14: [sm_cmdx.smx] Unable to locate overrides file.
L 11/11/2014 - 21:57:04: [SM] Native "CS_RespawnPlayer" reported: Client index 3 is not valid
L 11/11/2014 - 21:57:04: [SM] Displaying call stack trace for plugin "warmod2(4).smx":
L 11/11/2014 - 21:57:04: [SM]   [0]  Line 4951, D:\CSGO\csgo±‡“Î∆˜\warmod2(4).sp::RespawnPlayer()
L 11/11/2014 - 21:57:07: [SM] Native "CS_RespawnPlayer" reported: Client index 3 is not valid
L 11/11/2014 - 21:57:07: [SM] Displaying call stack trace for plugin "warmod2(4).smx":
L 11/11/2014 - 21:57:07: [SM]   [0]  Line 4951, D:\CSGO\csgo±‡“Î∆˜\warmod2(4).sp::RespawnPlayer()
L 11/11/2014 - 21:57:24: [SM] Native "PrintToChat" reported: Client 3 is not in game
L 11/11/2014 - 21:57:24: [SM] Displaying call stack trace for plugin "!dao.smx":
L 11/11/2014 - 21:57:24: [SM]   [0]  Line 85, D:\CSGO\csgo±‡“Î∆˜\!dao.sp::Timer_knifemsg()
L 11/11/2014 - 21:57:27: [SM] Native "PrintToChat" reported: Client 3 is not in game
L 11/11/2014 - 21:57:27: [SM] Displaying call stack trace for plugin "!dao.smx":
L 11/11/2014 - 21:57:27: [SM]   [0]  Line 85, D:\CSGO\csgo±‡“Î∆˜\!dao.sp::Timer_knifemsg()
L 11/11/2014 - 21:58:36: [SM] Native "PrintToChat" reported: Client 11 is not in game
L 11/11/2014 - 21:58:36: [SM] Displaying call stack trace for plugin "!dao.smx":
L 11/11/2014 - 21:58:36: [SM]   [0]  Line 85, D:\CSGO\csgo±‡“Î∆˜\!dao.sp::Timer_knifemsg()
L 11/11/2014 - 21:58:38: [SM] Native "PrintToChat" reported: Client 11 is not in game
L 11/11/2014 - 21:58:38: [SM] Displaying call stack trace for plugin "!dao.smx":
L 11/11/2014 - 21:58:38: [SM]   [0]  Line 85, D:\CSGO\csgo±‡“Î∆˜\!dao.sp::Timer_knifemsg()
L 11/11/2014 - 22:32:58: [SM] Native "PrintToChat" reported: Client 3 is not in game
L 11/11/2014 - 22:32:58: [SM] Displaying call stack trace for plugin "!dao.smx":
L 11/11/2014 - 22:32:58: [SM]   [0]  Line 85, D:\CSGO\csgo±‡“Î∆˜\!dao.sp::Timer_knifemsg()
L 11/11/2014 - 22:35:12: Error log file session closed.
L 11/11/2014 - 22:35:12: SourceMod error session started
L 11/11/2014 - 22:35:12: Info (map "de_mirage") (file "errors_20141111.log")
L 11/11/2014 - 22:35:12: [SM] Fatal error encountered parsing translation file "namechangepunisher.phrases.txt"
L 11/11/2014 - 22:35:12: [SM] Error (line 0, column 0): Stream failed to open
L 11/11/2014 - 22:35:12: [SM] Fatal error encountered parsing translation file "plugin.supercmds.txt"
L 11/11/2014 - 22:35:12: [SM] Error (line 0, column 0): Stream failed to open
L 11/11/2014 - 22:35:12: [basecommands.smx] Could not parse file (line 12, file "addons\sourcemod\configs\adminmenu_cfgs.txt"):
L 11/11/2014 - 22:35:12: [basecommands.smx] Parser encountered error: Section ending without a matching section beginning
L 11/11/2014 - 22:35:12: [sm_cmdx.smx] Unable to locate overrides file.
L 11/11/2014 - 22:35:23: [SM] Native "SetEntData" reported: Entity 3 (3) is invalid
L 11/11/2014 - 22:35:23: [SM] Displaying call stack trace for plugin "warmod11111.smx":
L 11/11/2014 - 22:35:23: [SM]   [0]  Line 1869, D:\CSGO\csgo±‡“Î∆˜\warmod11111.sp::RespawnPlayer()
L 11/11/2014 - 22:35:27: [SM] Native "SetEntData" reported: Entity 3 (3) is invalid
L 11/11/2014 - 22:35:27: [SM] Displaying call stack trace for plugin "warmod11111.smx":
L 11/11/2014 - 22:35:27: [SM]   [0]  Line 1869, D:\CSGO\csgo±‡“Î∆˜\warmod11111.sp::RespawnPlayer()
L 11/11/2014 - 22:35:32: [SM] Native "SetEntData" reported: Entity 13 (13) is invalid
L 11/11/2014 - 22:35:32: [SM] Displaying call stack trace for plugin "warmod11111.smx":
L 11/11/2014 - 22:35:32: [SM]   [0]  Line 1869, D:\CSGO\csgo±‡“Î∆˜\warmod11111.sp::RespawnPlayer()
L 11/11/2014 - 22:35:43: [SM] Native "PrintToChat" reported: Client 3 is not in game
L 11/11/2014 - 22:35:43: [SM] Displaying call stack trace for plugin "!dao.smx":
L 11/11/2014 - 22:35:43: [SM]   [0]  Line 85, D:\CSGO\csgo±‡“Î∆˜\!dao.sp::Timer_knifemsg()
L 11/11/2014 - 22:35:47: [SM] Native "PrintToChat" reported: Client 3 is not in game
L 11/11/2014 - 22:35:47: [SM] Displaying call stack trace for plugin "!dao.smx":
L 11/11/2014 - 22:35:47: [SM]   [0]  Line 85, D:\CSGO\csgo±‡“Î∆˜\!dao.sp::Timer_knifemsg()
L 11/11/2014 - 22:35:51: [SM] Native "EquipPlayerWeapon" reported: NULL not allowed
L 11/11/2014 - 22:35:51: [SM] Displaying call stack trace for plugin "!dao.smx":
L 11/11/2014 - 22:35:51: [SM]   [0]  Line 285, D:\CSGO\csgo±‡“Î∆˜\!dao.sp::fadao()
L 11/11/2014 - 22:35:51: [SM] Native "EquipPlayerWeapon" reported: NULL not allowed
L 11/11/2014 - 22:35:51: [SM] Displaying call stack trace for plugin "!dao.smx":
L 11/11/2014 - 22:35:51: [SM]   [0]  Line 285, D:\CSGO\csgo±‡“Î∆˜\!dao.sp::fadao()
L 11/11/2014 - 22:35:51: [SM] Native "PrintToChat" reported: Client 13 is not in game
L 11/11/2014 - 22:35:51: [SM] Displaying call stack trace for plugin "!dao.smx":
L 11/11/2014 - 22:35:51: [SM]   [0]  Line 85, D:\CSGO\csgo±‡“Î∆˜\!dao.sp::Timer_knifemsg()
L 11/11/2014 - 22:36:06: [SM] Native "EquipPlayerWeapon" reported: NULL not allowed
L 11/11/2014 - 22:36:06: [SM] Displaying call stack trace for plugin "!dao.smx":
L 11/11/2014 - 22:36:06: [SM]   [0]  Line 285, D:\CSGO\csgo±‡“Î∆˜\!dao.sp::fadao()
L 11/11/2014 - 22:36:07: [SM] Native "EquipPlayerWeapon" reported: NULL not allowed
L 11/11/2014 - 22:36:07: [SM] Displaying call stack trace for plugin "!dao.smx":
L 11/11/2014 - 22:36:07: [SM]   [0]  Line 285, D:\CSGO\csgo±‡“Î∆˜\!dao.sp::fadao()
L 11/11/2014 - 22:39:40: [SM] Native "PrintToChat" reported: Client 3 is not in game
L 11/11/2014 - 22:39:40: [SM] Displaying call stack trace for plugin "!dao.smx":
L 11/11/2014 - 22:39:40: [SM]   [0]  Line 85, D:\CSGO\csgo±‡“Î∆˜\!dao.sp::Timer_knifemsg()
L 11/11/2014 - 22:41:54: [SM] Native "PrintToChat" reported: Client 3 is not in game
L 11/11/2014 - 22:41:54: [SM] Displaying call stack trace for plugin "!dao.smx":
L 11/11/2014 - 22:41:54: [SM]   [0]  Line 85, D:\CSGO\csgo±‡“Î∆˜\!dao.sp::Timer_knifemsg()
L 11/11/2014 - 22:47:14: [SM] Native "EquipPlayerWeapon" reported: NULL not allowed
L 11/11/2014 - 22:47:14: [SM] Displaying call stack trace for plugin "!dao.smx":
L 11/11/2014 - 22:47:14: [SM]   [0]  Line 285, D:\CSGO\csgo±‡“Î∆˜\!dao.sp::fadao()
L 11/11/2014 - 22:47:15: [SM] Native "EquipPlayerWeapon" reported: NULL not allowed
L 11/11/2014 - 22:47:15: [SM] Displaying call stack trace for plugin "!dao.smx":
L 11/11/2014 - 22:47:15: [SM]   [0]  Line 285, D:\CSGO\csgo±‡“Î∆˜\!dao.sp::fadao()
L 11/11/2014 - 23:02:30: [SM] Native "EquipPlayerWeapon" reported: NULL not allowed
L 11/11/2014 - 23:02:30: [SM] Displaying call stack trace for plugin "!dao.smx":
L 11/11/2014 - 23:02:30: [SM]   [0]  Line 285, D:\CSGO\csgo±‡“Î∆˜\!dao.sp::fadao()
L 11/11/2014 - 23:02:30: [SM] Native "EquipPlayerWeapon" reported: NULL not allowed
L 11/11/2014 - 23:02:30: [SM] Displaying call stack trace for plugin "!dao.smx":
L 11/11/2014 - 23:02:30: [SM]   [0]  Line 285, D:\CSGO\csgo±‡“Î∆˜\!dao.sp::fadao()
L 11/11/2014 - 23:03:36: Error log file session closed.
L 11/11/2014 - 23:03:36: SourceMod error session started
L 11/11/2014 - 23:03:36: Info (map "de_inferno") (file "errors_20141111.log")
L 11/11/2014 - 23:03:36: [SM] Fatal error encountered parsing translation file "namechangepunisher.phrases.txt"
L 11/11/2014 - 23:03:36: [SM] Error (line 0, column 0): Stream failed to open
L 11/11/2014 - 23:03:36: [SM] Fatal error encountered parsing translation file "plugin.supercmds.txt"
L 11/11/2014 - 23:03:36: [SM] Error (line 0, column 0): Stream failed to open
L 11/11/2014 - 23:03:37: [basecommands.smx] Could not parse file (line 12, file "addons\sourcemod\configs\adminmenu_cfgs.txt"):
L 11/11/2014 - 23:03:37: [basecommands.smx] Parser encountered error: Section ending without a matching section beginning
L 11/11/2014 - 23:03:37: [sm_cmdx.smx] Unable to locate overrides file.
L 11/11/2014 - 23:04:00: [SM] Native "PrintToChat" reported: Client 10 is not in game
L 11/11/2014 - 23:04:00: [SM] Displaying call stack trace for plugin "!dao.smx":
L 11/11/2014 - 23:04:00: [SM]   [0]  Line 85, D:\CSGO\csgo±‡“Î∆˜\!dao.sp::Timer_knifemsg()
L 11/11/2014 - 23:04:02: [SM] Native "PrintToChat" reported: Client 3 is not in game
L 11/11/2014 - 23:04:02: [SM] Displaying call stack trace for plugin "!dao.smx":
L 11/11/2014 - 23:04:02: [SM]   [0]  Line 85, D:\CSGO\csgo±‡“Î∆˜\!dao.sp::Timer_knifemsg()
L 11/11/2014 - 23:11:54: [SM] Native "PrintToChat" reported: Client 4 is not in game
L 11/11/2014 - 23:11:54: [SM] Displaying call stack trace for plugin "!dao.smx":
L 11/11/2014 - 23:11:54: [SM]   [0]  Line 85, D:\CSGO\csgo±‡“Î∆˜\!dao.sp::Timer_knifemsg()
L 11/11/2014 - 23:11:57: [SM] Native "EquipPlayerWeapon" reported: NULL not allowed
L 11/11/2014 - 23:11:57: [SM] Displaying call stack trace for plugin "!dao.smx":
L 11/11/2014 - 23:11:57: [SM]   [0]  Line 285, D:\CSGO\csgo±‡“Î∆˜\!dao.sp::fadao()
L 11/11/2014 - 23:11:57: [SM] Native "EquipPlayerWeapon" reported: NULL not allowed
L 11/11/2014 - 23:11:57: [SM] Displaying call stack trace for plugin "!dao.smx":
L 11/11/2014 - 23:11:57: [SM]   [0]  Line 285, D:\CSGO\csgo±‡“Î∆˜\!dao.sp::fadao()
L 11/11/2014 - 23:13:12: [SM] Native "EquipPlayerWeapon" reported: NULL not allowed
L 11/11/2014 - 23:13:12: [SM] Displaying call stack trace for plugin "!dao.smx":
L 11/11/2014 - 23:13:12: [SM]   [0]  Line 285, D:\CSGO\csgo±‡“Î∆˜\!dao.sp::fadao()
L 11/11/2014 - 23:13:12: [SM] Native "EquipPlayerWeapon" reported: NULL not allowed
L 11/11/2014 - 23:13:12: [SM] Displaying call stack trace for plugin "!dao.smx":
L 11/11/2014 - 23:13:12: [SM]   [0]  Line 285, D:\CSGO\csgo±‡“Î∆˜\!dao.sp::fadao()
L 11/11/2014 - 23:13:31: [SM] Native "EquipPlayerWeapon" reported: NULL not allowed
L 11/11/2014 - 23:13:31: [SM] Displaying call stack trace for plugin "!dao.smx":
L 11/11/2014 - 23:13:31: [SM]   [0]  Line 285, D:\CSGO\csgo±‡“Î∆˜\!dao.sp::fadao()
L 11/11/2014 - 23:13:31: [SM] Native "EquipPlayerWeapon" reported: NULL not allowed
L 11/11/2014 - 23:13:31: [SM] Displaying call stack trace for plugin "!dao.smx":
L 11/11/2014 - 23:13:31: [SM]   [0]  Line 285, D:\CSGO\csgo±‡“Î∆˜\!dao.sp::fadao()
L 11/11/2014 - 23:14:14: [SM] Native "EquipPlayerWeapon" reported: NULL not allowed
L 11/11/2014 - 23:14:14: [SM] Displaying call stack trace for plugin "!dao.smx":
L 11/11/2014 - 23:14:14: [SM]   [0]  Line 285, D:\CSGO\csgo±‡“Î∆˜\!dao.sp::fadao()
L 11/11/2014 - 23:14:14: [SM] Native "EquipPlayerWeapon" reported: NULL not allowed
L 11/11/2014 - 23:14:14: [SM] Displaying call stack trace for plugin "!dao.smx":
L 11/11/2014 - 23:14:14: [SM]   [0]  Line 285, D:\CSGO\csgo±‡“Î∆˜\!dao.sp::fadao()
L 11/11/2014 - 23:14:31: [SM] Native "EquipPlayerWeapon" reported: NULL not allowed
L 11/11/2014 - 23:14:31: [SM] Displaying call stack trace for plugin "!dao.smx":
L 11/11/2014 - 23:14:31: [SM]   [0]  Line 285, D:\CSGO\csgo±‡“Î∆˜\!dao.sp::fadao()
L 11/11/2014 - 23:14:31: [SM] Native "EquipPlayerWeapon" reported: NULL not allowed
L 11/11/2014 - 23:14:31: [SM] Displaying call stack trace for plugin "!dao.smx":
L 11/11/2014 - 23:14:31: [SM]   [0]  Line 285, D:\CSGO\csgo±‡“Î∆˜\!dao.sp::fadao()
L 11/11/2014 - 23:14:49: [SM] Native "EquipPlayerWeapon" reported: NULL not allowed
L 11/11/2014 - 23:14:49: [SM] Displaying call stack trace for plugin "!dao.smx":
L 11/11/2014 - 23:14:49: [SM]   [0]  Line 285, D:\CSGO\csgo±‡“Î∆˜\!dao.sp::fadao()
L 11/11/2014 - 23:14:50: [SM] Native "EquipPlayerWeapon" reported: NULL not allowed
L 11/11/2014 - 23:14:50: [SM] Displaying call stack trace for plugin "!dao.smx":
L 11/11/2014 - 23:14:50: [SM]   [0]  Line 285, D:\CSGO\csgo±‡“Î∆˜\!dao.sp::fadao()
L 11/11/2014 - 23:15:17: [SM] Native "EquipPlayerWeapon" reported: NULL not allowed
L 11/11/2014 - 23:15:17: [SM] Displaying call stack trace for plugin "!dao.smx":
L 11/11/2014 - 23:15:17: [SM]   [0]  Line 285, D:\CSGO\csgo±‡“Î∆˜\!dao.sp::fadao()
L 11/11/2014 - 23:15:17: [SM] Native "EquipPlayerWeapon" reported: NULL not allowed
L 11/11/2014 - 23:15:17: [SM] Displaying call stack trace for plugin "!dao.smx":
L 11/11/2014 - 23:15:17: [SM]   [0]  Line 285, D:\CSGO\csgo±‡“Î∆˜\!dao.sp::fadao()
L 11/11/2014 - 23:16:06: [SM] Native "PrintToChat" reported: Client 8 is not in game
L 11/11/2014 - 23:16:06: [SM] Displaying call stack trace for plugin "!dao.smx":
L 11/11/2014 - 23:16:06: [SM]   [0]  Line 85, D:\CSGO\csgo±‡“Î∆˜\!dao.sp::Timer_knifemsg()
L 11/11/2014 - 23:16:11: [SM] Native "PrintToChat" reported: Client 8 is not in game
L 11/11/2014 - 23:16:11: [SM] Displaying call stack trace for plugin "!dao.smx":
L 11/11/2014 - 23:16:11: [SM]   [0]  Line 85, D:\CSGO\csgo±‡“Î∆˜\!dao.sp::Timer_knifemsg()
L 11/11/2014 - 23:16:59: [SM] Native "PrintToChat" reported: Client 10 is not in game
L 11/11/2014 - 23:16:59: [SM] Displaying call stack trace for plugin "!dao.smx":
L 11/11/2014 - 23:16:59: [SM]   [0]  Line 85, D:\CSGO\csgo±‡“Î∆˜\!dao.sp::Timer_knifemsg()
L 11/11/2014 - 23:17:06: [SM] Native "PrintToChat" reported: Client 11 is not in game
L 11/11/2014 - 23:17:06: [SM] Displaying call stack trace for plugin "!dao.smx":
L 11/11/2014 - 23:17:06: [SM]   [0]  Line 85, D:\CSGO\csgo±‡“Î∆˜\!dao.sp::Timer_knifemsg()
L 11/11/2014 - 23:26:08: [SM] Native "PrintToChat" reported: Client 6 is not in game
L 11/11/2014 - 23:26:08: [SM] Displaying call stack trace for plugin "!dao.smx":
L 11/11/2014 - 23:26:08: [SM]   [0]  Line 85, D:\CSGO\csgo±‡“Î∆˜\!dao.sp::Timer_knifemsg()
L 11/11/2014 - 23:59:54: Error log file session closed.
L 11/11/2014 - 23:59:54: SourceMod error session started
L 11/11/2014 - 23:59:54: Info (map "de_nuke") (file "errors_20141111.log")
L 11/11/2014 - 23:59:54: [SM] Fatal error encountered parsing translation file "namechangepunisher.phrases.txt"
L 11/11/2014 - 23:59:54: [SM] Error (line 0, column 0): Stream failed to open
L 11/11/2014 - 23:59:54: [SM] Fatal error encountered parsing translation file "plugin.supercmds.txt"
L 11/11/2014 - 23:59:54: [SM] Error (line 0, column 0): Stream failed to open
L 11/11/2014 - 23:59:55: [basecommands.smx] Could not parse file (line 12, file "addons\sourcemod\configs\adminmenu_cfgs.txt"):
L 11/11/2014 - 23:59:55: [basecommands.smx] Parser encountered error: Section ending without a matching section beginning
L 11/11/2014 - 23:59:55: [sm_cmdx.smx] Unable to locate overrides file.
