L 10/29/2014 - 00:17:22: SourceMod error session started
L 10/29/2014 - 00:17:22: Info (map "de_mirage") (file "errors_20141029.log")
L 10/29/2014 - 00:17:22: Error log file session closed.
L 10/29/2014 - 00:17:22: SourceMod error session started
L 10/29/2014 - 00:17:22: Info (map "de_mirage") (file "errors_20141029.log")
L 10/29/2014 - 00:17:22: [SM] Fatal error encountered parsing translation file "namechangepunisher.phrases.txt"
L 10/29/2014 - 00:17:22: [SM] Error (line 0, column 0): Stream failed to open
L 10/29/2014 - 00:17:22: [SM] Fatal error encountered parsing translation file "plugin.supercmds.txt"
L 10/29/2014 - 00:17:22: [SM] Error (line 0, column 0): Stream failed to open
L 10/29/2014 - 00:17:22: [basecommands.smx] Could not parse file (line 12, file "addons\sourcemod\configs\adminmenu_cfgs.txt"):
L 10/29/2014 - 00:17:22: [basecommands.smx] Parser encountered error: Section ending without a matching section beginning
L 10/29/2014 - 00:17:22: [sm_cmdx.smx] Unable to locate overrides file.
L 10/29/2014 - 00:17:48: [SM] Native "PrintToChat" reported: Client 1 is not in game
L 10/29/2014 - 00:17:48: [SM] Displaying call stack trace for plugin "!dao.smx":
L 10/29/2014 - 00:17:48: [SM]   [0]  Line 79, D:\CSGO\csgo编译器\!dao.sp::Timer_knifemsg()
L 10/29/2014 - 00:54:16: Error log file session closed.
L 10/29/2014 - 00:54:16: SourceMod error session started
L 10/29/2014 - 00:54:16: Info (map "de_inferno") (file "errors_20141029.log")
L 10/29/2014 - 00:54:16: [SM] Fatal error encountered parsing translation file "namechangepunisher.phrases.txt"
L 10/29/2014 - 00:54:16: [SM] Error (line 0, column 0): Stream failed to open
L 10/29/2014 - 00:54:16: [SM] Fatal error encountered parsing translation file "plugin.supercmds.txt"
L 10/29/2014 - 00:54:16: [SM] Error (line 0, column 0): Stream failed to open
L 10/29/2014 - 00:54:16: [basecommands.smx] Could not parse file (line 12, file "addons\sourcemod\configs\adminmenu_cfgs.txt"):
L 10/29/2014 - 00:54:16: [basecommands.smx] Parser encountered error: Section ending without a matching section beginning
L 10/29/2014 - 00:54:16: [sm_cmdx.smx] Unable to locate overrides file.
L 10/29/2014 - 00:54:40: [SM] Native "PrintToChat" reported: Client 12 is not in game
L 10/29/2014 - 00:54:40: [SM] Displaying call stack trace for plugin "!dao.smx":
L 10/29/2014 - 00:54:40: [SM]   [0]  Line 79, D:\CSGO\csgo编译器\!dao.sp::Timer_knifemsg()
L 10/29/2014 - 00:54:42: [SM] Native "PrintToChat" reported: Client 8 is not in game
L 10/29/2014 - 00:54:42: [SM] Displaying call stack trace for plugin "!dao.smx":
L 10/29/2014 - 00:54:42: [SM]   [0]  Line 79, D:\CSGO\csgo编译器\!dao.sp::Timer_knifemsg()
L 10/29/2014 - 00:54:45: [SM] Native "PrintToChat" reported: Client 3 is not in game
L 10/29/2014 - 00:54:45: [SM] Displaying call stack trace for plugin "!dao.smx":
L 10/29/2014 - 00:54:45: [SM]   [0]  Line 79, D:\CSGO\csgo编译器\!dao.sp::Timer_knifemsg()
L 10/29/2014 - 00:54:46: [SM] Native "PrintToChat" reported: Client 2 is not in game
L 10/29/2014 - 00:54:46: [SM] Displaying call stack trace for plugin "!dao.smx":
L 10/29/2014 - 00:54:46: [SM]   [0]  Line 79, D:\CSGO\csgo编译器\!dao.sp::Timer_knifemsg()
L 10/29/2014 - 00:55:30: [SM] Native "PrintToChat" reported: Client 2 is not in game
L 10/29/2014 - 00:55:30: [SM] Displaying call stack trace for plugin "!dao.smx":
L 10/29/2014 - 00:55:30: [SM]   [0]  Line 79, D:\CSGO\csgo编译器\!dao.sp::Timer_knifemsg()
L 10/29/2014 - 11:05:36: SourceMod error session started
L 10/29/2014 - 11:05:36: Info (map "de_dust2") (file "errors_20141029.log")
L 10/29/2014 - 11:05:36: [SM] Native "PrintToChat" reported: Client 1 is not in game
L 10/29/2014 - 11:05:36: [SM] Displaying call stack trace for plugin "!dao.smx":
L 10/29/2014 - 11:05:36: [SM]   [0]  Line 79, D:\CSGO\csgo编译器\!dao.sp::Timer_knifemsg()
L 10/29/2014 - 11:05:37: Error log file session closed.
L 10/29/2014 - 11:05:37: SourceMod error session started
L 10/29/2014 - 11:05:37: Info (map "de_dust2") (file "errors_20141029.log")
L 10/29/2014 - 11:05:37: [SM] Fatal error encountered parsing translation file "namechangepunisher.phrases.txt"
L 10/29/2014 - 11:05:37: [SM] Error (line 0, column 0): Stream failed to open
L 10/29/2014 - 11:05:37: [SM] Fatal error encountered parsing translation file "plugin.supercmds.txt"
L 10/29/2014 - 11:05:37: [SM] Error (line 0, column 0): Stream failed to open
L 10/29/2014 - 11:05:37: [basecommands.smx] Could not parse file (line 12, file "addons\sourcemod\configs\adminmenu_cfgs.txt"):
L 10/29/2014 - 11:05:37: [basecommands.smx] Parser encountered error: Section ending without a matching section beginning
L 10/29/2014 - 11:05:37: [sm_cmdx.smx] Unable to locate overrides file.
L 10/29/2014 - 11:06:06: [SM] Native "CS_RespawnPlayer" reported: Client index 2 is not valid
L 10/29/2014 - 11:06:06: [SM] Displaying call stack trace for plugin "warmod.smx":
L 10/29/2014 - 11:06:06: [SM]   [0]  Line 4880, D:\CSGO\csgo编译器\warmod.sp::RespawnPlayer()
L 10/29/2014 - 13:20:20: Error log file session closed.
L 10/29/2014 - 13:20:20: SourceMod error session started
L 10/29/2014 - 13:20:20: Info (map "de_inferno") (file "errors_20141029.log")
L 10/29/2014 - 13:20:20: [SM] Fatal error encountered parsing translation file "namechangepunisher.phrases.txt"
L 10/29/2014 - 13:20:20: [SM] Error (line 0, column 0): Stream failed to open
L 10/29/2014 - 13:20:20: [SM] Fatal error encountered parsing translation file "plugin.supercmds.txt"
L 10/29/2014 - 13:20:20: [SM] Error (line 0, column 0): Stream failed to open
L 10/29/2014 - 13:20:20: [basecommands.smx] Could not parse file (line 12, file "addons\sourcemod\configs\adminmenu_cfgs.txt"):
L 10/29/2014 - 13:20:20: [basecommands.smx] Parser encountered error: Section ending without a matching section beginning
L 10/29/2014 - 13:20:20: [sm_cmdx.smx] Unable to locate overrides file.
L 10/29/2014 - 13:33:48: Error log file session closed.
L 10/29/2014 - 13:33:48: SourceMod error session started
L 10/29/2014 - 13:33:48: Info (map "wsf_bloodstrike") (file "errors_20141029.log")
L 10/29/2014 - 13:33:48: [SM] Fatal error encountered parsing translation file "namechangepunisher.phrases.txt"
L 10/29/2014 - 13:33:48: [SM] Error (line 0, column 0): Stream failed to open
L 10/29/2014 - 13:33:48: [SM] Fatal error encountered parsing translation file "plugin.supercmds.txt"
L 10/29/2014 - 13:33:48: [SM] Error (line 0, column 0): Stream failed to open
L 10/29/2014 - 13:33:49: [basecommands.smx] Could not parse file (line 12, file "addons\sourcemod\configs\adminmenu_cfgs.txt"):
L 10/29/2014 - 13:33:49: [basecommands.smx] Parser encountered error: Section ending without a matching section beginning
L 10/29/2014 - 13:33:49: [sm_cmdx.smx] Unable to locate overrides file.
L 10/29/2014 - 13:39:06: Error log file session closed.
L 10/29/2014 - 13:39:06: SourceMod error session started
L 10/29/2014 - 13:39:06: Info (map "de_nuke") (file "errors_20141029.log")
L 10/29/2014 - 13:39:06: [SM] Fatal error encountered parsing translation file "namechangepunisher.phrases.txt"
L 10/29/2014 - 13:39:06: [SM] Error (line 0, column 0): Stream failed to open
L 10/29/2014 - 13:39:06: [SM] Fatal error encountered parsing translation file "plugin.supercmds.txt"
L 10/29/2014 - 13:39:06: [SM] Error (line 0, column 0): Stream failed to open
L 10/29/2014 - 13:39:06: [basecommands.smx] Could not parse file (line 12, file "addons\sourcemod\configs\adminmenu_cfgs.txt"):
L 10/29/2014 - 13:39:06: [basecommands.smx] Parser encountered error: Section ending without a matching section beginning
L 10/29/2014 - 13:39:07: [sm_cmdx.smx] Unable to locate overrides file.
L 10/29/2014 - 13:39:35: [SM] Native "CS_RespawnPlayer" reported: Client index 12 is not valid
L 10/29/2014 - 13:39:35: [SM] Displaying call stack trace for plugin "warmod.smx":
L 10/29/2014 - 13:39:35: [SM]   [0]  Line 4880, D:\CSGO\csgo编译器\warmod.sp::RespawnPlayer()
L 10/29/2014 - 13:39:55: [SM] Native "CS_RespawnPlayer" reported: Client index 12 is not valid
L 10/29/2014 - 13:39:55: [SM] Displaying call stack trace for plugin "warmod.smx":
L 10/29/2014 - 13:39:55: [SM]   [0]  Line 4880, D:\CSGO\csgo编译器\warmod.sp::RespawnPlayer()
L 10/29/2014 - 13:39:55: [SM] Native "PrintToChat" reported: Client 12 is not in game
L 10/29/2014 - 13:39:55: [SM] Displaying call stack trace for plugin "!dao.smx":
L 10/29/2014 - 13:39:55: [SM]   [0]  Line 79, D:\CSGO\csgo编译器\!dao.sp::Timer_knifemsg()
L 10/29/2014 - 13:40:00: [SM] Native "PrintToChat" reported: Client 12 is not in game
L 10/29/2014 - 13:40:00: [SM] Displaying call stack trace for plugin "!dao.smx":
L 10/29/2014 - 13:40:00: [SM]   [0]  Line 79, D:\CSGO\csgo编译器\!dao.sp::Timer_knifemsg()
L 10/29/2014 - 13:41:37: [SM] Native "PrintToChat" reported: Client 12 is not in game
L 10/29/2014 - 13:41:37: [SM] Displaying call stack trace for plugin "!dao.smx":
L 10/29/2014 - 13:41:37: [SM]   [0]  Line 79, D:\CSGO\csgo编译器\!dao.sp::Timer_knifemsg()
L 10/29/2014 - 13:41:42: [SM] Native "PrintToChat" reported: Client 12 is not in game
L 10/29/2014 - 13:41:42: [SM] Displaying call stack trace for plugin "!dao.smx":
L 10/29/2014 - 13:41:42: [SM]   [0]  Line 79, D:\CSGO\csgo编译器\!dao.sp::Timer_knifemsg()
L 10/29/2014 - 14:26:14: Error log file session closed.
L 10/29/2014 - 14:26:14: SourceMod error session started
L 10/29/2014 - 14:26:14: Info (map "de_cache") (file "errors_20141029.log")
L 10/29/2014 - 14:26:14: [SM] Fatal error encountered parsing translation file "namechangepunisher.phrases.txt"
L 10/29/2014 - 14:26:14: [SM] Error (line 0, column 0): Stream failed to open
L 10/29/2014 - 14:26:14: [SM] Fatal error encountered parsing translation file "plugin.supercmds.txt"
L 10/29/2014 - 14:26:14: [SM] Error (line 0, column 0): Stream failed to open
L 10/29/2014 - 14:26:14: [basecommands.smx] Could not parse file (line 12, file "addons\sourcemod\configs\adminmenu_cfgs.txt"):
L 10/29/2014 - 14:26:14: [basecommands.smx] Parser encountered error: Section ending without a matching section beginning
L 10/29/2014 - 14:26:14: [sm_cmdx.smx] Unable to locate overrides file.
L 10/29/2014 - 14:26:41: [SM] Native "PrintToChat" reported: Client 7 is not in game
L 10/29/2014 - 14:26:41: [SM] Displaying call stack trace for plugin "!dao.smx":
L 10/29/2014 - 14:26:41: [SM]   [0]  Line 79, D:\CSGO\csgo编译器\!dao.sp::Timer_knifemsg()
L 10/29/2014 - 14:35:26: SourceMod error session started
L 10/29/2014 - 14:35:26: Info (map "de_dust2") (file "errors_20141029.log")
L 10/29/2014 - 14:35:26: [SM] Unable to load extension "curl.ext": 应用程序无法启动，因为应用程序的并行配置不正确。有关详细信息，请参阅应用程序事件日志，或使用命令行 sxstrace.exe 工具。

L 10/29/2014 - 14:35:26: [SM] Fatal error encountered parsing translation file "namechangepunisher.phrases.txt"
L 10/29/2014 - 14:35:26: [SM] Error (line 0, column 0): Stream failed to open
L 10/29/2014 - 14:35:26: [SM] Fatal error encountered parsing translation file "plugin.supercmds.txt"
L 10/29/2014 - 14:35:26: [SM] Error (line 0, column 0): Stream failed to open
L 10/29/2014 - 14:35:26: [SM] Error parsing gameconfig file "D:\steam\steamapps\common\Counter-Strike\csgo\addons\sourcemod\gamedata\supercmds.gamedata.txt":
L 10/29/2014 - 14:35:26: [SM] Error 1 on line 0, col 0: Stream failed to open
L 10/29/2014 - 14:35:26: [SM] Native "LoadGameConfigFile" reported: Unable to open supercmds.gamedata: File could not be opened: 系统找不到指定的文件。

L 10/29/2014 - 14:35:26: [SM] Displaying call stack trace for plugin "sm_cmdx.smx":
L 10/29/2014 - 14:35:26: [SM]   [0]  Line 108, D:\CSGO\csgo编译器\sm_cmdx.sp::OnPluginStart()
L 10/29/2014 - 14:35:27: [basecommands.smx] Could not parse file (line 12, file "addons\sourcemod\configs\adminmenu_cfgs.txt"):
L 10/29/2014 - 14:35:27: [basecommands.smx] Parser encountered error: Section ending without a matching section beginning
L 10/29/2014 - 14:38:35: [UPDATER] --- BEGIN ERRORS FROM AUTOMATIC UPDATER ---
L 10/29/2014 - 14:38:35: [UPDATER] Could not download "http://update.sourcemod.net/update/"
L 10/29/2014 - 14:38:35: [UPDATER] Error: Failure when receiving data from the peer
L 10/29/2014 - 14:38:35: [UPDATER] --- END ERRORS FROM AUTOMATIC UPDATER ---
L 10/29/2014 - 14:38:36: Error log file session closed.
L 10/29/2014 - 14:38:36: SourceMod error session started
L 10/29/2014 - 14:38:36: Info (map "de_dust2") (file "errors_20141029.log")
L 10/29/2014 - 14:38:36: [SM] Fatal error encountered parsing translation file "namechangepunisher.phrases.txt"
L 10/29/2014 - 14:38:36: [SM] Error (line 0, column 0): Stream failed to open
L 10/29/2014 - 14:38:36: [SM] Fatal error encountered parsing translation file "plugin.supercmds.txt"
L 10/29/2014 - 14:38:36: [SM] Error (line 0, column 0): Stream failed to open
L 10/29/2014 - 14:38:36: [basecommands.smx] Could not parse file (line 12, file "addons\sourcemod\configs\adminmenu_cfgs.txt"):
L 10/29/2014 - 14:38:36: [basecommands.smx] Parser encountered error: Section ending without a matching section beginning
L 10/29/2014 - 14:38:36: [sm_cmdx.smx] Unable to locate overrides file.
L 10/29/2014 - 14:39:48: Error log file session closed.
L 10/29/2014 - 14:39:48: SourceMod error session started
L 10/29/2014 - 14:39:48: Info (map "de_mirage") (file "errors_20141029.log")
L 10/29/2014 - 14:39:48: [SM] Fatal error encountered parsing translation file "namechangepunisher.phrases.txt"
L 10/29/2014 - 14:39:48: [SM] Error (line 0, column 0): Stream failed to open
L 10/29/2014 - 14:39:48: [SM] Fatal error encountered parsing translation file "plugin.supercmds.txt"
L 10/29/2014 - 14:39:48: [SM] Error (line 0, column 0): Stream failed to open
L 10/29/2014 - 14:39:49: [basecommands.smx] Could not parse file (line 12, file "addons\sourcemod\configs\adminmenu_cfgs.txt"):
L 10/29/2014 - 14:39:49: [basecommands.smx] Parser encountered error: Section ending without a matching section beginning
L 10/29/2014 - 14:39:49: [sm_cmdx.smx] Unable to locate overrides file.
L 10/29/2014 - 16:01:29: SourceMod error session started
L 10/29/2014 - 16:01:29: Info (map "de_dust2") (file "errors_20141029.log")
L 10/29/2014 - 16:01:29: [SM] Unable to load extension "curl.ext": 应用程序无法启动，因为应用程序的并行配置不正确。有关详细信息，请参阅应用程序事件日志，或使用命令行 sxstrace.exe 工具。

L 10/29/2014 - 16:01:30: [SM] Fatal error encountered parsing translation file "namechangepunisher.phrases.txt"
L 10/29/2014 - 16:01:30: [SM] Error (line 0, column 0): Stream failed to open
L 10/29/2014 - 16:01:30: [SM] Fatal error encountered parsing translation file "plugin.supercmds.txt"
L 10/29/2014 - 16:01:30: [SM] Error (line 0, column 0): Stream failed to open
L 10/29/2014 - 16:01:30: [SM] Error parsing gameconfig file "D:\steam\steamapps\common\Counter-Strike\csgo\addons\sourcemod\gamedata\supercmds.gamedata.txt":
L 10/29/2014 - 16:01:30: [SM] Error 1 on line 0, col 0: Stream failed to open
L 10/29/2014 - 16:01:30: [SM] Native "LoadGameConfigFile" reported: Unable to open supercmds.gamedata: File could not be opened: 系统找不到指定的文件。

L 10/29/2014 - 16:01:30: [SM] Displaying call stack trace for plugin "sm_cmdx.smx":
L 10/29/2014 - 16:01:30: [SM]   [0]  Line 108, D:\CSGO\csgo编译器\sm_cmdx.sp::OnPluginStart()
L 10/29/2014 - 16:01:33: [basecommands.smx] Could not parse file (line 12, file "addons\sourcemod\configs\adminmenu_cfgs.txt"):
L 10/29/2014 - 16:01:33: [basecommands.smx] Parser encountered error: Section ending without a matching section beginning
L 10/29/2014 - 16:56:51: Error log file session closed.
L 10/29/2014 - 16:56:51: SourceMod error session started
L 10/29/2014 - 16:56:51: Info (map "de_dust2") (file "errors_20141029.log")
L 10/29/2014 - 16:56:51: [SM] Fatal error encountered parsing translation file "namechangepunisher.phrases.txt"
L 10/29/2014 - 16:56:51: [SM] Error (line 0, column 0): Stream failed to open
L 10/29/2014 - 16:56:51: [SM] Fatal error encountered parsing translation file "plugin.supercmds.txt"
L 10/29/2014 - 16:56:51: [SM] Error (line 0, column 0): Stream failed to open
L 10/29/2014 - 16:56:52: [basecommands.smx] Could not parse file (line 12, file "addons\sourcemod\configs\adminmenu_cfgs.txt"):
L 10/29/2014 - 16:56:52: [basecommands.smx] Parser encountered error: Section ending without a matching section beginning
L 10/29/2014 - 16:56:52: [sm_cmdx.smx] Unable to locate overrides file.
L 10/29/2014 - 19:12:12: SourceMod error session started
L 10/29/2014 - 19:12:12: Info (map "de_dust2") (file "errors_20141029.log")
L 10/29/2014 - 19:12:12: [SM] Unable to load extension "curl.ext": 应用程序无法启动，因为应用程序的并行配置不正确。有关详细信息，请参阅应用程序事件日志，或使用命令行 sxstrace.exe 工具。

L 10/29/2014 - 19:12:12: [SM] Fatal error encountered parsing translation file "namechangepunisher.phrases.txt"
L 10/29/2014 - 19:12:12: [SM] Error (line 0, column 0): Stream failed to open
L 10/29/2014 - 19:12:12: [SM] Fatal error encountered parsing translation file "plugin.supercmds.txt"
L 10/29/2014 - 19:12:12: [SM] Error (line 0, column 0): Stream failed to open
L 10/29/2014 - 19:12:12: [SM] Error parsing gameconfig file "D:\steam\steamapps\common\Counter-Strike\csgo\addons\sourcemod\gamedata\supercmds.gamedata.txt":
L 10/29/2014 - 19:12:12: [SM] Error 1 on line 0, col 0: Stream failed to open
L 10/29/2014 - 19:12:12: [SM] Native "LoadGameConfigFile" reported: Unable to open supercmds.gamedata: File could not be opened: 系统找不到指定的文件。

L 10/29/2014 - 19:12:12: [SM] Displaying call stack trace for plugin "sm_cmdx.smx":
L 10/29/2014 - 19:12:12: [SM]   [0]  Line 108, D:\CSGO\csgo编译器\sm_cmdx.sp::OnPluginStart()
L 10/29/2014 - 19:12:13: [basecommands.smx] Could not parse file (line 12, file "addons\sourcemod\configs\adminmenu_cfgs.txt"):
L 10/29/2014 - 19:12:13: [basecommands.smx] Parser encountered error: Section ending without a matching section beginning
L 10/29/2014 - 19:17:38: Error log file session closed.
L 10/29/2014 - 19:17:38: SourceMod error session started
L 10/29/2014 - 19:17:38: Info (map "de_dust2") (file "errors_20141029.log")
L 10/29/2014 - 19:17:38: [SM] Fatal error encountered parsing translation file "namechangepunisher.phrases.txt"
L 10/29/2014 - 19:17:38: [SM] Error (line 0, column 0): Stream failed to open
L 10/29/2014 - 19:17:38: [SM] Fatal error encountered parsing translation file "plugin.supercmds.txt"
L 10/29/2014 - 19:17:38: [SM] Error (line 0, column 0): Stream failed to open
L 10/29/2014 - 19:17:39: [basecommands.smx] Could not parse file (line 12, file "addons\sourcemod\configs\adminmenu_cfgs.txt"):
L 10/29/2014 - 19:17:39: [basecommands.smx] Parser encountered error: Section ending without a matching section beginning
L 10/29/2014 - 19:17:39: [sm_cmdx.smx] Unable to locate overrides file.
L 10/29/2014 - 19:21:52: SourceMod error session started
L 10/29/2014 - 19:21:52: Info (map "de_dust2") (file "errors_20141029.log")
L 10/29/2014 - 19:21:52: [SM] Unable to load extension "curl.ext": 应用程序无法启动，因为应用程序的并行配置不正确。有关详细信息，请参阅应用程序事件日志，或使用命令行 sxstrace.exe 工具。

L 10/29/2014 - 19:21:52: [SM] Fatal error encountered parsing translation file "namechangepunisher.phrases.txt"
L 10/29/2014 - 19:21:52: [SM] Error (line 0, column 0): Stream failed to open
L 10/29/2014 - 19:21:52: [SM] Fatal error encountered parsing translation file "plugin.supercmds.txt"
L 10/29/2014 - 19:21:52: [SM] Error (line 0, column 0): Stream failed to open
L 10/29/2014 - 19:21:52: [SM] Error parsing gameconfig file "D:\steam\steamapps\common\Counter-Strike\csgo\addons\sourcemod\gamedata\supercmds.gamedata.txt":
L 10/29/2014 - 19:21:52: [SM] Error 1 on line 0, col 0: Stream failed to open
L 10/29/2014 - 19:21:52: [SM] Native "LoadGameConfigFile" reported: Unable to open supercmds.gamedata: File could not be opened: 系统找不到指定的文件。

L 10/29/2014 - 19:21:52: [SM] Displaying call stack trace for plugin "sm_cmdx.smx":
L 10/29/2014 - 19:21:52: [SM]   [0]  Line 108, D:\CSGO\csgo编译器\sm_cmdx.sp::OnPluginStart()
L 10/29/2014 - 19:21:53: [basecommands.smx] Could not parse file (line 12, file "addons\sourcemod\configs\adminmenu_cfgs.txt"):
L 10/29/2014 - 19:21:53: [basecommands.smx] Parser encountered error: Section ending without a matching section beginning
L 10/29/2014 - 19:27:12: [UPDATER] --- BEGIN ERRORS FROM AUTOMATIC UPDATER ---
L 10/29/2014 - 19:27:12: [UPDATER] Could not download "http://update.sourcemod.net/update/"
L 10/29/2014 - 19:27:12: [UPDATER] Error: Failure when receiving data from the peer
L 10/29/2014 - 19:27:12: [UPDATER] --- END ERRORS FROM AUTOMATIC UPDATER ---
L 10/29/2014 - 19:27:13: Error log file session closed.
L 10/29/2014 - 19:27:13: SourceMod error session started
L 10/29/2014 - 19:27:13: Info (map "de_dust2") (file "errors_20141029.log")
L 10/29/2014 - 19:27:13: [SM] Fatal error encountered parsing translation file "namechangepunisher.phrases.txt"
L 10/29/2014 - 19:27:13: [SM] Error (line 0, column 0): Stream failed to open
L 10/29/2014 - 19:27:13: [SM] Fatal error encountered parsing translation file "plugin.supercmds.txt"
L 10/29/2014 - 19:27:13: [SM] Error (line 0, column 0): Stream failed to open
L 10/29/2014 - 19:27:13: [basecommands.smx] Could not parse file (line 12, file "addons\sourcemod\configs\adminmenu_cfgs.txt"):
L 10/29/2014 - 19:27:13: [basecommands.smx] Parser encountered error: Section ending without a matching section beginning
L 10/29/2014 - 19:27:13: [sm_cmdx.smx] Unable to locate overrides file.
L 10/29/2014 - 19:28:05: Error log file session closed.
L 10/29/2014 - 19:28:05: SourceMod error session started
L 10/29/2014 - 19:28:05: Info (map "wsf_bloodstrike") (file "errors_20141029.log")
L 10/29/2014 - 19:28:05: [SM] Fatal error encountered parsing translation file "namechangepunisher.phrases.txt"
L 10/29/2014 - 19:28:05: [SM] Error (line 0, column 0): Stream failed to open
L 10/29/2014 - 19:28:05: [SM] Fatal error encountered parsing translation file "plugin.supercmds.txt"
L 10/29/2014 - 19:28:05: [SM] Error (line 0, column 0): Stream failed to open
L 10/29/2014 - 19:28:05: [basecommands.smx] Could not parse file (line 12, file "addons\sourcemod\configs\adminmenu_cfgs.txt"):
L 10/29/2014 - 19:28:05: [basecommands.smx] Parser encountered error: Section ending without a matching section beginning
L 10/29/2014 - 19:28:05: [sm_cmdx.smx] Unable to locate overrides file.
L 10/29/2014 - 19:30:29: [SM] Native "PrintToChat" reported: Client 3 is not in game
L 10/29/2014 - 19:30:29: [SM] Displaying call stack trace for plugin "!dao.smx":
L 10/29/2014 - 19:30:29: [SM]   [0]  Line 79, D:\CSGO\csgo编译器\!dao.sp::Timer_knifemsg()
L 10/29/2014 - 19:32:13: [SM] Native "PrintToChat" reported: Client 1 is not in game
L 10/29/2014 - 19:32:13: [SM] Displaying call stack trace for plugin "!dao.smx":
L 10/29/2014 - 19:32:13: [SM]   [0]  Line 79, D:\CSGO\csgo编译器\!dao.sp::Timer_knifemsg()
L 10/29/2014 - 19:35:07: SourceMod error session started
L 10/29/2014 - 19:35:07: Info (map "de_dust2") (file "errors_20141029.log")
L 10/29/2014 - 19:35:07: [SM] Unable to load extension "curl.ext": 应用程序无法启动，因为应用程序的并行配置不正确。有关详细信息，请参阅应用程序事件日志，或使用命令行 sxstrace.exe 工具。

L 10/29/2014 - 19:35:07: [SM] Fatal error encountered parsing translation file "namechangepunisher.phrases.txt"
L 10/29/2014 - 19:35:07: [SM] Error (line 0, column 0): Stream failed to open
L 10/29/2014 - 19:35:07: [SM] Fatal error encountered parsing translation file "plugin.supercmds.txt"
L 10/29/2014 - 19:35:07: [SM] Error (line 0, column 0): Stream failed to open
L 10/29/2014 - 19:35:07: [SM] Error parsing gameconfig file "D:\steam\steamapps\common\Counter-Strike\csgo\addons\sourcemod\gamedata\supercmds.gamedata.txt":
L 10/29/2014 - 19:35:07: [SM] Error 1 on line 0, col 0: Stream failed to open
L 10/29/2014 - 19:35:07: [SM] Native "LoadGameConfigFile" reported: Unable to open supercmds.gamedata: File could not be opened: 系统找不到指定的文件。

L 10/29/2014 - 19:35:07: [SM] Displaying call stack trace for plugin "sm_cmdx.smx":
L 10/29/2014 - 19:35:07: [SM]   [0]  Line 108, D:\CSGO\csgo编译器\sm_cmdx.sp::OnPluginStart()
L 10/29/2014 - 19:35:08: [basecommands.smx] Could not parse file (line 12, file "addons\sourcemod\configs\adminmenu_cfgs.txt"):
L 10/29/2014 - 19:35:08: [basecommands.smx] Parser encountered error: Section ending without a matching section beginning
L 10/29/2014 - 19:37:14: Error log file session closed.
L 10/29/2014 - 19:37:14: SourceMod error session started
L 10/29/2014 - 19:37:14: Info (map "de_dust2") (file "errors_20141029.log")
L 10/29/2014 - 19:37:14: [SM] Fatal error encountered parsing translation file "namechangepunisher.phrases.txt"
L 10/29/2014 - 19:37:14: [SM] Error (line 0, column 0): Stream failed to open
L 10/29/2014 - 19:37:14: [SM] Fatal error encountered parsing translation file "plugin.supercmds.txt"
L 10/29/2014 - 19:37:14: [SM] Error (line 0, column 0): Stream failed to open
L 10/29/2014 - 19:37:14: [basecommands.smx] Could not parse file (line 12, file "addons\sourcemod\configs\adminmenu_cfgs.txt"):
L 10/29/2014 - 19:37:14: [basecommands.smx] Parser encountered error: Section ending without a matching section beginning
L 10/29/2014 - 19:37:14: [sm_cmdx.smx] Unable to locate overrides file.
L 10/29/2014 - 19:42:33: Error log file session closed.
L 10/29/2014 - 19:42:33: SourceMod error session started
L 10/29/2014 - 19:42:33: Info (map "de_dust2") (file "errors_20141029.log")
L 10/29/2014 - 19:42:33: [SM] Fatal error encountered parsing translation file "namechangepunisher.phrases.txt"
L 10/29/2014 - 19:42:33: [SM] Error (line 0, column 0): Stream failed to open
L 10/29/2014 - 19:42:33: [SM] Fatal error encountered parsing translation file "plugin.supercmds.txt"
L 10/29/2014 - 19:42:33: [SM] Error (line 0, column 0): Stream failed to open
L 10/29/2014 - 19:42:33: [basecommands.smx] Could not parse file (line 12, file "addons\sourcemod\configs\adminmenu_cfgs.txt"):
L 10/29/2014 - 19:42:33: [basecommands.smx] Parser encountered error: Section ending without a matching section beginning
L 10/29/2014 - 19:42:33: [sm_cmdx.smx] Unable to locate overrides file.
L 10/29/2014 - 19:48:08: SourceMod error session started
L 10/29/2014 - 19:48:08: Info (map "de_dust2") (file "errors_20141029.log")
L 10/29/2014 - 19:48:08: [SM] Unable to load extension "curl.ext": 应用程序无法启动，因为应用程序的并行配置不正确。有关详细信息，请参阅应用程序事件日志，或使用命令行 sxstrace.exe 工具。

L 10/29/2014 - 19:48:08: [SM] Fatal error encountered parsing translation file "namechangepunisher.phrases.txt"
L 10/29/2014 - 19:48:08: [SM] Error (line 0, column 0): Stream failed to open
L 10/29/2014 - 19:48:08: [SM] Fatal error encountered parsing translation file "plugin.supercmds.txt"
L 10/29/2014 - 19:48:08: [SM] Error (line 0, column 0): Stream failed to open
L 10/29/2014 - 19:48:08: [SM] Error parsing gameconfig file "D:\steam\steamapps\common\Counter-Strike\csgo\addons\sourcemod\gamedata\supercmds.gamedata.txt":
L 10/29/2014 - 19:48:08: [SM] Error 1 on line 0, col 0: Stream failed to open
L 10/29/2014 - 19:48:08: [SM] Native "LoadGameConfigFile" reported: Unable to open supercmds.gamedata: File could not be opened: 系统找不到指定的文件。

L 10/29/2014 - 19:48:08: [SM] Displaying call stack trace for plugin "sm_cmdx.smx":
L 10/29/2014 - 19:48:08: [SM]   [0]  Line 108, D:\CSGO\csgo编译器\sm_cmdx.sp::OnPluginStart()
L 10/29/2014 - 19:48:09: [basecommands.smx] Could not parse file (line 12, file "addons\sourcemod\configs\adminmenu_cfgs.txt"):
L 10/29/2014 - 19:48:09: [basecommands.smx] Parser encountered error: Section ending without a matching section beginning
L 10/29/2014 - 19:53:51: Error log file session closed.
L 10/29/2014 - 19:53:51: SourceMod error session started
L 10/29/2014 - 19:53:51: Info (map "de_dust2") (file "errors_20141029.log")
L 10/29/2014 - 19:53:51: [SM] Fatal error encountered parsing translation file "namechangepunisher.phrases.txt"
L 10/29/2014 - 19:53:51: [SM] Error (line 0, column 0): Stream failed to open
L 10/29/2014 - 19:53:51: [SM] Fatal error encountered parsing translation file "plugin.supercmds.txt"
L 10/29/2014 - 19:53:51: [SM] Error (line 0, column 0): Stream failed to open
L 10/29/2014 - 19:53:51: [sm_cmdx.smx] Unable to locate overrides file.
L 10/29/2014 - 19:53:52: [basecommands.smx] Could not parse file (line 12, file "addons\sourcemod\configs\adminmenu_cfgs.txt"):
L 10/29/2014 - 19:53:52: [basecommands.smx] Parser encountered error: Section ending without a matching section beginning
L 10/29/2014 - 19:54:04: Error log file session closed.
L 10/29/2014 - 19:54:04: SourceMod error session started
L 10/29/2014 - 19:54:04: Info (map "de_dust2") (file "errors_20141029.log")
L 10/29/2014 - 19:54:04: [SM] Fatal error encountered parsing translation file "namechangepunisher.phrases.txt"
L 10/29/2014 - 19:54:04: [SM] Error (line 0, column 0): Stream failed to open
L 10/29/2014 - 19:54:04: [SM] Fatal error encountered parsing translation file "plugin.supercmds.txt"
L 10/29/2014 - 19:54:04: [SM] Error (line 0, column 0): Stream failed to open
L 10/29/2014 - 19:54:04: [basecommands.smx] Could not parse file (line 12, file "addons\sourcemod\configs\adminmenu_cfgs.txt"):
L 10/29/2014 - 19:54:04: [basecommands.smx] Parser encountered error: Section ending without a matching section beginning
L 10/29/2014 - 19:54:04: [sm_cmdx.smx] Unable to locate overrides file.
L 10/29/2014 - 19:54:12: [SM] Native "CS_RespawnPlayer" reported: Client index 2 is not valid
L 10/29/2014 - 19:54:12: [SM] Displaying call stack trace for plugin "warmod.smx":
L 10/29/2014 - 19:54:12: [SM]   [0]  Line 4830, D:\CSGO\csgo编译器\warmod.sp::RespawnPlayer()
L 10/29/2014 - 19:54:43: [SM] Native "PrintToChat" reported: Client 3 is not in game
L 10/29/2014 - 19:54:43: [SM] Displaying call stack trace for plugin "!dao.smx":
L 10/29/2014 - 19:54:43: [SM]   [0]  Line 79, D:\CSGO\csgo编译器\!dao.sp::Timer_knifemsg()
L 10/29/2014 - 19:55:59: SourceMod error session started
L 10/29/2014 - 19:55:59: Info (map "de_dust2") (file "errors_20141029.log")
L 10/29/2014 - 19:55:59: [SM] Unable to load extension "curl.ext": 应用程序无法启动，因为应用程序的并行配置不正确。有关详细信息，请参阅应用程序事件日志，或使用命令行 sxstrace.exe 工具。

L 10/29/2014 - 19:55:59: [SM] Fatal error encountered parsing translation file "namechangepunisher.phrases.txt"
L 10/29/2014 - 19:55:59: [SM] Error (line 0, column 0): Stream failed to open
L 10/29/2014 - 19:55:59: [SM] Fatal error encountered parsing translation file "plugin.supercmds.txt"
L 10/29/2014 - 19:55:59: [SM] Error (line 0, column 0): Stream failed to open
L 10/29/2014 - 19:55:59: [SM] Error parsing gameconfig file "D:\steam\steamapps\common\Counter-Strike\csgo\addons\sourcemod\gamedata\supercmds.gamedata.txt":
L 10/29/2014 - 19:55:59: [SM] Error 1 on line 0, col 0: Stream failed to open
L 10/29/2014 - 19:55:59: [SM] Native "LoadGameConfigFile" reported: Unable to open supercmds.gamedata: File could not be opened: 系统找不到指定的文件。

L 10/29/2014 - 19:55:59: [SM] Displaying call stack trace for plugin "sm_cmdx.smx":
L 10/29/2014 - 19:55:59: [SM]   [0]  Line 108, D:\CSGO\csgo编译器\sm_cmdx.sp::OnPluginStart()
L 10/29/2014 - 19:56:00: [basecommands.smx] Could not parse file (line 12, file "addons\sourcemod\configs\adminmenu_cfgs.txt"):
L 10/29/2014 - 19:56:00: [basecommands.smx] Parser encountered error: Section ending without a matching section beginning
L 10/29/2014 - 20:03:28: Error log file session closed.
L 10/29/2014 - 20:03:28: SourceMod error session started
L 10/29/2014 - 20:03:28: Info (map "de_dust2") (file "errors_20141029.log")
L 10/29/2014 - 20:03:28: [SM] Fatal error encountered parsing translation file "namechangepunisher.phrases.txt"
L 10/29/2014 - 20:03:28: [SM] Error (line 0, column 0): Stream failed to open
L 10/29/2014 - 20:03:28: [SM] Fatal error encountered parsing translation file "plugin.supercmds.txt"
L 10/29/2014 - 20:03:28: [SM] Error (line 0, column 0): Stream failed to open
L 10/29/2014 - 20:03:29: [basecommands.smx] Could not parse file (line 12, file "addons\sourcemod\configs\adminmenu_cfgs.txt"):
L 10/29/2014 - 20:03:29: [basecommands.smx] Parser encountered error: Section ending without a matching section beginning
L 10/29/2014 - 20:03:29: [sm_cmdx.smx] Unable to locate overrides file.
L 10/29/2014 - 20:03:42: Error log file session closed.
L 10/29/2014 - 20:03:42: SourceMod error session started
L 10/29/2014 - 20:03:42: Info (map "de_dust2") (file "errors_20141029.log")
L 10/29/2014 - 20:03:42: [SM] Fatal error encountered parsing translation file "namechangepunisher.phrases.txt"
L 10/29/2014 - 20:03:42: [SM] Error (line 0, column 0): Stream failed to open
L 10/29/2014 - 20:03:42: [SM] Fatal error encountered parsing translation file "plugin.supercmds.txt"
L 10/29/2014 - 20:03:42: [SM] Error (line 0, column 0): Stream failed to open
L 10/29/2014 - 20:03:42: [basecommands.smx] Could not parse file (line 12, file "addons\sourcemod\configs\adminmenu_cfgs.txt"):
L 10/29/2014 - 20:03:42: [basecommands.smx] Parser encountered error: Section ending without a matching section beginning
L 10/29/2014 - 20:03:42: [sm_cmdx.smx] Unable to locate overrides file.
L 10/29/2014 - 20:04:17: [SM] Plugin encountered error 4: Invalid parameter or parameter type
L 10/29/2014 - 20:04:17: [SM] Native "VFormat" reported: Language phrase "Knife Vote" not found
L 10/29/2014 - 20:04:17: [SM] Displaying call stack trace for plugin "warmod.smx":
L 10/29/2014 - 20:04:17: [SM]   [0]  Line 328, D:\CSGO\csgo编译器\include\halflife.inc::PrintToChatAll()
L 10/29/2014 - 20:04:17: [SM]   [1]  Line 1811, D:\CSGO\csgo编译器\warmod.sp::Event_Round_End()
L 10/29/2014 - 20:05:41: [SM] Plugin encountered error 4: Invalid parameter or parameter type
L 10/29/2014 - 20:05:41: [SM] Native "VFormat" reported: Language phrase "Knife Vote" not found
L 10/29/2014 - 20:05:41: [SM] Displaying call stack trace for plugin "warmod.smx":
L 10/29/2014 - 20:05:41: [SM]   [0]  Line 328, D:\CSGO\csgo编译器\include\halflife.inc::PrintToChatAll()
L 10/29/2014 - 20:05:41: [SM]   [1]  Line 1811, D:\CSGO\csgo编译器\warmod.sp::Event_Round_End()
L 10/29/2014 - 20:07:36: [SM] Plugin encountered error 4: Invalid parameter or parameter type
L 10/29/2014 - 20:07:36: [SM] Native "VFormat" reported: Language phrase "Knife Vote" not found
L 10/29/2014 - 20:07:36: [SM] Displaying call stack trace for plugin "warmod.smx":
L 10/29/2014 - 20:07:36: [SM]   [0]  Line 328, D:\CSGO\csgo编译器\include\halflife.inc::PrintToChatAll()
L 10/29/2014 - 20:07:36: [SM]   [1]  Line 1811, D:\CSGO\csgo编译器\warmod.sp::Event_Round_End()
L 10/29/2014 - 20:09:31: [SM] Plugin encountered error 4: Invalid parameter or parameter type
L 10/29/2014 - 20:09:31: [SM] Native "VFormat" reported: Language phrase "Knife Vote" not found
L 10/29/2014 - 20:09:31: [SM] Displaying call stack trace for plugin "warmod.smx":
L 10/29/2014 - 20:09:31: [SM]   [0]  Line 328, D:\CSGO\csgo编译器\include\halflife.inc::PrintToChatAll()
L 10/29/2014 - 20:09:31: [SM]   [1]  Line 1811, D:\CSGO\csgo编译器\warmod.sp::Event_Round_End()
L 10/29/2014 - 20:10:38: [SM] Plugin encountered error 4: Invalid parameter or parameter type
L 10/29/2014 - 20:10:38: [SM] Native "VFormat" reported: Language phrase "Knife Vote" not found
L 10/29/2014 - 20:10:38: [SM] Displaying call stack trace for plugin "warmod.smx":
L 10/29/2014 - 20:10:38: [SM]   [0]  Line 328, D:\CSGO\csgo编译器\include\halflife.inc::PrintToChatAll()
L 10/29/2014 - 20:10:38: [SM]   [1]  Line 1811, D:\CSGO\csgo编译器\warmod.sp::Event_Round_End()
L 10/29/2014 - 20:12:33: [SM] Plugin encountered error 4: Invalid parameter or parameter type
L 10/29/2014 - 20:12:33: [SM] Native "VFormat" reported: Language phrase "Knife Vote" not found
L 10/29/2014 - 20:12:33: [SM] Displaying call stack trace for plugin "warmod.smx":
L 10/29/2014 - 20:12:33: [SM]   [0]  Line 328, D:\CSGO\csgo编译器\include\halflife.inc::PrintToChatAll()
L 10/29/2014 - 20:12:33: [SM]   [1]  Line 1811, D:\CSGO\csgo编译器\warmod.sp::Event_Round_End()
L 10/29/2014 - 20:13:52: [SM] Plugin encountered error 4: Invalid parameter or parameter type
L 10/29/2014 - 20:13:52: [SM] Native "VFormat" reported: Language phrase "Knife Vote" not found
L 10/29/2014 - 20:13:52: [SM] Displaying call stack trace for plugin "warmod.smx":
L 10/29/2014 - 20:13:52: [SM]   [0]  Line 328, D:\CSGO\csgo编译器\include\halflife.inc::PrintToChatAll()
L 10/29/2014 - 20:13:52: [SM]   [1]  Line 1811, D:\CSGO\csgo编译器\warmod.sp::Event_Round_End()
L 10/29/2014 - 20:15:11: Error log file session closed.
L 10/29/2014 - 20:15:11: SourceMod error session started
L 10/29/2014 - 20:15:11: Info (map "de_dust2") (file "errors_20141029.log")
L 10/29/2014 - 20:15:11: [SM] Fatal error encountered parsing translation file "namechangepunisher.phrases.txt"
L 10/29/2014 - 20:15:11: [SM] Error (line 0, column 0): Stream failed to open
L 10/29/2014 - 20:15:11: [SM] Fatal error encountered parsing translation file "plugin.supercmds.txt"
L 10/29/2014 - 20:15:11: [SM] Error (line 0, column 0): Stream failed to open
L 10/29/2014 - 20:15:12: [basecommands.smx] Could not parse file (line 12, file "addons\sourcemod\configs\adminmenu_cfgs.txt"):
L 10/29/2014 - 20:15:12: [basecommands.smx] Parser encountered error: Section ending without a matching section beginning
L 10/29/2014 - 20:15:12: [sm_cmdx.smx] Unable to locate overrides file.
L 10/29/2014 - 20:20:39: Error log file session closed.
L 10/29/2014 - 20:20:39: SourceMod error session started
L 10/29/2014 - 20:20:39: Info (map "de_dust2") (file "errors_20141029.log")
L 10/29/2014 - 20:20:39: [SM] Fatal error encountered parsing translation file "namechangepunisher.phrases.txt"
L 10/29/2014 - 20:20:39: [SM] Error (line 0, column 0): Stream failed to open
L 10/29/2014 - 20:20:39: [SM] Fatal error encountered parsing translation file "plugin.supercmds.txt"
L 10/29/2014 - 20:20:39: [SM] Error (line 0, column 0): Stream failed to open
L 10/29/2014 - 20:20:39: [basecommands.smx] Could not parse file (line 12, file "addons\sourcemod\configs\adminmenu_cfgs.txt"):
L 10/29/2014 - 20:20:39: [basecommands.smx] Parser encountered error: Section ending without a matching section beginning
L 10/29/2014 - 20:20:39: [sm_cmdx.smx] Unable to locate overrides file.
L 10/29/2014 - 20:20:56: [SM] Native "GetConVarFlags" reported: Invalid convar handle 0 (error 4)
L 10/29/2014 - 20:20:56: [SM] Displaying call stack trace for plugin "warmod.smx":
L 10/29/2014 - 20:20:56: [SM]   [0]  Line 477, D:\CSGO\csgo编译器\include\warmod.inc::SetConVarIntHidden()
L 10/29/2014 - 20:20:56: [SM]   [1]  Line 5051, D:\CSGO\csgo编译器\warmod.sp::UpdateStatus()
L 10/29/2014 - 20:20:56: [SM]   [2]  Line 1817, D:\CSGO\csgo编译器\warmod.sp::Event_Round_End()
L 10/29/2014 - 20:27:04: Error log file session closed.
L 10/29/2014 - 20:27:04: SourceMod error session started
L 10/29/2014 - 20:27:04: Info (map "de_dust2") (file "errors_20141029.log")
L 10/29/2014 - 20:27:04: [SM] Fatal error encountered parsing translation file "namechangepunisher.phrases.txt"
L 10/29/2014 - 20:27:04: [SM] Error (line 0, column 0): Stream failed to open
L 10/29/2014 - 20:27:04: [SM] Fatal error encountered parsing translation file "plugin.supercmds.txt"
L 10/29/2014 - 20:27:04: [SM] Error (line 0, column 0): Stream failed to open
L 10/29/2014 - 20:27:05: [basecommands.smx] Could not parse file (line 12, file "addons\sourcemod\configs\adminmenu_cfgs.txt"):
L 10/29/2014 - 20:27:05: [basecommands.smx] Parser encountered error: Section ending without a matching section beginning
L 10/29/2014 - 20:27:05: [sm_cmdx.smx] Unable to locate overrides file.
L 10/29/2014 - 20:27:21: [SM] Native "GetConVarFlags" reported: Invalid convar handle 0 (error 4)
L 10/29/2014 - 20:27:21: [SM] Displaying call stack trace for plugin "warmod.smx":
L 10/29/2014 - 20:27:21: [SM]   [0]  Line 477, D:\CSGO\csgo编译器\include\warmod.inc::SetConVarIntHidden()
L 10/29/2014 - 20:27:21: [SM]   [1]  Line 5030, D:\CSGO\csgo编译器\warmod.sp::UpdateStatus()
L 10/29/2014 - 20:27:21: [SM]   [2]  Line 1788, D:\CSGO\csgo编译器\warmod.sp::Event_Round_End()
L 10/29/2014 - 20:28:14: [SM] Native "GetConVarFlags" reported: Invalid convar handle 0 (error 4)
L 10/29/2014 - 20:28:14: [SM] Displaying call stack trace for plugin "warmod.smx":
L 10/29/2014 - 20:28:14: [SM]   [0]  Line 477, D:\CSGO\csgo编译器\include\warmod.inc::SetConVarIntHidden()
L 10/29/2014 - 20:28:14: [SM]   [1]  Line 5030, D:\CSGO\csgo编译器\warmod.sp::UpdateStatus()
L 10/29/2014 - 20:28:14: [SM]   [2]  Line 1788, D:\CSGO\csgo编译器\warmod.sp::Event_Round_End()
L 10/29/2014 - 20:35:43: Error log file session closed.
L 10/29/2014 - 20:35:43: SourceMod error session started
L 10/29/2014 - 20:35:43: Info (map "de_dust2") (file "errors_20141029.log")
L 10/29/2014 - 20:35:43: [SM] Fatal error encountered parsing translation file "namechangepunisher.phrases.txt"
L 10/29/2014 - 20:35:43: [SM] Error (line 0, column 0): Stream failed to open
L 10/29/2014 - 20:35:43: [SM] Fatal error encountered parsing translation file "plugin.supercmds.txt"
L 10/29/2014 - 20:35:43: [SM] Error (line 0, column 0): Stream failed to open
L 10/29/2014 - 20:35:44: [basecommands.smx] Could not parse file (line 12, file "addons\sourcemod\configs\adminmenu_cfgs.txt"):
L 10/29/2014 - 20:35:44: [basecommands.smx] Parser encountered error: Section ending without a matching section beginning
L 10/29/2014 - 20:35:44: [sm_cmdx.smx] Unable to locate overrides file.
L 10/29/2014 - 20:43:36: Error log file session closed.
L 10/29/2014 - 20:43:36: SourceMod error session started
L 10/29/2014 - 20:43:36: Info (map "de_dust2") (file "errors_20141029.log")
L 10/29/2014 - 20:43:36: [SM] Fatal error encountered parsing translation file "namechangepunisher.phrases.txt"
L 10/29/2014 - 20:43:36: [SM] Error (line 0, column 0): Stream failed to open
L 10/29/2014 - 20:43:36: [SM] Fatal error encountered parsing translation file "plugin.supercmds.txt"
L 10/29/2014 - 20:43:36: [SM] Error (line 0, column 0): Stream failed to open
L 10/29/2014 - 20:43:36: [basecommands.smx] Could not parse file (line 12, file "addons\sourcemod\configs\adminmenu_cfgs.txt"):
L 10/29/2014 - 20:43:36: [basecommands.smx] Parser encountered error: Section ending without a matching section beginning
L 10/29/2014 - 20:43:36: [sm_cmdx.smx] Unable to locate overrides file.
L 10/29/2014 - 20:52:41: Error log file session closed.
L 10/29/2014 - 20:52:41: SourceMod error session started
L 10/29/2014 - 20:52:41: Info (map "de_dust2") (file "errors_20141029.log")
L 10/29/2014 - 20:52:41: [SM] Fatal error encountered parsing translation file "namechangepunisher.phrases.txt"
L 10/29/2014 - 20:52:41: [SM] Error (line 0, column 0): Stream failed to open
L 10/29/2014 - 20:52:41: [SM] Fatal error encountered parsing translation file "plugin.supercmds.txt"
L 10/29/2014 - 20:52:41: [SM] Error (line 0, column 0): Stream failed to open
L 10/29/2014 - 20:52:41: [basecommands.smx] Could not parse file (line 12, file "addons\sourcemod\configs\adminmenu_cfgs.txt"):
L 10/29/2014 - 20:52:41: [basecommands.smx] Parser encountered error: Section ending without a matching section beginning
L 10/29/2014 - 20:52:41: [sm_cmdx.smx] Unable to locate overrides file.
L 10/29/2014 - 21:11:27: [SM] Native "PrintToChat" reported: Client 10 is not in game
L 10/29/2014 - 21:11:27: [SM] Displaying call stack trace for plugin "!dao.smx":
L 10/29/2014 - 21:11:27: [SM]   [0]  Line 79, D:\CSGO\csgo编译器\!dao.sp::Timer_knifemsg()
L 10/29/2014 - 21:35:52: [SM] Native "PrintToChat" reported: Client 12 is not in game
L 10/29/2014 - 21:35:52: [SM] Displaying call stack trace for plugin "!dao.smx":
L 10/29/2014 - 21:35:52: [SM]   [0]  Line 79, D:\CSGO\csgo编译器\!dao.sp::Timer_knifemsg()
L 10/29/2014 - 21:49:04: Error log file session closed.
L 10/29/2014 - 21:49:04: SourceMod error session started
L 10/29/2014 - 21:49:04: Info (map "de_mirage") (file "errors_20141029.log")
L 10/29/2014 - 21:49:04: [SM] Fatal error encountered parsing translation file "namechangepunisher.phrases.txt"
L 10/29/2014 - 21:49:04: [SM] Error (line 0, column 0): Stream failed to open
L 10/29/2014 - 21:49:04: [SM] Fatal error encountered parsing translation file "plugin.supercmds.txt"
L 10/29/2014 - 21:49:04: [SM] Error (line 0, column 0): Stream failed to open
L 10/29/2014 - 21:49:04: [basecommands.smx] Could not parse file (line 12, file "addons\sourcemod\configs\adminmenu_cfgs.txt"):
L 10/29/2014 - 21:49:04: [basecommands.smx] Parser encountered error: Section ending without a matching section beginning
L 10/29/2014 - 21:49:04: [sm_cmdx.smx] Unable to locate overrides file.
L 10/29/2014 - 21:49:11: [SM] Native "CS_RespawnPlayer" reported: Client index 7 is not valid
L 10/29/2014 - 21:49:11: [SM] Displaying call stack trace for plugin "warmod.smx":
L 10/29/2014 - 21:49:11: [SM]   [0]  Line 4706, D:\CSGO\csgo编译器\warmod.sp::RespawnPlayer()
L 10/29/2014 - 21:49:30: [SM] Native "PrintToChat" reported: Client 7 is not in game
L 10/29/2014 - 21:49:30: [SM] Displaying call stack trace for plugin "!dao.smx":
L 10/29/2014 - 21:49:30: [SM]   [0]  Line 79, D:\CSGO\csgo编译器\!dao.sp::Timer_knifemsg()
L 10/29/2014 - 21:49:35: [SM] Native "PrintToChat" reported: Client 8 is not in game
L 10/29/2014 - 21:49:35: [SM] Displaying call stack trace for plugin "!dao.smx":
L 10/29/2014 - 21:49:35: [SM]   [0]  Line 79, D:\CSGO\csgo编译器\!dao.sp::Timer_knifemsg()
L 10/29/2014 - 21:49:35: [SM] Native "EquipPlayerWeapon" reported: NULL not allowed
L 10/29/2014 - 21:49:35: [SM] Displaying call stack trace for plugin "!dao.smx":
L 10/29/2014 - 21:49:35: [SM]   [0]  Line 279, D:\CSGO\csgo编译器\!dao.sp::fadao()
L 10/29/2014 - 21:49:36: [SM] Native "EquipPlayerWeapon" reported: NULL not allowed
L 10/29/2014 - 21:49:36: [SM] Displaying call stack trace for plugin "!dao.smx":
L 10/29/2014 - 21:49:36: [SM]   [0]  Line 279, D:\CSGO\csgo编译器\!dao.sp::fadao()
L 10/29/2014 - 21:50:06: [SM] Native "EquipPlayerWeapon" reported: NULL not allowed
L 10/29/2014 - 21:50:06: [SM] Displaying call stack trace for plugin "!dao.smx":
L 10/29/2014 - 21:50:06: [SM]   [0]  Line 279, D:\CSGO\csgo编译器\!dao.sp::fadao()
L 10/29/2014 - 21:50:06: [SM] Native "EquipPlayerWeapon" reported: NULL not allowed
L 10/29/2014 - 21:50:06: [SM] Displaying call stack trace for plugin "!dao.smx":
L 10/29/2014 - 21:50:06: [SM]   [0]  Line 279, D:\CSGO\csgo编译器\!dao.sp::fadao()
L 10/29/2014 - 21:50:14: [SM] Native "EquipPlayerWeapon" reported: NULL not allowed
L 10/29/2014 - 21:50:14: [SM] Displaying call stack trace for plugin "!dao.smx":
L 10/29/2014 - 21:50:14: [SM]   [0]  Line 279, D:\CSGO\csgo编译器\!dao.sp::fadao()
L 10/29/2014 - 22:18:44: [SM] Native "PrintToChat" reported: Client 4 is not in game
L 10/29/2014 - 22:18:44: [SM] Displaying call stack trace for plugin "!dao.smx":
L 10/29/2014 - 22:18:44: [SM]   [0]  Line 79, D:\CSGO\csgo编译器\!dao.sp::Timer_knifemsg()
L 10/29/2014 - 22:28:09: Error log file session closed.
L 10/29/2014 - 22:28:09: SourceMod error session started
L 10/29/2014 - 22:28:09: Info (map "de_inferno") (file "errors_20141029.log")
L 10/29/2014 - 22:28:09: [SM] Fatal error encountered parsing translation file "namechangepunisher.phrases.txt"
L 10/29/2014 - 22:28:09: [SM] Error (line 0, column 0): Stream failed to open
L 10/29/2014 - 22:28:09: [SM] Fatal error encountered parsing translation file "plugin.supercmds.txt"
L 10/29/2014 - 22:28:09: [SM] Error (line 0, column 0): Stream failed to open
L 10/29/2014 - 22:28:10: [basecommands.smx] Could not parse file (line 12, file "addons\sourcemod\configs\adminmenu_cfgs.txt"):
L 10/29/2014 - 22:28:10: [basecommands.smx] Parser encountered error: Section ending without a matching section beginning
L 10/29/2014 - 22:28:10: [sm_cmdx.smx] Unable to locate overrides file.
L 10/29/2014 - 22:32:13: [SM] Native "PrintToChat" reported: Client 8 is not in game
L 10/29/2014 - 22:32:13: [SM] Displaying call stack trace for plugin "!dao.smx":
L 10/29/2014 - 22:32:13: [SM]   [0]  Line 79, D:\CSGO\csgo编译器\!dao.sp::Timer_knifemsg()
L 10/29/2014 - 22:36:05: [SM] Native "PrintToChat" reported: Client 9 is not in game
L 10/29/2014 - 22:36:05: [SM] Displaying call stack trace for plugin "!dao.smx":
L 10/29/2014 - 22:36:05: [SM]   [0]  Line 79, D:\CSGO\csgo编译器\!dao.sp::Timer_knifemsg()
L 10/29/2014 - 23:08:40: Error log file session closed.
L 10/29/2014 - 23:08:40: SourceMod error session started
L 10/29/2014 - 23:08:40: Info (map "de_nuke") (file "errors_20141029.log")
L 10/29/2014 - 23:08:40: [SM] Fatal error encountered parsing translation file "namechangepunisher.phrases.txt"
L 10/29/2014 - 23:08:40: [SM] Error (line 0, column 0): Stream failed to open
L 10/29/2014 - 23:08:40: [SM] Fatal error encountered parsing translation file "plugin.supercmds.txt"
L 10/29/2014 - 23:08:40: [SM] Error (line 0, column 0): Stream failed to open
L 10/29/2014 - 23:08:41: [basecommands.smx] Could not parse file (line 12, file "addons\sourcemod\configs\adminmenu_cfgs.txt"):
L 10/29/2014 - 23:08:41: [basecommands.smx] Parser encountered error: Section ending without a matching section beginning
L 10/29/2014 - 23:08:41: [sm_cmdx.smx] Unable to locate overrides file.
L 10/29/2014 - 23:09:11: [SM] Native "PrintToChat" reported: Client 7 is not in game
L 10/29/2014 - 23:09:11: [SM] Displaying call stack trace for plugin "!dao.smx":
L 10/29/2014 - 23:09:11: [SM]   [0]  Line 79, D:\CSGO\csgo编译器\!dao.sp::Timer_knifemsg()
