L 10/25/2014 - 05:18:02: SourceMod error session started
L 10/25/2014 - 05:18:02: Info (map "de_inferno") (file "errors_20141025.log")
L 10/25/2014 - 05:18:02: Error log file session closed.
L 10/25/2014 - 05:18:02: SourceMod error session started
L 10/25/2014 - 05:18:02: Info (map "de_inferno") (file "errors_20141025.log")
L 10/25/2014 - 05:18:02: [SM] Fatal error encountered parsing translation file "namechangepunisher.phrases.txt"
L 10/25/2014 - 05:18:02: [SM] Error (line 0, column 0): Stream failed to open
L 10/25/2014 - 05:18:02: [SM] Fatal error encountered parsing translation file "plugin.supercmds.txt"
L 10/25/2014 - 05:18:02: [SM] Error (line 0, column 0): Stream failed to open
L 10/25/2014 - 05:18:03: [basecommands.smx] Could not parse file (line 12, file "addons\sourcemod\configs\adminmenu_cfgs.txt"):
L 10/25/2014 - 05:18:03: [basecommands.smx] Parser encountered error: Section ending without a matching section beginning
L 10/25/2014 - 05:18:03: [warmod.smx] GameTech LiveWire - Socket error 3 (errno 11004)
L 10/25/2014 - 05:18:03: [sm_cmdx.smx] Unable to locate overrides file.
L 10/25/2014 - 05:18:03: [warmod.smx] GameTech LiveWire - Socket error 3 (errno 11004)
L 10/25/2014 - 05:18:08: [warmod.smx] Plug-in tEasyFTP.smx required to auto upload demos
L 10/25/2014 - 05:19:46: Error log file session closed.
L 10/25/2014 - 05:19:46: SourceMod error session started
L 10/25/2014 - 05:19:46: Info (map "de_inferno") (file "errors_20141025.log")
L 10/25/2014 - 05:19:46: [SM] Fatal error encountered parsing translation file "namechangepunisher.phrases.txt"
L 10/25/2014 - 05:19:46: [SM] Error (line 0, column 0): Stream failed to open
L 10/25/2014 - 05:19:46: [SM] Fatal error encountered parsing translation file "plugin.supercmds.txt"
L 10/25/2014 - 05:19:46: [SM] Error (line 0, column 0): Stream failed to open
L 10/25/2014 - 05:19:46: [basecommands.smx] Could not parse file (line 12, file "addons\sourcemod\configs\adminmenu_cfgs.txt"):
L 10/25/2014 - 05:19:46: [basecommands.smx] Parser encountered error: Section ending without a matching section beginning
L 10/25/2014 - 05:19:46: [warmod.smx] GameTech LiveWire - Socket error 3 (errno 11004)
L 10/25/2014 - 05:19:46: [sm_cmdx.smx] Unable to locate overrides file.
L 10/25/2014 - 05:19:47: [warmod.smx] GameTech LiveWire - Socket error 3 (errno 11004)
L 10/25/2014 - 05:19:51: [warmod.smx] Plug-in tEasyFTP.smx required to auto upload demos
L 10/25/2014 - 10:41:36: SourceMod error session started
L 10/25/2014 - 10:41:36: Info (map "de_dust2") (file "errors_20141025.log")
L 10/25/2014 - 10:41:36: [SM] Fatal error encountered parsing translation file "namechangepunisher.phrases.txt"
L 10/25/2014 - 10:41:36: [SM] Error (line 0, column 0): Stream failed to open
L 10/25/2014 - 10:41:36: [SM] Fatal error encountered parsing translation file "plugin.supercmds.txt"
L 10/25/2014 - 10:41:36: [SM] Error (line 0, column 0): Stream failed to open
L 10/25/2014 - 10:41:36: [SM] Error parsing gameconfig file "D:\steam\steamapps\common\Counter-Strike Global Offensive Beta - Dedicated Server\csgo\addons\sourcemod\gamedata\supercmds.gamedata.txt":
L 10/25/2014 - 10:41:36: [SM] Error 1 on line 0, col 0: Stream failed to open
L 10/25/2014 - 10:41:36: [SM] Native "LoadGameConfigFile" reported: Unable to open supercmds.gamedata: File could not be opened: œµÕ≥’“≤ªµΩ÷∏∂®µƒŒƒº˛°£

L 10/25/2014 - 10:41:36: [SM] Displaying call stack trace for plugin "sm_cmdx.smx":
L 10/25/2014 - 10:41:36: [SM]   [0]  Line 108, D:\CSGO\csgo±‡“Î∆˜\sm_cmdx.sp::OnPluginStart()
L 10/25/2014 - 10:41:37: [basecommands.smx] Could not parse file (line 12, file "addons\sourcemod\configs\adminmenu_cfgs.txt"):
L 10/25/2014 - 10:41:37: [basecommands.smx] Parser encountered error: Section ending without a matching section beginning
L 10/25/2014 - 10:43:52: SourceMod error session started
L 10/25/2014 - 10:43:52: Info (map "de_dust2") (file "errors_20141025.log")
L 10/25/2014 - 10:43:52: [SM] Fatal error encountered parsing translation file "namechangepunisher.phrases.txt"
L 10/25/2014 - 10:43:52: [SM] Error (line 0, column 0): Stream failed to open
L 10/25/2014 - 10:43:52: [SM] Fatal error encountered parsing translation file "plugin.supercmds.txt"
L 10/25/2014 - 10:43:52: [SM] Error (line 0, column 0): Stream failed to open
L 10/25/2014 - 10:43:52: [SM] Error parsing gameconfig file "D:\steam\steamapps\common\Counter-Strike\csgo\addons\sourcemod\gamedata\supercmds.gamedata.txt":
L 10/25/2014 - 10:43:52: [SM] Error 1 on line 0, col 0: Stream failed to open
L 10/25/2014 - 10:43:52: [SM] Native "LoadGameConfigFile" reported: Unable to open supercmds.gamedata: File could not be opened: œµÕ≥’“≤ªµΩ÷∏∂®µƒŒƒº˛°£

L 10/25/2014 - 10:43:52: [SM] Displaying call stack trace for plugin "sm_cmdx.smx":
L 10/25/2014 - 10:43:52: [SM]   [0]  Line 108, D:\CSGO\csgo±‡“Î∆˜\sm_cmdx.sp::OnPluginStart()
L 10/25/2014 - 10:43:53: [basecommands.smx] Could not parse file (line 12, file "addons\sourcemod\configs\adminmenu_cfgs.txt"):
L 10/25/2014 - 10:43:53: [basecommands.smx] Parser encountered error: Section ending without a matching section beginning
L 10/25/2014 - 10:44:30: [warmod4.smx] GameTech LiveWire - Socket error 3 (errno 11004)
L 10/25/2014 - 10:44:30: Error log file session closed.
L 10/25/2014 - 10:44:30: SourceMod error session started
L 10/25/2014 - 10:44:30: Info (map "de_dust2") (file "errors_20141025.log")
L 10/25/2014 - 10:44:30: [SM] Fatal error encountered parsing translation file "namechangepunisher.phrases.txt"
L 10/25/2014 - 10:44:30: [SM] Error (line 0, column 0): Stream failed to open
L 10/25/2014 - 10:44:30: [SM] Fatal error encountered parsing translation file "plugin.supercmds.txt"
L 10/25/2014 - 10:44:30: [SM] Error (line 0, column 0): Stream failed to open
L 10/25/2014 - 10:44:30: [sm_cmdx.smx] Unable to locate overrides file.
L 10/25/2014 - 10:44:30: [basecommands.smx] Could not parse file (line 12, file "addons\sourcemod\configs\adminmenu_cfgs.txt"):
L 10/25/2014 - 10:44:30: [basecommands.smx] Parser encountered error: Section ending without a matching section beginning
L 10/25/2014 - 10:44:30: [warmod4.smx] GameTech LiveWire - Socket error 3 (errno 11004)
L 10/25/2014 - 10:44:30: [warmod4.smx] GameTech LiveWire - Socket error 3 (errno 11004)
L 10/25/2014 - 10:44:31: [warmod4.smx] GameTech LiveWire - Socket error 3 (errno 11004)
L 10/25/2014 - 10:44:44: [SM] Plugin encountered error 4: Invalid parameter or parameter type
L 10/25/2014 - 10:44:44: [SM] Native "Format" reported: Language phrase "" not found
L 10/25/2014 - 10:44:44: [SM] Displaying call stack trace for plugin "warmod4.smx":
L 10/25/2014 - 10:44:44: [SM]   [0]  Line 3810, D:\CSGO\csgo±‡“Î∆˜\warmod4.sp::ShowInfo()
L 10/25/2014 - 10:44:44: [SM]   [1]  Line 1498, D:\CSGO\csgo±‡“Î∆˜\warmod4.sp::ForceStart()
L 10/25/2014 - 10:44:47: [SM] Plugin encountered error 4: Invalid parameter or parameter type
L 10/25/2014 - 10:44:47: [SM] Native "Format" reported: Language phrase "" not found
L 10/25/2014 - 10:44:47: [SM] Displaying call stack trace for plugin "warmod4.smx":
L 10/25/2014 - 10:44:47: [SM]   [0]  Line 3810, D:\CSGO\csgo±‡“Î∆˜\warmod4.sp::ShowInfo()
L 10/25/2014 - 10:44:47: [SM]   [1]  Line 1498, D:\CSGO\csgo±‡“Î∆˜\warmod4.sp::ForceStart()
L 10/25/2014 - 10:47:34: Error log file session closed.
L 10/25/2014 - 10:47:34: SourceMod error session started
L 10/25/2014 - 10:47:34: Info (map "de_dust2") (file "errors_20141025.log")
L 10/25/2014 - 10:47:34: [SM] Fatal error encountered parsing translation file "namechangepunisher.phrases.txt"
L 10/25/2014 - 10:47:34: [SM] Error (line 0, column 0): Stream failed to open
L 10/25/2014 - 10:47:34: [SM] Fatal error encountered parsing translation file "plugin.supercmds.txt"
L 10/25/2014 - 10:47:34: [SM] Error (line 0, column 0): Stream failed to open
L 10/25/2014 - 10:47:35: [basecommands.smx] Could not parse file (line 12, file "addons\sourcemod\configs\adminmenu_cfgs.txt"):
L 10/25/2014 - 10:47:35: [basecommands.smx] Parser encountered error: Section ending without a matching section beginning
L 10/25/2014 - 10:47:35: [warmod4.smx] GameTech LiveWire - Socket error 3 (errno 11004)
L 10/25/2014 - 10:47:35: [sm_cmdx.smx] Unable to locate overrides file.
L 10/25/2014 - 10:47:35: [warmod4.smx] GameTech LiveWire - Socket error 3 (errno 11004)
L 10/25/2014 - 10:47:43: [SM] Plugin encountered error 4: Invalid parameter or parameter type
L 10/25/2014 - 10:47:43: [SM] Native "Format" reported: Language phrase "" not found
L 10/25/2014 - 10:47:43: [SM] Displaying call stack trace for plugin "warmod4.smx":
L 10/25/2014 - 10:47:43: [SM]   [0]  Line 3811, D:\CSGO\csgo±‡“Î∆˜\warmod4.sp::ShowInfo()
L 10/25/2014 - 10:47:43: [SM]   [1]  Line 1499, D:\CSGO\csgo±‡“Î∆˜\warmod4.sp::ForceStart()
L 10/25/2014 - 10:47:47: [SM] Plugin encountered error 4: Invalid parameter or parameter type
L 10/25/2014 - 10:47:47: [SM] Native "Format" reported: Language phrase "" not found
L 10/25/2014 - 10:47:47: [SM] Displaying call stack trace for plugin "warmod4.smx":
L 10/25/2014 - 10:47:47: [SM]   [0]  Line 3811, D:\CSGO\csgo±‡“Î∆˜\warmod4.sp::ShowInfo()
L 10/25/2014 - 10:47:47: [SM]   [1]  Line 1499, D:\CSGO\csgo±‡“Î∆˜\warmod4.sp::ForceStart()
L 10/25/2014 - 10:52:24: Error log file session closed.
L 10/25/2014 - 10:52:24: SourceMod error session started
L 10/25/2014 - 10:52:24: Info (map "de_dust2") (file "errors_20141025.log")
L 10/25/2014 - 10:52:24: [SM] Fatal error encountered parsing translation file "namechangepunisher.phrases.txt"
L 10/25/2014 - 10:52:24: [SM] Error (line 0, column 0): Stream failed to open
L 10/25/2014 - 10:52:24: [SM] Fatal error encountered parsing translation file "plugin.supercmds.txt"
L 10/25/2014 - 10:52:24: [SM] Error (line 0, column 0): Stream failed to open
L 10/25/2014 - 10:52:25: [basecommands.smx] Could not parse file (line 12, file "addons\sourcemod\configs\adminmenu_cfgs.txt"):
L 10/25/2014 - 10:52:25: [basecommands.smx] Parser encountered error: Section ending without a matching section beginning
L 10/25/2014 - 10:52:25: [warmod333.smx] GameTech LiveWire - Socket error 3 (errno 11004)
L 10/25/2014 - 10:52:25: [sm_cmdx.smx] Unable to locate overrides file.
L 10/25/2014 - 10:52:25: [warmod333.smx] GameTech LiveWire - Socket error 3 (errno 11004)
L 10/25/2014 - 11:02:25: [warmod333.smx] GameTech LiveWire - Socket error 3 (errno 11004)
L 10/25/2014 - 11:10:52: Error log file session closed.
L 10/25/2014 - 11:10:52: SourceMod error session started
L 10/25/2014 - 11:10:52: Info (map "de_dust2") (file "errors_20141025.log")
L 10/25/2014 - 11:10:52: [SM] Fatal error encountered parsing translation file "namechangepunisher.phrases.txt"
L 10/25/2014 - 11:10:52: [SM] Error (line 0, column 0): Stream failed to open
L 10/25/2014 - 11:10:52: [SM] Fatal error encountered parsing translation file "plugin.supercmds.txt"
L 10/25/2014 - 11:10:52: [SM] Error (line 0, column 0): Stream failed to open
L 10/25/2014 - 11:10:52: [basecommands.smx] Could not parse file (line 12, file "addons\sourcemod\configs\adminmenu_cfgs.txt"):
L 10/25/2014 - 11:10:52: [basecommands.smx] Parser encountered error: Section ending without a matching section beginning
L 10/25/2014 - 11:10:52: [warmod333.smx] GameTech LiveWire - Socket error 3 (errno 11004)
L 10/25/2014 - 11:10:52: [sm_cmdx.smx] Unable to locate overrides file.
L 10/25/2014 - 11:10:52: [warmod333.smx] GameTech LiveWire - Socket error 3 (errno 11004)
L 10/25/2014 - 11:11:20: [SM] Native "PrintToChat" reported: Client 4 is not in game
L 10/25/2014 - 11:11:20: [SM] Displaying call stack trace for plugin "!dao.smx":
L 10/25/2014 - 11:11:20: [SM]   [0]  Line 79, C:\csgo\csgo±‡“Î∆˜\!dao.sp::Timer_knifemsg()
L 10/25/2014 - 11:39:09: Error log file session closed.
L 10/25/2014 - 11:39:09: SourceMod error session started
L 10/25/2014 - 11:39:09: Info (map "de_dust2") (file "errors_20141025.log")
L 10/25/2014 - 11:39:09: [SM] Fatal error encountered parsing translation file "namechangepunisher.phrases.txt"
L 10/25/2014 - 11:39:09: [SM] Error (line 0, column 0): Stream failed to open
L 10/25/2014 - 11:39:09: [SM] Fatal error encountered parsing translation file "plugin.supercmds.txt"
L 10/25/2014 - 11:39:09: [SM] Error (line 0, column 0): Stream failed to open
L 10/25/2014 - 11:39:10: [basecommands.smx] Could not parse file (line 12, file "addons\sourcemod\configs\adminmenu_cfgs.txt"):
L 10/25/2014 - 11:39:10: [basecommands.smx] Parser encountered error: Section ending without a matching section beginning
L 10/25/2014 - 11:39:10: [sm_cmdx.smx] Unable to locate overrides file.
L 10/25/2014 - 12:06:17: Error log file session closed.
L 10/25/2014 - 12:06:17: SourceMod error session started
L 10/25/2014 - 12:06:17: Info (map "de_dust2") (file "errors_20141025.log")
L 10/25/2014 - 12:06:17: [SM] Fatal error encountered parsing translation file "namechangepunisher.phrases.txt"
L 10/25/2014 - 12:06:17: [SM] Error (line 0, column 0): Stream failed to open
L 10/25/2014 - 12:06:17: [SM] Fatal error encountered parsing translation file "plugin.supercmds.txt"
L 10/25/2014 - 12:06:17: [SM] Error (line 0, column 0): Stream failed to open
L 10/25/2014 - 12:06:17: [basecommands.smx] Could not parse file (line 12, file "addons\sourcemod\configs\adminmenu_cfgs.txt"):
L 10/25/2014 - 12:06:17: [basecommands.smx] Parser encountered error: Section ending without a matching section beginning
L 10/25/2014 - 12:06:17: [sm_cmdx.smx] Unable to locate overrides file.
L 10/25/2014 - 12:06:26: [SM] Plugin encountered error 4: Invalid parameter or parameter type
L 10/25/2014 - 12:06:26: [SM] Native "VFormat" reported: Language phrase "Match Live1" not found
L 10/25/2014 - 12:06:26: [SM] Displaying call stack trace for plugin "warmod333.smx":
L 10/25/2014 - 12:06:26: [SM]   [0]  Line 328, D:\CSGO\csgo±‡“Î∆˜\include\halflife.inc::PrintToChatAll()
L 10/25/2014 - 12:06:26: [SM]   [1]  Line 3404, D:\CSGO\csgo±‡“Î∆˜\warmod333.sp::LiveOn3Override()
L 10/25/2014 - 12:06:26: [SM]   [2]  Line 3387, D:\CSGO\csgo±‡“Î∆˜\warmod333.sp::LiveOn3()
L 10/25/2014 - 12:06:26: [SM]   [3]  Line 1453, D:\CSGO\csgo±‡“Î∆˜\warmod333.sp::ForceStart()
L 10/25/2014 - 12:12:06: Error log file session closed.
L 10/25/2014 - 12:12:06: SourceMod error session started
L 10/25/2014 - 12:12:06: Info (map "de_dust2") (file "errors_20141025.log")
L 10/25/2014 - 12:12:06: [SM] Fatal error encountered parsing translation file "namechangepunisher.phrases.txt"
L 10/25/2014 - 12:12:06: [SM] Error (line 0, column 0): Stream failed to open
L 10/25/2014 - 12:12:06: [SM] Fatal error encountered parsing translation file "plugin.supercmds.txt"
L 10/25/2014 - 12:12:06: [SM] Error (line 0, column 0): Stream failed to open
L 10/25/2014 - 12:12:06: [basecommands.smx] Could not parse file (line 12, file "addons\sourcemod\configs\adminmenu_cfgs.txt"):
L 10/25/2014 - 12:12:06: [basecommands.smx] Parser encountered error: Section ending without a matching section beginning
L 10/25/2014 - 12:12:06: [sm_cmdx.smx] Unable to locate overrides file.
L 10/25/2014 - 12:12:15: [SM] Plugin encountered error 4: Invalid parameter or parameter type
L 10/25/2014 - 12:12:15: [SM] Native "VFormat" reported: Language phrase "Match Live1" not found
L 10/25/2014 - 12:12:15: [SM] Displaying call stack trace for plugin "warmod333.smx":
L 10/25/2014 - 12:12:15: [SM]   [0]  Line 328, D:\CSGO\csgo±‡“Î∆˜\include\halflife.inc::PrintToChatAll()
L 10/25/2014 - 12:12:15: [SM]   [1]  Line 3404, D:\CSGO\csgo±‡“Î∆˜\warmod333.sp::LiveOn3Override()
L 10/25/2014 - 12:12:15: [SM]   [2]  Line 3387, D:\CSGO\csgo±‡“Î∆˜\warmod333.sp::LiveOn3()
L 10/25/2014 - 12:12:15: [SM]   [3]  Line 1453, D:\CSGO\csgo±‡“Î∆˜\warmod333.sp::ForceStart()
L 10/25/2014 - 12:14:55: Error log file session closed.
L 10/25/2014 - 12:14:55: SourceMod error session started
L 10/25/2014 - 12:14:55: Info (map "de_dust2") (file "errors_20141025.log")
L 10/25/2014 - 12:14:55: [SM] Fatal error encountered parsing translation file "namechangepunisher.phrases.txt"
L 10/25/2014 - 12:14:55: [SM] Error (line 0, column 0): Stream failed to open
L 10/25/2014 - 12:14:55: [SM] Fatal error encountered parsing translation file "plugin.supercmds.txt"
L 10/25/2014 - 12:14:55: [SM] Error (line 0, column 0): Stream failed to open
L 10/25/2014 - 12:14:55: [basecommands.smx] Could not parse file (line 12, file "addons\sourcemod\configs\adminmenu_cfgs.txt"):
L 10/25/2014 - 12:14:55: [basecommands.smx] Parser encountered error: Section ending without a matching section beginning
L 10/25/2014 - 12:14:55: [warmod.smx] GameTech LiveWire - Socket error 3 (errno 11004)
L 10/25/2014 - 12:14:55: [sm_cmdx.smx] Unable to locate overrides file.
L 10/25/2014 - 12:14:55: [warmod.smx] GameTech LiveWire - Socket error 3 (errno 11004)
L 10/25/2014 - 12:15:00: [warmod.smx] Plug-in tEasyFTP.smx required to auto upload demos
L 10/25/2014 - 12:15:02: [SM] Plugin encountered error 4: Invalid parameter or parameter type
L 10/25/2014 - 12:15:02: [SM] Native "VFormat" reported: Language phrase "Match Live1" not found
L 10/25/2014 - 12:15:02: [SM] Displaying call stack trace for plugin "warmod.smx":
L 10/25/2014 - 12:15:02: [SM]   [0]  Line 328, C:\csgo\csgo±‡“Î∆˜\include\halflife.inc::PrintToChatAll()
L 10/25/2014 - 12:15:02: [SM]   [1]  Line 3981, C:\csgo\csgo±‡“Î∆˜\warmod.sp::LiveOn3Override()
L 10/25/2014 - 12:15:02: [SM]   [2]  Line 3963, C:\csgo\csgo±‡“Î∆˜\warmod.sp::LiveOn3()
L 10/25/2014 - 12:15:02: [SM]   [3]  Line 1745, C:\csgo\csgo±‡“Î∆˜\warmod.sp::ForceStart()
L 10/25/2014 - 12:15:22: [SM] Native "PrintToChat" reported: Client 3 is not in game
L 10/25/2014 - 12:15:22: [SM] Displaying call stack trace for plugin "!dao.smx":
L 10/25/2014 - 12:15:22: [SM]   [0]  Line 79, C:\csgo\csgo±‡“Î∆˜\!dao.sp::Timer_knifemsg()
L 10/25/2014 - 12:16:13: [SM] Plugin encountered error 4: Invalid parameter or parameter type
L 10/25/2014 - 12:16:13: [SM] Native "Format" reported: Language phrase "TWinning" not found
L 10/25/2014 - 12:16:13: [SM] Displaying call stack trace for plugin "warmod.smx":
L 10/25/2014 - 12:16:13: [SM]   [0]  Line 2093, C:\csgo\csgo±‡“Î∆˜\warmod.sp::GetScoreMsg()
L 10/25/2014 - 12:16:13: [SM]   [1]  Line 2050, C:\csgo\csgo±‡“Î∆˜\warmod.sp::DisplayScore()
L 10/25/2014 - 12:16:13: [SM]   [2]  Line 3338, C:\csgo\csgo±‡“Î∆˜\warmod.sp::CheckScores()
L 10/25/2014 - 12:16:13: [SM]   [3]  Line 2365, C:\csgo\csgo±‡“Î∆˜\warmod.sp::Event_Round_End()
L 10/25/2014 - 12:17:18: SourceMod error session started
L 10/25/2014 - 12:17:18: Info (map "de_dust2") (file "errors_20141025.log")
L 10/25/2014 - 12:17:18: [SM] Unable to load extension "curl.ext": ”¶”√≥Ã–ÚŒﬁ∑®∆Ù∂Ø£¨“ÚŒ™”¶”√≥Ã–Úµƒ≤¢––≈‰÷√≤ª’˝»∑°£”–πÿœÍœ∏–≈œ¢£¨«Î≤Œ‘ƒ”¶”√≥Ã–Ú ¬º˛»’÷æ£¨ªÚ π”√√¸¡Ó–– sxstrace.exe π§æﬂ°£

L 10/25/2014 - 12:17:19: [SM] Fatal error encountered parsing translation file "namechangepunisher.phrases.txt"
L 10/25/2014 - 12:17:19: [SM] Error (line 0, column 0): Stream failed to open
L 10/25/2014 - 12:17:19: [SM] Fatal error encountered parsing translation file "plugin.supercmds.txt"
L 10/25/2014 - 12:17:19: [SM] Error (line 0, column 0): Stream failed to open
L 10/25/2014 - 12:17:19: [SM] Error parsing gameconfig file "D:\steam\steamapps\common\Counter-Strike\csgo\addons\sourcemod\gamedata\supercmds.gamedata.txt":
L 10/25/2014 - 12:17:19: [SM] Error 1 on line 0, col 0: Stream failed to open
L 10/25/2014 - 12:17:19: [SM] Native "LoadGameConfigFile" reported: Unable to open supercmds.gamedata: File could not be opened: œµÕ≥’“≤ªµΩ÷∏∂®µƒŒƒº˛°£

L 10/25/2014 - 12:17:19: [SM] Displaying call stack trace for plugin "sm_cmdx.smx":
L 10/25/2014 - 12:17:19: [SM]   [0]  Line 108, D:\CSGO\csgo±‡“Î∆˜\sm_cmdx.sp::OnPluginStart()
L 10/25/2014 - 12:17:19: [basecommands.smx] Could not parse file (line 12, file "addons\sourcemod\configs\adminmenu_cfgs.txt"):
L 10/25/2014 - 12:17:19: [basecommands.smx] Parser encountered error: Section ending without a matching section beginning
L 10/25/2014 - 12:17:51: [warmod.smx] GameTech LiveWire - Socket error 3 (errno 11004)
L 10/25/2014 - 12:17:51: Error log file session closed.
L 10/25/2014 - 12:17:51: SourceMod error session started
L 10/25/2014 - 12:17:51: Info (map "de_dust2") (file "errors_20141025.log")
L 10/25/2014 - 12:17:51: [SM] Fatal error encountered parsing translation file "namechangepunisher.phrases.txt"
L 10/25/2014 - 12:17:51: [SM] Error (line 0, column 0): Stream failed to open
L 10/25/2014 - 12:17:51: [SM] Fatal error encountered parsing translation file "plugin.supercmds.txt"
L 10/25/2014 - 12:17:51: [SM] Error (line 0, column 0): Stream failed to open
L 10/25/2014 - 12:17:51: [basecommands.smx] Could not parse file (line 12, file "addons\sourcemod\configs\adminmenu_cfgs.txt"):
L 10/25/2014 - 12:17:51: [basecommands.smx] Parser encountered error: Section ending without a matching section beginning
L 10/25/2014 - 12:17:51: [warmod.smx] GameTech LiveWire - Socket error 3 (errno 11004)
L 10/25/2014 - 12:17:51: [sm_cmdx.smx] Unable to locate overrides file.
L 10/25/2014 - 12:17:51: [warmod.smx] GameTech LiveWire - Socket error 3 (errno 11004)
L 10/25/2014 - 12:17:52: [warmod.smx] GameTech LiveWire - Socket error 3 (errno 11004)
L 10/25/2014 - 12:17:56: [warmod.smx] Plug-in tEasyFTP.smx required to auto upload demos
L 10/25/2014 - 12:17:56: [warmod.smx] Plug-in tEasyFTP.smx required to auto upload demos
L 10/25/2014 - 12:19:56: Error log file session closed.
L 10/25/2014 - 12:19:56: SourceMod error session started
L 10/25/2014 - 12:19:56: Info (map "de_dust2") (file "errors_20141025.log")
L 10/25/2014 - 12:19:56: [SM] Fatal error encountered parsing translation file "namechangepunisher.phrases.txt"
L 10/25/2014 - 12:19:56: [SM] Error (line 0, column 0): Stream failed to open
L 10/25/2014 - 12:19:56: [SM] Fatal error encountered parsing translation file "plugin.supercmds.txt"
L 10/25/2014 - 12:19:56: [SM] Error (line 0, column 0): Stream failed to open
L 10/25/2014 - 12:19:57: [basecommands.smx] Could not parse file (line 12, file "addons\sourcemod\configs\adminmenu_cfgs.txt"):
L 10/25/2014 - 12:19:57: [basecommands.smx] Parser encountered error: Section ending without a matching section beginning
L 10/25/2014 - 12:19:57: [sm_cmdx.smx] Unable to locate overrides file.
L 10/25/2014 - 12:28:21: Error log file session closed.
L 10/25/2014 - 12:28:21: SourceMod error session started
L 10/25/2014 - 12:28:21: Info (map "de_dust2") (file "errors_20141025.log")
L 10/25/2014 - 12:28:21: [SM] Fatal error encountered parsing translation file "namechangepunisher.phrases.txt"
L 10/25/2014 - 12:28:21: [SM] Error (line 0, column 0): Stream failed to open
L 10/25/2014 - 12:28:21: [SM] Fatal error encountered parsing translation file "plugin.supercmds.txt"
L 10/25/2014 - 12:28:21: [SM] Error (line 0, column 0): Stream failed to open
L 10/25/2014 - 12:28:21: [basecommands.smx] Could not parse file (line 12, file "addons\sourcemod\configs\adminmenu_cfgs.txt"):
L 10/25/2014 - 12:28:21: [basecommands.smx] Parser encountered error: Section ending without a matching section beginning
L 10/25/2014 - 12:28:21: [sm_cmdx.smx] Unable to locate overrides file.
L 10/25/2014 - 12:29:00: [SM] Plugin encountered error 4: Invalid parameter or parameter type
L 10/25/2014 - 12:29:00: [SM] Native "VFormat" reported: Language phrase "" not found
L 10/25/2014 - 12:29:00: [SM] Displaying call stack trace for plugin "warmod333.smx":
L 10/25/2014 - 12:29:00: [SM]   [0]  Line 328, D:\CSGO\csgo±‡“Î∆˜\include\halflife.inc::PrintToChatAll()
L 10/25/2014 - 12:29:00: [SM]   [1]  Line 3400, D:\CSGO\csgo±‡“Î∆˜\warmod333.sp::LiveOn3Override()
L 10/25/2014 - 12:29:00: [SM]   [2]  Line 3383, D:\CSGO\csgo±‡“Î∆˜\warmod333.sp::LiveOn3()
L 10/25/2014 - 12:29:00: [SM]   [3]  Line 1449, D:\CSGO\csgo±‡“Î∆˜\warmod333.sp::ForceStart()
L 10/25/2014 - 12:31:59: Error log file session closed.
L 10/25/2014 - 12:31:59: SourceMod error session started
L 10/25/2014 - 12:31:59: Info (map "de_dust2") (file "errors_20141025.log")
L 10/25/2014 - 12:31:59: [SM] Fatal error encountered parsing translation file "namechangepunisher.phrases.txt"
L 10/25/2014 - 12:31:59: [SM] Error (line 0, column 0): Stream failed to open
L 10/25/2014 - 12:31:59: [SM] Fatal error encountered parsing translation file "plugin.supercmds.txt"
L 10/25/2014 - 12:31:59: [SM] Error (line 0, column 0): Stream failed to open
L 10/25/2014 - 12:31:59: [basecommands.smx] Could not parse file (line 12, file "addons\sourcemod\configs\adminmenu_cfgs.txt"):
L 10/25/2014 - 12:31:59: [basecommands.smx] Parser encountered error: Section ending without a matching section beginning
L 10/25/2014 - 12:31:59: [sm_cmdx.smx] Unable to locate overrides file.
L 10/25/2014 - 12:32:26: [SM] Native "PrintToChat" reported: Client 2 is not in game
L 10/25/2014 - 12:32:26: [SM] Displaying call stack trace for plugin "!dao.smx":
L 10/25/2014 - 12:32:26: [SM]   [0]  Line 79, C:\csgo\csgo±‡“Î∆˜\!dao.sp::Timer_knifemsg()
L 10/25/2014 - 13:04:30: Error log file session closed.
L 10/25/2014 - 13:04:30: SourceMod error session started
L 10/25/2014 - 13:04:30: Info (map "de_dust2") (file "errors_20141025.log")
L 10/25/2014 - 13:04:30: [SM] Fatal error encountered parsing translation file "namechangepunisher.phrases.txt"
L 10/25/2014 - 13:04:30: [SM] Error (line 0, column 0): Stream failed to open
L 10/25/2014 - 13:04:31: [SM] Fatal error encountered parsing translation file "plugin.supercmds.txt"
L 10/25/2014 - 13:04:31: [SM] Error (line 0, column 0): Stream failed to open
L 10/25/2014 - 13:04:31: [basecommands.smx] Could not parse file (line 12, file "addons\sourcemod\configs\adminmenu_cfgs.txt"):
L 10/25/2014 - 13:04:31: [basecommands.smx] Parser encountered error: Section ending without a matching section beginning
L 10/25/2014 - 13:04:31: [sm_cmdx.smx] Unable to locate overrides file.
L 10/25/2014 - 13:04:54: [SM] Native "PrintToChat" reported: Client 9 is not in game
L 10/25/2014 - 13:04:54: [SM] Displaying call stack trace for plugin "!dao.smx":
L 10/25/2014 - 13:04:54: [SM]   [0]  Line 79, C:\csgo\csgo±‡“Î∆˜\!dao.sp::Timer_knifemsg()
L 10/25/2014 - 13:11:05: Error log file session closed.
L 10/25/2014 - 13:11:05: SourceMod error session started
L 10/25/2014 - 13:11:05: Info (map "de_dust2") (file "errors_20141025.log")
L 10/25/2014 - 13:11:05: [SM] Fatal error encountered parsing translation file "namechangepunisher.phrases.txt"
L 10/25/2014 - 13:11:05: [SM] Error (line 0, column 0): Stream failed to open
L 10/25/2014 - 13:11:05: [SM] Fatal error encountered parsing translation file "plugin.supercmds.txt"
L 10/25/2014 - 13:11:05: [SM] Error (line 0, column 0): Stream failed to open
L 10/25/2014 - 13:11:05: [basecommands.smx] Could not parse file (line 12, file "addons\sourcemod\configs\adminmenu_cfgs.txt"):
L 10/25/2014 - 13:11:05: [basecommands.smx] Parser encountered error: Section ending without a matching section beginning
L 10/25/2014 - 13:11:05: [sm_cmdx.smx] Unable to locate overrides file.
L 10/25/2014 - 13:18:58: Error log file session closed.
L 10/25/2014 - 13:18:58: SourceMod error session started
L 10/25/2014 - 13:18:58: Info (map "de_dust2") (file "errors_20141025.log")
L 10/25/2014 - 13:18:58: [SM] Fatal error encountered parsing translation file "namechangepunisher.phrases.txt"
L 10/25/2014 - 13:18:58: [SM] Error (line 0, column 0): Stream failed to open
L 10/25/2014 - 13:18:58: [SM] Fatal error encountered parsing translation file "plugin.supercmds.txt"
L 10/25/2014 - 13:18:58: [SM] Error (line 0, column 0): Stream failed to open
L 10/25/2014 - 13:18:58: [basecommands.smx] Could not parse file (line 12, file "addons\sourcemod\configs\adminmenu_cfgs.txt"):
L 10/25/2014 - 13:18:58: [basecommands.smx] Parser encountered error: Section ending without a matching section beginning
L 10/25/2014 - 13:18:59: [sm_cmdx.smx] Unable to locate overrides file.
L 10/25/2014 - 13:19:05: [SM] Plugin encountered error 4: Invalid parameter or parameter type
L 10/25/2014 - 13:19:05: [SM] Native "Format" reported: Language phrase "‰∏Ä‰∏Ä‰∏Ä‰∏Ä" not found
L 10/25/2014 - 13:19:05: [SM] Displaying call stack trace for plugin "warmod333.smx":
L 10/25/2014 - 13:19:05: [SM]   [0]  Line 3754, D:\CSGO\csgo±‡“Î∆˜\warmod333.sp::ShowInfo()
L 10/25/2014 - 13:19:05: [SM]   [1]  Line 1446, D:\CSGO\csgo±‡“Î∆˜\warmod333.sp::ForceStart()
L 10/25/2014 - 13:19:10: [SM] Plugin encountered error 4: Invalid parameter or parameter type
L 10/25/2014 - 13:19:10: [SM] Native "Format" reported: Language phrase "‰∏Ä‰∏Ä‰∏Ä‰∏Ä" not found
L 10/25/2014 - 13:19:10: [SM] Displaying call stack trace for plugin "warmod333.smx":
L 10/25/2014 - 13:19:10: [SM]   [0]  Line 3754, D:\CSGO\csgo±‡“Î∆˜\warmod333.sp::ShowInfo()
L 10/25/2014 - 13:19:10: [SM]   [1]  Line 1446, D:\CSGO\csgo±‡“Î∆˜\warmod333.sp::ForceStart()
L 10/25/2014 - 13:19:18: [SM] Plugin encountered error 4: Invalid parameter or parameter type
L 10/25/2014 - 13:19:18: [SM] Native "Format" reported: Language phrase "‰∏Ä‰∏Ä‰∏Ä‰∏Ä" not found
L 10/25/2014 - 13:19:18: [SM] Displaying call stack trace for plugin "warmod333.smx":
L 10/25/2014 - 13:19:18: [SM]   [0]  Line 3754, D:\CSGO\csgo±‡“Î∆˜\warmod333.sp::ShowInfo()
L 10/25/2014 - 13:19:18: [SM]   [1]  Line 1446, D:\CSGO\csgo±‡“Î∆˜\warmod333.sp::ForceStart()
L 10/25/2014 - 13:20:10: Error log file session closed.
L 10/25/2014 - 13:20:10: SourceMod error session started
L 10/25/2014 - 13:20:10: Info (map "de_cache") (file "errors_20141025.log")
L 10/25/2014 - 13:20:10: [SM] Fatal error encountered parsing translation file "namechangepunisher.phrases.txt"
L 10/25/2014 - 13:20:10: [SM] Error (line 0, column 0): Stream failed to open
L 10/25/2014 - 13:20:10: [SM] Fatal error encountered parsing translation file "plugin.supercmds.txt"
L 10/25/2014 - 13:20:10: [SM] Error (line 0, column 0): Stream failed to open
L 10/25/2014 - 13:20:11: [basecommands.smx] Could not parse file (line 12, file "addons\sourcemod\configs\adminmenu_cfgs.txt"):
L 10/25/2014 - 13:20:11: [basecommands.smx] Parser encountered error: Section ending without a matching section beginning
L 10/25/2014 - 13:20:11: [sm_cmdx.smx] Unable to locate overrides file.
L 10/25/2014 - 13:20:21: [SM] Plugin encountered error 4: Invalid parameter or parameter type
L 10/25/2014 - 13:20:21: [SM] Native "Format" reported: Language phrase "‰∏Ä‰∏Ä‰∏Ä‰∏Ä" not found
L 10/25/2014 - 13:20:21: [SM] Displaying call stack trace for plugin "warmod333.sp.smx":
L 10/25/2014 - 13:20:21: [SM]   [0]  Line 3752, D:\CSGO\csgo±‡“Î∆˜\warmod333.sp.bak::ShowInfo()
L 10/25/2014 - 13:20:21: [SM]   [1]  Line 1446, D:\CSGO\csgo±‡“Î∆˜\warmod333.sp.bak::ForceStart()
L 10/25/2014 - 13:20:24: [SM] Plugin encountered error 4: Invalid parameter or parameter type
L 10/25/2014 - 13:20:24: [SM] Native "Format" reported: Language phrase "‰∏Ä‰∏Ä‰∏Ä‰∏Ä" not found
L 10/25/2014 - 13:20:24: [SM] Displaying call stack trace for plugin "warmod333.sp.smx":
L 10/25/2014 - 13:20:24: [SM]   [0]  Line 3752, D:\CSGO\csgo±‡“Î∆˜\warmod333.sp.bak::ShowInfo()
L 10/25/2014 - 13:20:24: [SM]   [1]  Line 1446, D:\CSGO\csgo±‡“Î∆˜\warmod333.sp.bak::ForceStart()
L 10/25/2014 - 13:20:32: [SM] Plugin encountered error 4: Invalid parameter or parameter type
L 10/25/2014 - 13:20:32: [SM] Native "Format" reported: Language phrase "‰∏Ä‰∏Ä‰∏Ä‰∏Ä" not found
L 10/25/2014 - 13:20:32: [SM] Displaying call stack trace for plugin "warmod333.sp.smx":
L 10/25/2014 - 13:20:32: [SM]   [0]  Line 3752, D:\CSGO\csgo±‡“Î∆˜\warmod333.sp.bak::ShowInfo()
L 10/25/2014 - 13:20:32: [SM]   [1]  Line 1446, D:\CSGO\csgo±‡“Î∆˜\warmod333.sp.bak::ForceStart()
L 10/25/2014 - 13:24:56: Error log file session closed.
L 10/25/2014 - 13:24:56: SourceMod error session started
L 10/25/2014 - 13:24:56: Info (map "de_cbble") (file "errors_20141025.log")
L 10/25/2014 - 13:24:56: [SM] Fatal error encountered parsing translation file "namechangepunisher.phrases.txt"
L 10/25/2014 - 13:24:56: [SM] Error (line 0, column 0): Stream failed to open
L 10/25/2014 - 13:24:56: [SM] Fatal error encountered parsing translation file "plugin.supercmds.txt"
L 10/25/2014 - 13:24:56: [SM] Error (line 0, column 0): Stream failed to open
L 10/25/2014 - 13:24:56: [basecommands.smx] Could not parse file (line 12, file "addons\sourcemod\configs\adminmenu_cfgs.txt"):
L 10/25/2014 - 13:24:56: [basecommands.smx] Parser encountered error: Section ending without a matching section beginning
L 10/25/2014 - 13:24:56: [sm_cmdx.smx] Unable to locate overrides file.
L 10/25/2014 - 13:25:25: [SM] Native "PrintToChat" reported: Client 2 is not in game
L 10/25/2014 - 13:25:25: [SM] Displaying call stack trace for plugin "!dao.smx":
L 10/25/2014 - 13:25:25: [SM]   [0]  Line 79, C:\csgo\csgo±‡“Î∆˜\!dao.sp::Timer_knifemsg()
L 10/25/2014 - 13:33:20: Error log file session closed.
L 10/25/2014 - 13:33:20: SourceMod error session started
L 10/25/2014 - 13:33:20: Info (map "de_dust2") (file "errors_20141025.log")
L 10/25/2014 - 13:33:20: [SM] Fatal error encountered parsing translation file "namechangepunisher.phrases.txt"
L 10/25/2014 - 13:33:20: [SM] Error (line 0, column 0): Stream failed to open
L 10/25/2014 - 13:33:20: [SM] Fatal error encountered parsing translation file "plugin.supercmds.txt"
L 10/25/2014 - 13:33:20: [SM] Error (line 0, column 0): Stream failed to open
L 10/25/2014 - 13:33:20: [basecommands.smx] Could not parse file (line 12, file "addons\sourcemod\configs\adminmenu_cfgs.txt"):
L 10/25/2014 - 13:33:20: [basecommands.smx] Parser encountered error: Section ending without a matching section beginning
L 10/25/2014 - 13:33:20: [sm_cmdx.smx] Unable to locate overrides file.
L 10/25/2014 - 13:33:50: [SM] Native "PrintToChat" reported: Client 2 is not in game
L 10/25/2014 - 13:33:50: [SM] Displaying call stack trace for plugin "!dao.smx":
L 10/25/2014 - 13:33:50: [SM]   [0]  Line 79, C:\csgo\csgo±‡“Î∆˜\!dao.sp::Timer_knifemsg()
L 10/25/2014 - 13:53:10: Error log file session closed.
L 10/25/2014 - 13:53:10: SourceMod error session started
L 10/25/2014 - 13:53:10: Info (map "de_dust2") (file "errors_20141025.log")
L 10/25/2014 - 13:53:10: [SM] Fatal error encountered parsing translation file "namechangepunisher.phrases.txt"
L 10/25/2014 - 13:53:10: [SM] Error (line 0, column 0): Stream failed to open
L 10/25/2014 - 13:53:10: [SM] Fatal error encountered parsing translation file "plugin.supercmds.txt"
L 10/25/2014 - 13:53:10: [SM] Error (line 0, column 0): Stream failed to open
L 10/25/2014 - 13:53:10: [basecommands.smx] Could not parse file (line 12, file "addons\sourcemod\configs\adminmenu_cfgs.txt"):
L 10/25/2014 - 13:53:10: [basecommands.smx] Parser encountered error: Section ending without a matching section beginning
L 10/25/2014 - 13:53:10: [sm_cmdx.smx] Unable to locate overrides file.
L 10/25/2014 - 13:53:53: [SM] Native "PrintToChat" reported: Client 4 is not in game
L 10/25/2014 - 13:53:53: [SM] Displaying call stack trace for plugin "!dao.smx":
L 10/25/2014 - 13:53:53: [SM]   [0]  Line 79, D:\CSGO\csgo±‡“Î∆˜\!dao.sp::Timer_knifemsg()
L 10/25/2014 - 13:53:53: [SM] Native "PrintToChat" reported: Client 5 is not in game
L 10/25/2014 - 13:53:53: [SM] Displaying call stack trace for plugin "!dao.smx":
L 10/25/2014 - 13:53:53: [SM]   [0]  Line 79, D:\CSGO\csgo±‡“Î∆˜\!dao.sp::Timer_knifemsg()
L 10/25/2014 - 13:53:53: [SM] Native "PrintToChat" reported: Client 6 is not in game
L 10/25/2014 - 13:53:53: [SM] Displaying call stack trace for plugin "!dao.smx":
L 10/25/2014 - 13:53:53: [SM]   [0]  Line 79, D:\CSGO\csgo±‡“Î∆˜\!dao.sp::Timer_knifemsg()
L 10/25/2014 - 13:53:53: [SM] Native "PrintToChat" reported: Client 7 is not in game
L 10/25/2014 - 13:53:53: [SM] Displaying call stack trace for plugin "!dao.smx":
L 10/25/2014 - 13:53:53: [SM]   [0]  Line 79, D:\CSGO\csgo±‡“Î∆˜\!dao.sp::Timer_knifemsg()
L 10/25/2014 - 13:53:53: [SM] Native "PrintToChat" reported: Client 8 is not in game
L 10/25/2014 - 13:53:53: [SM] Displaying call stack trace for plugin "!dao.smx":
L 10/25/2014 - 13:53:53: [SM]   [0]  Line 79, D:\CSGO\csgo±‡“Î∆˜\!dao.sp::Timer_knifemsg()
L 10/25/2014 - 13:53:53: [SM] Native "PrintToChat" reported: Client 11 is not in game
L 10/25/2014 - 13:53:53: [SM] Displaying call stack trace for plugin "!dao.smx":
L 10/25/2014 - 13:53:53: [SM]   [0]  Line 79, D:\CSGO\csgo±‡“Î∆˜\!dao.sp::Timer_knifemsg()
L 10/25/2014 - 13:54:32: Error log file session closed.
L 10/25/2014 - 13:54:32: SourceMod error session started
L 10/25/2014 - 13:54:32: Info (map "de_dust2") (file "errors_20141025.log")
L 10/25/2014 - 13:54:32: [SM] Fatal error encountered parsing translation file "namechangepunisher.phrases.txt"
L 10/25/2014 - 13:54:32: [SM] Error (line 0, column 0): Stream failed to open
L 10/25/2014 - 13:54:32: [SM] Fatal error encountered parsing translation file "plugin.supercmds.txt"
L 10/25/2014 - 13:54:32: [SM] Error (line 0, column 0): Stream failed to open
L 10/25/2014 - 13:54:32: [basecommands.smx] Could not parse file (line 12, file "addons\sourcemod\configs\adminmenu_cfgs.txt"):
L 10/25/2014 - 13:54:32: [basecommands.smx] Parser encountered error: Section ending without a matching section beginning
L 10/25/2014 - 13:54:32: [sm_cmdx.smx] Unable to locate overrides file.
L 10/25/2014 - 13:54:32: [SM] Native "CS_RespawnPlayer" reported: Client index 6 is not valid
L 10/25/2014 - 13:54:32: [SM] Displaying call stack trace for plugin "warmod.smx":
L 10/25/2014 - 13:54:32: [SM]   [0]  Line 5065, D:\CSGO\csgo±‡“Î∆˜\warmod333.sp::RespawnPlayer()
L 10/25/2014 - 13:55:00: [SM] Native "PrintToChat" reported: Client 10 is not in game
L 10/25/2014 - 13:55:00: [SM] Displaying call stack trace for plugin "!dao.smx":
L 10/25/2014 - 13:55:00: [SM]   [0]  Line 79, D:\CSGO\csgo±‡“Î∆˜\!dao.sp::Timer_knifemsg()
L 10/25/2014 - 14:18:12: [SM] Plugin encountered error 4: Invalid parameter or parameter type
L 10/25/2014 - 14:18:12: [SM] Native "Format" reported: Language phrase "T Winning" not found
L 10/25/2014 - 14:18:12: [SM] Displaying call stack trace for plugin "warmod.smx":
L 10/25/2014 - 14:18:12: [SM]   [0]  Line 1709, D:\CSGO\csgo±‡“Î∆˜\warmod333.sp::GetScoreMsg()
L 10/25/2014 - 14:18:12: [SM]   [1]  Line 1666, D:\CSGO\csgo±‡“Î∆˜\warmod333.sp::DisplayScore()
L 10/25/2014 - 14:18:12: [SM]   [2]  Line 2881, D:\CSGO\csgo±‡“Î∆˜\warmod333.sp::CheckScores()
L 10/25/2014 - 14:18:12: [SM]   [3]  Line 1981, D:\CSGO\csgo±‡“Î∆˜\warmod333.sp::Event_Round_End()
L 10/25/2014 - 14:19:22: [SM] Plugin encountered error 4: Invalid parameter or parameter type
L 10/25/2014 - 14:19:22: [SM] Native "Format" reported: Language phrase "T Winning" not found
L 10/25/2014 - 14:19:22: [SM] Displaying call stack trace for plugin "warmod.smx":
L 10/25/2014 - 14:19:22: [SM]   [0]  Line 1709, D:\CSGO\csgo±‡“Î∆˜\warmod333.sp::GetScoreMsg()
L 10/25/2014 - 14:19:22: [SM]   [1]  Line 1666, D:\CSGO\csgo±‡“Î∆˜\warmod333.sp::DisplayScore()
L 10/25/2014 - 14:19:22: [SM]   [2]  Line 2832, D:\CSGO\csgo±‡“Î∆˜\warmod333.sp::CheckScores()
L 10/25/2014 - 14:19:22: [SM]   [3]  Line 1981, D:\CSGO\csgo±‡“Î∆˜\warmod333.sp::Event_Round_End()
L 10/25/2014 - 14:20:12: [SM] Plugin encountered error 4: Invalid parameter or parameter type
L 10/25/2014 - 14:20:12: [SM] Native "Format" reported: Language phrase "T Winning" not found
L 10/25/2014 - 14:20:12: [SM] Displaying call stack trace for plugin "warmod.smx":
L 10/25/2014 - 14:20:12: [SM]   [0]  Line 1709, D:\CSGO\csgo±‡“Î∆˜\warmod333.sp::GetScoreMsg()
L 10/25/2014 - 14:20:12: [SM]   [1]  Line 1666, D:\CSGO\csgo±‡“Î∆˜\warmod333.sp::DisplayScore()
L 10/25/2014 - 14:20:12: [SM]   [2]  Line 2881, D:\CSGO\csgo±‡“Î∆˜\warmod333.sp::CheckScores()
L 10/25/2014 - 14:20:12: [SM]   [3]  Line 1981, D:\CSGO\csgo±‡“Î∆˜\warmod333.sp::Event_Round_End()
L 10/25/2014 - 14:20:59: [SM] Plugin encountered error 4: Invalid parameter or parameter type
L 10/25/2014 - 14:20:59: [SM] Native "Format" reported: Language phrase "T Winning" not found
L 10/25/2014 - 14:20:59: [SM] Displaying call stack trace for plugin "warmod.smx":
L 10/25/2014 - 14:20:59: [SM]   [0]  Line 1709, D:\CSGO\csgo±‡“Î∆˜\warmod333.sp::GetScoreMsg()
L 10/25/2014 - 14:20:59: [SM]   [1]  Line 1666, D:\CSGO\csgo±‡“Î∆˜\warmod333.sp::DisplayScore()
L 10/25/2014 - 14:20:59: [SM]   [2]  Line 2881, D:\CSGO\csgo±‡“Î∆˜\warmod333.sp::CheckScores()
L 10/25/2014 - 14:20:59: [SM]   [3]  Line 1981, D:\CSGO\csgo±‡“Î∆˜\warmod333.sp::Event_Round_End()
L 10/25/2014 - 14:21:19: [SM] Native "PrintToChat" reported: Client 8 is not in game
L 10/25/2014 - 14:21:19: [SM] Displaying call stack trace for plugin "!dao.smx":
L 10/25/2014 - 14:21:19: [SM]   [0]  Line 79, D:\CSGO\csgo±‡“Î∆˜\!dao.sp::Timer_knifemsg()
L 10/25/2014 - 14:22:25: [SM] Plugin encountered error 4: Invalid parameter or parameter type
L 10/25/2014 - 14:22:25: [SM] Native "Format" reported: Language phrase "T Winning" not found
L 10/25/2014 - 14:22:25: [SM] Displaying call stack trace for plugin "warmod.smx":
L 10/25/2014 - 14:22:25: [SM]   [0]  Line 1709, D:\CSGO\csgo±‡“Î∆˜\warmod333.sp::GetScoreMsg()
L 10/25/2014 - 14:22:25: [SM]   [1]  Line 1666, D:\CSGO\csgo±‡“Î∆˜\warmod333.sp::DisplayScore()
L 10/25/2014 - 14:22:25: [SM]   [2]  Line 2881, D:\CSGO\csgo±‡“Î∆˜\warmod333.sp::CheckScores()
L 10/25/2014 - 14:22:25: [SM]   [3]  Line 1981, D:\CSGO\csgo±‡“Î∆˜\warmod333.sp::Event_Round_End()
L 10/25/2014 - 14:22:25: [SM] Native "PrintToChat" reported: Client 13 is not in game
L 10/25/2014 - 14:22:25: [SM] Displaying call stack trace for plugin "!dao.smx":
L 10/25/2014 - 14:22:25: [SM]   [0]  Line 79, D:\CSGO\csgo±‡“Î∆˜\!dao.sp::Timer_knifemsg()
L 10/25/2014 - 14:23:22: Error log file session closed.
L 10/25/2014 - 14:23:22: SourceMod error session started
L 10/25/2014 - 14:23:22: Info (map "de_inferno") (file "errors_20141025.log")
L 10/25/2014 - 14:23:22: [SM] Fatal error encountered parsing translation file "namechangepunisher.phrases.txt"
L 10/25/2014 - 14:23:22: [SM] Error (line 0, column 0): Stream failed to open
L 10/25/2014 - 14:23:22: [SM] Fatal error encountered parsing translation file "plugin.supercmds.txt"
L 10/25/2014 - 14:23:22: [SM] Error (line 0, column 0): Stream failed to open
L 10/25/2014 - 14:23:22: [basecommands.smx] Could not parse file (line 12, file "addons\sourcemod\configs\adminmenu_cfgs.txt"):
L 10/25/2014 - 14:23:22: [basecommands.smx] Parser encountered error: Section ending without a matching section beginning
L 10/25/2014 - 14:23:22: [sm_cmdx.smx] Unable to locate overrides file.
L 10/25/2014 - 14:23:40: [SM] Native "CS_RespawnPlayer" reported: Client index 12 is not valid
L 10/25/2014 - 14:23:40: [SM] Displaying call stack trace for plugin "warmod.smx":
L 10/25/2014 - 14:23:40: [SM]   [0]  Line 5065, D:\CSGO\csgo±‡“Î∆˜\warmod333.sp::RespawnPlayer()
L 10/25/2014 - 14:23:54: [SM] Native "PrintToChat" reported: Client 8 is not in game
L 10/25/2014 - 14:23:54: [SM] Displaying call stack trace for plugin "!dao.smx":
L 10/25/2014 - 14:23:54: [SM]   [0]  Line 79, D:\CSGO\csgo±‡“Î∆˜\!dao.sp::Timer_knifemsg()
L 10/25/2014 - 14:24:00: [SM] Native "PrintToChat" reported: Client 12 is not in game
L 10/25/2014 - 14:24:00: [SM] Displaying call stack trace for plugin "!dao.smx":
L 10/25/2014 - 14:24:00: [SM]   [0]  Line 79, D:\CSGO\csgo±‡“Î∆˜\!dao.sp::Timer_knifemsg()
L 10/25/2014 - 14:33:44: [SM] Native "PrintToChat" reported: Client 8 is not in game
L 10/25/2014 - 14:33:44: [SM] Displaying call stack trace for plugin "!dao.smx":
L 10/25/2014 - 14:33:44: [SM]   [0]  Line 79, D:\CSGO\csgo±‡“Î∆˜\!dao.sp::Timer_knifemsg()
L 10/25/2014 - 14:44:30: [SM] Native "PrintToChat" reported: Client 8 is not in game
L 10/25/2014 - 14:44:30: [SM] Displaying call stack trace for plugin "!dao.smx":
L 10/25/2014 - 14:44:30: [SM]   [0]  Line 79, D:\CSGO\csgo±‡“Î∆˜\!dao.sp::Timer_knifemsg()
L 10/25/2014 - 15:08:15: Error log file session closed.
L 10/25/2014 - 15:08:15: SourceMod error session started
L 10/25/2014 - 15:08:15: Info (map "de_cbble") (file "errors_20141025.log")
L 10/25/2014 - 15:08:15: [SM] Fatal error encountered parsing translation file "namechangepunisher.phrases.txt"
L 10/25/2014 - 15:08:15: [SM] Error (line 0, column 0): Stream failed to open
L 10/25/2014 - 15:08:15: [SM] Fatal error encountered parsing translation file "plugin.supercmds.txt"
L 10/25/2014 - 15:08:15: [SM] Error (line 0, column 0): Stream failed to open
L 10/25/2014 - 15:08:15: [basecommands.smx] Could not parse file (line 12, file "addons\sourcemod\configs\adminmenu_cfgs.txt"):
L 10/25/2014 - 15:08:15: [basecommands.smx] Parser encountered error: Section ending without a matching section beginning
L 10/25/2014 - 15:08:15: [sm_cmdx.smx] Unable to locate overrides file.
L 10/25/2014 - 15:08:45: [SM] Native "PrintToChat" reported: Client 6 is not in game
L 10/25/2014 - 15:08:45: [SM] Displaying call stack trace for plugin "!dao.smx":
L 10/25/2014 - 15:08:45: [SM]   [0]  Line 79, D:\CSGO\csgo±‡“Î∆˜\!dao.sp::Timer_knifemsg()
L 10/25/2014 - 15:13:33: [SM] Native "CS_RespawnPlayer" reported: Client index 2 is not valid
L 10/25/2014 - 15:13:33: [SM] Displaying call stack trace for plugin "warmod.smx":
L 10/25/2014 - 15:13:33: [SM]   [0]  Line 5065, D:\CSGO\csgo±‡“Î∆˜\warmod333.sp::RespawnPlayer()
L 10/25/2014 - 15:13:52: [SM] Native "PrintToChat" reported: Client 2 is not in game
L 10/25/2014 - 15:13:52: [SM] Displaying call stack trace for plugin "!dao.smx":
L 10/25/2014 - 15:13:52: [SM]   [0]  Line 79, D:\CSGO\csgo±‡“Î∆˜\!dao.sp::Timer_knifemsg()
L 10/25/2014 - 15:36:45: [SM] Native "PrintToChat" reported: Client 1 is not in game
L 10/25/2014 - 15:36:45: [SM] Displaying call stack trace for plugin "!dao.smx":
L 10/25/2014 - 15:36:45: [SM]   [0]  Line 79, D:\CSGO\csgo±‡“Î∆˜\!dao.sp::Timer_knifemsg()
L 10/25/2014 - 16:03:07: Error log file session closed.
L 10/25/2014 - 16:03:07: SourceMod error session started
L 10/25/2014 - 16:03:07: Info (map "de_overpass") (file "errors_20141025.log")
L 10/25/2014 - 16:03:07: [SM] Fatal error encountered parsing translation file "namechangepunisher.phrases.txt"
L 10/25/2014 - 16:03:07: [SM] Error (line 0, column 0): Stream failed to open
L 10/25/2014 - 16:03:07: [SM] Fatal error encountered parsing translation file "plugin.supercmds.txt"
L 10/25/2014 - 16:03:07: [SM] Error (line 0, column 0): Stream failed to open
L 10/25/2014 - 16:03:07: [basecommands.smx] Could not parse file (line 12, file "addons\sourcemod\configs\adminmenu_cfgs.txt"):
L 10/25/2014 - 16:03:07: [basecommands.smx] Parser encountered error: Section ending without a matching section beginning
L 10/25/2014 - 16:03:08: [sm_cmdx.smx] Unable to locate overrides file.
L 10/25/2014 - 16:03:10: Error log file session closed.
L 10/25/2014 - 16:03:10: SourceMod error session started
L 10/25/2014 - 16:03:10: Info (map "de_nuke") (file "errors_20141025.log")
L 10/25/2014 - 16:03:10: [SM] Fatal error encountered parsing translation file "namechangepunisher.phrases.txt"
L 10/25/2014 - 16:03:10: [SM] Error (line 0, column 0): Stream failed to open
L 10/25/2014 - 16:03:10: [SM] Fatal error encountered parsing translation file "plugin.supercmds.txt"
L 10/25/2014 - 16:03:10: [SM] Error (line 0, column 0): Stream failed to open
L 10/25/2014 - 16:03:10: [basecommands.smx] Could not parse file (line 12, file "addons\sourcemod\configs\adminmenu_cfgs.txt"):
L 10/25/2014 - 16:03:10: [basecommands.smx] Parser encountered error: Section ending without a matching section beginning
L 10/25/2014 - 16:03:10: [sm_cmdx.smx] Unable to locate overrides file.
L 10/25/2014 - 16:04:11: [SM] Native "EquipPlayerWeapon" reported: NULL not allowed
L 10/25/2014 - 16:04:11: [SM] Displaying call stack trace for plugin "!dao.smx":
L 10/25/2014 - 16:04:11: [SM]   [0]  Line 279, D:\CSGO\csgo±‡“Î∆˜\!dao.sp::fadao()
L 10/25/2014 - 16:04:11: [SM] Native "EquipPlayerWeapon" reported: NULL not allowed
L 10/25/2014 - 16:04:11: [SM] Displaying call stack trace for plugin "!dao.smx":
L 10/25/2014 - 16:04:11: [SM]   [0]  Line 279, D:\CSGO\csgo±‡“Î∆˜\!dao.sp::fadao()
L 10/25/2014 - 16:04:18: [SM] Native "EquipPlayerWeapon" reported: NULL not allowed
L 10/25/2014 - 16:04:18: [SM] Displaying call stack trace for plugin "!dao.smx":
L 10/25/2014 - 16:04:18: [SM]   [0]  Line 279, D:\CSGO\csgo±‡“Î∆˜\!dao.sp::fadao()
L 10/25/2014 - 16:04:29: [SM] Native "EquipPlayerWeapon" reported: NULL not allowed
L 10/25/2014 - 16:04:29: [SM] Displaying call stack trace for plugin "!dao.smx":
L 10/25/2014 - 16:04:29: [SM]   [0]  Line 279, D:\CSGO\csgo±‡“Î∆˜\!dao.sp::fadao()
L 10/25/2014 - 16:05:45: Error log file session closed.
L 10/25/2014 - 16:05:45: SourceMod error session started
L 10/25/2014 - 16:05:45: Info (map "de_nuke") (file "errors_20141025.log")
L 10/25/2014 - 16:05:45: [SM] Fatal error encountered parsing translation file "namechangepunisher.phrases.txt"
L 10/25/2014 - 16:05:45: [SM] Error (line 0, column 0): Stream failed to open
L 10/25/2014 - 16:05:45: [SM] Fatal error encountered parsing translation file "plugin.supercmds.txt"
L 10/25/2014 - 16:05:45: [SM] Error (line 0, column 0): Stream failed to open
L 10/25/2014 - 16:05:45: [basecommands.smx] Could not parse file (line 12, file "addons\sourcemod\configs\adminmenu_cfgs.txt"):
L 10/25/2014 - 16:05:45: [basecommands.smx] Parser encountered error: Section ending without a matching section beginning
L 10/25/2014 - 16:05:45: [sm_cmdx.smx] Unable to locate overrides file.
L 10/25/2014 - 16:05:54: [SM] Native "CS_RespawnPlayer" reported: Client index 12 is not valid
L 10/25/2014 - 16:05:54: [SM] Displaying call stack trace for plugin "warmod.smx":
L 10/25/2014 - 16:05:54: [SM]   [0]  Line 5065, D:\CSGO\csgo±‡“Î∆˜\warmod333.sp::RespawnPlayer()
L 10/25/2014 - 16:06:14: [SM] Native "PrintToChat" reported: Client 12 is not in game
L 10/25/2014 - 16:06:14: [SM] Displaying call stack trace for plugin "!dao.smx":
L 10/25/2014 - 16:06:14: [SM]   [0]  Line 79, D:\CSGO\csgo±‡“Î∆˜\!dao.sp::Timer_knifemsg()
L 10/25/2014 - 16:06:24: [SM] Native "PrintToChat" reported: Client 1 is not in game
L 10/25/2014 - 16:06:24: [SM] Displaying call stack trace for plugin "!dao.smx":
L 10/25/2014 - 16:06:24: [SM]   [0]  Line 79, D:\CSGO\csgo±‡“Î∆˜\!dao.sp::Timer_knifemsg()
L 10/25/2014 - 16:37:51: Error log file session closed.
L 10/25/2014 - 16:37:51: SourceMod error session started
L 10/25/2014 - 16:37:51: Info (map "de_mirage") (file "errors_20141025.log")
L 10/25/2014 - 16:37:51: [SM] Fatal error encountered parsing translation file "namechangepunisher.phrases.txt"
L 10/25/2014 - 16:37:51: [SM] Error (line 0, column 0): Stream failed to open
L 10/25/2014 - 16:37:51: [SM] Fatal error encountered parsing translation file "plugin.supercmds.txt"
L 10/25/2014 - 16:37:51: [SM] Error (line 0, column 0): Stream failed to open
L 10/25/2014 - 16:37:51: [basecommands.smx] Could not parse file (line 12, file "addons\sourcemod\configs\adminmenu_cfgs.txt"):
L 10/25/2014 - 16:37:51: [basecommands.smx] Parser encountered error: Section ending without a matching section beginning
L 10/25/2014 - 16:37:51: [sm_cmdx.smx] Unable to locate overrides file.
L 10/25/2014 - 17:00:17: Error log file session closed.
L 10/25/2014 - 17:00:17: SourceMod error session started
L 10/25/2014 - 17:00:17: Info (map "de_mirage") (file "errors_20141025.log")
L 10/25/2014 - 17:00:17: [SM] Fatal error encountered parsing translation file "namechangepunisher.phrases.txt"
L 10/25/2014 - 17:00:17: [SM] Error (line 0, column 0): Stream failed to open
L 10/25/2014 - 17:00:17: [SM] Fatal error encountered parsing translation file "plugin.supercmds.txt"
L 10/25/2014 - 17:00:17: [SM] Error (line 0, column 0): Stream failed to open
L 10/25/2014 - 17:00:17: [basecommands.smx] Could not parse file (line 12, file "addons\sourcemod\configs\adminmenu_cfgs.txt"):
L 10/25/2014 - 17:00:17: [basecommands.smx] Parser encountered error: Section ending without a matching section beginning
L 10/25/2014 - 17:00:17: [sm_cmdx.smx] Unable to locate overrides file.
L 10/25/2014 - 17:08:30: Error log file session closed.
L 10/25/2014 - 17:08:30: SourceMod error session started
L 10/25/2014 - 17:08:30: Info (map "de_inferno") (file "errors_20141025.log")
L 10/25/2014 - 17:08:30: [SM] Fatal error encountered parsing translation file "namechangepunisher.phrases.txt"
L 10/25/2014 - 17:08:30: [SM] Error (line 0, column 0): Stream failed to open
L 10/25/2014 - 17:08:30: [SM] Fatal error encountered parsing translation file "plugin.supercmds.txt"
L 10/25/2014 - 17:08:30: [SM] Error (line 0, column 0): Stream failed to open
L 10/25/2014 - 17:08:30: [basecommands.smx] Could not parse file (line 12, file "addons\sourcemod\configs\adminmenu_cfgs.txt"):
L 10/25/2014 - 17:08:30: [basecommands.smx] Parser encountered error: Section ending without a matching section beginning
L 10/25/2014 - 17:08:30: [sm_cmdx.smx] Unable to locate overrides file.
L 10/25/2014 - 17:10:38: Error log file session closed.
L 10/25/2014 - 17:10:38: SourceMod error session started
L 10/25/2014 - 17:10:38: Info (map "de_dust2") (file "errors_20141025.log")
L 10/25/2014 - 17:10:38: [SM] Fatal error encountered parsing translation file "namechangepunisher.phrases.txt"
L 10/25/2014 - 17:10:38: [SM] Error (line 0, column 0): Stream failed to open
L 10/25/2014 - 17:10:38: [SM] Fatal error encountered parsing translation file "plugin.supercmds.txt"
L 10/25/2014 - 17:10:38: [SM] Error (line 0, column 0): Stream failed to open
L 10/25/2014 - 17:10:38: [basecommands.smx] Could not parse file (line 12, file "addons\sourcemod\configs\adminmenu_cfgs.txt"):
L 10/25/2014 - 17:10:38: [basecommands.smx] Parser encountered error: Section ending without a matching section beginning
L 10/25/2014 - 17:10:38: [sm_cmdx.smx] Unable to locate overrides file.
L 10/25/2014 - 17:12:52: Error log file session closed.
L 10/25/2014 - 17:12:52: SourceMod error session started
L 10/25/2014 - 17:12:52: Info (map "de_dust2") (file "errors_20141025.log")
L 10/25/2014 - 17:12:52: [SM] Fatal error encountered parsing translation file "namechangepunisher.phrases.txt"
L 10/25/2014 - 17:12:52: [SM] Error (line 0, column 0): Stream failed to open
L 10/25/2014 - 17:12:52: [SM] Fatal error encountered parsing translation file "plugin.supercmds.txt"
L 10/25/2014 - 17:12:52: [SM] Error (line 0, column 0): Stream failed to open
L 10/25/2014 - 17:12:53: [basecommands.smx] Could not parse file (line 12, file "addons\sourcemod\configs\adminmenu_cfgs.txt"):
L 10/25/2014 - 17:12:53: [basecommands.smx] Parser encountered error: Section ending without a matching section beginning
L 10/25/2014 - 17:12:53: [sm_cmdx.smx] Unable to locate overrides file.
L 10/25/2014 - 17:16:16: Error log file session closed.
L 10/25/2014 - 17:16:16: SourceMod error session started
L 10/25/2014 - 17:16:16: Info (map "de_dust2") (file "errors_20141025.log")
L 10/25/2014 - 17:16:16: [SM] Fatal error encountered parsing translation file "namechangepunisher.phrases.txt"
L 10/25/2014 - 17:16:16: [SM] Error (line 0, column 0): Stream failed to open
L 10/25/2014 - 17:16:16: [SM] Fatal error encountered parsing translation file "plugin.supercmds.txt"
L 10/25/2014 - 17:16:16: [SM] Error (line 0, column 0): Stream failed to open
L 10/25/2014 - 17:16:17: [basecommands.smx] Could not parse file (line 12, file "addons\sourcemod\configs\adminmenu_cfgs.txt"):
L 10/25/2014 - 17:16:17: [basecommands.smx] Parser encountered error: Section ending without a matching section beginning
L 10/25/2014 - 17:16:17: [sm_cmdx.smx] Unable to locate overrides file.
L 10/25/2014 - 17:21:43: Error log file session closed.
L 10/25/2014 - 17:21:43: SourceMod error session started
L 10/25/2014 - 17:21:43: Info (map "de_dust2") (file "errors_20141025.log")
L 10/25/2014 - 17:21:43: [SM] Fatal error encountered parsing translation file "namechangepunisher.phrases.txt"
L 10/25/2014 - 17:21:43: [SM] Error (line 0, column 0): Stream failed to open
L 10/25/2014 - 17:21:43: [SM] Fatal error encountered parsing translation file "plugin.supercmds.txt"
L 10/25/2014 - 17:21:43: [SM] Error (line 0, column 0): Stream failed to open
L 10/25/2014 - 17:21:44: [basecommands.smx] Could not parse file (line 12, file "addons\sourcemod\configs\adminmenu_cfgs.txt"):
L 10/25/2014 - 17:21:44: [basecommands.smx] Parser encountered error: Section ending without a matching section beginning
L 10/25/2014 - 17:21:44: [sm_cmdx.smx] Unable to locate overrides file.
L 10/25/2014 - 17:31:11: Error log file session closed.
L 10/25/2014 - 17:31:11: SourceMod error session started
L 10/25/2014 - 17:31:11: Info (map "de_dust2") (file "errors_20141025.log")
L 10/25/2014 - 17:31:11: [SM] Fatal error encountered parsing translation file "namechangepunisher.phrases.txt"
L 10/25/2014 - 17:31:11: [SM] Error (line 0, column 0): Stream failed to open
L 10/25/2014 - 17:31:11: [SM] Fatal error encountered parsing translation file "plugin.supercmds.txt"
L 10/25/2014 - 17:31:11: [SM] Error (line 0, column 0): Stream failed to open
L 10/25/2014 - 17:31:11: [basecommands.smx] Could not parse file (line 12, file "addons\sourcemod\configs\adminmenu_cfgs.txt"):
L 10/25/2014 - 17:31:11: [basecommands.smx] Parser encountered error: Section ending without a matching section beginning
L 10/25/2014 - 17:31:11: [sm_cmdx.smx] Unable to locate overrides file.
L 10/25/2014 - 17:57:26: Error log file session closed.
L 10/25/2014 - 17:57:26: SourceMod error session started
L 10/25/2014 - 17:57:26: Info (map "wsf_akm4_aim_map") (file "errors_20141025.log")
L 10/25/2014 - 17:57:26: [SM] Fatal error encountered parsing translation file "namechangepunisher.phrases.txt"
L 10/25/2014 - 17:57:26: [SM] Error (line 0, column 0): Stream failed to open
L 10/25/2014 - 17:57:26: [SM] Fatal error encountered parsing translation file "plugin.supercmds.txt"
L 10/25/2014 - 17:57:26: [SM] Error (line 0, column 0): Stream failed to open
L 10/25/2014 - 17:57:26: [basecommands.smx] Could not parse file (line 12, file "addons\sourcemod\configs\adminmenu_cfgs.txt"):
L 10/25/2014 - 17:57:26: [basecommands.smx] Parser encountered error: Section ending without a matching section beginning
L 10/25/2014 - 17:57:26: [sm_cmdx.smx] Unable to locate overrides file.
L 10/25/2014 - 17:57:42: Error log file session closed.
L 10/25/2014 - 17:57:42: SourceMod error session started
L 10/25/2014 - 17:57:42: Info (map "wsf_akm4_aim_map") (file "errors_20141025.log")
L 10/25/2014 - 17:57:42: [SM] Fatal error encountered parsing translation file "namechangepunisher.phrases.txt"
L 10/25/2014 - 17:57:42: [SM] Error (line 0, column 0): Stream failed to open
L 10/25/2014 - 17:57:42: [SM] Fatal error encountered parsing translation file "plugin.supercmds.txt"
L 10/25/2014 - 17:57:42: [SM] Error (line 0, column 0): Stream failed to open
L 10/25/2014 - 17:57:42: [basecommands.smx] Could not parse file (line 12, file "addons\sourcemod\configs\adminmenu_cfgs.txt"):
L 10/25/2014 - 17:57:42: [basecommands.smx] Parser encountered error: Section ending without a matching section beginning
L 10/25/2014 - 17:57:42: [sm_cmdx.smx] Unable to locate overrides file.
L 10/25/2014 - 17:57:42: [SM] Native "CS_RespawnPlayer" reported: Client index 11 is not valid
L 10/25/2014 - 17:57:42: [SM] Displaying call stack trace for plugin "warmod.smx":
L 10/25/2014 - 17:57:42: [SM]   [0]  Line 5065, D:\CSGO\csgo±‡“Î∆˜\warmod.sp::RespawnPlayer()
L 10/25/2014 - 17:57:42: [SM] Native "CS_RespawnPlayer" reported: Client index 11 is not valid
L 10/25/2014 - 17:57:42: [SM] Displaying call stack trace for plugin "warmod.smx":
L 10/25/2014 - 17:57:42: [SM]   [0]  Line 5065, D:\CSGO\csgo±‡“Î∆˜\warmod.sp::RespawnPlayer()
L 10/25/2014 - 18:08:46: Error log file session closed.
L 10/25/2014 - 18:08:46: SourceMod error session started
L 10/25/2014 - 18:08:46: Info (map "wsf_bloodstrike") (file "errors_20141025.log")
L 10/25/2014 - 18:08:46: [SM] Fatal error encountered parsing translation file "namechangepunisher.phrases.txt"
L 10/25/2014 - 18:08:46: [SM] Error (line 0, column 0): Stream failed to open
L 10/25/2014 - 18:08:46: [SM] Fatal error encountered parsing translation file "plugin.supercmds.txt"
L 10/25/2014 - 18:08:46: [SM] Error (line 0, column 0): Stream failed to open
L 10/25/2014 - 18:08:46: [basecommands.smx] Could not parse file (line 12, file "addons\sourcemod\configs\adminmenu_cfgs.txt"):
L 10/25/2014 - 18:08:46: [basecommands.smx] Parser encountered error: Section ending without a matching section beginning
L 10/25/2014 - 18:08:46: [sm_cmdx.smx] Unable to locate overrides file.
L 10/25/2014 - 18:15:40: Error log file session closed.
L 10/25/2014 - 18:15:40: SourceMod error session started
L 10/25/2014 - 18:15:40: Info (map "de_dust2") (file "errors_20141025.log")
L 10/25/2014 - 18:15:40: [SM] Fatal error encountered parsing translation file "namechangepunisher.phrases.txt"
L 10/25/2014 - 18:15:40: [SM] Error (line 0, column 0): Stream failed to open
L 10/25/2014 - 18:15:40: [SM] Fatal error encountered parsing translation file "plugin.supercmds.txt"
L 10/25/2014 - 18:15:40: [SM] Error (line 0, column 0): Stream failed to open
L 10/25/2014 - 18:15:40: [basecommands.smx] Could not parse file (line 12, file "addons\sourcemod\configs\adminmenu_cfgs.txt"):
L 10/25/2014 - 18:15:40: [basecommands.smx] Parser encountered error: Section ending without a matching section beginning
L 10/25/2014 - 18:15:40: [sm_cmdx.smx] Unable to locate overrides file.
L 10/25/2014 - 18:16:02: [SM] Native "PrintToChat" reported: Client 1 is not in game
L 10/25/2014 - 18:16:02: [SM] Displaying call stack trace for plugin "!dao.smx":
L 10/25/2014 - 18:16:02: [SM]   [0]  Line 79, D:\CSGO\csgo±‡“Î∆˜\!dao.sp::Timer_knifemsg()
L 10/25/2014 - 18:35:01: [SM] Native "PrintToChat" reported: Client 5 is not in game
L 10/25/2014 - 18:35:01: [SM] Displaying call stack trace for plugin "!dao.smx":
L 10/25/2014 - 18:35:01: [SM]   [0]  Line 79, D:\CSGO\csgo±‡“Î∆˜\!dao.sp::Timer_knifemsg()
L 10/25/2014 - 18:42:24: [SM] Native "PrintToChat" reported: Client 5 is not in game
L 10/25/2014 - 18:42:24: [SM] Displaying call stack trace for plugin "!dao.smx":
L 10/25/2014 - 18:42:24: [SM]   [0]  Line 79, D:\CSGO\csgo±‡“Î∆˜\!dao.sp::Timer_knifemsg()
L 10/25/2014 - 18:51:37: Error log file session closed.
L 10/25/2014 - 18:51:37: SourceMod error session started
L 10/25/2014 - 18:51:37: Info (map "de_inferno") (file "errors_20141025.log")
L 10/25/2014 - 18:51:37: [SM] Fatal error encountered parsing translation file "namechangepunisher.phrases.txt"
L 10/25/2014 - 18:51:37: [SM] Error (line 0, column 0): Stream failed to open
L 10/25/2014 - 18:51:37: [SM] Fatal error encountered parsing translation file "plugin.supercmds.txt"
L 10/25/2014 - 18:51:37: [SM] Error (line 0, column 0): Stream failed to open
L 10/25/2014 - 18:51:37: [basecommands.smx] Could not parse file (line 12, file "addons\sourcemod\configs\adminmenu_cfgs.txt"):
L 10/25/2014 - 18:51:37: [basecommands.smx] Parser encountered error: Section ending without a matching section beginning
L 10/25/2014 - 18:51:38: [sm_cmdx.smx] Unable to locate overrides file.
L 10/25/2014 - 18:52:03: [SM] Native "PrintToChat" reported: Client 6 is not in game
L 10/25/2014 - 18:52:03: [SM] Displaying call stack trace for plugin "!dao.smx":
L 10/25/2014 - 18:52:03: [SM]   [0]  Line 79, D:\CSGO\csgo±‡“Î∆˜\!dao.sp::Timer_knifemsg()
L 10/25/2014 - 18:53:56: [SM] Native "CS_RespawnPlayer" reported: Client index 6 is not valid
L 10/25/2014 - 18:53:56: [SM] Displaying call stack trace for plugin "warmod.smx":
L 10/25/2014 - 18:53:56: [SM]   [0]  Line 5065, D:\CSGO\csgo±‡“Î∆˜\warmod.sp::RespawnPlayer()
L 10/25/2014 - 18:54:16: [SM] Native "PrintToChat" reported: Client 6 is not in game
L 10/25/2014 - 18:54:16: [SM] Displaying call stack trace for plugin "!dao.smx":
L 10/25/2014 - 18:54:16: [SM]   [0]  Line 79, D:\CSGO\csgo±‡“Î∆˜\!dao.sp::Timer_knifemsg()
L 10/25/2014 - 18:56:19: [SM] Native "PrintToChat" reported: Client 9 is not in game
L 10/25/2014 - 18:56:19: [SM] Displaying call stack trace for plugin "!dao.smx":
L 10/25/2014 - 18:56:19: [SM]   [0]  Line 79, D:\CSGO\csgo±‡“Î∆˜\!dao.sp::Timer_knifemsg()
L 10/25/2014 - 19:02:21: [SM] Native "PrintToChat" reported: Client 5 is not in game
L 10/25/2014 - 19:02:21: [SM] Displaying call stack trace for plugin "!dao.smx":
L 10/25/2014 - 19:02:21: [SM]   [0]  Line 79, D:\CSGO\csgo±‡“Î∆˜\!dao.sp::Timer_knifemsg()
L 10/25/2014 - 19:20:38: Error log file session closed.
L 10/25/2014 - 19:20:38: SourceMod error session started
L 10/25/2014 - 19:20:38: Info (map "de_cbble") (file "errors_20141025.log")
L 10/25/2014 - 19:20:38: [SM] Fatal error encountered parsing translation file "namechangepunisher.phrases.txt"
L 10/25/2014 - 19:20:38: [SM] Error (line 0, column 0): Stream failed to open
L 10/25/2014 - 19:20:38: [SM] Fatal error encountered parsing translation file "plugin.supercmds.txt"
L 10/25/2014 - 19:20:38: [SM] Error (line 0, column 0): Stream failed to open
L 10/25/2014 - 19:20:38: [basecommands.smx] Could not parse file (line 12, file "addons\sourcemod\configs\adminmenu_cfgs.txt"):
L 10/25/2014 - 19:20:38: [basecommands.smx] Parser encountered error: Section ending without a matching section beginning
L 10/25/2014 - 19:20:38: [sm_cmdx.smx] Unable to locate overrides file.
L 10/25/2014 - 19:21:16: Error log file session closed.
L 10/25/2014 - 19:21:16: SourceMod error session started
L 10/25/2014 - 19:21:16: Info (map "de_nuke") (file "errors_20141025.log")
L 10/25/2014 - 19:21:16: [SM] Fatal error encountered parsing translation file "namechangepunisher.phrases.txt"
L 10/25/2014 - 19:21:16: [SM] Error (line 0, column 0): Stream failed to open
L 10/25/2014 - 19:21:16: [SM] Fatal error encountered parsing translation file "plugin.supercmds.txt"
L 10/25/2014 - 19:21:16: [SM] Error (line 0, column 0): Stream failed to open
L 10/25/2014 - 19:21:16: [basecommands.smx] Could not parse file (line 12, file "addons\sourcemod\configs\adminmenu_cfgs.txt"):
L 10/25/2014 - 19:21:16: [basecommands.smx] Parser encountered error: Section ending without a matching section beginning
L 10/25/2014 - 19:21:16: [sm_cmdx.smx] Unable to locate overrides file.
L 10/25/2014 - 19:23:13: [SM] Native "CS_RespawnPlayer" reported: Client index 7 is not valid
L 10/25/2014 - 19:23:13: [SM] Displaying call stack trace for plugin "warmod.smx":
L 10/25/2014 - 19:23:13: [SM]   [0]  Line 5065, D:\CSGO\csgo±‡“Î∆˜\warmod.sp::RespawnPlayer()
L 10/25/2014 - 19:23:33: [SM] Native "PrintToChat" reported: Client 7 is not in game
L 10/25/2014 - 19:23:33: [SM] Displaying call stack trace for plugin "!dao.smx":
L 10/25/2014 - 19:23:33: [SM]   [0]  Line 79, D:\CSGO\csgo±‡“Î∆˜\!dao.sp::Timer_knifemsg()
L 10/25/2014 - 19:24:43: [SM] Native "PrintToChat" reported: Client 7 is not in game
L 10/25/2014 - 19:24:43: [SM] Displaying call stack trace for plugin "!dao.smx":
L 10/25/2014 - 19:24:43: [SM]   [0]  Line 79, D:\CSGO\csgo±‡“Î∆˜\!dao.sp::Timer_knifemsg()
L 10/25/2014 - 19:40:29: [SM] Native "PrintToChat" reported: Client 3 is not in game
L 10/25/2014 - 19:40:29: [SM] Displaying call stack trace for plugin "!dao.smx":
L 10/25/2014 - 19:40:29: [SM]   [0]  Line 79, D:\CSGO\csgo±‡“Î∆˜\!dao.sp::Timer_knifemsg()
L 10/25/2014 - 19:57:43: Error log file session closed.
L 10/25/2014 - 19:57:43: SourceMod error session started
L 10/25/2014 - 19:57:43: Info (map "de_mirage") (file "errors_20141025.log")
L 10/25/2014 - 19:57:43: [SM] Fatal error encountered parsing translation file "namechangepunisher.phrases.txt"
L 10/25/2014 - 19:57:43: [SM] Error (line 0, column 0): Stream failed to open
L 10/25/2014 - 19:57:43: [SM] Fatal error encountered parsing translation file "plugin.supercmds.txt"
L 10/25/2014 - 19:57:43: [SM] Error (line 0, column 0): Stream failed to open
L 10/25/2014 - 19:57:44: [basecommands.smx] Could not parse file (line 12, file "addons\sourcemod\configs\adminmenu_cfgs.txt"):
L 10/25/2014 - 19:57:44: [basecommands.smx] Parser encountered error: Section ending without a matching section beginning
L 10/25/2014 - 19:57:44: [sm_cmdx.smx] Unable to locate overrides file.
L 10/25/2014 - 19:57:51: [SM] Native "PrintToChat" reported: Client 5 is not in game
L 10/25/2014 - 19:57:51: [SM] Displaying call stack trace for plugin "!dao.smx":
L 10/25/2014 - 19:57:51: [SM]   [0]  Line 79, D:\CSGO\csgo±‡“Î∆˜\!dao.sp::Timer_knifemsg()
L 10/25/2014 - 19:59:18: Error log file session closed.
L 10/25/2014 - 19:59:18: SourceMod error session started
L 10/25/2014 - 19:59:18: Info (map "de_dust2") (file "errors_20141025.log")
L 10/25/2014 - 19:59:18: [SM] Fatal error encountered parsing translation file "namechangepunisher.phrases.txt"
L 10/25/2014 - 19:59:18: [SM] Error (line 0, column 0): Stream failed to open
L 10/25/2014 - 19:59:18: [SM] Fatal error encountered parsing translation file "plugin.supercmds.txt"
L 10/25/2014 - 19:59:18: [SM] Error (line 0, column 0): Stream failed to open
L 10/25/2014 - 19:59:18: [basecommands.smx] Could not parse file (line 12, file "addons\sourcemod\configs\adminmenu_cfgs.txt"):
L 10/25/2014 - 19:59:18: [basecommands.smx] Parser encountered error: Section ending without a matching section beginning
L 10/25/2014 - 19:59:18: [sm_cmdx.smx] Unable to locate overrides file.
L 10/25/2014 - 20:04:34: [SM] Native "PrintToChat" reported: Client 3 is not in game
L 10/25/2014 - 20:04:34: [SM] Displaying call stack trace for plugin "!dao.smx":
L 10/25/2014 - 20:04:34: [SM]   [0]  Line 79, D:\CSGO\csgo±‡“Î∆˜\!dao.sp::Timer_knifemsg()
L 10/25/2014 - 20:28:21: [SM] Native "PrintToChat" reported: Client 12 is not in game
L 10/25/2014 - 20:28:21: [SM] Displaying call stack trace for plugin "!dao.smx":
L 10/25/2014 - 20:28:21: [SM]   [0]  Line 79, D:\CSGO\csgo±‡“Î∆˜\!dao.sp::Timer_knifemsg()
L 10/25/2014 - 20:36:06: [SM] Native "PrintToChat" reported: Client 11 is not in game
L 10/25/2014 - 20:36:06: [SM] Displaying call stack trace for plugin "!dao.smx":
L 10/25/2014 - 20:36:06: [SM]   [0]  Line 79, D:\CSGO\csgo±‡“Î∆˜\!dao.sp::Timer_knifemsg()
L 10/25/2014 - 20:40:33: Error log file session closed.
L 10/25/2014 - 20:40:33: SourceMod error session started
L 10/25/2014 - 20:40:33: Info (map "de_nuke") (file "errors_20141025.log")
L 10/25/2014 - 20:40:33: [SM] Fatal error encountered parsing translation file "namechangepunisher.phrases.txt"
L 10/25/2014 - 20:40:33: [SM] Error (line 0, column 0): Stream failed to open
L 10/25/2014 - 20:40:33: [SM] Fatal error encountered parsing translation file "plugin.supercmds.txt"
L 10/25/2014 - 20:40:33: [SM] Error (line 0, column 0): Stream failed to open
L 10/25/2014 - 20:40:33: [basecommands.smx] Could not parse file (line 12, file "addons\sourcemod\configs\adminmenu_cfgs.txt"):
L 10/25/2014 - 20:40:33: [basecommands.smx] Parser encountered error: Section ending without a matching section beginning
L 10/25/2014 - 20:40:33: [sm_cmdx.smx] Unable to locate overrides file.
L 10/25/2014 - 20:41:03: [SM] Native "PrintToChat" reported: Client 4 is not in game
L 10/25/2014 - 20:41:03: [SM] Displaying call stack trace for plugin "!dao.smx":
L 10/25/2014 - 20:41:03: [SM]   [0]  Line 79, D:\CSGO\csgo±‡“Î∆˜\!dao.sp::Timer_knifemsg()
L 10/25/2014 - 20:48:44: [SM] Native "PrintToChat" reported: Client 1 is not in game
L 10/25/2014 - 20:48:44: [SM] Displaying call stack trace for plugin "!dao.smx":
L 10/25/2014 - 20:48:44: [SM]   [0]  Line 79, D:\CSGO\csgo±‡“Î∆˜\!dao.sp::Timer_knifemsg()
L 10/25/2014 - 21:20:55: Error log file session closed.
L 10/25/2014 - 21:20:55: SourceMod error session started
L 10/25/2014 - 21:20:55: Info (map "de_mirage") (file "errors_20141025.log")
L 10/25/2014 - 21:20:55: [SM] Fatal error encountered parsing translation file "namechangepunisher.phrases.txt"
L 10/25/2014 - 21:20:55: [SM] Error (line 0, column 0): Stream failed to open
L 10/25/2014 - 21:20:55: [SM] Fatal error encountered parsing translation file "plugin.supercmds.txt"
L 10/25/2014 - 21:20:55: [SM] Error (line 0, column 0): Stream failed to open
L 10/25/2014 - 21:20:55: [basecommands.smx] Could not parse file (line 12, file "addons\sourcemod\configs\adminmenu_cfgs.txt"):
L 10/25/2014 - 21:20:55: [basecommands.smx] Parser encountered error: Section ending without a matching section beginning
L 10/25/2014 - 21:20:55: [sm_cmdx.smx] Unable to locate overrides file.
L 10/25/2014 - 21:21:46: [SM] Native "PrintToChat" reported: Client 15 is not in game
L 10/25/2014 - 21:21:46: [SM] Displaying call stack trace for plugin "!dao.smx":
L 10/25/2014 - 21:21:46: [SM]   [0]  Line 79, D:\CSGO\csgo±‡“Î∆˜\!dao.sp::Timer_knifemsg()
L 10/25/2014 - 21:46:00: [SM] Native "PrintToChat" reported: Client 10 is not in game
L 10/25/2014 - 21:46:00: [SM] Displaying call stack trace for plugin "!dao.smx":
L 10/25/2014 - 21:46:00: [SM]   [0]  Line 79, D:\CSGO\csgo±‡“Î∆˜\!dao.sp::Timer_knifemsg()
L 10/25/2014 - 21:53:18: Error log file session closed.
L 10/25/2014 - 21:53:18: SourceMod error session started
L 10/25/2014 - 21:53:18: Info (map "de_inferno") (file "errors_20141025.log")
L 10/25/2014 - 21:53:18: [SM] Fatal error encountered parsing translation file "namechangepunisher.phrases.txt"
L 10/25/2014 - 21:53:18: [SM] Error (line 0, column 0): Stream failed to open
L 10/25/2014 - 21:53:18: [SM] Fatal error encountered parsing translation file "plugin.supercmds.txt"
L 10/25/2014 - 21:53:18: [SM] Error (line 0, column 0): Stream failed to open
L 10/25/2014 - 21:53:18: [basecommands.smx] Could not parse file (line 12, file "addons\sourcemod\configs\adminmenu_cfgs.txt"):
L 10/25/2014 - 21:53:18: [basecommands.smx] Parser encountered error: Section ending without a matching section beginning
L 10/25/2014 - 21:53:18: [sm_cmdx.smx] Unable to locate overrides file.
L 10/25/2014 - 21:53:48: [SM] Native "PrintToChat" reported: Client 6 is not in game
L 10/25/2014 - 21:53:48: [SM] Displaying call stack trace for plugin "!dao.smx":
L 10/25/2014 - 21:53:48: [SM]   [0]  Line 79, D:\CSGO\csgo±‡“Î∆˜\!dao.sp::Timer_knifemsg()
L 10/25/2014 - 21:55:21: [SM] Native "CS_RespawnPlayer" reported: Client index 4 is not valid
L 10/25/2014 - 21:55:21: [SM] Displaying call stack trace for plugin "warmod.smx":
L 10/25/2014 - 21:55:21: [SM]   [0]  Line 5065, D:\CSGO\csgo±‡“Î∆˜\warmod.sp::RespawnPlayer()
L 10/25/2014 - 21:55:41: [SM] Native "PrintToChat" reported: Client 4 is not in game
L 10/25/2014 - 21:55:41: [SM] Displaying call stack trace for plugin "!dao.smx":
L 10/25/2014 - 21:55:41: [SM]   [0]  Line 79, D:\CSGO\csgo±‡“Î∆˜\!dao.sp::Timer_knifemsg()
L 10/25/2014 - 22:31:23: Error log file session closed.
L 10/25/2014 - 22:31:23: SourceMod error session started
L 10/25/2014 - 22:31:23: Info (map "de_cbble") (file "errors_20141025.log")
L 10/25/2014 - 22:31:23: [SM] Fatal error encountered parsing translation file "namechangepunisher.phrases.txt"
L 10/25/2014 - 22:31:23: [SM] Error (line 0, column 0): Stream failed to open
L 10/25/2014 - 22:31:23: [SM] Fatal error encountered parsing translation file "plugin.supercmds.txt"
L 10/25/2014 - 22:31:23: [SM] Error (line 0, column 0): Stream failed to open
L 10/25/2014 - 22:31:23: [basecommands.smx] Could not parse file (line 12, file "addons\sourcemod\configs\adminmenu_cfgs.txt"):
L 10/25/2014 - 22:31:23: [basecommands.smx] Parser encountered error: Section ending without a matching section beginning
L 10/25/2014 - 22:31:23: [sm_cmdx.smx] Unable to locate overrides file.
L 10/25/2014 - 22:31:58: [SM] Native "PrintToChat" reported: Client 5 is not in game
L 10/25/2014 - 22:31:58: [SM] Displaying call stack trace for plugin "!dao.smx":
L 10/25/2014 - 22:31:58: [SM]   [0]  Line 79, D:\CSGO\csgo±‡“Î∆˜\!dao.sp::Timer_knifemsg()
L 10/25/2014 - 22:32:03: [SM] Native "PrintToChat" reported: Client 4 is not in game
L 10/25/2014 - 22:32:03: [SM] Displaying call stack trace for plugin "!dao.smx":
L 10/25/2014 - 22:32:03: [SM]   [0]  Line 79, D:\CSGO\csgo±‡“Î∆˜\!dao.sp::Timer_knifemsg()
L 10/25/2014 - 23:55:45: Error log file session closed.
L 10/25/2014 - 23:55:45: SourceMod error session started
L 10/25/2014 - 23:55:45: Info (map "de_cbble") (file "errors_20141025.log")
L 10/25/2014 - 23:55:45: [SM] Fatal error encountered parsing translation file "namechangepunisher.phrases.txt"
L 10/25/2014 - 23:55:45: [SM] Error (line 0, column 0): Stream failed to open
L 10/25/2014 - 23:55:45: [SM] Fatal error encountered parsing translation file "plugin.supercmds.txt"
L 10/25/2014 - 23:55:45: [SM] Error (line 0, column 0): Stream failed to open
L 10/25/2014 - 23:55:45: [basecommands.smx] Could not parse file (line 12, file "addons\sourcemod\configs\adminmenu_cfgs.txt"):
L 10/25/2014 - 23:55:45: [basecommands.smx] Parser encountered error: Section ending without a matching section beginning
L 10/25/2014 - 23:55:45: [sm_cmdx.smx] Unable to locate overrides file.
