L 09/10/2014 - 03:24:25: SourceMod error session started
L 09/10/2014 - 03:24:25: Info (map "de_inferno") (file "errors_20140910.log")
L 09/10/2014 - 03:24:25: Error log file session closed.
L 09/10/2014 - 03:24:25: SourceMod error session started
L 09/10/2014 - 03:24:25: Info (map "de_inferno") (file "errors_20140910.log")
L 09/10/2014 - 03:24:25: [SM] Fatal error encountered parsing translation file "namechangepunisher.phrases.txt"
L 09/10/2014 - 03:24:25: [SM] Error (line 0, column 0): Stream failed to open
L 09/10/2014 - 03:24:25: [SM] Unable to load plugin "rockthevote.smx": Could not find required plugin "mapchooser"
L 09/10/2014 - 03:24:30: [warmod.smx] Plug-in tEasyFTP.smx required to auto upload demos
L 09/10/2014 - 15:51:57: Error log file session closed.
L 09/10/2014 - 15:51:57: SourceMod error session started
L 09/10/2014 - 15:51:57: Info (map "de_inferno") (file "errors_20140910.log")
L 09/10/2014 - 15:51:57: [SM] Fatal error encountered parsing translation file "namechangepunisher.phrases.txt"
L 09/10/2014 - 15:51:57: [SM] Error (line 0, column 0): Stream failed to open
L 09/10/2014 - 15:51:57: [SM] Unable to load plugin "rockthevote.smx": Could not find required plugin "mapchooser"
L 09/10/2014 - 15:52:02: [warmod.smx] Plug-in tEasyFTP.smx required to auto upload demos
L 09/10/2014 - 15:53:38: Error log file session closed.
L 09/10/2014 - 15:53:38: SourceMod error session started
L 09/10/2014 - 15:53:38: Info (map "de_inferno") (file "errors_20140910.log")
L 09/10/2014 - 15:53:38: [SM] Fatal error encountered parsing translation file "namechangepunisher.phrases.txt"
L 09/10/2014 - 15:53:38: [SM] Error (line 0, column 0): Stream failed to open
L 09/10/2014 - 15:53:38: [SM] Unable to load plugin "rockthevote.smx": Could not find required plugin "mapchooser"
L 09/10/2014 - 15:53:44: [warmod.smx] Plug-in tEasyFTP.smx required to auto upload demos
L 09/10/2014 - 16:42:41: [warmod.smx] Plug-in tEasyFTP.smx required to auto upload demos
L 09/10/2014 - 16:42:57: Error log file session closed.
L 09/10/2014 - 16:42:57: SourceMod error session started
L 09/10/2014 - 16:42:57: Info (map "de_cbble") (file "errors_20140910.log")
L 09/10/2014 - 16:42:57: [SM] Fatal error encountered parsing translation file "namechangepunisher.phrases.txt"
L 09/10/2014 - 16:42:57: [SM] Error (line 0, column 0): Stream failed to open
L 09/10/2014 - 16:42:57: [SM] Unable to load plugin "rockthevote.smx": Could not find required plugin "mapchooser"
L 09/10/2014 - 16:43:03: [warmod.smx] Plug-in tEasyFTP.smx required to auto upload demos
L 09/10/2014 - 16:43:51: Error log file session closed.
L 09/10/2014 - 16:43:51: SourceMod error session started
L 09/10/2014 - 16:43:51: Info (map "de_mirage") (file "errors_20140910.log")
L 09/10/2014 - 16:43:51: [SM] Fatal error encountered parsing translation file "namechangepunisher.phrases.txt"
L 09/10/2014 - 16:43:51: [SM] Error (line 0, column 0): Stream failed to open
L 09/10/2014 - 16:43:51: [SM] Unable to load plugin "rockthevote.smx": Could not find required plugin "mapchooser"
L 09/10/2014 - 16:43:56: [warmod.smx] Plug-in tEasyFTP.smx required to auto upload demos
L 09/10/2014 - 17:19:27: [warmod.smx] Plug-in tEasyFTP.smx required to auto upload demos
L 09/10/2014 - 17:19:43: Error log file session closed.
L 09/10/2014 - 17:19:43: SourceMod error session started
L 09/10/2014 - 17:19:43: Info (map "de_inferno") (file "errors_20140910.log")
L 09/10/2014 - 17:19:43: [SM] Fatal error encountered parsing translation file "namechangepunisher.phrases.txt"
L 09/10/2014 - 17:19:43: [SM] Error (line 0, column 0): Stream failed to open
L 09/10/2014 - 17:19:43: [SM] Unable to load plugin "rockthevote.smx": Could not find required plugin "mapchooser"
L 09/10/2014 - 17:19:49: [warmod.smx] Plug-in tEasyFTP.smx required to auto upload demos
L 09/10/2014 - 18:36:01: Error log file session closed.
L 09/10/2014 - 18:36:01: SourceMod error session started
L 09/10/2014 - 18:36:01: Info (map "de_inferno") (file "errors_20140910.log")
L 09/10/2014 - 18:36:01: [SM] Fatal error encountered parsing translation file "namechangepunisher.phrases.txt"
L 09/10/2014 - 18:36:01: [SM] Error (line 0, column 0): Stream failed to open
L 09/10/2014 - 18:36:01: [SM] Unable to load plugin "rockthevote.smx": Could not find required plugin "mapchooser"
L 09/10/2014 - 18:36:06: [warmod.smx] Plug-in tEasyFTP.smx required to auto upload demos
L 09/10/2014 - 19:36:51: [warmod.smx] Plug-in tEasyFTP.smx required to auto upload demos
L 09/10/2014 - 19:37:09: Error log file session closed.
L 09/10/2014 - 19:37:09: SourceMod error session started
L 09/10/2014 - 19:37:09: Info (map "de_cbble") (file "errors_20140910.log")
L 09/10/2014 - 19:37:09: [SM] Fatal error encountered parsing translation file "namechangepunisher.phrases.txt"
L 09/10/2014 - 19:37:09: [SM] Error (line 0, column 0): Stream failed to open
L 09/10/2014 - 19:37:09: [SM] Unable to load plugin "rockthevote.smx": Could not find required plugin "mapchooser"
L 09/10/2014 - 19:37:14: [warmod.smx] Plug-in tEasyFTP.smx required to auto upload demos
L 09/10/2014 - 19:37:27: [SM] Native "GetPlayerWeaponSlot" reported: Client 10 is not in game
L 09/10/2014 - 19:37:27: [SM] Displaying call stack trace for plugin "sm_knifeupgrade.smx":
L 09/10/2014 - 19:37:27: [SM]   [0]  Line 187, I:\CSGO茶几\CSGO重要插件文件\CSGO编译器\sm_knifeupgrade.sp::OnSpawn()
L 09/10/2014 - 19:37:27: [SM] Native "GetPlayerWeaponSlot" reported: Client 10 is not in game
L 09/10/2014 - 19:37:27: [SM] Displaying call stack trace for plugin "sm_knifeupgrade.smx":
L 09/10/2014 - 19:37:27: [SM]   [0]  Line 187, I:\CSGO茶几\CSGO重要插件文件\CSGO编译器\sm_knifeupgrade.sp::OnSpawn()
L 09/10/2014 - 19:37:34: [SM] Native "GetPlayerWeaponSlot" reported: Client 10 is not in game
L 09/10/2014 - 19:37:34: [SM] Displaying call stack trace for plugin "sm_knifeupgrade.smx":
L 09/10/2014 - 19:37:34: [SM]   [0]  Line 187, I:\CSGO茶几\CSGO重要插件文件\CSGO编译器\sm_knifeupgrade.sp::OnSpawn()
L 09/10/2014 - 19:37:34: [SM] Native "GetPlayerWeaponSlot" reported: Client 10 is not in game
L 09/10/2014 - 19:37:34: [SM] Displaying call stack trace for plugin "sm_knifeupgrade.smx":
L 09/10/2014 - 19:37:34: [SM]   [0]  Line 187, I:\CSGO茶几\CSGO重要插件文件\CSGO编译器\sm_knifeupgrade.sp::OnSpawn()
L 09/10/2014 - 19:37:39: [SM] Native "GetClientTeam" reported: Client 10 is not in game
L 09/10/2014 - 19:37:39: [SM] Displaying call stack trace for plugin "sm_knifeupgrade.smx":
L 09/10/2014 - 19:37:39: [SM]   [0]  Line 446, I:\CSGO茶几\CSGO重要插件文件\CSGO编译器\sm_knifeupgrade.sp::IsValidClient()
L 09/10/2014 - 19:37:39: [SM]   [1]  Line 216, I:\CSGO茶几\CSGO重要插件文件\CSGO编译器\sm_knifeupgrade.sp::Timer_Welcome()
L 09/10/2014 - 19:38:12: Error log file session closed.
L 09/10/2014 - 19:38:12: SourceMod error session started
L 09/10/2014 - 19:38:12: Info (map "de_mirage") (file "errors_20140910.log")
L 09/10/2014 - 19:38:12: [SM] Fatal error encountered parsing translation file "namechangepunisher.phrases.txt"
L 09/10/2014 - 19:38:12: [SM] Error (line 0, column 0): Stream failed to open
L 09/10/2014 - 19:38:12: [SM] Unable to load plugin "rockthevote.smx": Could not find required plugin "mapchooser"
L 09/10/2014 - 19:38:18: [warmod.smx] Plug-in tEasyFTP.smx required to auto upload demos
L 09/10/2014 - 19:38:29: [SM] Native "GetPlayerWeaponSlot" reported: Client 11 is not in game
L 09/10/2014 - 19:38:29: [SM] Displaying call stack trace for plugin "sm_knifeupgrade.smx":
L 09/10/2014 - 19:38:29: [SM]   [0]  Line 187, I:\CSGO茶几\CSGO重要插件文件\CSGO编译器\sm_knifeupgrade.sp::OnSpawn()
L 09/10/2014 - 19:38:29: [SM] Native "GetPlayerWeaponSlot" reported: Client 11 is not in game
L 09/10/2014 - 19:38:29: [SM] Displaying call stack trace for plugin "sm_knifeupgrade.smx":
L 09/10/2014 - 19:38:29: [SM]   [0]  Line 187, I:\CSGO茶几\CSGO重要插件文件\CSGO编译器\sm_knifeupgrade.sp::OnSpawn()
L 09/10/2014 - 20:06:09: Error log file session closed.
L 09/10/2014 - 20:06:09: SourceMod error session started
L 09/10/2014 - 20:06:09: Info (map "de_nuke") (file "errors_20140910.log")
L 09/10/2014 - 20:06:09: [SM] Fatal error encountered parsing translation file "namechangepunisher.phrases.txt"
L 09/10/2014 - 20:06:09: [SM] Error (line 0, column 0): Stream failed to open
L 09/10/2014 - 20:06:09: [SM] Unable to load plugin "rockthevote.smx": Could not find required plugin "mapchooser"
L 09/10/2014 - 20:06:14: [warmod.smx] Plug-in tEasyFTP.smx required to auto upload demos
L 09/10/2014 - 20:37:39: [warmod.smx] Plug-in tEasyFTP.smx required to auto upload demos
L 09/10/2014 - 20:37:54: Error log file session closed.
L 09/10/2014 - 20:37:54: SourceMod error session started
L 09/10/2014 - 20:37:54: Info (map "de_mirage") (file "errors_20140910.log")
L 09/10/2014 - 20:37:54: [SM] Fatal error encountered parsing translation file "namechangepunisher.phrases.txt"
L 09/10/2014 - 20:37:54: [SM] Error (line 0, column 0): Stream failed to open
L 09/10/2014 - 20:37:54: [SM] Unable to load plugin "rockthevote.smx": Could not find required plugin "mapchooser"
L 09/10/2014 - 20:38:00: [warmod.smx] Plug-in tEasyFTP.smx required to auto upload demos
L 09/10/2014 - 20:38:20: Error log file session closed.
L 09/10/2014 - 20:38:20: SourceMod error session started
L 09/10/2014 - 20:38:20: Info (map "de_train") (file "errors_20140910.log")
L 09/10/2014 - 20:38:20: [SM] Fatal error encountered parsing translation file "namechangepunisher.phrases.txt"
L 09/10/2014 - 20:38:20: [SM] Error (line 0, column 0): Stream failed to open
L 09/10/2014 - 20:38:20: [SM] Unable to load plugin "rockthevote.smx": Could not find required plugin "mapchooser"
L 09/10/2014 - 20:38:26: [warmod.smx] Plug-in tEasyFTP.smx required to auto upload demos
L 09/10/2014 - 20:38:30: [SM] Native "GetPlayerWeaponSlot" reported: Client 9 is not in game
L 09/10/2014 - 20:38:30: [SM] Displaying call stack trace for plugin "sm_knifeupgrade.smx":
L 09/10/2014 - 20:38:30: [SM]   [0]  Line 187, I:\CSGO茶几\CSGO重要插件文件\CSGO编译器\sm_knifeupgrade.sp::OnSpawn()
L 09/10/2014 - 20:38:30: [SM] Native "GetPlayerWeaponSlot" reported: Client 9 is not in game
L 09/10/2014 - 20:38:30: [SM] Displaying call stack trace for plugin "sm_knifeupgrade.smx":
L 09/10/2014 - 20:38:30: [SM]   [0]  Line 187, I:\CSGO茶几\CSGO重要插件文件\CSGO编译器\sm_knifeupgrade.sp::OnSpawn()
L 09/10/2014 - 21:17:11: [warmod.smx] Plug-in tEasyFTP.smx required to auto upload demos
L 09/10/2014 - 21:17:27: Error log file session closed.
L 09/10/2014 - 21:17:27: SourceMod error session started
L 09/10/2014 - 21:17:27: Info (map "de_dust2") (file "errors_20140910.log")
L 09/10/2014 - 21:17:27: [SM] Fatal error encountered parsing translation file "namechangepunisher.phrases.txt"
L 09/10/2014 - 21:17:27: [SM] Error (line 0, column 0): Stream failed to open
L 09/10/2014 - 21:17:27: [SM] Unable to load plugin "rockthevote.smx": Could not find required plugin "mapchooser"
L 09/10/2014 - 21:17:33: [warmod.smx] Plug-in tEasyFTP.smx required to auto upload demos
L 09/10/2014 - 21:17:52: [SM] Native "GetPlayerWeaponSlot" reported: Client 11 is not in game
L 09/10/2014 - 21:17:52: [SM] Displaying call stack trace for plugin "sm_knifeupgrade.smx":
L 09/10/2014 - 21:17:52: [SM]   [0]  Line 187, I:\CSGO茶几\CSGO重要插件文件\CSGO编译器\sm_knifeupgrade.sp::OnSpawn()
L 09/10/2014 - 21:17:52: [SM] Native "GetPlayerWeaponSlot" reported: Client 11 is not in game
L 09/10/2014 - 21:17:52: [SM] Displaying call stack trace for plugin "sm_knifeupgrade.smx":
L 09/10/2014 - 21:17:52: [SM]   [0]  Line 187, I:\CSGO茶几\CSGO重要插件文件\CSGO编译器\sm_knifeupgrade.sp::OnSpawn()
L 09/10/2014 - 22:00:41: [warmod.smx] Plug-in tEasyFTP.smx required to auto upload demos
L 09/10/2014 - 22:00:59: Error log file session closed.
L 09/10/2014 - 22:00:59: SourceMod error session started
L 09/10/2014 - 22:00:59: Info (map "de_nuke") (file "errors_20140910.log")
L 09/10/2014 - 22:00:59: [SM] Fatal error encountered parsing translation file "namechangepunisher.phrases.txt"
L 09/10/2014 - 22:00:59: [SM] Error (line 0, column 0): Stream failed to open
L 09/10/2014 - 22:00:59: [SM] Unable to load plugin "rockthevote.smx": Could not find required plugin "mapchooser"
L 09/10/2014 - 22:01:04: [warmod.smx] Plug-in tEasyFTP.smx required to auto upload demos
L 09/10/2014 - 22:19:10: Error log file session closed.
L 09/10/2014 - 22:19:10: SourceMod error session started
L 09/10/2014 - 22:19:10: Info (map "de_nuke") (file "errors_20140910.log")
L 09/10/2014 - 22:19:10: [SM] Fatal error encountered parsing translation file "namechangepunisher.phrases.txt"
L 09/10/2014 - 22:19:10: [SM] Error (line 0, column 0): Stream failed to open
L 09/10/2014 - 22:19:10: [SM] Unable to load plugin "rockthevote.smx": Could not find required plugin "mapchooser"
L 09/10/2014 - 22:19:16: [warmod.smx] Plug-in tEasyFTP.smx required to auto upload demos
L 09/10/2014 - 22:32:11: Error log file session closed.
L 09/10/2014 - 22:32:11: SourceMod error session started
L 09/10/2014 - 22:32:11: Info (map "de_nuke") (file "errors_20140910.log")
L 09/10/2014 - 22:32:11: [SM] Fatal error encountered parsing translation file "namechangepunisher.phrases.txt"
L 09/10/2014 - 22:32:11: [SM] Error (line 0, column 0): Stream failed to open
L 09/10/2014 - 22:32:11: [SM] Unable to load plugin "rockthevote.smx": Could not find required plugin "mapchooser"
L 09/10/2014 - 22:32:16: [warmod.smx] Plug-in tEasyFTP.smx required to auto upload demos
