L 09/08/2014 - 22:08:52: SourceMod error session started
L 09/08/2014 - 22:08:52: Info (map "de_dust2") (file "errors_20140908.log")
L 09/08/2014 - 22:08:52: [SM] Fatal error encountered parsing translation file "namechangepunisher.phrases.txt"
L 09/08/2014 - 22:08:52: [SM] Error (line 0, column 0): Stream failed to open
L 09/08/2014 - 22:08:52: [SM] Unable to load plugin "rockthevote.smx": Could not find required plugin "mapchooser"
L 09/08/2014 - 22:09:04: Error log file session closed.
L 09/08/2014 - 22:09:04: SourceMod error session started
L 09/08/2014 - 22:09:04: Info (map "de_dust2") (file "errors_20140908.log")
L 09/08/2014 - 22:09:04: [SM] Fatal error encountered parsing translation file "namechangepunisher.phrases.txt"
L 09/08/2014 - 22:09:04: [SM] Error (line 0, column 0): Stream failed to open
L 09/08/2014 - 22:09:04: [SM] Unable to load plugin "rockthevote.smx": Could not find required plugin "mapchooser"
L 09/08/2014 - 22:09:51: SourceMod error session started
L 09/08/2014 - 22:09:51: Info (map "de_dust2") (file "errors_20140908.log")
L 09/08/2014 - 22:09:51: [SM] Fatal error encountered parsing translation file "namechangepunisher.phrases.txt"
L 09/08/2014 - 22:09:51: [SM] Error (line 0, column 0): Stream failed to open
L 09/08/2014 - 22:09:51: [SM] Unable to load plugin "rockthevote.smx": Could not find required plugin "mapchooser"
L 09/08/2014 - 22:10:08: Error log file session closed.
L 09/08/2014 - 22:10:08: SourceMod error session started
L 09/08/2014 - 22:10:08: Info (map "de_dust2") (file "errors_20140908.log")
L 09/08/2014 - 22:10:08: [SM] Fatal error encountered parsing translation file "namechangepunisher.phrases.txt"
L 09/08/2014 - 22:10:08: [SM] Error (line 0, column 0): Stream failed to open
L 09/08/2014 - 22:10:08: [SM] Unable to load plugin "rockthevote.smx": Could not find required plugin "mapchooser"
L 09/08/2014 - 22:10:14: [warmod.smx] Plug-in tEasyFTP.smx required to auto upload demos
L 09/08/2014 - 22:10:14: [warmod.smx] Plug-in tEasyFTP.smx required to auto upload demos
L 09/08/2014 - 22:12:09: SourceMod error session started
L 09/08/2014 - 22:12:09: Info (map "de_dust2") (file "errors_20140908.log")
L 09/08/2014 - 22:12:09: [SM] Fatal error encountered parsing translation file "namechangepunisher.phrases.txt"
L 09/08/2014 - 22:12:09: [SM] Error (line 0, column 0): Stream failed to open
L 09/08/2014 - 22:12:09: [SM] Unable to load plugin "rockthevote.smx": Could not find required plugin "mapchooser"
L 09/08/2014 - 22:12:16: Error log file session closed.
L 09/08/2014 - 22:12:16: SourceMod error session started
L 09/08/2014 - 22:12:16: Info (map "de_dust2") (file "errors_20140908.log")
L 09/08/2014 - 22:12:16: [SM] Fatal error encountered parsing translation file "namechangepunisher.phrases.txt"
L 09/08/2014 - 22:12:16: [SM] Error (line 0, column 0): Stream failed to open
L 09/08/2014 - 22:12:16: [SM] Unable to load plugin "rockthevote.smx": Could not find required plugin "mapchooser"
L 09/08/2014 - 22:12:22: [warmod.smx] Plug-in tEasyFTP.smx required to auto upload demos
L 09/08/2014 - 22:12:22: [warmod.smx] Plug-in tEasyFTP.smx required to auto upload demos
L 09/08/2014 - 22:13:03: SourceMod error session started
L 09/08/2014 - 22:13:03: Info (map "de_dust2") (file "errors_20140908.log")
L 09/08/2014 - 22:13:03: [SM] Fatal error encountered parsing translation file "namechangepunisher.phrases.txt"
L 09/08/2014 - 22:13:03: [SM] Error (line 0, column 0): Stream failed to open
L 09/08/2014 - 22:13:03: [SM] Unable to load plugin "rockthevote.smx": Could not find required plugin "mapchooser"
L 09/08/2014 - 22:13:23: Error log file session closed.
L 09/08/2014 - 22:13:23: SourceMod error session started
L 09/08/2014 - 22:13:23: Info (map "de_dust2") (file "errors_20140908.log")
L 09/08/2014 - 22:13:23: [SM] Fatal error encountered parsing translation file "namechangepunisher.phrases.txt"
L 09/08/2014 - 22:13:23: [SM] Error (line 0, column 0): Stream failed to open
L 09/08/2014 - 22:13:23: [SM] Unable to load plugin "rockthevote.smx": Could not find required plugin "mapchooser"
L 09/08/2014 - 22:13:28: [warmod.smx] Plug-in tEasyFTP.smx required to auto upload demos
L 09/08/2014 - 22:13:28: [warmod.smx] Plug-in tEasyFTP.smx required to auto upload demos
L 09/08/2014 - 22:24:16: SourceMod error session started
L 09/08/2014 - 22:24:16: Info (map "de_dust2") (file "errors_20140908.log")
L 09/08/2014 - 22:24:16: [SM] Fatal error encountered parsing translation file "namechangepunisher.phrases.txt"
L 09/08/2014 - 22:24:16: [SM] Error (line 0, column 0): Stream failed to open
L 09/08/2014 - 22:24:16: [SM] Unable to load plugin "rockthevote.smx": Could not find required plugin "mapchooser"
L 09/08/2014 - 22:25:11: Error log file session closed.
L 09/08/2014 - 22:25:11: SourceMod error session started
L 09/08/2014 - 22:25:11: Info (map "de_dust2") (file "errors_20140908.log")
L 09/08/2014 - 22:25:11: [SM] Fatal error encountered parsing translation file "namechangepunisher.phrases.txt"
L 09/08/2014 - 22:25:11: [SM] Error (line 0, column 0): Stream failed to open
L 09/08/2014 - 22:25:11: [SM] Unable to load plugin "rockthevote.smx": Could not find required plugin "mapchooser"
L 09/08/2014 - 22:25:16: [warmod.smx] Plug-in tEasyFTP.smx required to auto upload demos
L 09/08/2014 - 22:25:16: [warmod.smx] Plug-in tEasyFTP.smx required to auto upload demos
L 09/08/2014 - 22:36:30: SourceMod error session started
L 09/08/2014 - 22:36:30: Info (map "de_dust2") (file "errors_20140908.log")
L 09/08/2014 - 22:36:30: [SM] Fatal error encountered parsing translation file "namechangepunisher.phrases.txt"
L 09/08/2014 - 22:36:30: [SM] Error (line 0, column 0): Stream failed to open
L 09/08/2014 - 22:36:30: [SM] Unable to load plugin "rockthevote.smx": Could not find required plugin "mapchooser"
L 09/08/2014 - 22:37:02: Error log file session closed.
L 09/08/2014 - 22:37:02: SourceMod error session started
L 09/08/2014 - 22:37:02: Info (map "de_dust2") (file "errors_20140908.log")
L 09/08/2014 - 22:37:02: [SM] Fatal error encountered parsing translation file "namechangepunisher.phrases.txt"
L 09/08/2014 - 22:37:02: [SM] Error (line 0, column 0): Stream failed to open
L 09/08/2014 - 22:37:02: [SM] Unable to load plugin "rockthevote.smx": Could not find required plugin "mapchooser"
L 09/08/2014 - 22:37:07: [warmod.smx] Plug-in tEasyFTP.smx required to auto upload demos
L 09/08/2014 - 22:37:07: [warmod.smx] Plug-in tEasyFTP.smx required to auto upload demos
L 09/08/2014 - 22:40:13: SourceMod error session started
L 09/08/2014 - 22:40:13: Info (map "de_dust2") (file "errors_20140908.log")
L 09/08/2014 - 22:40:13: [SM] Fatal error encountered parsing translation file "namechangepunisher.phrases.txt"
L 09/08/2014 - 22:40:13: [SM] Error (line 0, column 0): Stream failed to open
L 09/08/2014 - 22:40:13: [SM] Unable to load plugin "rockthevote.smx": Could not find required plugin "mapchooser"
L 09/08/2014 - 23:42:14: Error log file session closed.
L 09/08/2014 - 23:42:14: SourceMod error session started
L 09/08/2014 - 23:42:14: Info (map "de_dust2") (file "errors_20140908.log")
L 09/08/2014 - 23:42:14: [SM] Fatal error encountered parsing translation file "namechangepunisher.phrases.txt"
L 09/08/2014 - 23:42:14: [SM] Error (line 0, column 0): Stream failed to open
L 09/08/2014 - 23:42:14: [SM] Unable to load plugin "rockthevote.smx": Could not find required plugin "mapchooser"
L 09/08/2014 - 23:42:19: [warmod.smx] Plug-in tEasyFTP.smx required to auto upload demos
L 09/08/2014 - 23:42:19: [warmod.smx] Plug-in tEasyFTP.smx required to auto upload demos
