L 10/27/2014 - 00:38:31: SourceMod error session started
L 10/27/2014 - 00:38:31: Info (map "de_mirage") (file "errors_20141027.log")
L 10/27/2014 - 00:38:31: Error log file session closed.
L 10/27/2014 - 00:38:31: SourceMod error session started
L 10/27/2014 - 00:38:31: Info (map "de_mirage") (file "errors_20141027.log")
L 10/27/2014 - 00:38:31: [SM] Fatal error encountered parsing translation file "namechangepunisher.phrases.txt"
L 10/27/2014 - 00:38:31: [SM] Error (line 0, column 0): Stream failed to open
L 10/27/2014 - 00:38:31: [SM] Fatal error encountered parsing translation file "plugin.supercmds.txt"
L 10/27/2014 - 00:38:31: [SM] Error (line 0, column 0): Stream failed to open
L 10/27/2014 - 00:38:31: [basecommands.smx] Could not parse file (line 12, file "addons\sourcemod\configs\adminmenu_cfgs.txt"):
L 10/27/2014 - 00:38:31: [basecommands.smx] Parser encountered error: Section ending without a matching section beginning
L 10/27/2014 - 00:38:31: [sm_cmdx.smx] Unable to locate overrides file.
L 10/27/2014 - 00:38:33: Error log file session closed.
L 10/27/2014 - 00:38:33: SourceMod error session started
L 10/27/2014 - 00:38:33: Info (map "de_inferno") (file "errors_20141027.log")
L 10/27/2014 - 00:38:33: [SM] Fatal error encountered parsing translation file "namechangepunisher.phrases.txt"
L 10/27/2014 - 00:38:33: [SM] Error (line 0, column 0): Stream failed to open
L 10/27/2014 - 00:38:33: [SM] Fatal error encountered parsing translation file "plugin.supercmds.txt"
L 10/27/2014 - 00:38:33: [SM] Error (line 0, column 0): Stream failed to open
L 10/27/2014 - 00:38:33: [basecommands.smx] Could not parse file (line 12, file "addons\sourcemod\configs\adminmenu_cfgs.txt"):
L 10/27/2014 - 00:38:33: [basecommands.smx] Parser encountered error: Section ending without a matching section beginning
L 10/27/2014 - 00:38:33: [sm_cmdx.smx] Unable to locate overrides file.
L 10/27/2014 - 00:38:55: [SM] Native "PrintToChat" reported: Client 7 is not in game
L 10/27/2014 - 00:38:55: [SM] Displaying call stack trace for plugin "!dao.smx":
L 10/27/2014 - 00:38:55: [SM]   [0]  Line 79, D:\CSGO\csgo±‡“Î∆˜\!dao.sp::Timer_knifemsg()
L 10/27/2014 - 00:57:47: Error log file session closed.
L 10/27/2014 - 00:57:47: SourceMod error session started
L 10/27/2014 - 00:57:47: Info (map "de_inferno") (file "errors_20141027.log")
L 10/27/2014 - 00:57:47: [SM] Fatal error encountered parsing translation file "namechangepunisher.phrases.txt"
L 10/27/2014 - 00:57:47: [SM] Error (line 0, column 0): Stream failed to open
L 10/27/2014 - 00:57:47: [SM] Fatal error encountered parsing translation file "plugin.supercmds.txt"
L 10/27/2014 - 00:57:47: [SM] Error (line 0, column 0): Stream failed to open
L 10/27/2014 - 00:57:47: [basecommands.smx] Could not parse file (line 12, file "addons\sourcemod\configs\adminmenu_cfgs.txt"):
L 10/27/2014 - 00:57:47: [basecommands.smx] Parser encountered error: Section ending without a matching section beginning
L 10/27/2014 - 00:57:47: [sm_cmdx.smx] Unable to locate overrides file.
L 10/27/2014 - 10:00:43: Error log file session closed.
L 10/27/2014 - 10:00:43: SourceMod error session started
L 10/27/2014 - 10:00:43: Info (map "de_inferno") (file "errors_20141027.log")
L 10/27/2014 - 10:00:43: [SM] Fatal error encountered parsing translation file "namechangepunisher.phrases.txt"
L 10/27/2014 - 10:00:43: [SM] Error (line 0, column 0): Stream failed to open
L 10/27/2014 - 10:00:43: [SM] Fatal error encountered parsing translation file "plugin.supercmds.txt"
L 10/27/2014 - 10:00:43: [SM] Error (line 0, column 0): Stream failed to open
L 10/27/2014 - 10:00:44: [basecommands.smx] Could not parse file (line 12, file "addons\sourcemod\configs\adminmenu_cfgs.txt"):
L 10/27/2014 - 10:00:44: [basecommands.smx] Parser encountered error: Section ending without a matching section beginning
L 10/27/2014 - 10:00:44: [sm_cmdx.smx] Unable to locate overrides file.
L 10/27/2014 - 11:31:32: Error log file session closed.
L 10/27/2014 - 11:31:32: SourceMod error session started
L 10/27/2014 - 11:31:32: Info (map "de_inferno") (file "errors_20141027.log")
L 10/27/2014 - 11:31:32: [SM] Fatal error encountered parsing translation file "namechangepunisher.phrases.txt"
L 10/27/2014 - 11:31:32: [SM] Error (line 0, column 0): Stream failed to open
L 10/27/2014 - 11:31:32: [SM] Fatal error encountered parsing translation file "plugin.supercmds.txt"
L 10/27/2014 - 11:31:32: [SM] Error (line 0, column 0): Stream failed to open
L 10/27/2014 - 11:31:32: [basecommands.smx] Could not parse file (line 12, file "addons\sourcemod\configs\adminmenu_cfgs.txt"):
L 10/27/2014 - 11:31:32: [basecommands.smx] Parser encountered error: Section ending without a matching section beginning
L 10/27/2014 - 11:31:32: [sm_cmdx.smx] Unable to locate overrides file.
L 10/27/2014 - 12:24:35: Error log file session closed.
L 10/27/2014 - 12:24:35: SourceMod error session started
L 10/27/2014 - 12:24:35: Info (map "de_inferno") (file "errors_20141027.log")
L 10/27/2014 - 12:24:35: [SM] Fatal error encountered parsing translation file "namechangepunisher.phrases.txt"
L 10/27/2014 - 12:24:35: [SM] Error (line 0, column 0): Stream failed to open
L 10/27/2014 - 12:24:35: [SM] Fatal error encountered parsing translation file "plugin.supercmds.txt"
L 10/27/2014 - 12:24:35: [SM] Error (line 0, column 0): Stream failed to open
L 10/27/2014 - 12:24:35: [basecommands.smx] Could not parse file (line 12, file "addons\sourcemod\configs\adminmenu_cfgs.txt"):
L 10/27/2014 - 12:24:35: [basecommands.smx] Parser encountered error: Section ending without a matching section beginning
L 10/27/2014 - 12:24:35: [sm_cmdx.smx] Unable to locate overrides file.
L 10/27/2014 - 12:26:32: [SM] Plugin encountered error 4: Invalid parameter or parameter type
L 10/27/2014 - 12:26:32: [SM] Native "VFormat" reported: String formatted incorrectly - parameter 2 (total 1)
L 10/27/2014 - 12:26:32: [SM] Displaying call stack trace for plugin "warmod.smx":
L 10/27/2014 - 12:26:32: [SM]   [0]  Line 328, D:\CSGO\csgo±‡“Î∆˜\include\halflife.inc::PrintToChatAll()
L 10/27/2014 - 12:26:32: [SM]   [1]  Line 1850, D:\CSGO\csgo±‡“Î∆˜\warmod.sp::Event_Round_End()
L 10/27/2014 - 12:26:48: [SM] Plugin encountered error 4: Invalid parameter or parameter type
L 10/27/2014 - 12:26:48: [SM] Native "VFormat" reported: String formatted incorrectly - parameter 2 (total 1)
L 10/27/2014 - 12:26:48: [SM] Displaying call stack trace for plugin "warmod.smx":
L 10/27/2014 - 12:26:48: [SM]   [0]  Line 328, D:\CSGO\csgo±‡“Î∆˜\include\halflife.inc::PrintToChatAll()
L 10/27/2014 - 12:26:48: [SM]   [1]  Line 1850, D:\CSGO\csgo±‡“Î∆˜\warmod.sp::Event_Round_End()
L 10/27/2014 - 12:27:42: [SM] Plugin encountered error 4: Invalid parameter or parameter type
L 10/27/2014 - 12:27:42: [SM] Native "VFormat" reported: String formatted incorrectly - parameter 2 (total 1)
L 10/27/2014 - 12:27:42: [SM] Displaying call stack trace for plugin "warmod.smx":
L 10/27/2014 - 12:27:42: [SM]   [0]  Line 328, D:\CSGO\csgo±‡“Î∆˜\include\halflife.inc::PrintToChatAll()
L 10/27/2014 - 12:27:42: [SM]   [1]  Line 1850, D:\CSGO\csgo±‡“Î∆˜\warmod.sp::Event_Round_End()
L 10/27/2014 - 12:29:37: [SM] Plugin encountered error 4: Invalid parameter or parameter type
L 10/27/2014 - 12:29:37: [SM] Native "VFormat" reported: String formatted incorrectly - parameter 2 (total 1)
L 10/27/2014 - 12:29:37: [SM] Displaying call stack trace for plugin "warmod.smx":
L 10/27/2014 - 12:29:37: [SM]   [0]  Line 328, D:\CSGO\csgo±‡“Î∆˜\include\halflife.inc::PrintToChatAll()
L 10/27/2014 - 12:29:37: [SM]   [1]  Line 1850, D:\CSGO\csgo±‡“Î∆˜\warmod.sp::Event_Round_End()
L 10/27/2014 - 12:30:15: Error log file session closed.
L 10/27/2014 - 12:30:15: SourceMod error session started
L 10/27/2014 - 12:30:15: Info (map "de_dust2") (file "errors_20141027.log")
L 10/27/2014 - 12:30:15: [SM] Fatal error encountered parsing translation file "namechangepunisher.phrases.txt"
L 10/27/2014 - 12:30:15: [SM] Error (line 0, column 0): Stream failed to open
L 10/27/2014 - 12:30:15: [SM] Fatal error encountered parsing translation file "plugin.supercmds.txt"
L 10/27/2014 - 12:30:15: [SM] Error (line 0, column 0): Stream failed to open
L 10/27/2014 - 12:30:15: [basecommands.smx] Could not parse file (line 12, file "addons\sourcemod\configs\adminmenu_cfgs.txt"):
L 10/27/2014 - 12:30:15: [basecommands.smx] Parser encountered error: Section ending without a matching section beginning
L 10/27/2014 - 12:30:15: [sm_cmdx.smx] Unable to locate overrides file.
L 10/27/2014 - 12:53:58: Error log file session closed.
L 10/27/2014 - 12:53:58: SourceMod error session started
L 10/27/2014 - 12:53:58: Info (map "de_nuke") (file "errors_20141027.log")
L 10/27/2014 - 12:53:58: [SM] Fatal error encountered parsing translation file "namechangepunisher.phrases.txt"
L 10/27/2014 - 12:53:58: [SM] Error (line 0, column 0): Stream failed to open
L 10/27/2014 - 12:53:58: [SM] Fatal error encountered parsing translation file "plugin.supercmds.txt"
L 10/27/2014 - 12:53:58: [SM] Error (line 0, column 0): Stream failed to open
L 10/27/2014 - 12:53:58: [basecommands.smx] Could not parse file (line 12, file "addons\sourcemod\configs\adminmenu_cfgs.txt"):
L 10/27/2014 - 12:53:58: [basecommands.smx] Parser encountered error: Section ending without a matching section beginning
L 10/27/2014 - 12:53:58: [sm_cmdx.smx] Unable to locate overrides file.
L 10/27/2014 - 12:54:00: Error log file session closed.
L 10/27/2014 - 12:54:00: SourceMod error session started
L 10/27/2014 - 12:54:00: Info (map "de_dust2") (file "errors_20141027.log")
L 10/27/2014 - 12:54:00: [SM] Fatal error encountered parsing translation file "namechangepunisher.phrases.txt"
L 10/27/2014 - 12:54:00: [SM] Error (line 0, column 0): Stream failed to open
L 10/27/2014 - 12:54:00: [SM] Fatal error encountered parsing translation file "plugin.supercmds.txt"
L 10/27/2014 - 12:54:00: [SM] Error (line 0, column 0): Stream failed to open
L 10/27/2014 - 12:54:01: [basecommands.smx] Could not parse file (line 12, file "addons\sourcemod\configs\adminmenu_cfgs.txt"):
L 10/27/2014 - 12:54:01: [basecommands.smx] Parser encountered error: Section ending without a matching section beginning
L 10/27/2014 - 12:54:01: [sm_cmdx.smx] Unable to locate overrides file.
L 10/27/2014 - 13:00:47: Error log file session closed.
L 10/27/2014 - 13:00:47: SourceMod error session started
L 10/27/2014 - 13:00:47: Info (map "de_dust2") (file "errors_20141027.log")
L 10/27/2014 - 13:00:47: [SM] Fatal error encountered parsing translation file "namechangepunisher.phrases.txt"
L 10/27/2014 - 13:00:47: [SM] Error (line 0, column 0): Stream failed to open
L 10/27/2014 - 13:00:47: [SM] Fatal error encountered parsing translation file "plugin.supercmds.txt"
L 10/27/2014 - 13:00:47: [SM] Error (line 0, column 0): Stream failed to open
L 10/27/2014 - 13:00:47: [basecommands.smx] Could not parse file (line 12, file "addons\sourcemod\configs\adminmenu_cfgs.txt"):
L 10/27/2014 - 13:00:47: [basecommands.smx] Parser encountered error: Section ending without a matching section beginning
L 10/27/2014 - 13:00:47: [sm_cmdx.smx] Unable to locate overrides file.
L 10/27/2014 - 13:01:03: [SM] Plugin encountered error 4: Invalid parameter or parameter type
L 10/27/2014 - 13:01:03: [SM] Native "VFormat" reported: String formatted incorrectly - parameter 2 (total 1)
L 10/27/2014 - 13:01:03: [SM] Displaying call stack trace for plugin "warmod.smx":
L 10/27/2014 - 13:01:03: [SM]   [0]  Line 328, D:\CSGO\csgo±‡“Î∆˜\include\halflife.inc::PrintToChatAll()
L 10/27/2014 - 13:01:03: [SM]   [1]  Line 1851, D:\CSGO\csgo±‡“Î∆˜\warmod.sp::Event_Round_End()
L 10/27/2014 - 13:01:50: [SM] Plugin encountered error 4: Invalid parameter or parameter type
L 10/27/2014 - 13:01:50: [SM] Native "VFormat" reported: String formatted incorrectly - parameter 2 (total 1)
L 10/27/2014 - 13:01:50: [SM] Displaying call stack trace for plugin "warmod.smx":
L 10/27/2014 - 13:01:50: [SM]   [0]  Line 328, D:\CSGO\csgo±‡“Î∆˜\include\halflife.inc::PrintToChatAll()
L 10/27/2014 - 13:01:50: [SM]   [1]  Line 1851, D:\CSGO\csgo±‡“Î∆˜\warmod.sp::Event_Round_End()
L 10/27/2014 - 13:02:55: [SM] Plugin encountered error 4: Invalid parameter or parameter type
L 10/27/2014 - 13:02:55: [SM] Native "VFormat" reported: String formatted incorrectly - parameter 2 (total 1)
L 10/27/2014 - 13:02:55: [SM] Displaying call stack trace for plugin "warmod.smx":
L 10/27/2014 - 13:02:55: [SM]   [0]  Line 328, D:\CSGO\csgo±‡“Î∆˜\include\halflife.inc::PrintToChatAll()
L 10/27/2014 - 13:02:55: [SM]   [1]  Line 1851, D:\CSGO\csgo±‡“Î∆˜\warmod.sp::Event_Round_End()
L 10/27/2014 - 13:04:03: [SM] Plugin encountered error 4: Invalid parameter or parameter type
L 10/27/2014 - 13:04:03: [SM] Native "VFormat" reported: String formatted incorrectly - parameter 2 (total 1)
L 10/27/2014 - 13:04:03: [SM] Displaying call stack trace for plugin "warmod.smx":
L 10/27/2014 - 13:04:03: [SM]   [0]  Line 328, D:\CSGO\csgo±‡“Î∆˜\include\halflife.inc::PrintToChatAll()
L 10/27/2014 - 13:04:03: [SM]   [1]  Line 1851, D:\CSGO\csgo±‡“Î∆˜\warmod.sp::Event_Round_End()
L 10/27/2014 - 13:05:58: [SM] Plugin encountered error 4: Invalid parameter or parameter type
L 10/27/2014 - 13:05:58: [SM] Native "VFormat" reported: String formatted incorrectly - parameter 2 (total 1)
L 10/27/2014 - 13:05:58: [SM] Displaying call stack trace for plugin "warmod.smx":
L 10/27/2014 - 13:05:58: [SM]   [0]  Line 328, D:\CSGO\csgo±‡“Î∆˜\include\halflife.inc::PrintToChatAll()
L 10/27/2014 - 13:05:58: [SM]   [1]  Line 1851, D:\CSGO\csgo±‡“Î∆˜\warmod.sp::Event_Round_End()
L 10/27/2014 - 13:07:09: Error log file session closed.
L 10/27/2014 - 13:07:09: SourceMod error session started
L 10/27/2014 - 13:07:09: Info (map "de_dust2") (file "errors_20141027.log")
L 10/27/2014 - 13:07:09: [SM] Fatal error encountered parsing translation file "namechangepunisher.phrases.txt"
L 10/27/2014 - 13:07:09: [SM] Error (line 0, column 0): Stream failed to open
L 10/27/2014 - 13:07:09: [SM] Fatal error encountered parsing translation file "plugin.supercmds.txt"
L 10/27/2014 - 13:07:09: [SM] Error (line 0, column 0): Stream failed to open
L 10/27/2014 - 13:07:09: [basecommands.smx] Could not parse file (line 12, file "addons\sourcemod\configs\adminmenu_cfgs.txt"):
L 10/27/2014 - 13:07:09: [basecommands.smx] Parser encountered error: Section ending without a matching section beginning
L 10/27/2014 - 13:07:09: [sm_cmdx.smx] Unable to locate overrides file.
L 10/27/2014 - 14:34:06: [SM] Native "EquipPlayerWeapon" reported: NULL not allowed
L 10/27/2014 - 14:34:06: [SM] Displaying call stack trace for plugin "!dao.smx":
L 10/27/2014 - 14:34:06: [SM]   [0]  Line 279, D:\CSGO\csgo±‡“Î∆˜\!dao.sp::fadao()
L 10/27/2014 - 14:34:06: [SM] Native "EquipPlayerWeapon" reported: NULL not allowed
L 10/27/2014 - 14:34:06: [SM] Displaying call stack trace for plugin "!dao.smx":
L 10/27/2014 - 14:34:06: [SM]   [0]  Line 279, D:\CSGO\csgo±‡“Î∆˜\!dao.sp::fadao()
L 10/27/2014 - 14:50:58: [SM] Native "CS_RespawnPlayer" reported: Client index 2 is not valid
L 10/27/2014 - 14:50:58: [SM] Displaying call stack trace for plugin "warmod.smx":
L 10/27/2014 - 14:50:58: [SM]   [0]  Line 4893, D:\CSGO\csgo±‡“Î∆˜\warmod.sp::RespawnPlayer()
L 10/27/2014 - 14:51:18: [SM] Native "PrintToChat" reported: Client 2 is not in game
L 10/27/2014 - 14:51:18: [SM] Displaying call stack trace for plugin "!dao.smx":
L 10/27/2014 - 14:51:18: [SM]   [0]  Line 79, D:\CSGO\csgo±‡“Î∆˜\!dao.sp::Timer_knifemsg()
L 10/27/2014 - 15:29:14: Error log file session closed.
L 10/27/2014 - 15:29:14: SourceMod error session started
L 10/27/2014 - 15:29:14: Info (map "de_nuke") (file "errors_20141027.log")
L 10/27/2014 - 15:29:14: [SM] Fatal error encountered parsing translation file "namechangepunisher.phrases.txt"
L 10/27/2014 - 15:29:14: [SM] Error (line 0, column 0): Stream failed to open
L 10/27/2014 - 15:29:14: [SM] Fatal error encountered parsing translation file "plugin.supercmds.txt"
L 10/27/2014 - 15:29:14: [SM] Error (line 0, column 0): Stream failed to open
L 10/27/2014 - 15:29:14: [basecommands.smx] Could not parse file (line 12, file "addons\sourcemod\configs\adminmenu_cfgs.txt"):
L 10/27/2014 - 15:29:14: [basecommands.smx] Parser encountered error: Section ending without a matching section beginning
L 10/27/2014 - 15:29:14: [sm_cmdx.smx] Unable to locate overrides file.
L 10/27/2014 - 15:52:38: Error log file session closed.
L 10/27/2014 - 15:52:38: SourceMod error session started
L 10/27/2014 - 15:52:38: Info (map "de_nuke") (file "errors_20141027.log")
L 10/27/2014 - 15:52:38: [SM] Fatal error encountered parsing translation file "namechangepunisher.phrases.txt"
L 10/27/2014 - 15:52:38: [SM] Error (line 0, column 0): Stream failed to open
L 10/27/2014 - 15:52:38: [SM] Fatal error encountered parsing translation file "plugin.supercmds.txt"
L 10/27/2014 - 15:52:38: [SM] Error (line 0, column 0): Stream failed to open
L 10/27/2014 - 15:52:39: [basecommands.smx] Could not parse file (line 12, file "addons\sourcemod\configs\adminmenu_cfgs.txt"):
L 10/27/2014 - 15:52:39: [basecommands.smx] Parser encountered error: Section ending without a matching section beginning
L 10/27/2014 - 15:52:39: [sm_cmdx.smx] Unable to locate overrides file.
L 10/27/2014 - 15:52:53: Error log file session closed.
L 10/27/2014 - 15:52:53: SourceMod error session started
L 10/27/2014 - 15:52:53: Info (map "wsf_bloodstrike") (file "errors_20141027.log")
L 10/27/2014 - 15:52:53: [SM] Fatal error encountered parsing translation file "namechangepunisher.phrases.txt"
L 10/27/2014 - 15:52:53: [SM] Error (line 0, column 0): Stream failed to open
L 10/27/2014 - 15:52:53: [SM] Fatal error encountered parsing translation file "plugin.supercmds.txt"
L 10/27/2014 - 15:52:53: [SM] Error (line 0, column 0): Stream failed to open
L 10/27/2014 - 15:52:53: [basecommands.smx] Could not parse file (line 12, file "addons\sourcemod\configs\adminmenu_cfgs.txt"):
L 10/27/2014 - 15:52:53: [basecommands.smx] Parser encountered error: Section ending without a matching section beginning
L 10/27/2014 - 15:52:53: [sm_cmdx.smx] Unable to locate overrides file.
L 10/27/2014 - 15:55:13: Error log file session closed.
L 10/27/2014 - 15:55:13: SourceMod error session started
L 10/27/2014 - 15:55:13: Info (map "de_dust2") (file "errors_20141027.log")
L 10/27/2014 - 15:55:13: [SM] Fatal error encountered parsing translation file "namechangepunisher.phrases.txt"
L 10/27/2014 - 15:55:13: [SM] Error (line 0, column 0): Stream failed to open
L 10/27/2014 - 15:55:13: [SM] Fatal error encountered parsing translation file "plugin.supercmds.txt"
L 10/27/2014 - 15:55:13: [SM] Error (line 0, column 0): Stream failed to open
L 10/27/2014 - 15:55:13: [basecommands.smx] Could not parse file (line 12, file "addons\sourcemod\configs\adminmenu_cfgs.txt"):
L 10/27/2014 - 15:55:13: [basecommands.smx] Parser encountered error: Section ending without a matching section beginning
L 10/27/2014 - 15:55:13: [sm_cmdx.smx] Unable to locate overrides file.
L 10/27/2014 - 15:57:32: Error log file session closed.
L 10/27/2014 - 15:57:32: SourceMod error session started
L 10/27/2014 - 15:57:32: Info (map "de_dust2") (file "errors_20141027.log")
L 10/27/2014 - 15:57:32: [SM] Fatal error encountered parsing translation file "namechangepunisher.phrases.txt"
L 10/27/2014 - 15:57:32: [SM] Error (line 0, column 0): Stream failed to open
L 10/27/2014 - 15:57:32: [SM] Fatal error encountered parsing translation file "plugin.supercmds.txt"
L 10/27/2014 - 15:57:32: [SM] Error (line 0, column 0): Stream failed to open
L 10/27/2014 - 15:57:32: [basecommands.smx] Could not parse file (line 12, file "addons\sourcemod\configs\adminmenu_cfgs.txt"):
L 10/27/2014 - 15:57:32: [basecommands.smx] Parser encountered error: Section ending without a matching section beginning
L 10/27/2014 - 15:57:32: [sm_cmdx.smx] Unable to locate overrides file.
L 10/27/2014 - 16:21:50: Error log file session closed.
L 10/27/2014 - 16:21:50: SourceMod error session started
L 10/27/2014 - 16:21:50: Info (map "de_dust2") (file "errors_20141027.log")
L 10/27/2014 - 16:21:50: [SM] Fatal error encountered parsing translation file "namechangepunisher.phrases.txt"
L 10/27/2014 - 16:21:50: [SM] Error (line 0, column 0): Stream failed to open
L 10/27/2014 - 16:21:50: [SM] Fatal error encountered parsing translation file "plugin.supercmds.txt"
L 10/27/2014 - 16:21:50: [SM] Error (line 0, column 0): Stream failed to open
L 10/27/2014 - 16:21:50: [basecommands.smx] Could not parse file (line 12, file "addons\sourcemod\configs\adminmenu_cfgs.txt"):
L 10/27/2014 - 16:21:50: [basecommands.smx] Parser encountered error: Section ending without a matching section beginning
L 10/27/2014 - 16:21:50: [sm_cmdx.smx] Unable to locate overrides file.
L 10/27/2014 - 16:26:33: Error log file session closed.
L 10/27/2014 - 16:26:33: SourceMod error session started
L 10/27/2014 - 16:26:33: Info (map "de_dust2") (file "errors_20141027.log")
L 10/27/2014 - 16:26:33: [SM] Fatal error encountered parsing translation file "namechangepunisher.phrases.txt"
L 10/27/2014 - 16:26:33: [SM] Error (line 0, column 0): Stream failed to open
L 10/27/2014 - 16:26:33: [SM] Fatal error encountered parsing translation file "plugin.supercmds.txt"
L 10/27/2014 - 16:26:33: [SM] Error (line 0, column 0): Stream failed to open
L 10/27/2014 - 16:26:34: [basecommands.smx] Could not parse file (line 12, file "addons\sourcemod\configs\adminmenu_cfgs.txt"):
L 10/27/2014 - 16:26:34: [basecommands.smx] Parser encountered error: Section ending without a matching section beginning
L 10/27/2014 - 16:26:34: [sm_cmdx.smx] Unable to locate overrides file.
L 10/27/2014 - 16:27:00: Error log file session closed.
L 10/27/2014 - 16:27:00: SourceMod error session started
L 10/27/2014 - 16:27:00: Info (map "de_dust2") (file "errors_20141027.log")
L 10/27/2014 - 16:27:00: [SM] Fatal error encountered parsing translation file "namechangepunisher.phrases.txt"
L 10/27/2014 - 16:27:00: [SM] Error (line 0, column 0): Stream failed to open
L 10/27/2014 - 16:27:00: [SM] Fatal error encountered parsing translation file "plugin.supercmds.txt"
L 10/27/2014 - 16:27:00: [SM] Error (line 0, column 0): Stream failed to open
L 10/27/2014 - 16:27:00: [basecommands.smx] Could not parse file (line 12, file "addons\sourcemod\configs\adminmenu_cfgs.txt"):
L 10/27/2014 - 16:27:00: [basecommands.smx] Parser encountered error: Section ending without a matching section beginning
L 10/27/2014 - 16:27:00: [sm_cmdx.smx] Unable to locate overrides file.
L 10/27/2014 - 16:27:04: [SM] Native "PrintToChat" reported: Client 2 is not in game
L 10/27/2014 - 16:27:04: [SM] Displaying call stack trace for plugin "!dao.smx":
L 10/27/2014 - 16:27:04: [SM]   [0]  Line 79, D:\CSGO\csgo±‡“Î∆˜\!dao.sp::Timer_knifemsg()
L 10/27/2014 - 16:27:04: [SM] Native "PrintToChat" reported: Client 3 is not in game
L 10/27/2014 - 16:27:04: [SM] Displaying call stack trace for plugin "!dao.smx":
L 10/27/2014 - 16:27:04: [SM]   [0]  Line 79, D:\CSGO\csgo±‡“Î∆˜\!dao.sp::Timer_knifemsg()
L 10/27/2014 - 16:27:04: [SM] Native "PrintToChat" reported: Client 4 is not in game
L 10/27/2014 - 16:27:04: [SM] Displaying call stack trace for plugin "!dao.smx":
L 10/27/2014 - 16:27:04: [SM]   [0]  Line 79, D:\CSGO\csgo±‡“Î∆˜\!dao.sp::Timer_knifemsg()
L 10/27/2014 - 16:27:04: [SM] Native "PrintToChat" reported: Client 5 is not in game
L 10/27/2014 - 16:27:04: [SM] Displaying call stack trace for plugin "!dao.smx":
L 10/27/2014 - 16:27:04: [SM]   [0]  Line 79, D:\CSGO\csgo±‡“Î∆˜\!dao.sp::Timer_knifemsg()
L 10/27/2014 - 16:27:04: [SM] Native "PrintToChat" reported: Client 6 is not in game
L 10/27/2014 - 16:27:04: [SM] Displaying call stack trace for plugin "!dao.smx":
L 10/27/2014 - 16:27:04: [SM]   [0]  Line 79, D:\CSGO\csgo±‡“Î∆˜\!dao.sp::Timer_knifemsg()
L 10/27/2014 - 16:27:04: [SM] Native "PrintToChat" reported: Client 7 is not in game
L 10/27/2014 - 16:27:04: [SM] Displaying call stack trace for plugin "!dao.smx":
L 10/27/2014 - 16:27:04: [SM]   [0]  Line 79, D:\CSGO\csgo±‡“Î∆˜\!dao.sp::Timer_knifemsg()
L 10/27/2014 - 16:27:04: [SM] Native "PrintToChat" reported: Client 8 is not in game
L 10/27/2014 - 16:27:04: [SM] Displaying call stack trace for plugin "!dao.smx":
L 10/27/2014 - 16:27:04: [SM]   [0]  Line 79, D:\CSGO\csgo±‡“Î∆˜\!dao.sp::Timer_knifemsg()
L 10/27/2014 - 16:27:04: [SM] Native "PrintToChat" reported: Client 9 is not in game
L 10/27/2014 - 16:27:04: [SM] Displaying call stack trace for plugin "!dao.smx":
L 10/27/2014 - 16:27:04: [SM]   [0]  Line 79, D:\CSGO\csgo±‡“Î∆˜\!dao.sp::Timer_knifemsg()
L 10/27/2014 - 16:27:04: [SM] Native "PrintToChat" reported: Client 10 is not in game
L 10/27/2014 - 16:27:04: [SM] Displaying call stack trace for plugin "!dao.smx":
L 10/27/2014 - 16:27:04: [SM]   [0]  Line 79, D:\CSGO\csgo±‡“Î∆˜\!dao.sp::Timer_knifemsg()
L 10/27/2014 - 17:34:05: [SM] Native "CS_RespawnPlayer" reported: Client index 8 is not valid
L 10/27/2014 - 17:34:05: [SM] Displaying call stack trace for plugin "warmod.smx":
L 10/27/2014 - 17:34:05: [SM]   [0]  Line 4897, D:\CSGO\csgo±‡“Î∆˜\warmod.sp::RespawnPlayer()
L 10/27/2014 - 17:34:25: [SM] Native "PrintToChat" reported: Client 8 is not in game
L 10/27/2014 - 17:34:25: [SM] Displaying call stack trace for plugin "!dao.smx":
L 10/27/2014 - 17:34:25: [SM]   [0]  Line 79, D:\CSGO\csgo±‡“Î∆˜\!dao.sp::Timer_knifemsg()
L 10/27/2014 - 17:57:23: [SM] Native "PrintToChat" reported: Client 14 is not in game
L 10/27/2014 - 17:57:23: [SM] Displaying call stack trace for plugin "!dao.smx":
L 10/27/2014 - 17:57:23: [SM]   [0]  Line 79, D:\CSGO\csgo±‡“Î∆˜\!dao.sp::Timer_knifemsg()
L 10/27/2014 - 18:20:32: [SM] Native "PrintToChat" reported: Client 14 is not in game
L 10/27/2014 - 18:20:32: [SM] Displaying call stack trace for plugin "!dao.smx":
L 10/27/2014 - 18:20:32: [SM]   [0]  Line 79, D:\CSGO\csgo±‡“Î∆˜\!dao.sp::Timer_knifemsg()
L 10/27/2014 - 18:20:52: Error log file session closed.
L 10/27/2014 - 18:20:52: SourceMod error session started
L 10/27/2014 - 18:20:52: Info (map "de_nuke") (file "errors_20141027.log")
L 10/27/2014 - 18:20:52: [SM] Fatal error encountered parsing translation file "namechangepunisher.phrases.txt"
L 10/27/2014 - 18:20:52: [SM] Error (line 0, column 0): Stream failed to open
L 10/27/2014 - 18:20:52: [SM] Fatal error encountered parsing translation file "plugin.supercmds.txt"
L 10/27/2014 - 18:20:52: [SM] Error (line 0, column 0): Stream failed to open
L 10/27/2014 - 18:20:52: [basecommands.smx] Could not parse file (line 12, file "addons\sourcemod\configs\adminmenu_cfgs.txt"):
L 10/27/2014 - 18:20:52: [basecommands.smx] Parser encountered error: Section ending without a matching section beginning
L 10/27/2014 - 18:20:52: [sm_cmdx.smx] Unable to locate overrides file.
L 10/27/2014 - 18:22:02: Error log file session closed.
L 10/27/2014 - 18:22:02: SourceMod error session started
L 10/27/2014 - 18:22:02: Info (map "wsf_bloodstrike") (file "errors_20141027.log")
L 10/27/2014 - 18:22:02: [SM] Fatal error encountered parsing translation file "namechangepunisher.phrases.txt"
L 10/27/2014 - 18:22:02: [SM] Error (line 0, column 0): Stream failed to open
L 10/27/2014 - 18:22:02: [SM] Fatal error encountered parsing translation file "plugin.supercmds.txt"
L 10/27/2014 - 18:22:02: [SM] Error (line 0, column 0): Stream failed to open
L 10/27/2014 - 18:22:02: [basecommands.smx] Could not parse file (line 12, file "addons\sourcemod\configs\adminmenu_cfgs.txt"):
L 10/27/2014 - 18:22:02: [basecommands.smx] Parser encountered error: Section ending without a matching section beginning
L 10/27/2014 - 18:22:02: [sm_cmdx.smx] Unable to locate overrides file.
L 10/27/2014 - 18:22:10: [SM] Native "PrintToChat" reported: Client 3 is not in game
L 10/27/2014 - 18:22:10: [SM] Displaying call stack trace for plugin "!dao.smx":
L 10/27/2014 - 18:22:10: [SM]   [0]  Line 79, D:\CSGO\csgo±‡“Î∆˜\!dao.sp::Timer_knifemsg()
L 10/27/2014 - 18:22:10: [SM] Native "PrintToChat" reported: Client 4 is not in game
L 10/27/2014 - 18:22:10: [SM] Displaying call stack trace for plugin "!dao.smx":
L 10/27/2014 - 18:22:10: [SM]   [0]  Line 79, D:\CSGO\csgo±‡“Î∆˜\!dao.sp::Timer_knifemsg()
L 10/27/2014 - 18:22:10: [SM] Native "PrintToChat" reported: Client 5 is not in game
L 10/27/2014 - 18:22:10: [SM] Displaying call stack trace for plugin "!dao.smx":
L 10/27/2014 - 18:22:10: [SM]   [0]  Line 79, D:\CSGO\csgo±‡“Î∆˜\!dao.sp::Timer_knifemsg()
L 10/27/2014 - 18:22:10: [SM] Native "PrintToChat" reported: Client 6 is not in game
L 10/27/2014 - 18:22:10: [SM] Displaying call stack trace for plugin "!dao.smx":
L 10/27/2014 - 18:22:10: [SM]   [0]  Line 79, D:\CSGO\csgo±‡“Î∆˜\!dao.sp::Timer_knifemsg()
L 10/27/2014 - 18:22:10: [SM] Native "PrintToChat" reported: Client 7 is not in game
L 10/27/2014 - 18:22:10: [SM] Displaying call stack trace for plugin "!dao.smx":
L 10/27/2014 - 18:22:10: [SM]   [0]  Line 79, D:\CSGO\csgo±‡“Î∆˜\!dao.sp::Timer_knifemsg()
L 10/27/2014 - 18:22:10: [SM] Native "PrintToChat" reported: Client 8 is not in game
L 10/27/2014 - 18:22:10: [SM] Displaying call stack trace for plugin "!dao.smx":
L 10/27/2014 - 18:22:10: [SM]   [0]  Line 79, D:\CSGO\csgo±‡“Î∆˜\!dao.sp::Timer_knifemsg()
L 10/27/2014 - 18:22:10: [SM] Native "PrintToChat" reported: Client 10 is not in game
L 10/27/2014 - 18:22:10: [SM] Displaying call stack trace for plugin "!dao.smx":
L 10/27/2014 - 18:22:10: [SM]   [0]  Line 79, D:\CSGO\csgo±‡“Î∆˜\!dao.sp::Timer_knifemsg()
L 10/27/2014 - 18:22:10: [SM] Native "PrintToChat" reported: Client 12 is not in game
L 10/27/2014 - 18:22:10: [SM] Displaying call stack trace for plugin "!dao.smx":
L 10/27/2014 - 18:22:10: [SM]   [0]  Line 79, D:\CSGO\csgo±‡“Î∆˜\!dao.sp::Timer_knifemsg()
L 10/27/2014 - 18:22:31: [SM] Native "PrintToChat" reported: Client 4 is not in game
L 10/27/2014 - 18:22:31: [SM] Displaying call stack trace for plugin "!dao.smx":
L 10/27/2014 - 18:22:31: [SM]   [0]  Line 79, D:\CSGO\csgo±‡“Î∆˜\!dao.sp::Timer_knifemsg()
L 10/27/2014 - 18:22:31: [SM] Native "PrintToChat" reported: Client 6 is not in game
L 10/27/2014 - 18:22:31: [SM] Displaying call stack trace for plugin "!dao.smx":
L 10/27/2014 - 18:22:31: [SM]   [0]  Line 79, D:\CSGO\csgo±‡“Î∆˜\!dao.sp::Timer_knifemsg()
L 10/27/2014 - 18:23:07: Error log file session closed.
L 10/27/2014 - 18:23:07: SourceMod error session started
L 10/27/2014 - 18:23:07: Info (map "wsf_bloodstrike") (file "errors_20141027.log")
L 10/27/2014 - 18:23:07: [SM] Fatal error encountered parsing translation file "namechangepunisher.phrases.txt"
L 10/27/2014 - 18:23:07: [SM] Error (line 0, column 0): Stream failed to open
L 10/27/2014 - 18:23:07: [SM] Fatal error encountered parsing translation file "plugin.supercmds.txt"
L 10/27/2014 - 18:23:07: [SM] Error (line 0, column 0): Stream failed to open
L 10/27/2014 - 18:23:07: [basecommands.smx] Could not parse file (line 12, file "addons\sourcemod\configs\adminmenu_cfgs.txt"):
L 10/27/2014 - 18:23:07: [basecommands.smx] Parser encountered error: Section ending without a matching section beginning
L 10/27/2014 - 18:23:08: [sm_cmdx.smx] Unable to locate overrides file.
L 10/27/2014 - 18:23:27: [SM] Native "PrintToChat" reported: Client 2 is not in game
L 10/27/2014 - 18:23:27: [SM] Displaying call stack trace for plugin "!dao.smx":
L 10/27/2014 - 18:23:27: [SM]   [0]  Line 79, D:\CSGO\csgo±‡“Î∆˜\!dao.sp::Timer_knifemsg()
L 10/27/2014 - 18:26:38: [SM] Native "PrintToChat" reported: Client 6 is not in game
L 10/27/2014 - 18:26:38: [SM] Displaying call stack trace for plugin "!dao.smx":
L 10/27/2014 - 18:26:38: [SM]   [0]  Line 79, D:\CSGO\csgo±‡“Î∆˜\!dao.sp::Timer_knifemsg()
L 10/27/2014 - 18:35:37: Error log file session closed.
L 10/27/2014 - 18:35:37: SourceMod error session started
L 10/27/2014 - 18:35:37: Info (map "de_inferno") (file "errors_20141027.log")
L 10/27/2014 - 18:35:37: [SM] Fatal error encountered parsing translation file "namechangepunisher.phrases.txt"
L 10/27/2014 - 18:35:37: [SM] Error (line 0, column 0): Stream failed to open
L 10/27/2014 - 18:35:37: [SM] Fatal error encountered parsing translation file "plugin.supercmds.txt"
L 10/27/2014 - 18:35:37: [SM] Error (line 0, column 0): Stream failed to open
L 10/27/2014 - 18:35:37: [basecommands.smx] Could not parse file (line 12, file "addons\sourcemod\configs\adminmenu_cfgs.txt"):
L 10/27/2014 - 18:35:37: [basecommands.smx] Parser encountered error: Section ending without a matching section beginning
L 10/27/2014 - 18:35:37: [sm_cmdx.smx] Unable to locate overrides file.
L 10/27/2014 - 18:35:41: Error log file session closed.
L 10/27/2014 - 18:35:41: SourceMod error session started
L 10/27/2014 - 18:35:41: Info (map "de_inferno") (file "errors_20141027.log")
L 10/27/2014 - 18:35:41: [SM] Fatal error encountered parsing translation file "namechangepunisher.phrases.txt"
L 10/27/2014 - 18:35:41: [SM] Error (line 0, column 0): Stream failed to open
L 10/27/2014 - 18:35:41: [SM] Fatal error encountered parsing translation file "plugin.supercmds.txt"
L 10/27/2014 - 18:35:41: [SM] Error (line 0, column 0): Stream failed to open
L 10/27/2014 - 18:35:42: [basecommands.smx] Could not parse file (line 12, file "addons\sourcemod\configs\adminmenu_cfgs.txt"):
L 10/27/2014 - 18:35:42: [basecommands.smx] Parser encountered error: Section ending without a matching section beginning
L 10/27/2014 - 18:35:42: [sm_cmdx.smx] Unable to locate overrides file.
L 10/27/2014 - 18:36:13: [SM] Native "PrintToChat" reported: Client 8 is not in game
L 10/27/2014 - 18:36:13: [SM] Displaying call stack trace for plugin "!dao.smx":
L 10/27/2014 - 18:36:13: [SM]   [0]  Line 79, D:\CSGO\csgo±‡“Î∆˜\!dao.sp::Timer_knifemsg()
L 10/27/2014 - 18:36:13: [SM] Native "PrintToChat" reported: Client 12 is not in game
L 10/27/2014 - 18:36:13: [SM] Displaying call stack trace for plugin "!dao.smx":
L 10/27/2014 - 18:36:13: [SM]   [0]  Line 79, D:\CSGO\csgo±‡“Î∆˜\!dao.sp::Timer_knifemsg()
L 10/27/2014 - 18:36:45: Error log file session closed.
L 10/27/2014 - 18:36:45: SourceMod error session started
L 10/27/2014 - 18:36:45: Info (map "de_inferno") (file "errors_20141027.log")
L 10/27/2014 - 18:36:45: [SM] Fatal error encountered parsing translation file "namechangepunisher.phrases.txt"
L 10/27/2014 - 18:36:45: [SM] Error (line 0, column 0): Stream failed to open
L 10/27/2014 - 18:36:45: [SM] Fatal error encountered parsing translation file "plugin.supercmds.txt"
L 10/27/2014 - 18:36:45: [SM] Error (line 0, column 0): Stream failed to open
L 10/27/2014 - 18:36:45: [basecommands.smx] Could not parse file (line 12, file "addons\sourcemod\configs\adminmenu_cfgs.txt"):
L 10/27/2014 - 18:36:45: [basecommands.smx] Parser encountered error: Section ending without a matching section beginning
L 10/27/2014 - 18:36:45: [sm_cmdx.smx] Unable to locate overrides file.
L 10/27/2014 - 18:36:45: [SM] Native "PrintToChat" reported: Client 3 is not in game
L 10/27/2014 - 18:36:45: [SM] Displaying call stack trace for plugin "!dao.smx":
L 10/27/2014 - 18:36:45: [SM]   [0]  Line 79, D:\CSGO\csgo±‡“Î∆˜\!dao.sp::Timer_knifemsg()
L 10/27/2014 - 18:36:46: [SM] Native "PrintToChat" reported: Client 7 is not in game
L 10/27/2014 - 18:36:46: [SM] Displaying call stack trace for plugin "!dao.smx":
L 10/27/2014 - 18:36:46: [SM]   [0]  Line 79, D:\CSGO\csgo±‡“Î∆˜\!dao.sp::Timer_knifemsg()
L 10/27/2014 - 18:37:17: [SM] Native "PrintToChat" reported: Client 3 is not in game
L 10/27/2014 - 18:37:17: [SM] Displaying call stack trace for plugin "!dao.smx":
L 10/27/2014 - 18:37:17: [SM]   [0]  Line 79, D:\CSGO\csgo±‡“Î∆˜\!dao.sp::Timer_knifemsg()
L 10/27/2014 - 18:52:27: [SM] Native "PrintToChat" reported: Client 2 is not in game
L 10/27/2014 - 18:52:27: [SM] Displaying call stack trace for plugin "!dao.smx":
L 10/27/2014 - 18:52:27: [SM]   [0]  Line 79, D:\CSGO\csgo±‡“Î∆˜\!dao.sp::Timer_knifemsg()
L 10/27/2014 - 19:13:46: Error log file session closed.
L 10/27/2014 - 19:13:46: SourceMod error session started
L 10/27/2014 - 19:13:46: Info (map "de_cbble") (file "errors_20141027.log")
L 10/27/2014 - 19:13:46: [SM] Fatal error encountered parsing translation file "namechangepunisher.phrases.txt"
L 10/27/2014 - 19:13:46: [SM] Error (line 0, column 0): Stream failed to open
L 10/27/2014 - 19:13:46: [SM] Fatal error encountered parsing translation file "plugin.supercmds.txt"
L 10/27/2014 - 19:13:46: [SM] Error (line 0, column 0): Stream failed to open
L 10/27/2014 - 19:13:46: [basecommands.smx] Could not parse file (line 12, file "addons\sourcemod\configs\adminmenu_cfgs.txt"):
L 10/27/2014 - 19:13:46: [basecommands.smx] Parser encountered error: Section ending without a matching section beginning
L 10/27/2014 - 19:13:46: [sm_cmdx.smx] Unable to locate overrides file.
L 10/27/2014 - 19:14:19: [SM] Native "PrintToChat" reported: Client 12 is not in game
L 10/27/2014 - 19:14:19: [SM] Displaying call stack trace for plugin "!dao.smx":
L 10/27/2014 - 19:14:19: [SM]   [0]  Line 79, D:\CSGO\csgo±‡“Î∆˜\!dao.sp::Timer_knifemsg()
L 10/27/2014 - 19:14:22: [SM] Native "PrintToChat" reported: Client 5 is not in game
L 10/27/2014 - 19:14:22: [SM] Displaying call stack trace for plugin "!dao.smx":
L 10/27/2014 - 19:14:22: [SM]   [0]  Line 79, D:\CSGO\csgo±‡“Î∆˜\!dao.sp::Timer_knifemsg()
L 10/27/2014 - 19:14:26: [SM] Native "PrintToChat" reported: Client 11 is not in game
L 10/27/2014 - 19:14:26: [SM] Displaying call stack trace for plugin "!dao.smx":
L 10/27/2014 - 19:14:26: [SM]   [0]  Line 79, D:\CSGO\csgo±‡“Î∆˜\!dao.sp::Timer_knifemsg()
L 10/27/2014 - 19:15:32: Error log file session closed.
L 10/27/2014 - 19:15:32: SourceMod error session started
L 10/27/2014 - 19:15:32: Info (map "de_cache") (file "errors_20141027.log")
L 10/27/2014 - 19:15:32: [SM] Fatal error encountered parsing translation file "namechangepunisher.phrases.txt"
L 10/27/2014 - 19:15:32: [SM] Error (line 0, column 0): Stream failed to open
L 10/27/2014 - 19:15:32: [SM] Fatal error encountered parsing translation file "plugin.supercmds.txt"
L 10/27/2014 - 19:15:32: [SM] Error (line 0, column 0): Stream failed to open
L 10/27/2014 - 19:15:32: [basecommands.smx] Could not parse file (line 12, file "addons\sourcemod\configs\adminmenu_cfgs.txt"):
L 10/27/2014 - 19:15:32: [basecommands.smx] Parser encountered error: Section ending without a matching section beginning
L 10/27/2014 - 19:15:32: [sm_cmdx.smx] Unable to locate overrides file.
L 10/27/2014 - 19:16:16: Error log file session closed.
L 10/27/2014 - 19:16:16: SourceMod error session started
L 10/27/2014 - 19:16:16: Info (map "de_mirage") (file "errors_20141027.log")
L 10/27/2014 - 19:16:16: [SM] Fatal error encountered parsing translation file "namechangepunisher.phrases.txt"
L 10/27/2014 - 19:16:16: [SM] Error (line 0, column 0): Stream failed to open
L 10/27/2014 - 19:16:16: [SM] Fatal error encountered parsing translation file "plugin.supercmds.txt"
L 10/27/2014 - 19:16:16: [SM] Error (line 0, column 0): Stream failed to open
L 10/27/2014 - 19:16:17: [basecommands.smx] Could not parse file (line 12, file "addons\sourcemod\configs\adminmenu_cfgs.txt"):
L 10/27/2014 - 19:16:17: [basecommands.smx] Parser encountered error: Section ending without a matching section beginning
L 10/27/2014 - 19:16:17: [sm_cmdx.smx] Unable to locate overrides file.
L 10/27/2014 - 19:16:17: [SM] Native "CS_RespawnPlayer" reported: Client index 10 is not valid
L 10/27/2014 - 19:16:17: [SM] Displaying call stack trace for plugin "warmod.smx":
L 10/27/2014 - 19:16:17: [SM]   [0]  Line 4891, D:\CSGO\csgo±‡“Î∆˜\warmod.sp::RespawnPlayer()
L 10/27/2014 - 19:29:44: Error log file session closed.
L 10/27/2014 - 19:29:44: SourceMod error session started
L 10/27/2014 - 19:29:44: Info (map "wsf_bloodstrike") (file "errors_20141027.log")
L 10/27/2014 - 19:29:44: [SM] Fatal error encountered parsing translation file "namechangepunisher.phrases.txt"
L 10/27/2014 - 19:29:44: [SM] Error (line 0, column 0): Stream failed to open
L 10/27/2014 - 19:29:44: [SM] Fatal error encountered parsing translation file "plugin.supercmds.txt"
L 10/27/2014 - 19:29:44: [SM] Error (line 0, column 0): Stream failed to open
L 10/27/2014 - 19:29:44: [basecommands.smx] Could not parse file (line 12, file "addons\sourcemod\configs\adminmenu_cfgs.txt"):
L 10/27/2014 - 19:29:44: [basecommands.smx] Parser encountered error: Section ending without a matching section beginning
L 10/27/2014 - 19:29:44: [sm_cmdx.smx] Unable to locate overrides file.
L 10/27/2014 - 19:31:45: [SM] Native "PrintToChat" reported: Client 4 is not in game
L 10/27/2014 - 19:31:45: [SM] Displaying call stack trace for plugin "!dao.smx":
L 10/27/2014 - 19:31:45: [SM]   [0]  Line 79, D:\CSGO\csgo±‡“Î∆˜\!dao.sp::Timer_knifemsg()
L 10/27/2014 - 19:31:45: [SM] Native "PrintToChat" reported: Client 5 is not in game
L 10/27/2014 - 19:31:45: [SM] Displaying call stack trace for plugin "!dao.smx":
L 10/27/2014 - 19:31:45: [SM]   [0]  Line 79, D:\CSGO\csgo±‡“Î∆˜\!dao.sp::Timer_knifemsg()
L 10/27/2014 - 19:31:45: [SM] Native "PrintToChat" reported: Client 7 is not in game
L 10/27/2014 - 19:31:45: [SM] Displaying call stack trace for plugin "!dao.smx":
L 10/27/2014 - 19:31:45: [SM]   [0]  Line 79, D:\CSGO\csgo±‡“Î∆˜\!dao.sp::Timer_knifemsg()
L 10/27/2014 - 19:31:45: [SM] Native "PrintToChat" reported: Client 8 is not in game
L 10/27/2014 - 19:31:45: [SM] Displaying call stack trace for plugin "!dao.smx":
L 10/27/2014 - 19:31:45: [SM]   [0]  Line 79, D:\CSGO\csgo±‡“Î∆˜\!dao.sp::Timer_knifemsg()
L 10/27/2014 - 19:31:45: [SM] Native "PrintToChat" reported: Client 10 is not in game
L 10/27/2014 - 19:31:45: [SM] Displaying call stack trace for plugin "!dao.smx":
L 10/27/2014 - 19:31:45: [SM]   [0]  Line 79, D:\CSGO\csgo±‡“Î∆˜\!dao.sp::Timer_knifemsg()
L 10/27/2014 - 19:31:45: [SM] Native "PrintToChat" reported: Client 11 is not in game
L 10/27/2014 - 19:31:45: [SM] Displaying call stack trace for plugin "!dao.smx":
L 10/27/2014 - 19:31:45: [SM]   [0]  Line 79, D:\CSGO\csgo±‡“Î∆˜\!dao.sp::Timer_knifemsg()
L 10/27/2014 - 19:40:36: [SM] Native "PrintToChat" reported: Client 11 is not in game
L 10/27/2014 - 19:40:36: [SM] Displaying call stack trace for plugin "!dao.smx":
L 10/27/2014 - 19:40:36: [SM]   [0]  Line 79, D:\CSGO\csgo±‡“Î∆˜\!dao.sp::Timer_knifemsg()
L 10/27/2014 - 19:41:18: Error log file session closed.
L 10/27/2014 - 19:41:18: SourceMod error session started
L 10/27/2014 - 19:41:18: Info (map "de_nuke") (file "errors_20141027.log")
L 10/27/2014 - 19:41:18: [SM] Fatal error encountered parsing translation file "namechangepunisher.phrases.txt"
L 10/27/2014 - 19:41:18: [SM] Error (line 0, column 0): Stream failed to open
L 10/27/2014 - 19:41:18: [SM] Fatal error encountered parsing translation file "plugin.supercmds.txt"
L 10/27/2014 - 19:41:18: [SM] Error (line 0, column 0): Stream failed to open
L 10/27/2014 - 19:41:18: [basecommands.smx] Could not parse file (line 12, file "addons\sourcemod\configs\adminmenu_cfgs.txt"):
L 10/27/2014 - 19:41:18: [basecommands.smx] Parser encountered error: Section ending without a matching section beginning
L 10/27/2014 - 19:41:18: [sm_cmdx.smx] Unable to locate overrides file.
L 10/27/2014 - 19:41:50: [SM] Native "PrintToChat" reported: Client 2 is not in game
L 10/27/2014 - 19:41:50: [SM] Displaying call stack trace for plugin "!dao.smx":
L 10/27/2014 - 19:41:50: [SM]   [0]  Line 79, D:\CSGO\csgo±‡“Î∆˜\!dao.sp::Timer_knifemsg()
L 10/27/2014 - 19:41:51: [SM] Native "PrintToChat" reported: Client 7 is not in game
L 10/27/2014 - 19:41:51: [SM] Displaying call stack trace for plugin "!dao.smx":
L 10/27/2014 - 19:41:51: [SM]   [0]  Line 79, D:\CSGO\csgo±‡“Î∆˜\!dao.sp::Timer_knifemsg()
L 10/27/2014 - 19:41:52: [SM] Native "PrintToChat" reported: Client 11 is not in game
L 10/27/2014 - 19:41:52: [SM] Displaying call stack trace for plugin "!dao.smx":
L 10/27/2014 - 19:41:52: [SM]   [0]  Line 79, D:\CSGO\csgo±‡“Î∆˜\!dao.sp::Timer_knifemsg()
L 10/27/2014 - 19:41:52: [SM] Native "PrintToChat" reported: Client 12 is not in game
L 10/27/2014 - 19:41:52: [SM] Displaying call stack trace for plugin "!dao.smx":
L 10/27/2014 - 19:41:52: [SM]   [0]  Line 79, D:\CSGO\csgo±‡“Î∆˜\!dao.sp::Timer_knifemsg()
L 10/27/2014 - 19:41:52: [SM] Native "PrintToChat" reported: Client 13 is not in game
L 10/27/2014 - 19:41:52: [SM] Displaying call stack trace for plugin "!dao.smx":
L 10/27/2014 - 19:41:52: [SM]   [0]  Line 79, D:\CSGO\csgo±‡“Î∆˜\!dao.sp::Timer_knifemsg()
L 10/27/2014 - 19:41:52: [SM] Native "PrintToChat" reported: Client 14 is not in game
L 10/27/2014 - 19:41:52: [SM] Displaying call stack trace for plugin "!dao.smx":
L 10/27/2014 - 19:41:52: [SM]   [0]  Line 79, D:\CSGO\csgo±‡“Î∆˜\!dao.sp::Timer_knifemsg()
L 10/27/2014 - 19:46:19: SourceMod error session started
L 10/27/2014 - 19:46:19: Info (map "de_dust2") (file "errors_20141027.log")
L 10/27/2014 - 19:46:19: [SM] Unable to load extension "curl.ext": ”¶”√≥Ã–ÚŒﬁ∑®∆Ù∂Ø£¨“ÚŒ™”¶”√≥Ã–Úµƒ≤¢––≈‰÷√≤ª’˝»∑°£”–πÿœÍœ∏–≈œ¢£¨«Î≤Œ‘ƒ”¶”√≥Ã–Ú ¬º˛»’÷æ£¨ªÚ π”√√¸¡Ó–– sxstrace.exe π§æﬂ°£

L 10/27/2014 - 19:46:19: [SM] Fatal error encountered parsing translation file "namechangepunisher.phrases.txt"
L 10/27/2014 - 19:46:19: [SM] Error (line 0, column 0): Stream failed to open
L 10/27/2014 - 19:46:19: [SM] Fatal error encountered parsing translation file "plugin.supercmds.txt"
L 10/27/2014 - 19:46:19: [SM] Error (line 0, column 0): Stream failed to open
L 10/27/2014 - 19:46:19: [SM] Error parsing gameconfig file "D:\steam\steamapps\common\Counter-Strike\csgo\addons\sourcemod\gamedata\supercmds.gamedata.txt":
L 10/27/2014 - 19:46:19: [SM] Error 1 on line 0, col 0: Stream failed to open
L 10/27/2014 - 19:46:19: [SM] Native "LoadGameConfigFile" reported: Unable to open supercmds.gamedata: File could not be opened: œµÕ≥’“≤ªµΩ÷∏∂®µƒŒƒº˛°£

L 10/27/2014 - 19:46:19: [SM] Displaying call stack trace for plugin "sm_cmdx.smx":
L 10/27/2014 - 19:46:19: [SM]   [0]  Line 108, D:\CSGO\csgo±‡“Î∆˜\sm_cmdx.sp::OnPluginStart()
L 10/27/2014 - 19:46:20: [basecommands.smx] Could not parse file (line 12, file "addons\sourcemod\configs\adminmenu_cfgs.txt"):
L 10/27/2014 - 19:46:20: [basecommands.smx] Parser encountered error: Section ending without a matching section beginning
L 10/27/2014 - 19:46:27: Error log file session closed.
L 10/27/2014 - 19:46:27: SourceMod error session started
L 10/27/2014 - 19:46:27: Info (map "de_dust2") (file "errors_20141027.log")
L 10/27/2014 - 19:46:27: [SM] Fatal error encountered parsing translation file "namechangepunisher.phrases.txt"
L 10/27/2014 - 19:46:27: [SM] Error (line 0, column 0): Stream failed to open
L 10/27/2014 - 19:46:27: [SM] Fatal error encountered parsing translation file "plugin.supercmds.txt"
L 10/27/2014 - 19:46:27: [SM] Error (line 0, column 0): Stream failed to open
L 10/27/2014 - 19:46:27: [basecommands.smx] Could not parse file (line 12, file "addons\sourcemod\configs\adminmenu_cfgs.txt"):
L 10/27/2014 - 19:46:27: [basecommands.smx] Parser encountered error: Section ending without a matching section beginning
L 10/27/2014 - 19:46:27: [sm_cmdx.smx] Unable to locate overrides file.
L 10/27/2014 - 19:49:58: Error log file session closed.
L 10/27/2014 - 19:49:58: SourceMod error session started
L 10/27/2014 - 19:49:58: Info (map "de_dust2") (file "errors_20141027.log")
L 10/27/2014 - 19:49:58: [SM] Fatal error encountered parsing translation file "namechangepunisher.phrases.txt"
L 10/27/2014 - 19:49:58: [SM] Error (line 0, column 0): Stream failed to open
L 10/27/2014 - 19:49:58: [SM] Fatal error encountered parsing translation file "plugin.supercmds.txt"
L 10/27/2014 - 19:49:58: [SM] Error (line 0, column 0): Stream failed to open
L 10/27/2014 - 19:49:58: [basecommands.smx] Could not parse file (line 12, file "addons\sourcemod\configs\adminmenu_cfgs.txt"):
L 10/27/2014 - 19:49:58: [basecommands.smx] Parser encountered error: Section ending without a matching section beginning
L 10/27/2014 - 19:49:58: [sm_cmdx.smx] Unable to locate overrides file.
L 10/27/2014 - 19:51:20: [SM] Native "PrintToChat" reported: Client 5 is not in game
L 10/27/2014 - 19:51:20: [SM] Displaying call stack trace for plugin "!dao.smx":
L 10/27/2014 - 19:51:20: [SM]   [0]  Line 79, D:\CSGO\csgo±‡“Î∆˜\!dao.sp::Timer_knifemsg()
L 10/27/2014 - 19:54:03: [SM] Plugin encountered error 15: Array index is out of bounds
L 10/27/2014 - 19:54:03: [SM] Displaying call stack trace for plugin "warmod.smx":
L 10/27/2014 - 19:54:03: [SM]   [0]  Line 4613, D:\CSGO\csgo±‡“Î∆˜\warmod.sp::GetWeaponIndex()
L 10/27/2014 - 19:54:03: [SM]   [1]  Line 2019, D:\CSGO\csgo±‡“Î∆˜\warmod.sp::Event_Player_Death()
L 10/27/2014 - 19:54:21: [SM] Plugin encountered error 15: Array index is out of bounds
L 10/27/2014 - 19:54:21: [SM] Displaying call stack trace for plugin "warmod.smx":
L 10/27/2014 - 19:54:21: [SM]   [0]  Line 4613, D:\CSGO\csgo±‡“Î∆˜\warmod.sp::GetWeaponIndex()
L 10/27/2014 - 19:54:21: [SM]   [1]  Line 2019, D:\CSGO\csgo±‡“Î∆˜\warmod.sp::Event_Player_Death()
L 10/27/2014 - 19:54:31: [SM] Plugin encountered error 15: Array index is out of bounds
L 10/27/2014 - 19:54:31: [SM] Displaying call stack trace for plugin "warmod.smx":
L 10/27/2014 - 19:54:31: [SM]   [0]  Line 4613, D:\CSGO\csgo±‡“Î∆˜\warmod.sp::GetWeaponIndex()
L 10/27/2014 - 19:54:31: [SM]   [1]  Line 2019, D:\CSGO\csgo±‡“Î∆˜\warmod.sp::Event_Player_Death()
L 10/27/2014 - 19:55:14: [SM] Plugin encountered error 15: Array index is out of bounds
L 10/27/2014 - 19:55:14: [SM] Displaying call stack trace for plugin "warmod.smx":
L 10/27/2014 - 19:55:14: [SM]   [0]  Line 4613, D:\CSGO\csgo±‡“Î∆˜\warmod.sp::GetWeaponIndex()
L 10/27/2014 - 19:55:14: [SM]   [1]  Line 2019, D:\CSGO\csgo±‡“Î∆˜\warmod.sp::Event_Player_Death()
L 10/27/2014 - 19:55:38: [SM] Plugin encountered error 15: Array index is out of bounds
L 10/27/2014 - 19:55:38: [SM] Displaying call stack trace for plugin "warmod.smx":
L 10/27/2014 - 19:55:38: [SM]   [0]  Line 4613, D:\CSGO\csgo±‡“Î∆˜\warmod.sp::GetWeaponIndex()
L 10/27/2014 - 19:55:38: [SM]   [1]  Line 2019, D:\CSGO\csgo±‡“Î∆˜\warmod.sp::Event_Player_Death()
L 10/27/2014 - 19:56:43: [SM] Plugin encountered error 15: Array index is out of bounds
L 10/27/2014 - 19:56:43: [SM] Displaying call stack trace for plugin "warmod.smx":
L 10/27/2014 - 19:56:43: [SM]   [0]  Line 4613, D:\CSGO\csgo±‡“Î∆˜\warmod.sp::GetWeaponIndex()
L 10/27/2014 - 19:56:43: [SM]   [1]  Line 2019, D:\CSGO\csgo±‡“Î∆˜\warmod.sp::Event_Player_Death()
L 10/27/2014 - 19:57:13: [SM] Plugin encountered error 15: Array index is out of bounds
L 10/27/2014 - 19:57:13: [SM] Displaying call stack trace for plugin "warmod.smx":
L 10/27/2014 - 19:57:13: [SM]   [0]  Line 4613, D:\CSGO\csgo±‡“Î∆˜\warmod.sp::GetWeaponIndex()
L 10/27/2014 - 19:57:13: [SM]   [1]  Line 2019, D:\CSGO\csgo±‡“Î∆˜\warmod.sp::Event_Player_Death()
L 10/27/2014 - 19:58:06: [SM] Plugin encountered error 15: Array index is out of bounds
L 10/27/2014 - 19:58:06: [SM] Displaying call stack trace for plugin "warmod.smx":
L 10/27/2014 - 19:58:06: [SM]   [0]  Line 4613, D:\CSGO\csgo±‡“Î∆˜\warmod.sp::GetWeaponIndex()
L 10/27/2014 - 19:58:06: [SM]   [1]  Line 2019, D:\CSGO\csgo±‡“Î∆˜\warmod.sp::Event_Player_Death()
L 10/27/2014 - 19:58:32: [SM] Plugin encountered error 15: Array index is out of bounds
L 10/27/2014 - 19:58:32: [SM] Displaying call stack trace for plugin "warmod.smx":
L 10/27/2014 - 19:58:32: [SM]   [0]  Line 4613, D:\CSGO\csgo±‡“Î∆˜\warmod.sp::GetWeaponIndex()
L 10/27/2014 - 19:58:32: [SM]   [1]  Line 2019, D:\CSGO\csgo±‡“Î∆˜\warmod.sp::Event_Player_Death()
L 10/27/2014 - 19:58:43: [SM] Plugin encountered error 15: Array index is out of bounds
L 10/27/2014 - 19:58:43: [SM] Displaying call stack trace for plugin "warmod.smx":
L 10/27/2014 - 19:58:43: [SM]   [0]  Line 4613, D:\CSGO\csgo±‡“Î∆˜\warmod.sp::GetWeaponIndex()
L 10/27/2014 - 19:58:43: [SM]   [1]  Line 2019, D:\CSGO\csgo±‡“Î∆˜\warmod.sp::Event_Player_Death()
L 10/27/2014 - 19:58:52: [SM] Plugin encountered error 15: Array index is out of bounds
L 10/27/2014 - 19:58:52: [SM] Displaying call stack trace for plugin "warmod.smx":
L 10/27/2014 - 19:58:52: [SM]   [0]  Line 4613, D:\CSGO\csgo±‡“Î∆˜\warmod.sp::GetWeaponIndex()
L 10/27/2014 - 19:58:52: [SM]   [1]  Line 2019, D:\CSGO\csgo±‡“Î∆˜\warmod.sp::Event_Player_Death()
L 10/27/2014 - 19:59:01: [SM] Plugin encountered error 15: Array index is out of bounds
L 10/27/2014 - 19:59:01: [SM] Displaying call stack trace for plugin "warmod.smx":
L 10/27/2014 - 19:59:01: [SM]   [0]  Line 4613, D:\CSGO\csgo±‡“Î∆˜\warmod.sp::GetWeaponIndex()
L 10/27/2014 - 19:59:01: [SM]   [1]  Line 2019, D:\CSGO\csgo±‡“Î∆˜\warmod.sp::Event_Player_Death()
L 10/27/2014 - 19:59:04: [SM] Plugin encountered error 15: Array index is out of bounds
L 10/27/2014 - 19:59:04: [SM] Displaying call stack trace for plugin "warmod.smx":
L 10/27/2014 - 19:59:04: [SM]   [0]  Line 4613, D:\CSGO\csgo±‡“Î∆˜\warmod.sp::GetWeaponIndex()
L 10/27/2014 - 19:59:04: [SM]   [1]  Line 2019, D:\CSGO\csgo±‡“Î∆˜\warmod.sp::Event_Player_Death()
L 10/27/2014 - 19:59:06: [SM] Plugin encountered error 15: Array index is out of bounds
L 10/27/2014 - 19:59:06: [SM] Displaying call stack trace for plugin "warmod.smx":
L 10/27/2014 - 19:59:06: [SM]   [0]  Line 4613, D:\CSGO\csgo±‡“Î∆˜\warmod.sp::GetWeaponIndex()
L 10/27/2014 - 19:59:06: [SM]   [1]  Line 2019, D:\CSGO\csgo±‡“Î∆˜\warmod.sp::Event_Player_Death()
L 10/27/2014 - 19:59:12: [SM] Plugin encountered error 15: Array index is out of bounds
L 10/27/2014 - 19:59:12: [SM] Displaying call stack trace for plugin "warmod.smx":
L 10/27/2014 - 19:59:12: [SM]   [0]  Line 4613, D:\CSGO\csgo±‡“Î∆˜\warmod.sp::GetWeaponIndex()
L 10/27/2014 - 19:59:12: [SM]   [1]  Line 2019, D:\CSGO\csgo±‡“Î∆˜\warmod.sp::Event_Player_Death()
L 10/27/2014 - 19:59:13: [SM] Plugin encountered error 15: Array index is out of bounds
L 10/27/2014 - 19:59:13: [SM] Displaying call stack trace for plugin "warmod.smx":
L 10/27/2014 - 19:59:13: [SM]   [0]  Line 4613, D:\CSGO\csgo±‡“Î∆˜\warmod.sp::GetWeaponIndex()
L 10/27/2014 - 19:59:13: [SM]   [1]  Line 2019, D:\CSGO\csgo±‡“Î∆˜\warmod.sp::Event_Player_Death()
L 10/27/2014 - 19:59:17: [SM] Plugin encountered error 15: Array index is out of bounds
L 10/27/2014 - 19:59:17: [SM] Displaying call stack trace for plugin "warmod.smx":
L 10/27/2014 - 19:59:17: [SM]   [0]  Line 4613, D:\CSGO\csgo±‡“Î∆˜\warmod.sp::GetWeaponIndex()
L 10/27/2014 - 19:59:17: [SM]   [1]  Line 2019, D:\CSGO\csgo±‡“Î∆˜\warmod.sp::Event_Player_Death()
L 10/27/2014 - 19:59:30: [SM] Plugin encountered error 15: Array index is out of bounds
L 10/27/2014 - 19:59:30: [SM] Displaying call stack trace for plugin "warmod.smx":
L 10/27/2014 - 19:59:30: [SM]   [0]  Line 4613, D:\CSGO\csgo±‡“Î∆˜\warmod.sp::GetWeaponIndex()
L 10/27/2014 - 19:59:30: [SM]   [1]  Line 2019, D:\CSGO\csgo±‡“Î∆˜\warmod.sp::Event_Player_Death()
L 10/27/2014 - 19:59:36: [SM] Plugin encountered error 15: Array index is out of bounds
L 10/27/2014 - 19:59:36: [SM] Displaying call stack trace for plugin "warmod.smx":
L 10/27/2014 - 19:59:36: [SM]   [0]  Line 4613, D:\CSGO\csgo±‡“Î∆˜\warmod.sp::GetWeaponIndex()
L 10/27/2014 - 19:59:36: [SM]   [1]  Line 2019, D:\CSGO\csgo±‡“Î∆˜\warmod.sp::Event_Player_Death()
L 10/27/2014 - 19:59:53: [SM] Plugin encountered error 15: Array index is out of bounds
L 10/27/2014 - 19:59:53: [SM] Displaying call stack trace for plugin "warmod.smx":
L 10/27/2014 - 19:59:53: [SM]   [0]  Line 4613, D:\CSGO\csgo±‡“Î∆˜\warmod.sp::GetWeaponIndex()
L 10/27/2014 - 19:59:53: [SM]   [1]  Line 2019, D:\CSGO\csgo±‡“Î∆˜\warmod.sp::Event_Player_Death()
L 10/27/2014 - 19:59:55: [SM] Plugin encountered error 15: Array index is out of bounds
L 10/27/2014 - 19:59:55: [SM] Displaying call stack trace for plugin "warmod.smx":
L 10/27/2014 - 19:59:55: [SM]   [0]  Line 4613, D:\CSGO\csgo±‡“Î∆˜\warmod.sp::GetWeaponIndex()
L 10/27/2014 - 19:59:55: [SM]   [1]  Line 2019, D:\CSGO\csgo±‡“Î∆˜\warmod.sp::Event_Player_Death()
L 10/27/2014 - 20:00:12: [SM] Plugin encountered error 15: Array index is out of bounds
L 10/27/2014 - 20:00:12: [SM] Displaying call stack trace for plugin "warmod.smx":
L 10/27/2014 - 20:00:12: [SM]   [0]  Line 4613, D:\CSGO\csgo±‡“Î∆˜\warmod.sp::GetWeaponIndex()
L 10/27/2014 - 20:00:12: [SM]   [1]  Line 2019, D:\CSGO\csgo±‡“Î∆˜\warmod.sp::Event_Player_Death()
L 10/27/2014 - 20:00:14: [SM] Plugin encountered error 15: Array index is out of bounds
L 10/27/2014 - 20:00:14: [SM] Displaying call stack trace for plugin "warmod.smx":
L 10/27/2014 - 20:00:14: [SM]   [0]  Line 4613, D:\CSGO\csgo±‡“Î∆˜\warmod.sp::GetWeaponIndex()
L 10/27/2014 - 20:00:14: [SM]   [1]  Line 2019, D:\CSGO\csgo±‡“Î∆˜\warmod.sp::Event_Player_Death()
L 10/27/2014 - 20:00:22: [SM] Plugin encountered error 15: Array index is out of bounds
L 10/27/2014 - 20:00:22: [SM] Displaying call stack trace for plugin "warmod.smx":
L 10/27/2014 - 20:00:22: [SM]   [0]  Line 4613, D:\CSGO\csgo±‡“Î∆˜\warmod.sp::GetWeaponIndex()
L 10/27/2014 - 20:00:22: [SM]   [1]  Line 2019, D:\CSGO\csgo±‡“Î∆˜\warmod.sp::Event_Player_Death()
L 10/27/2014 - 20:00:26: [SM] Plugin encountered error 15: Array index is out of bounds
L 10/27/2014 - 20:00:26: [SM] Displaying call stack trace for plugin "warmod.smx":
L 10/27/2014 - 20:00:26: [SM]   [0]  Line 4613, D:\CSGO\csgo±‡“Î∆˜\warmod.sp::GetWeaponIndex()
L 10/27/2014 - 20:00:26: [SM]   [1]  Line 2019, D:\CSGO\csgo±‡“Î∆˜\warmod.sp::Event_Player_Death()
L 10/27/2014 - 20:00:28: [SM] Plugin encountered error 15: Array index is out of bounds
L 10/27/2014 - 20:00:28: [SM] Displaying call stack trace for plugin "warmod.smx":
L 10/27/2014 - 20:00:28: [SM]   [0]  Line 4613, D:\CSGO\csgo±‡“Î∆˜\warmod.sp::GetWeaponIndex()
L 10/27/2014 - 20:00:28: [SM]   [1]  Line 2019, D:\CSGO\csgo±‡“Î∆˜\warmod.sp::Event_Player_Death()
L 10/27/2014 - 20:00:29: [SM] Plugin encountered error 15: Array index is out of bounds
L 10/27/2014 - 20:00:29: [SM] Displaying call stack trace for plugin "warmod.smx":
L 10/27/2014 - 20:00:29: [SM]   [0]  Line 4613, D:\CSGO\csgo±‡“Î∆˜\warmod.sp::GetWeaponIndex()
L 10/27/2014 - 20:00:29: [SM]   [1]  Line 2019, D:\CSGO\csgo±‡“Î∆˜\warmod.sp::Event_Player_Death()
L 10/27/2014 - 20:00:30: [SM] Plugin encountered error 15: Array index is out of bounds
L 10/27/2014 - 20:00:30: [SM] Displaying call stack trace for plugin "warmod.smx":
L 10/27/2014 - 20:00:30: [SM]   [0]  Line 4613, D:\CSGO\csgo±‡“Î∆˜\warmod.sp::GetWeaponIndex()
L 10/27/2014 - 20:00:30: [SM]   [1]  Line 2019, D:\CSGO\csgo±‡“Î∆˜\warmod.sp::Event_Player_Death()
L 10/27/2014 - 20:00:32: [SM] Plugin encountered error 15: Array index is out of bounds
L 10/27/2014 - 20:00:32: [SM] Displaying call stack trace for plugin "warmod.smx":
L 10/27/2014 - 20:00:32: [SM]   [0]  Line 4613, D:\CSGO\csgo±‡“Î∆˜\warmod.sp::GetWeaponIndex()
L 10/27/2014 - 20:00:32: [SM]   [1]  Line 2019, D:\CSGO\csgo±‡“Î∆˜\warmod.sp::Event_Player_Death()
L 10/27/2014 - 20:00:33: [SM] Plugin encountered error 15: Array index is out of bounds
L 10/27/2014 - 20:00:33: [SM] Displaying call stack trace for plugin "warmod.smx":
L 10/27/2014 - 20:00:33: [SM]   [0]  Line 4613, D:\CSGO\csgo±‡“Î∆˜\warmod.sp::GetWeaponIndex()
L 10/27/2014 - 20:00:33: [SM]   [1]  Line 2019, D:\CSGO\csgo±‡“Î∆˜\warmod.sp::Event_Player_Death()
L 10/27/2014 - 20:00:35: [SM] Plugin encountered error 15: Array index is out of bounds
L 10/27/2014 - 20:00:35: [SM] Displaying call stack trace for plugin "warmod.smx":
L 10/27/2014 - 20:00:35: [SM]   [0]  Line 4613, D:\CSGO\csgo±‡“Î∆˜\warmod.sp::GetWeaponIndex()
L 10/27/2014 - 20:00:35: [SM]   [1]  Line 2019, D:\CSGO\csgo±‡“Î∆˜\warmod.sp::Event_Player_Death()
L 10/27/2014 - 20:00:38: [SM] Plugin encountered error 15: Array index is out of bounds
L 10/27/2014 - 20:00:38: [SM] Displaying call stack trace for plugin "warmod.smx":
L 10/27/2014 - 20:00:38: [SM]   [0]  Line 4613, D:\CSGO\csgo±‡“Î∆˜\warmod.sp::GetWeaponIndex()
L 10/27/2014 - 20:00:38: [SM]   [1]  Line 2019, D:\CSGO\csgo±‡“Î∆˜\warmod.sp::Event_Player_Death()
L 10/27/2014 - 20:00:58: [SM] Plugin encountered error 15: Array index is out of bounds
L 10/27/2014 - 20:00:58: [SM] Displaying call stack trace for plugin "warmod.smx":
L 10/27/2014 - 20:00:58: [SM]   [0]  Line 4613, D:\CSGO\csgo±‡“Î∆˜\warmod.sp::GetWeaponIndex()
L 10/27/2014 - 20:00:58: [SM]   [1]  Line 2019, D:\CSGO\csgo±‡“Î∆˜\warmod.sp::Event_Player_Death()
L 10/27/2014 - 20:00:59: [SM] Plugin encountered error 15: Array index is out of bounds
L 10/27/2014 - 20:00:59: [SM] Displaying call stack trace for plugin "warmod.smx":
L 10/27/2014 - 20:00:59: [SM]   [0]  Line 4613, D:\CSGO\csgo±‡“Î∆˜\warmod.sp::GetWeaponIndex()
L 10/27/2014 - 20:00:59: [SM]   [1]  Line 2019, D:\CSGO\csgo±‡“Î∆˜\warmod.sp::Event_Player_Death()
L 10/27/2014 - 20:01:08: [SM] Plugin encountered error 15: Array index is out of bounds
L 10/27/2014 - 20:01:08: [SM] Displaying call stack trace for plugin "warmod.smx":
L 10/27/2014 - 20:01:08: [SM]   [0]  Line 4613, D:\CSGO\csgo±‡“Î∆˜\warmod.sp::GetWeaponIndex()
L 10/27/2014 - 20:01:08: [SM]   [1]  Line 2019, D:\CSGO\csgo±‡“Î∆˜\warmod.sp::Event_Player_Death()
L 10/27/2014 - 20:01:32: [SM] Plugin encountered error 15: Array index is out of bounds
L 10/27/2014 - 20:01:32: [SM] Displaying call stack trace for plugin "warmod.smx":
L 10/27/2014 - 20:01:32: [SM]   [0]  Line 4613, D:\CSGO\csgo±‡“Î∆˜\warmod.sp::GetWeaponIndex()
L 10/27/2014 - 20:01:32: [SM]   [1]  Line 2019, D:\CSGO\csgo±‡“Î∆˜\warmod.sp::Event_Player_Death()
L 10/27/2014 - 20:01:40: [SM] Plugin encountered error 15: Array index is out of bounds
L 10/27/2014 - 20:01:40: [SM] Displaying call stack trace for plugin "warmod.smx":
L 10/27/2014 - 20:01:40: [SM]   [0]  Line 4613, D:\CSGO\csgo±‡“Î∆˜\warmod.sp::GetWeaponIndex()
L 10/27/2014 - 20:01:40: [SM]   [1]  Line 2019, D:\CSGO\csgo±‡“Î∆˜\warmod.sp::Event_Player_Death()
L 10/27/2014 - 20:01:42: Error log file session closed.
L 10/27/2014 - 20:01:42: SourceMod error session started
L 10/27/2014 - 20:01:42: Info (map "de_dust2") (file "errors_20141027.log")
L 10/27/2014 - 20:01:42: [SM] Fatal error encountered parsing translation file "namechangepunisher.phrases.txt"
L 10/27/2014 - 20:01:42: [SM] Error (line 0, column 0): Stream failed to open
L 10/27/2014 - 20:01:42: [SM] Fatal error encountered parsing translation file "plugin.supercmds.txt"
L 10/27/2014 - 20:01:42: [SM] Error (line 0, column 0): Stream failed to open
L 10/27/2014 - 20:01:42: [basecommands.smx] Could not parse file (line 12, file "addons\sourcemod\configs\adminmenu_cfgs.txt"):
L 10/27/2014 - 20:01:42: [basecommands.smx] Parser encountered error: Section ending without a matching section beginning
L 10/27/2014 - 20:01:42: [sm_cmdx.smx] Unable to locate overrides file.
L 10/27/2014 - 20:01:57: [SM] Native "CS_RespawnPlayer" reported: Client index 10 is not valid
L 10/27/2014 - 20:01:57: [SM] Displaying call stack trace for plugin "warmod.smx":
L 10/27/2014 - 20:01:57: [SM]   [0]  Line 4875, D:\CSGO\csgo±‡“Î∆˜\warmod.sp::RespawnPlayer()
L 10/27/2014 - 20:01:59: [SM] Native "CS_RespawnPlayer" reported: Client index 10 is not valid
L 10/27/2014 - 20:01:59: [SM] Displaying call stack trace for plugin "warmod.smx":
L 10/27/2014 - 20:01:59: [SM]   [0]  Line 4875, D:\CSGO\csgo±‡“Î∆˜\warmod.sp::RespawnPlayer()
L 10/27/2014 - 20:03:43: [SM] Native "PrintToChat" reported: Client 10 is not in game
L 10/27/2014 - 20:03:43: [SM] Displaying call stack trace for plugin "!dao.smx":
L 10/27/2014 - 20:03:43: [SM]   [0]  Line 79, D:\CSGO\csgo±‡“Î∆˜\!dao.sp::Timer_knifemsg()
L 10/27/2014 - 20:33:59: Error log file session closed.
L 10/27/2014 - 20:33:59: SourceMod error session started
L 10/27/2014 - 20:33:59: Info (map "de_nuke") (file "errors_20141027.log")
L 10/27/2014 - 20:33:59: [SM] Fatal error encountered parsing translation file "namechangepunisher.phrases.txt"
L 10/27/2014 - 20:33:59: [SM] Error (line 0, column 0): Stream failed to open
L 10/27/2014 - 20:33:59: [SM] Fatal error encountered parsing translation file "plugin.supercmds.txt"
L 10/27/2014 - 20:33:59: [SM] Error (line 0, column 0): Stream failed to open
L 10/27/2014 - 20:33:59: [basecommands.smx] Could not parse file (line 12, file "addons\sourcemod\configs\adminmenu_cfgs.txt"):
L 10/27/2014 - 20:33:59: [basecommands.smx] Parser encountered error: Section ending without a matching section beginning
L 10/27/2014 - 20:33:59: [sm_cmdx.smx] Unable to locate overrides file.
L 10/27/2014 - 20:42:57: [SM] Native "PrintToChat" reported: Client 12 is not in game
L 10/27/2014 - 20:42:57: [SM] Displaying call stack trace for plugin "!dao.smx":
L 10/27/2014 - 20:42:57: [SM]   [0]  Line 79, D:\CSGO\csgo±‡“Î∆˜\!dao.sp::Timer_knifemsg()
L 10/27/2014 - 20:51:46: [SM] Native "PrintToChat" reported: Client 13 is not in game
L 10/27/2014 - 20:51:46: [SM] Displaying call stack trace for plugin "!dao.smx":
L 10/27/2014 - 20:51:46: [SM]   [0]  Line 79, D:\CSGO\csgo±‡“Î∆˜\!dao.sp::Timer_knifemsg()
L 10/27/2014 - 21:10:42: Error log file session closed.
L 10/27/2014 - 21:10:42: SourceMod error session started
L 10/27/2014 - 21:10:42: Info (map "de_mirage") (file "errors_20141027.log")
L 10/27/2014 - 21:10:42: [SM] Fatal error encountered parsing translation file "namechangepunisher.phrases.txt"
L 10/27/2014 - 21:10:42: [SM] Error (line 0, column 0): Stream failed to open
L 10/27/2014 - 21:10:42: [SM] Fatal error encountered parsing translation file "plugin.supercmds.txt"
L 10/27/2014 - 21:10:42: [SM] Error (line 0, column 0): Stream failed to open
L 10/27/2014 - 21:10:42: [basecommands.smx] Could not parse file (line 12, file "addons\sourcemod\configs\adminmenu_cfgs.txt"):
L 10/27/2014 - 21:10:42: [basecommands.smx] Parser encountered error: Section ending without a matching section beginning
L 10/27/2014 - 21:10:42: [sm_cmdx.smx] Unable to locate overrides file.
L 10/27/2014 - 21:11:06: [SM] Native "PrintToChat" reported: Client 9 is not in game
L 10/27/2014 - 21:11:06: [SM] Displaying call stack trace for plugin "!dao.smx":
L 10/27/2014 - 21:11:06: [SM]   [0]  Line 79, D:\CSGO\csgo±‡“Î∆˜\!dao.sp::Timer_knifemsg()
L 10/27/2014 - 21:15:36: [SM] Native "PrintToChat" reported: Client 9 is not in game
L 10/27/2014 - 21:15:36: [SM] Displaying call stack trace for plugin "!dao.smx":
L 10/27/2014 - 21:15:36: [SM]   [0]  Line 79, D:\CSGO\csgo±‡“Î∆˜\!dao.sp::Timer_knifemsg()
L 10/27/2014 - 21:21:38: [SM] Native "PrintToChat" reported: Client 9 is not in game
L 10/27/2014 - 21:21:38: [SM] Displaying call stack trace for plugin "!dao.smx":
L 10/27/2014 - 21:21:38: [SM]   [0]  Line 79, D:\CSGO\csgo±‡“Î∆˜\!dao.sp::Timer_knifemsg()
L 10/27/2014 - 21:45:29: Error log file session closed.
L 10/27/2014 - 21:45:29: SourceMod error session started
L 10/27/2014 - 21:45:29: Info (map "de_inferno") (file "errors_20141027.log")
L 10/27/2014 - 21:45:29: [SM] Fatal error encountered parsing translation file "namechangepunisher.phrases.txt"
L 10/27/2014 - 21:45:29: [SM] Error (line 0, column 0): Stream failed to open
L 10/27/2014 - 21:45:29: [SM] Fatal error encountered parsing translation file "plugin.supercmds.txt"
L 10/27/2014 - 21:45:29: [SM] Error (line 0, column 0): Stream failed to open
L 10/27/2014 - 21:45:29: [basecommands.smx] Could not parse file (line 12, file "addons\sourcemod\configs\adminmenu_cfgs.txt"):
L 10/27/2014 - 21:45:29: [basecommands.smx] Parser encountered error: Section ending without a matching section beginning
L 10/27/2014 - 21:45:29: [sm_cmdx.smx] Unable to locate overrides file.
L 10/27/2014 - 21:48:57: [SM] Native "PrintToChat" reported: Client 1 is not in game
L 10/27/2014 - 21:48:57: [SM] Displaying call stack trace for plugin "!dao.smx":
L 10/27/2014 - 21:48:57: [SM]   [0]  Line 79, D:\CSGO\csgo±‡“Î∆˜\!dao.sp::Timer_knifemsg()
L 10/27/2014 - 21:57:59: [SM] Native "PrintToChat" reported: Client 14 is not in game
L 10/27/2014 - 21:57:59: [SM] Displaying call stack trace for plugin "!dao.smx":
L 10/27/2014 - 21:57:59: [SM]   [0]  Line 79, D:\CSGO\csgo±‡“Î∆˜\!dao.sp::Timer_knifemsg()
L 10/27/2014 - 22:05:30: [SM] Native "PrintToChat" reported: Client 4 is not in game
L 10/27/2014 - 22:05:30: [SM] Displaying call stack trace for plugin "!dao.smx":
L 10/27/2014 - 22:05:30: [SM]   [0]  Line 79, D:\CSGO\csgo±‡“Î∆˜\!dao.sp::Timer_knifemsg()
L 10/27/2014 - 22:20:26: Error log file session closed.
L 10/27/2014 - 22:20:26: SourceMod error session started
L 10/27/2014 - 22:20:26: Info (map "de_cbble") (file "errors_20141027.log")
L 10/27/2014 - 22:20:26: [SM] Fatal error encountered parsing translation file "namechangepunisher.phrases.txt"
L 10/27/2014 - 22:20:26: [SM] Error (line 0, column 0): Stream failed to open
L 10/27/2014 - 22:20:26: [SM] Fatal error encountered parsing translation file "plugin.supercmds.txt"
L 10/27/2014 - 22:20:26: [SM] Error (line 0, column 0): Stream failed to open
L 10/27/2014 - 22:20:26: [basecommands.smx] Could not parse file (line 12, file "addons\sourcemod\configs\adminmenu_cfgs.txt"):
L 10/27/2014 - 22:20:26: [basecommands.smx] Parser encountered error: Section ending without a matching section beginning
L 10/27/2014 - 22:20:26: [sm_cmdx.smx] Unable to locate overrides file.
L 10/27/2014 - 22:23:56: Error log file session closed.
L 10/27/2014 - 22:23:56: SourceMod error session started
L 10/27/2014 - 22:23:56: Info (map "de_cache") (file "errors_20141027.log")
L 10/27/2014 - 22:23:56: [SM] Fatal error encountered parsing translation file "namechangepunisher.phrases.txt"
L 10/27/2014 - 22:23:56: [SM] Error (line 0, column 0): Stream failed to open
L 10/27/2014 - 22:23:56: [SM] Fatal error encountered parsing translation file "plugin.supercmds.txt"
L 10/27/2014 - 22:23:56: [SM] Error (line 0, column 0): Stream failed to open
L 10/27/2014 - 22:23:56: [basecommands.smx] Could not parse file (line 12, file "addons\sourcemod\configs\adminmenu_cfgs.txt"):
L 10/27/2014 - 22:23:56: [basecommands.smx] Parser encountered error: Section ending without a matching section beginning
L 10/27/2014 - 22:23:56: [sm_cmdx.smx] Unable to locate overrides file.
L 10/27/2014 - 22:26:35: Error log file session closed.
L 10/27/2014 - 22:26:35: SourceMod error session started
L 10/27/2014 - 22:26:35: Info (map "de_dust2") (file "errors_20141027.log")
L 10/27/2014 - 22:26:35: [SM] Fatal error encountered parsing translation file "namechangepunisher.phrases.txt"
L 10/27/2014 - 22:26:35: [SM] Error (line 0, column 0): Stream failed to open
L 10/27/2014 - 22:26:35: [SM] Fatal error encountered parsing translation file "plugin.supercmds.txt"
L 10/27/2014 - 22:26:35: [SM] Error (line 0, column 0): Stream failed to open
L 10/27/2014 - 22:26:35: [basecommands.smx] Could not parse file (line 12, file "addons\sourcemod\configs\adminmenu_cfgs.txt"):
L 10/27/2014 - 22:26:35: [basecommands.smx] Parser encountered error: Section ending without a matching section beginning
L 10/27/2014 - 22:26:35: [sm_cmdx.smx] Unable to locate overrides file.
L 10/27/2014 - 22:41:37: Error log file session closed.
L 10/27/2014 - 22:41:37: SourceMod error session started
L 10/27/2014 - 22:41:37: Info (map "wsf_bloodstrike") (file "errors_20141027.log")
L 10/27/2014 - 22:41:37: [SM] Fatal error encountered parsing translation file "namechangepunisher.phrases.txt"
L 10/27/2014 - 22:41:37: [SM] Error (line 0, column 0): Stream failed to open
L 10/27/2014 - 22:41:37: [SM] Fatal error encountered parsing translation file "plugin.supercmds.txt"
L 10/27/2014 - 22:41:37: [SM] Error (line 0, column 0): Stream failed to open
L 10/27/2014 - 22:41:37: [basecommands.smx] Could not parse file (line 12, file "addons\sourcemod\configs\adminmenu_cfgs.txt"):
L 10/27/2014 - 22:41:37: [basecommands.smx] Parser encountered error: Section ending without a matching section beginning
L 10/27/2014 - 22:41:37: [sm_cmdx.smx] Unable to locate overrides file.
L 10/27/2014 - 22:43:42: [SM] Native "EquipPlayerWeapon" reported: NULL not allowed
L 10/27/2014 - 22:43:42: [SM] Displaying call stack trace for plugin "!dao.smx":
L 10/27/2014 - 22:43:42: [SM]   [0]  Line 279, D:\CSGO\csgo±‡“Î∆˜\!dao.sp::fadao()
L 10/27/2014 - 22:43:43: [SM] Native "EquipPlayerWeapon" reported: NULL not allowed
L 10/27/2014 - 22:43:43: [SM] Displaying call stack trace for plugin "!dao.smx":
L 10/27/2014 - 22:43:43: [SM]   [0]  Line 279, D:\CSGO\csgo±‡“Î∆˜\!dao.sp::fadao()
L 10/27/2014 - 22:43:57: [SM] Native "PrintToChat" reported: Client 6 is not in game
L 10/27/2014 - 22:43:57: [SM] Displaying call stack trace for plugin "!dao.smx":
L 10/27/2014 - 22:43:57: [SM]   [0]  Line 79, D:\CSGO\csgo±‡“Î∆˜\!dao.sp::Timer_knifemsg()
L 10/27/2014 - 22:44:10: [SM] Native "EquipPlayerWeapon" reported: NULL not allowed
L 10/27/2014 - 22:44:10: [SM] Displaying call stack trace for plugin "!dao.smx":
L 10/27/2014 - 22:44:10: [SM]   [0]  Line 279, D:\CSGO\csgo±‡“Î∆˜\!dao.sp::fadao()
L 10/27/2014 - 22:44:10: [SM] Native "EquipPlayerWeapon" reported: NULL not allowed
L 10/27/2014 - 22:44:10: [SM] Displaying call stack trace for plugin "!dao.smx":
L 10/27/2014 - 22:44:10: [SM]   [0]  Line 279, D:\CSGO\csgo±‡“Î∆˜\!dao.sp::fadao()
L 10/27/2014 - 22:44:35: [SM] Native "EquipPlayerWeapon" reported: NULL not allowed
L 10/27/2014 - 22:44:35: [SM] Displaying call stack trace for plugin "!dao.smx":
L 10/27/2014 - 22:44:35: [SM]   [0]  Line 279, D:\CSGO\csgo±‡“Î∆˜\!dao.sp::fadao()
L 10/27/2014 - 22:44:35: [SM] Native "EquipPlayerWeapon" reported: NULL not allowed
L 10/27/2014 - 22:44:35: [SM] Displaying call stack trace for plugin "!dao.smx":
L 10/27/2014 - 22:44:35: [SM]   [0]  Line 279, D:\CSGO\csgo±‡“Î∆˜\!dao.sp::fadao()
L 10/27/2014 - 22:44:57: [SM] Native "EquipPlayerWeapon" reported: NULL not allowed
L 10/27/2014 - 22:44:57: [SM] Displaying call stack trace for plugin "!dao.smx":
L 10/27/2014 - 22:44:57: [SM]   [0]  Line 279, D:\CSGO\csgo±‡“Î∆˜\!dao.sp::fadao()
L 10/27/2014 - 22:44:58: [SM] Native "EquipPlayerWeapon" reported: NULL not allowed
L 10/27/2014 - 22:44:58: [SM] Displaying call stack trace for plugin "!dao.smx":
L 10/27/2014 - 22:44:58: [SM]   [0]  Line 279, D:\CSGO\csgo±‡“Î∆˜\!dao.sp::fadao()
L 10/27/2014 - 22:44:59: [SM] Native "EquipPlayerWeapon" reported: NULL not allowed
L 10/27/2014 - 22:44:59: [SM] Displaying call stack trace for plugin "!dao.smx":
L 10/27/2014 - 22:44:59: [SM]   [0]  Line 279, D:\CSGO\csgo±‡“Î∆˜\!dao.sp::fadao()
L 10/27/2014 - 22:44:59: [SM] Native "EquipPlayerWeapon" reported: NULL not allowed
L 10/27/2014 - 22:44:59: [SM] Displaying call stack trace for plugin "!dao.smx":
L 10/27/2014 - 22:44:59: [SM]   [0]  Line 279, D:\CSGO\csgo±‡“Î∆˜\!dao.sp::fadao()
L 10/27/2014 - 22:45:16: [SM] Native "EquipPlayerWeapon" reported: NULL not allowed
L 10/27/2014 - 22:45:16: [SM] Displaying call stack trace for plugin "!dao.smx":
L 10/27/2014 - 22:45:16: [SM]   [0]  Line 279, D:\CSGO\csgo±‡“Î∆˜\!dao.sp::fadao()
L 10/27/2014 - 22:45:16: [SM] Native "EquipPlayerWeapon" reported: NULL not allowed
L 10/27/2014 - 22:45:16: [SM] Displaying call stack trace for plugin "!dao.smx":
L 10/27/2014 - 22:45:16: [SM]   [0]  Line 279, D:\CSGO\csgo±‡“Î∆˜\!dao.sp::fadao()
L 10/27/2014 - 22:45:44: [SM] Native "EquipPlayerWeapon" reported: NULL not allowed
L 10/27/2014 - 22:45:44: [SM] Displaying call stack trace for plugin "!dao.smx":
L 10/27/2014 - 22:45:44: [SM]   [0]  Line 279, D:\CSGO\csgo±‡“Î∆˜\!dao.sp::fadao()
L 10/27/2014 - 22:45:45: [SM] Native "EquipPlayerWeapon" reported: NULL not allowed
L 10/27/2014 - 22:45:45: [SM] Displaying call stack trace for plugin "!dao.smx":
L 10/27/2014 - 22:45:45: [SM]   [0]  Line 279, D:\CSGO\csgo±‡“Î∆˜\!dao.sp::fadao()
L 10/27/2014 - 22:52:40: [SM] Native "EquipPlayerWeapon" reported: NULL not allowed
L 10/27/2014 - 22:52:40: [SM] Displaying call stack trace for plugin "!dao.smx":
L 10/27/2014 - 22:52:40: [SM]   [0]  Line 279, D:\CSGO\csgo±‡“Î∆˜\!dao.sp::fadao()
L 10/27/2014 - 22:52:40: [SM] Native "EquipPlayerWeapon" reported: NULL not allowed
L 10/27/2014 - 22:52:40: [SM] Displaying call stack trace for plugin "!dao.smx":
L 10/27/2014 - 22:52:40: [SM]   [0]  Line 279, D:\CSGO\csgo±‡“Î∆˜\!dao.sp::fadao()
L 10/27/2014 - 22:52:55: [SM] Native "EquipPlayerWeapon" reported: NULL not allowed
L 10/27/2014 - 22:52:55: [SM] Displaying call stack trace for plugin "!dao.smx":
L 10/27/2014 - 22:52:55: [SM]   [0]  Line 279, D:\CSGO\csgo±‡“Î∆˜\!dao.sp::fadao()
L 10/27/2014 - 22:52:55: [SM] Native "EquipPlayerWeapon" reported: NULL not allowed
L 10/27/2014 - 22:52:55: [SM] Displaying call stack trace for plugin "!dao.smx":
L 10/27/2014 - 22:52:55: [SM]   [0]  Line 279, D:\CSGO\csgo±‡“Î∆˜\!dao.sp::fadao()
L 10/27/2014 - 22:53:14: [SM] Native "EquipPlayerWeapon" reported: NULL not allowed
L 10/27/2014 - 22:53:14: [SM] Displaying call stack trace for plugin "!dao.smx":
L 10/27/2014 - 22:53:14: [SM]   [0]  Line 279, D:\CSGO\csgo±‡“Î∆˜\!dao.sp::fadao()
L 10/27/2014 - 22:53:14: [SM] Native "EquipPlayerWeapon" reported: NULL not allowed
L 10/27/2014 - 22:53:14: [SM] Displaying call stack trace for plugin "!dao.smx":
L 10/27/2014 - 22:53:14: [SM]   [0]  Line 279, D:\CSGO\csgo±‡“Î∆˜\!dao.sp::fadao()
L 10/27/2014 - 22:53:23: [SM] Native "EquipPlayerWeapon" reported: NULL not allowed
L 10/27/2014 - 22:53:23: [SM] Displaying call stack trace for plugin "!dao.smx":
L 10/27/2014 - 22:53:23: [SM]   [0]  Line 279, D:\CSGO\csgo±‡“Î∆˜\!dao.sp::fadao()
L 10/27/2014 - 22:53:23: [SM] Native "EquipPlayerWeapon" reported: NULL not allowed
L 10/27/2014 - 22:53:23: [SM] Displaying call stack trace for plugin "!dao.smx":
L 10/27/2014 - 22:53:23: [SM]   [0]  Line 279, D:\CSGO\csgo±‡“Î∆˜\!dao.sp::fadao()
L 10/27/2014 - 22:54:03: [SM] Native "EquipPlayerWeapon" reported: NULL not allowed
L 10/27/2014 - 22:54:03: [SM] Displaying call stack trace for plugin "!dao.smx":
L 10/27/2014 - 22:54:03: [SM]   [0]  Line 279, D:\CSGO\csgo±‡“Î∆˜\!dao.sp::fadao()
L 10/27/2014 - 22:54:03: [SM] Native "EquipPlayerWeapon" reported: NULL not allowed
L 10/27/2014 - 22:54:03: [SM] Displaying call stack trace for plugin "!dao.smx":
L 10/27/2014 - 22:54:03: [SM]   [0]  Line 279, D:\CSGO\csgo±‡“Î∆˜\!dao.sp::fadao()
L 10/27/2014 - 22:54:33: [SM] Native "EquipPlayerWeapon" reported: NULL not allowed
L 10/27/2014 - 22:54:33: [SM] Displaying call stack trace for plugin "!dao.smx":
L 10/27/2014 - 22:54:33: [SM]   [0]  Line 279, D:\CSGO\csgo±‡“Î∆˜\!dao.sp::fadao()
L 10/27/2014 - 22:54:33: [SM] Native "EquipPlayerWeapon" reported: NULL not allowed
L 10/27/2014 - 22:54:33: [SM] Displaying call stack trace for plugin "!dao.smx":
L 10/27/2014 - 22:54:33: [SM]   [0]  Line 279, D:\CSGO\csgo±‡“Î∆˜\!dao.sp::fadao()
L 10/27/2014 - 22:54:45: [SM] Native "EquipPlayerWeapon" reported: NULL not allowed
L 10/27/2014 - 22:54:45: [SM] Displaying call stack trace for plugin "!dao.smx":
L 10/27/2014 - 22:54:45: [SM]   [0]  Line 279, D:\CSGO\csgo±‡“Î∆˜\!dao.sp::fadao()
L 10/27/2014 - 22:54:46: [SM] Native "EquipPlayerWeapon" reported: NULL not allowed
L 10/27/2014 - 22:54:46: [SM] Displaying call stack trace for plugin "!dao.smx":
L 10/27/2014 - 22:54:46: [SM]   [0]  Line 279, D:\CSGO\csgo±‡“Î∆˜\!dao.sp::fadao()
L 10/27/2014 - 22:55:00: [SM] Native "EquipPlayerWeapon" reported: NULL not allowed
L 10/27/2014 - 22:55:00: [SM] Displaying call stack trace for plugin "!dao.smx":
L 10/27/2014 - 22:55:00: [SM]   [0]  Line 279, D:\CSGO\csgo±‡“Î∆˜\!dao.sp::fadao()
L 10/27/2014 - 22:55:00: [SM] Native "EquipPlayerWeapon" reported: NULL not allowed
L 10/27/2014 - 22:55:00: [SM] Displaying call stack trace for plugin "!dao.smx":
L 10/27/2014 - 22:55:00: [SM]   [0]  Line 279, D:\CSGO\csgo±‡“Î∆˜\!dao.sp::fadao()
L 10/27/2014 - 22:55:14: [SM] Native "EquipPlayerWeapon" reported: NULL not allowed
L 10/27/2014 - 22:55:14: [SM] Displaying call stack trace for plugin "!dao.smx":
L 10/27/2014 - 22:55:14: [SM]   [0]  Line 279, D:\CSGO\csgo±‡“Î∆˜\!dao.sp::fadao()
L 10/27/2014 - 22:55:15: [SM] Native "EquipPlayerWeapon" reported: NULL not allowed
L 10/27/2014 - 22:55:15: [SM] Displaying call stack trace for plugin "!dao.smx":
L 10/27/2014 - 22:55:15: [SM]   [0]  Line 279, D:\CSGO\csgo±‡“Î∆˜\!dao.sp::fadao()
L 10/27/2014 - 22:55:22: [SM] Native "EquipPlayerWeapon" reported: NULL not allowed
L 10/27/2014 - 22:55:22: [SM] Displaying call stack trace for plugin "!dao.smx":
L 10/27/2014 - 22:55:22: [SM]   [0]  Line 279, D:\CSGO\csgo±‡“Î∆˜\!dao.sp::fadao()
L 10/27/2014 - 22:55:23: [SM] Native "EquipPlayerWeapon" reported: NULL not allowed
L 10/27/2014 - 22:55:23: [SM] Displaying call stack trace for plugin "!dao.smx":
L 10/27/2014 - 22:55:23: [SM]   [0]  Line 279, D:\CSGO\csgo±‡“Î∆˜\!dao.sp::fadao()
L 10/27/2014 - 22:55:55: [SM] Native "CS_RespawnPlayer" reported: Client index 5 is not valid
L 10/27/2014 - 22:55:55: [SM] Displaying call stack trace for plugin "warmod.smx":
L 10/27/2014 - 22:55:55: [SM]   [0]  Line 4880, D:\CSGO\csgo±‡“Î∆˜\warmod.sp::RespawnPlayer()
L 10/27/2014 - 22:56:15: [SM] Native "PrintToChat" reported: Client 5 is not in game
L 10/27/2014 - 22:56:15: [SM] Displaying call stack trace for plugin "!dao.smx":
L 10/27/2014 - 22:56:15: [SM]   [0]  Line 79, D:\CSGO\csgo±‡“Î∆˜\!dao.sp::Timer_knifemsg()
L 10/27/2014 - 23:01:24: Error log file session closed.
L 10/27/2014 - 23:01:24: SourceMod error session started
L 10/27/2014 - 23:01:24: Info (map "de_dust2") (file "errors_20141027.log")
L 10/27/2014 - 23:01:24: [SM] Fatal error encountered parsing translation file "namechangepunisher.phrases.txt"
L 10/27/2014 - 23:01:24: [SM] Error (line 0, column 0): Stream failed to open
L 10/27/2014 - 23:01:24: [SM] Fatal error encountered parsing translation file "plugin.supercmds.txt"
L 10/27/2014 - 23:01:24: [SM] Error (line 0, column 0): Stream failed to open
L 10/27/2014 - 23:01:24: [basecommands.smx] Could not parse file (line 12, file "addons\sourcemod\configs\adminmenu_cfgs.txt"):
L 10/27/2014 - 23:01:24: [basecommands.smx] Parser encountered error: Section ending without a matching section beginning
L 10/27/2014 - 23:01:24: [sm_cmdx.smx] Unable to locate overrides file.
L 10/27/2014 - 23:11:53: [SM] Native "CS_RespawnPlayer" reported: Client index 9 is not valid
L 10/27/2014 - 23:11:53: [SM] Displaying call stack trace for plugin "warmod.smx":
L 10/27/2014 - 23:11:53: [SM]   [0]  Line 4880, D:\CSGO\csgo±‡“Î∆˜\warmod.sp::RespawnPlayer()
L 10/27/2014 - 23:12:13: [SM] Native "PrintToChat" reported: Client 9 is not in game
L 10/27/2014 - 23:12:13: [SM] Displaying call stack trace for plugin "!dao.smx":
L 10/27/2014 - 23:12:13: [SM]   [0]  Line 79, D:\CSGO\csgo±‡“Î∆˜\!dao.sp::Timer_knifemsg()
L 10/27/2014 - 23:20:08: [SM] Native "PrintToChat" reported: Client 12 is not in game
L 10/27/2014 - 23:20:08: [SM] Displaying call stack trace for plugin "!dao.smx":
L 10/27/2014 - 23:20:08: [SM]   [0]  Line 79, D:\CSGO\csgo±‡“Î∆˜\!dao.sp::Timer_knifemsg()
L 10/27/2014 - 23:45:06: Error log file session closed.
L 10/27/2014 - 23:45:06: SourceMod error session started
L 10/27/2014 - 23:45:06: Info (map "de_mirage") (file "errors_20141027.log")
L 10/27/2014 - 23:45:06: [SM] Fatal error encountered parsing translation file "namechangepunisher.phrases.txt"
L 10/27/2014 - 23:45:06: [SM] Error (line 0, column 0): Stream failed to open
L 10/27/2014 - 23:45:06: [SM] Fatal error encountered parsing translation file "plugin.supercmds.txt"
L 10/27/2014 - 23:45:06: [SM] Error (line 0, column 0): Stream failed to open
L 10/27/2014 - 23:45:07: [basecommands.smx] Could not parse file (line 12, file "addons\sourcemod\configs\adminmenu_cfgs.txt"):
L 10/27/2014 - 23:45:07: [basecommands.smx] Parser encountered error: Section ending without a matching section beginning
L 10/27/2014 - 23:45:07: [sm_cmdx.smx] Unable to locate overrides file.
L 10/27/2014 - 23:45:08: Error log file session closed.
L 10/27/2014 - 23:45:08: SourceMod error session started
L 10/27/2014 - 23:45:08: Info (map "de_inferno") (file "errors_20141027.log")
L 10/27/2014 - 23:45:08: [SM] Fatal error encountered parsing translation file "namechangepunisher.phrases.txt"
L 10/27/2014 - 23:45:08: [SM] Error (line 0, column 0): Stream failed to open
L 10/27/2014 - 23:45:08: [SM] Fatal error encountered parsing translation file "plugin.supercmds.txt"
L 10/27/2014 - 23:45:08: [SM] Error (line 0, column 0): Stream failed to open
L 10/27/2014 - 23:45:09: [basecommands.smx] Could not parse file (line 12, file "addons\sourcemod\configs\adminmenu_cfgs.txt"):
L 10/27/2014 - 23:45:09: [basecommands.smx] Parser encountered error: Section ending without a matching section beginning
L 10/27/2014 - 23:45:09: [sm_cmdx.smx] Unable to locate overrides file.
L 10/27/2014 - 23:45:37: [SM] Native "PrintToChat" reported: Client 4 is not in game
L 10/27/2014 - 23:45:37: [SM] Displaying call stack trace for plugin "!dao.smx":
L 10/27/2014 - 23:45:37: [SM]   [0]  Line 79, D:\CSGO\csgo±‡“Î∆˜\!dao.sp::Timer_knifemsg()
L 10/27/2014 - 23:50:15: [SM] Native "PrintToChat" reported: Client 8 is not in game
L 10/27/2014 - 23:50:15: [SM] Displaying call stack trace for plugin "!dao.smx":
L 10/27/2014 - 23:50:15: [SM]   [0]  Line 79, D:\CSGO\csgo±‡“Î∆˜\!dao.sp::Timer_knifemsg()
L 10/27/2014 - 23:51:16: SourceMod error session started
L 10/27/2014 - 23:51:16: Info (map "de_dust2") (file "errors_20141027.log")
L 10/27/2014 - 23:51:16: [SM] Unable to load extension "curl.ext": ”¶”√≥Ã–ÚŒﬁ∑®∆Ù∂Ø£¨“ÚŒ™”¶”√≥Ã–Úµƒ≤¢––≈‰÷√≤ª’˝»∑°£”–πÿœÍœ∏–≈œ¢£¨«Î≤Œ‘ƒ”¶”√≥Ã–Ú ¬º˛»’÷æ£¨ªÚ π”√√¸¡Ó–– sxstrace.exe π§æﬂ°£

L 10/27/2014 - 23:51:16: [SM] Fatal error encountered parsing translation file "namechangepunisher.phrases.txt"
L 10/27/2014 - 23:51:16: [SM] Error (line 0, column 0): Stream failed to open
L 10/27/2014 - 23:51:16: [SM] Fatal error encountered parsing translation file "plugin.supercmds.txt"
L 10/27/2014 - 23:51:16: [SM] Error (line 0, column 0): Stream failed to open
L 10/27/2014 - 23:51:16: [SM] Error parsing gameconfig file "D:\steam\steamapps\common\Counter-Strike\csgo\addons\sourcemod\gamedata\supercmds.gamedata.txt":
L 10/27/2014 - 23:51:16: [SM] Error 1 on line 0, col 0: Stream failed to open
L 10/27/2014 - 23:51:16: [SM] Native "LoadGameConfigFile" reported: Unable to open supercmds.gamedata: File could not be opened: œµÕ≥’“≤ªµΩ÷∏∂®µƒŒƒº˛°£

L 10/27/2014 - 23:51:16: [SM] Displaying call stack trace for plugin "sm_cmdx.smx":
L 10/27/2014 - 23:51:16: [SM]   [0]  Line 108, D:\CSGO\csgo±‡“Î∆˜\sm_cmdx.sp::OnPluginStart()
L 10/27/2014 - 23:51:17: [basecommands.smx] Could not parse file (line 12, file "addons\sourcemod\configs\adminmenu_cfgs.txt"):
L 10/27/2014 - 23:51:17: [basecommands.smx] Parser encountered error: Section ending without a matching section beginning
