L 11/03/2014 - 00:29:09: SourceMod error session started
L 11/03/2014 - 00:29:09: Info (map "de_overpass") (file "errors_20141103.log")
L 11/03/2014 - 00:29:09: Error log file session closed.
L 11/03/2014 - 00:29:09: SourceMod error session started
L 11/03/2014 - 00:29:09: Info (map "de_overpass") (file "errors_20141103.log")
L 11/03/2014 - 00:29:09: [SM] Fatal error encountered parsing translation file "namechangepunisher.phrases.txt"
L 11/03/2014 - 00:29:09: [SM] Error (line 0, column 0): Stream failed to open
L 11/03/2014 - 00:29:09: [SM] Fatal error encountered parsing translation file "plugin.supercmds.txt"
L 11/03/2014 - 00:29:09: [SM] Error (line 0, column 0): Stream failed to open
L 11/03/2014 - 00:29:09: [basecommands.smx] Could not parse file (line 12, file "addons\sourcemod\configs\adminmenu_cfgs.txt"):
L 11/03/2014 - 00:29:09: [basecommands.smx] Parser encountered error: Section ending without a matching section beginning
L 11/03/2014 - 00:29:09: [sm_cmdx.smx] Unable to locate overrides file.
L 11/03/2014 - 00:29:23: Error log file session closed.
L 11/03/2014 - 00:29:23: SourceMod error session started
L 11/03/2014 - 00:29:23: Info (map "de_dust2") (file "errors_20141103.log")
L 11/03/2014 - 00:29:23: [SM] Fatal error encountered parsing translation file "namechangepunisher.phrases.txt"
L 11/03/2014 - 00:29:23: [SM] Error (line 0, column 0): Stream failed to open
L 11/03/2014 - 00:29:23: [SM] Fatal error encountered parsing translation file "plugin.supercmds.txt"
L 11/03/2014 - 00:29:23: [SM] Error (line 0, column 0): Stream failed to open
L 11/03/2014 - 00:29:23: [basecommands.smx] Could not parse file (line 12, file "addons\sourcemod\configs\adminmenu_cfgs.txt"):
L 11/03/2014 - 00:29:23: [basecommands.smx] Parser encountered error: Section ending without a matching section beginning
L 11/03/2014 - 00:29:23: [sm_cmdx.smx] Unable to locate overrides file.
L 11/03/2014 - 00:42:06: Error log file session closed.
L 11/03/2014 - 00:42:06: SourceMod error session started
L 11/03/2014 - 00:42:06: Info (map "de_dust2") (file "errors_20141103.log")
L 11/03/2014 - 00:42:06: [SM] Fatal error encountered parsing translation file "namechangepunisher.phrases.txt"
L 11/03/2014 - 00:42:06: [SM] Error (line 0, column 0): Stream failed to open
L 11/03/2014 - 00:42:06: [SM] Fatal error encountered parsing translation file "plugin.supercmds.txt"
L 11/03/2014 - 00:42:06: [SM] Error (line 0, column 0): Stream failed to open
L 11/03/2014 - 00:42:07: [basecommands.smx] Could not parse file (line 12, file "addons\sourcemod\configs\adminmenu_cfgs.txt"):
L 11/03/2014 - 00:42:07: [basecommands.smx] Parser encountered error: Section ending without a matching section beginning
L 11/03/2014 - 00:42:07: [sm_cmdx.smx] Unable to locate overrides file.
L 11/03/2014 - 00:50:25: Error log file session closed.
L 11/03/2014 - 00:50:25: SourceMod error session started
L 11/03/2014 - 00:50:25: Info (map "de_dust2") (file "errors_20141103.log")
L 11/03/2014 - 00:50:25: [SM] Fatal error encountered parsing translation file "namechangepunisher.phrases.txt"
L 11/03/2014 - 00:50:25: [SM] Error (line 0, column 0): Stream failed to open
L 11/03/2014 - 00:50:25: [SM] Fatal error encountered parsing translation file "plugin.supercmds.txt"
L 11/03/2014 - 00:50:25: [SM] Error (line 0, column 0): Stream failed to open
L 11/03/2014 - 00:50:25: [basecommands.smx] Could not parse file (line 12, file "addons\sourcemod\configs\adminmenu_cfgs.txt"):
L 11/03/2014 - 00:50:25: [basecommands.smx] Parser encountered error: Section ending without a matching section beginning
L 11/03/2014 - 00:50:25: [sm_cmdx.smx] Unable to locate overrides file.
L 11/03/2014 - 00:50:43: [SM] Native "CS_RespawnPlayer" reported: Client index 2 is not valid
L 11/03/2014 - 00:50:43: [SM] Displaying call stack trace for plugin "warmod11111.smx":
L 11/03/2014 - 00:50:43: [SM]   [0]  Line 1845, D:\CSGO\csgo编译器\warmod11111.sp::RespawnPlayer()
L 11/03/2014 - 01:05:38: Error log file session closed.
L 11/03/2014 - 01:05:38: SourceMod error session started
L 11/03/2014 - 01:05:38: Info (map "de_dust2") (file "errors_20141103.log")
L 11/03/2014 - 01:05:38: [SM] Fatal error encountered parsing translation file "namechangepunisher.phrases.txt"
L 11/03/2014 - 01:05:38: [SM] Error (line 0, column 0): Stream failed to open
L 11/03/2014 - 01:05:38: [SM] Fatal error encountered parsing translation file "plugin.supercmds.txt"
L 11/03/2014 - 01:05:38: [SM] Error (line 0, column 0): Stream failed to open
L 11/03/2014 - 01:05:39: [basecommands.smx] Could not parse file (line 12, file "addons\sourcemod\configs\adminmenu_cfgs.txt"):
L 11/03/2014 - 01:05:39: [basecommands.smx] Parser encountered error: Section ending without a matching section beginning
L 11/03/2014 - 01:05:39: [sm_cmdx.smx] Unable to locate overrides file.
L 11/03/2014 - 01:07:24: Error log file session closed.
L 11/03/2014 - 01:07:24: SourceMod error session started
L 11/03/2014 - 01:07:24: Info (map "de_dust2") (file "errors_20141103.log")
L 11/03/2014 - 01:07:24: [SM] Fatal error encountered parsing translation file "namechangepunisher.phrases.txt"
L 11/03/2014 - 01:07:24: [SM] Error (line 0, column 0): Stream failed to open
L 11/03/2014 - 01:07:24: [SM] Fatal error encountered parsing translation file "plugin.supercmds.txt"
L 11/03/2014 - 01:07:24: [SM] Error (line 0, column 0): Stream failed to open
L 11/03/2014 - 01:07:25: [basecommands.smx] Could not parse file (line 12, file "addons\sourcemod\configs\adminmenu_cfgs.txt"):
L 11/03/2014 - 01:07:25: [basecommands.smx] Parser encountered error: Section ending without a matching section beginning
L 11/03/2014 - 01:07:25: [sm_cmdx.smx] Unable to locate overrides file.
L 11/03/2014 - 01:07:41: Error log file session closed.
L 11/03/2014 - 01:07:41: SourceMod error session started
L 11/03/2014 - 01:07:41: Info (map "wsf_bloodstrike") (file "errors_20141103.log")
L 11/03/2014 - 01:07:41: [SM] Fatal error encountered parsing translation file "namechangepunisher.phrases.txt"
L 11/03/2014 - 01:07:41: [SM] Error (line 0, column 0): Stream failed to open
L 11/03/2014 - 01:07:41: [SM] Fatal error encountered parsing translation file "plugin.supercmds.txt"
L 11/03/2014 - 01:07:41: [SM] Error (line 0, column 0): Stream failed to open
L 11/03/2014 - 01:07:41: [basecommands.smx] Could not parse file (line 12, file "addons\sourcemod\configs\adminmenu_cfgs.txt"):
L 11/03/2014 - 01:07:41: [basecommands.smx] Parser encountered error: Section ending without a matching section beginning
L 11/03/2014 - 01:07:41: [sm_cmdx.smx] Unable to locate overrides file.
L 11/03/2014 - 01:08:05: [SM] Native "PrintToChat" reported: Client 1 is not in game
L 11/03/2014 - 01:08:05: [SM] Displaying call stack trace for plugin "!dao.smx":
L 11/03/2014 - 01:08:05: [SM]   [0]  Line 79, D:\CSGO\csgo编译器\!dao.sp::Timer_knifemsg()
L 11/03/2014 - 01:34:51: Error log file session closed.
L 11/03/2014 - 01:34:51: SourceMod error session started
L 11/03/2014 - 01:34:51: Info (map "wsf_bloodstrike") (file "errors_20141103.log")
L 11/03/2014 - 01:34:51: [SM] Fatal error encountered parsing translation file "namechangepunisher.phrases.txt"
L 11/03/2014 - 01:34:51: [SM] Error (line 0, column 0): Stream failed to open
L 11/03/2014 - 01:34:51: [SM] Fatal error encountered parsing translation file "plugin.supercmds.txt"
L 11/03/2014 - 01:34:51: [SM] Error (line 0, column 0): Stream failed to open
L 11/03/2014 - 01:34:51: [basecommands.smx] Could not parse file (line 12, file "addons\sourcemod\configs\adminmenu_cfgs.txt"):
L 11/03/2014 - 01:34:51: [basecommands.smx] Parser encountered error: Section ending without a matching section beginning
L 11/03/2014 - 01:34:51: [sm_cmdx.smx] Unable to locate overrides file.
L 11/03/2014 - 01:39:30: [SM] Native "PrintToChat" reported: Client 4 is not in game
L 11/03/2014 - 01:39:30: [SM] Displaying call stack trace for plugin "!dao.smx":
L 11/03/2014 - 01:39:30: [SM]   [0]  Line 79, D:\CSGO\csgo编译器\!dao.sp::Timer_knifemsg()
L 11/03/2014 - 02:40:01: Error log file session closed.
L 11/03/2014 - 02:40:01: SourceMod error session started
L 11/03/2014 - 02:40:01: Info (map "wsf_bloodstrike") (file "errors_20141103.log")
L 11/03/2014 - 02:40:01: [SM] Fatal error encountered parsing translation file "namechangepunisher.phrases.txt"
L 11/03/2014 - 02:40:01: [SM] Error (line 0, column 0): Stream failed to open
L 11/03/2014 - 02:40:01: [SM] Fatal error encountered parsing translation file "plugin.supercmds.txt"
L 11/03/2014 - 02:40:01: [SM] Error (line 0, column 0): Stream failed to open
L 11/03/2014 - 02:40:01: [basecommands.smx] Could not parse file (line 12, file "addons\sourcemod\configs\adminmenu_cfgs.txt"):
L 11/03/2014 - 02:40:01: [basecommands.smx] Parser encountered error: Section ending without a matching section beginning
L 11/03/2014 - 02:40:01: [sm_cmdx.smx] Unable to locate overrides file.
L 11/03/2014 - 19:26:27: Error log file session closed.
L 11/03/2014 - 19:26:27: SourceMod error session started
L 11/03/2014 - 19:26:27: Info (map "wsf_bloodstrike") (file "errors_20141103.log")
L 11/03/2014 - 19:26:27: [SM] Fatal error encountered parsing translation file "namechangepunisher.phrases.txt"
L 11/03/2014 - 19:26:27: [SM] Error (line 0, column 0): Stream failed to open
L 11/03/2014 - 19:26:27: [SM] Fatal error encountered parsing translation file "plugin.supercmds.txt"
L 11/03/2014 - 19:26:27: [SM] Error (line 0, column 0): Stream failed to open
L 11/03/2014 - 19:26:27: [basecommands.smx] Could not parse file (line 12, file "addons\sourcemod\configs\adminmenu_cfgs.txt"):
L 11/03/2014 - 19:26:27: [basecommands.smx] Parser encountered error: Section ending without a matching section beginning
L 11/03/2014 - 19:26:27: [sm_cmdx.smx] Unable to locate overrides file.
L 11/03/2014 - 19:27:02: Error log file session closed.
L 11/03/2014 - 19:27:02: SourceMod error session started
L 11/03/2014 - 19:27:02: Info (map "wsf_bloodstrike") (file "errors_20141103.log")
L 11/03/2014 - 19:27:02: [SM] Fatal error encountered parsing translation file "namechangepunisher.phrases.txt"
L 11/03/2014 - 19:27:02: [SM] Error (line 0, column 0): Stream failed to open
L 11/03/2014 - 19:27:02: [SM] Fatal error encountered parsing translation file "plugin.supercmds.txt"
L 11/03/2014 - 19:27:02: [SM] Error (line 0, column 0): Stream failed to open
L 11/03/2014 - 19:27:03: [basecommands.smx] Could not parse file (line 12, file "addons\sourcemod\configs\adminmenu_cfgs.txt"):
L 11/03/2014 - 19:27:03: [basecommands.smx] Parser encountered error: Section ending without a matching section beginning
L 11/03/2014 - 19:27:03: [sm_cmdx.smx] Unable to locate overrides file.
L 11/03/2014 - 19:37:14: Error log file session closed.
L 11/03/2014 - 19:37:14: SourceMod error session started
L 11/03/2014 - 19:37:14: Info (map "wsf_bloodstrike") (file "errors_20141103.log")
L 11/03/2014 - 19:37:14: [SM] Fatal error encountered parsing translation file "namechangepunisher.phrases.txt"
L 11/03/2014 - 19:37:14: [SM] Error (line 0, column 0): Stream failed to open
L 11/03/2014 - 19:37:14: [SM] Fatal error encountered parsing translation file "plugin.supercmds.txt"
L 11/03/2014 - 19:37:14: [SM] Error (line 0, column 0): Stream failed to open
L 11/03/2014 - 19:37:14: [basecommands.smx] Could not parse file (line 12, file "addons\sourcemod\configs\adminmenu_cfgs.txt"):
L 11/03/2014 - 19:37:14: [basecommands.smx] Parser encountered error: Section ending without a matching section beginning
L 11/03/2014 - 19:37:15: [sm_cmdx.smx] Unable to locate overrides file.
L 11/03/2014 - 19:46:16: SourceMod error session started
L 11/03/2014 - 19:46:16: Info (map "de_mirage") (file "errors_20141103.log")
L 11/03/2014 - 19:46:16: Error log file session closed.
L 11/03/2014 - 19:46:16: SourceMod error session started
L 11/03/2014 - 19:46:16: Info (map "de_mirage") (file "errors_20141103.log")
L 11/03/2014 - 19:46:16: [SM] Fatal error encountered parsing translation file "namechangepunisher.phrases.txt"
L 11/03/2014 - 19:46:16: [SM] Error (line 0, column 0): Stream failed to open
L 11/03/2014 - 19:46:16: [SM] Fatal error encountered parsing translation file "plugin.supercmds.txt"
L 11/03/2014 - 19:46:16: [SM] Error (line 0, column 0): Stream failed to open
L 11/03/2014 - 19:46:16: [basecommands.smx] Could not parse file (line 12, file "addons\sourcemod\configs\adminmenu_cfgs.txt"):
L 11/03/2014 - 19:46:16: [basecommands.smx] Parser encountered error: Section ending without a matching section beginning
L 11/03/2014 - 19:46:16: [sm_cmdx.smx] Unable to locate overrides file.
L 11/03/2014 - 19:54:38: SourceMod error session started
L 11/03/2014 - 19:54:38: Info (map "de_dust2") (file "errors_20141103.log")
L 11/03/2014 - 19:54:38: [SM] Unable to load extension "curl.ext": 应用程序无法启动，因为应用程序的并行配置不正确。有关详细信息，请参阅应用程序事件日志，或使用命令行 sxstrace.exe 工具。

L 11/03/2014 - 19:54:38: [SM] Fatal error encountered parsing translation file "namechangepunisher.phrases.txt"
L 11/03/2014 - 19:54:38: [SM] Error (line 0, column 0): Stream failed to open
L 11/03/2014 - 19:54:38: [SM] Fatal error encountered parsing translation file "plugin.supercmds.txt"
L 11/03/2014 - 19:54:38: [SM] Error (line 0, column 0): Stream failed to open
L 11/03/2014 - 19:54:38: [SM] Error parsing gameconfig file "D:\steam\steamapps\common\Counter-Strike\csgo\addons\sourcemod\gamedata\supercmds.gamedata.txt":
L 11/03/2014 - 19:54:38: [SM] Error 1 on line 0, col 0: Stream failed to open
L 11/03/2014 - 19:54:38: [SM] Native "LoadGameConfigFile" reported: Unable to open supercmds.gamedata: File could not be opened: 系统找不到指定的文件。

L 11/03/2014 - 19:54:38: [SM] Displaying call stack trace for plugin "sm_cmdx.smx":
L 11/03/2014 - 19:54:38: [SM]   [0]  Line 108, D:\CSGO\csgo编译器\sm_cmdx.sp::OnPluginStart()
L 11/03/2014 - 19:54:39: [basecommands.smx] Could not parse file (line 12, file "addons\sourcemod\configs\adminmenu_cfgs.txt"):
L 11/03/2014 - 19:54:39: [basecommands.smx] Parser encountered error: Section ending without a matching section beginning
L 11/03/2014 - 21:51:47: SourceMod error session started
L 11/03/2014 - 21:51:47: Info (map "de_dust2") (file "errors_20141103.log")
L 11/03/2014 - 21:51:47: [SM] Unable to load extension "curl.ext": 应用程序无法启动，因为应用程序的并行配置不正确。有关详细信息，请参阅应用程序事件日志，或使用命令行 sxstrace.exe 工具。

L 11/03/2014 - 21:51:47: [SM] Fatal error encountered parsing translation file "namechangepunisher.phrases.txt"
L 11/03/2014 - 21:51:47: [SM] Error (line 0, column 0): Stream failed to open
L 11/03/2014 - 21:51:47: [SM] Fatal error encountered parsing translation file "plugin.supercmds.txt"
L 11/03/2014 - 21:51:47: [SM] Error (line 0, column 0): Stream failed to open
L 11/03/2014 - 21:51:47: [SM] Error parsing gameconfig file "D:\steam\steamapps\common\Counter-Strike\csgo\addons\sourcemod\gamedata\supercmds.gamedata.txt":
L 11/03/2014 - 21:51:47: [SM] Error 1 on line 0, col 0: Stream failed to open
L 11/03/2014 - 21:51:47: [SM] Native "LoadGameConfigFile" reported: Unable to open supercmds.gamedata: File could not be opened: 系统找不到指定的文件。

L 11/03/2014 - 21:51:47: [SM] Displaying call stack trace for plugin "sm_cmdx.smx":
L 11/03/2014 - 21:51:47: [SM]   [0]  Line 108, D:\CSGO\csgo编译器\sm_cmdx.sp::OnPluginStart()
L 11/03/2014 - 21:51:50: [basecommands.smx] Could not parse file (line 12, file "addons\sourcemod\configs\adminmenu_cfgs.txt"):
L 11/03/2014 - 21:51:50: [basecommands.smx] Parser encountered error: Section ending without a matching section beginning
L 11/03/2014 - 21:53:33: Error log file session closed.
L 11/03/2014 - 21:53:33: SourceMod error session started
L 11/03/2014 - 21:53:33: Info (map "de_dust2") (file "errors_20141103.log")
L 11/03/2014 - 21:53:33: [SM] Fatal error encountered parsing translation file "namechangepunisher.phrases.txt"
L 11/03/2014 - 21:53:33: [SM] Error (line 0, column 0): Stream failed to open
L 11/03/2014 - 21:53:33: [SM] Fatal error encountered parsing translation file "plugin.supercmds.txt"
L 11/03/2014 - 21:53:33: [SM] Error (line 0, column 0): Stream failed to open
L 11/03/2014 - 21:53:33: [basecommands.smx] Could not parse file (line 12, file "addons\sourcemod\configs\adminmenu_cfgs.txt"):
L 11/03/2014 - 21:53:33: [basecommands.smx] Parser encountered error: Section ending without a matching section beginning
L 11/03/2014 - 21:53:33: [UPDATER] --- BEGIN ERRORS FROM AUTOMATIC UPDATER ---
L 11/03/2014 - 21:53:33: [UPDATER] Could not download "http://update.sourcemod.net/update/"
L 11/03/2014 - 21:53:33: [UPDATER] Error: Failure when receiving data from the peer
L 11/03/2014 - 21:53:33: [UPDATER] --- END ERRORS FROM AUTOMATIC UPDATER ---
L 11/03/2014 - 21:53:33: [sm_cmdx.smx] Unable to locate overrides file.
L 11/03/2014 - 22:03:24: Error log file session closed.
L 11/03/2014 - 22:03:24: SourceMod error session started
L 11/03/2014 - 22:03:24: Info (map "de_dust2") (file "errors_20141103.log")
L 11/03/2014 - 22:03:24: [SM] Fatal error encountered parsing translation file "namechangepunisher.phrases.txt"
L 11/03/2014 - 22:03:24: [SM] Error (line 0, column 0): Stream failed to open
L 11/03/2014 - 22:03:24: [SM] Fatal error encountered parsing translation file "plugin.supercmds.txt"
L 11/03/2014 - 22:03:24: [SM] Error (line 0, column 0): Stream failed to open
L 11/03/2014 - 22:03:25: [basecommands.smx] Could not parse file (line 12, file "addons\sourcemod\configs\adminmenu_cfgs.txt"):
L 11/03/2014 - 22:03:25: [basecommands.smx] Parser encountered error: Section ending without a matching section beginning
L 11/03/2014 - 22:03:25: [sm_cmdx.smx] Unable to locate overrides file.
L 11/03/2014 - 22:04:42: Error log file session closed.
L 11/03/2014 - 22:04:42: SourceMod error session started
L 11/03/2014 - 22:04:42: Info (map "de_dust2") (file "errors_20141103.log")
L 11/03/2014 - 22:04:42: [SM] Fatal error encountered parsing translation file "namechangepunisher.phrases.txt"
L 11/03/2014 - 22:04:42: [SM] Error (line 0, column 0): Stream failed to open
L 11/03/2014 - 22:04:42: [SM] Fatal error encountered parsing translation file "plugin.supercmds.txt"
L 11/03/2014 - 22:04:42: [SM] Error (line 0, column 0): Stream failed to open
L 11/03/2014 - 22:04:42: [basecommands.smx] Could not parse file (line 12, file "addons\sourcemod\configs\adminmenu_cfgs.txt"):
L 11/03/2014 - 22:04:42: [basecommands.smx] Parser encountered error: Section ending without a matching section beginning
L 11/03/2014 - 22:04:42: [sm_cmdx.smx] Unable to locate overrides file.
L 11/03/2014 - 22:09:08: Error log file session closed.
L 11/03/2014 - 22:09:08: SourceMod error session started
L 11/03/2014 - 22:09:08: Info (map "de_dust2") (file "errors_20141103.log")
L 11/03/2014 - 22:09:08: [SM] Fatal error encountered parsing translation file "namechangepunisher.phrases.txt"
L 11/03/2014 - 22:09:08: [SM] Error (line 0, column 0): Stream failed to open
L 11/03/2014 - 22:09:08: [SM] Fatal error encountered parsing translation file "plugin.supercmds.txt"
L 11/03/2014 - 22:09:08: [SM] Error (line 0, column 0): Stream failed to open
L 11/03/2014 - 22:09:08: [basecommands.smx] Could not parse file (line 12, file "addons\sourcemod\configs\adminmenu_cfgs.txt"):
L 11/03/2014 - 22:09:08: [basecommands.smx] Parser encountered error: Section ending without a matching section beginning
L 11/03/2014 - 22:09:08: [sm_cmdx.smx] Unable to locate overrides file.
L 11/03/2014 - 22:11:44: Error log file session closed.
L 11/03/2014 - 22:11:44: SourceMod error session started
L 11/03/2014 - 22:11:44: Info (map "de_dust2") (file "errors_20141103.log")
L 11/03/2014 - 22:11:44: [SM] Fatal error encountered parsing translation file "namechangepunisher.phrases.txt"
L 11/03/2014 - 22:11:44: [SM] Error (line 0, column 0): Stream failed to open
L 11/03/2014 - 22:11:44: [SM] Fatal error encountered parsing translation file "plugin.supercmds.txt"
L 11/03/2014 - 22:11:44: [SM] Error (line 0, column 0): Stream failed to open
L 11/03/2014 - 22:11:45: [basecommands.smx] Could not parse file (line 12, file "addons\sourcemod\configs\adminmenu_cfgs.txt"):
L 11/03/2014 - 22:11:45: [basecommands.smx] Parser encountered error: Section ending without a matching section beginning
L 11/03/2014 - 22:11:45: [sm_cmdx.smx] Unable to locate overrides file.
L 11/03/2014 - 22:18:13: Error log file session closed.
L 11/03/2014 - 22:18:13: SourceMod error session started
L 11/03/2014 - 22:18:13: Info (map "de_dust2") (file "errors_20141103.log")
L 11/03/2014 - 22:18:13: [SM] Fatal error encountered parsing translation file "namechangepunisher.phrases.txt"
L 11/03/2014 - 22:18:13: [SM] Error (line 0, column 0): Stream failed to open
L 11/03/2014 - 22:18:13: [SM] Fatal error encountered parsing translation file "plugin.supercmds.txt"
L 11/03/2014 - 22:18:13: [SM] Error (line 0, column 0): Stream failed to open
L 11/03/2014 - 22:18:13: [basecommands.smx] Could not parse file (line 12, file "addons\sourcemod\configs\adminmenu_cfgs.txt"):
L 11/03/2014 - 22:18:13: [basecommands.smx] Parser encountered error: Section ending without a matching section beginning
L 11/03/2014 - 22:18:13: [sm_cmdx.smx] Unable to locate overrides file.
L 11/03/2014 - 22:23:57: Error log file session closed.
L 11/03/2014 - 22:23:57: SourceMod error session started
L 11/03/2014 - 22:23:57: Info (map "wsf_bloodstrike") (file "errors_20141103.log")
L 11/03/2014 - 22:23:57: [SM] Fatal error encountered parsing translation file "namechangepunisher.phrases.txt"
L 11/03/2014 - 22:23:57: [SM] Error (line 0, column 0): Stream failed to open
L 11/03/2014 - 22:23:58: [SM] Fatal error encountered parsing translation file "plugin.supercmds.txt"
L 11/03/2014 - 22:23:58: [SM] Error (line 0, column 0): Stream failed to open
L 11/03/2014 - 22:23:58: [basecommands.smx] Could not parse file (line 12, file "addons\sourcemod\configs\adminmenu_cfgs.txt"):
L 11/03/2014 - 22:23:58: [basecommands.smx] Parser encountered error: Section ending without a matching section beginning
L 11/03/2014 - 22:23:58: [sm_cmdx.smx] Unable to locate overrides file.
L 11/03/2014 - 22:26:28: [SM] Native "EquipPlayerWeapon" reported: NULL not allowed
L 11/03/2014 - 22:26:28: [SM] Displaying call stack trace for plugin "!dao.smx":
L 11/03/2014 - 22:26:28: [SM]   [0]  Line 279, D:\CSGO\csgo编译器\!dao.sp::fadao()
L 11/03/2014 - 22:26:28: [SM] Native "EquipPlayerWeapon" reported: NULL not allowed
L 11/03/2014 - 22:26:28: [SM] Displaying call stack trace for plugin "!dao.smx":
L 11/03/2014 - 22:26:28: [SM]   [0]  Line 279, D:\CSGO\csgo编译器\!dao.sp::fadao()
L 11/03/2014 - 22:31:30: [SM] Native "PrintToChat" reported: Client 3 is not in game
L 11/03/2014 - 22:31:30: [SM] Displaying call stack trace for plugin "!dao.smx":
L 11/03/2014 - 22:31:30: [SM]   [0]  Line 79, D:\CSGO\csgo编译器\!dao.sp::Timer_knifemsg()
L 11/03/2014 - 22:35:51: Error log file session closed.
L 11/03/2014 - 22:35:51: SourceMod error session started
L 11/03/2014 - 22:35:51: Info (map "de_dust2") (file "errors_20141103.log")
L 11/03/2014 - 22:35:51: [SM] Fatal error encountered parsing translation file "namechangepunisher.phrases.txt"
L 11/03/2014 - 22:35:51: [SM] Error (line 0, column 0): Stream failed to open
L 11/03/2014 - 22:35:51: [SM] Fatal error encountered parsing translation file "plugin.supercmds.txt"
L 11/03/2014 - 22:35:51: [SM] Error (line 0, column 0): Stream failed to open
L 11/03/2014 - 22:35:51: [basecommands.smx] Could not parse file (line 12, file "addons\sourcemod\configs\adminmenu_cfgs.txt"):
L 11/03/2014 - 22:35:51: [basecommands.smx] Parser encountered error: Section ending without a matching section beginning
L 11/03/2014 - 22:35:51: [sm_cmdx.smx] Unable to locate overrides file.
L 11/03/2014 - 22:36:37: [SM] Native "EquipPlayerWeapon" reported: NULL not allowed
L 11/03/2014 - 22:36:37: [SM] Displaying call stack trace for plugin "!dao.smx":
L 11/03/2014 - 22:36:37: [SM]   [0]  Line 279, D:\CSGO\csgo编译器\!dao.sp::fadao()
L 11/03/2014 - 22:36:38: [SM] Native "EquipPlayerWeapon" reported: NULL not allowed
L 11/03/2014 - 22:36:38: [SM] Displaying call stack trace for plugin "!dao.smx":
L 11/03/2014 - 22:36:38: [SM]   [0]  Line 279, D:\CSGO\csgo编译器\!dao.sp::fadao()
L 11/03/2014 - 22:42:00: Error log file session closed.
L 11/03/2014 - 22:42:00: SourceMod error session started
L 11/03/2014 - 22:42:00: Info (map "de_dust2") (file "errors_20141103.log")
L 11/03/2014 - 22:42:00: [SM] Fatal error encountered parsing translation file "namechangepunisher.phrases.txt"
L 11/03/2014 - 22:42:00: [SM] Error (line 0, column 0): Stream failed to open
L 11/03/2014 - 22:42:00: [SM] Fatal error encountered parsing translation file "plugin.supercmds.txt"
L 11/03/2014 - 22:42:00: [SM] Error (line 0, column 0): Stream failed to open
L 11/03/2014 - 22:42:00: [basecommands.smx] Could not parse file (line 12, file "addons\sourcemod\configs\adminmenu_cfgs.txt"):
L 11/03/2014 - 22:42:00: [basecommands.smx] Parser encountered error: Section ending without a matching section beginning
L 11/03/2014 - 22:42:00: [sm_cmdx.smx] Unable to locate overrides file.
L 11/03/2014 - 22:42:17: [SM] Native "CS_RespawnPlayer" reported: Client index 3 is not valid
L 11/03/2014 - 22:42:17: [SM] Displaying call stack trace for plugin "warmod11111.smx":
L 11/03/2014 - 22:42:17: [SM]   [0]  Line 1847, D:\CSGO\csgo编译器\warmod11111.sp::RespawnPlayer()
L 11/03/2014 - 22:42:36: [SM] Native "PrintToChat" reported: Client 3 is not in game
L 11/03/2014 - 22:42:36: [SM] Displaying call stack trace for plugin "!dao.smx":
L 11/03/2014 - 22:42:36: [SM]   [0]  Line 79, D:\CSGO\csgo编译器\!dao.sp::Timer_knifemsg()
L 11/03/2014 - 22:54:25: Error log file session closed.
L 11/03/2014 - 22:54:25: SourceMod error session started
L 11/03/2014 - 22:54:25: Info (map "wsf_bloodstrike") (file "errors_20141103.log")
L 11/03/2014 - 22:54:25: [SM] Fatal error encountered parsing translation file "namechangepunisher.phrases.txt"
L 11/03/2014 - 22:54:25: [SM] Error (line 0, column 0): Stream failed to open
L 11/03/2014 - 22:54:25: [SM] Fatal error encountered parsing translation file "plugin.supercmds.txt"
L 11/03/2014 - 22:54:25: [SM] Error (line 0, column 0): Stream failed to open
L 11/03/2014 - 22:54:25: [basecommands.smx] Could not parse file (line 12, file "addons\sourcemod\configs\adminmenu_cfgs.txt"):
L 11/03/2014 - 22:54:25: [basecommands.smx] Parser encountered error: Section ending without a matching section beginning
L 11/03/2014 - 22:54:25: [sm_cmdx.smx] Unable to locate overrides file.
L 11/03/2014 - 23:09:19: [SM] Native "CS_RespawnPlayer" reported: Client index 3 is not valid
L 11/03/2014 - 23:09:19: [SM] Displaying call stack trace for plugin "warmod11111.smx":
L 11/03/2014 - 23:09:19: [SM]   [0]  Line 1847, D:\CSGO\csgo编译器\warmod11111.sp::RespawnPlayer()
L 11/03/2014 - 23:09:39: [SM] Native "PrintToChat" reported: Client 3 is not in game
L 11/03/2014 - 23:09:39: [SM] Displaying call stack trace for plugin "!dao.smx":
L 11/03/2014 - 23:09:39: [SM]   [0]  Line 79, D:\CSGO\csgo编译器\!dao.sp::Timer_knifemsg()
L 11/03/2014 - 23:12:55: [SM] Native "CS_RespawnPlayer" reported: Client index 6 is not valid
L 11/03/2014 - 23:12:55: [SM] Displaying call stack trace for plugin "warmod11111.smx":
L 11/03/2014 - 23:12:55: [SM]   [0]  Line 1847, D:\CSGO\csgo编译器\warmod11111.sp::RespawnPlayer()
L 11/03/2014 - 23:13:15: [SM] Native "PrintToChat" reported: Client 6 is not in game
L 11/03/2014 - 23:13:15: [SM] Displaying call stack trace for plugin "!dao.smx":
L 11/03/2014 - 23:13:15: [SM]   [0]  Line 79, D:\CSGO\csgo编译器\!dao.sp::Timer_knifemsg()
L 11/03/2014 - 23:20:29: Error log file session closed.
L 11/03/2014 - 23:20:29: SourceMod error session started
L 11/03/2014 - 23:20:29: Info (map "de_dust2") (file "errors_20141103.log")
L 11/03/2014 - 23:20:29: [SM] Fatal error encountered parsing translation file "namechangepunisher.phrases.txt"
L 11/03/2014 - 23:20:29: [SM] Error (line 0, column 0): Stream failed to open
L 11/03/2014 - 23:20:29: [SM] Fatal error encountered parsing translation file "plugin.supercmds.txt"
L 11/03/2014 - 23:20:29: [SM] Error (line 0, column 0): Stream failed to open
L 11/03/2014 - 23:20:29: [basecommands.smx] Could not parse file (line 12, file "addons\sourcemod\configs\adminmenu_cfgs.txt"):
L 11/03/2014 - 23:20:29: [basecommands.smx] Parser encountered error: Section ending without a matching section beginning
L 11/03/2014 - 23:20:29: [sm_cmdx.smx] Unable to locate overrides file.
L 11/03/2014 - 23:21:46: [SM] Native "PrintToChat" reported: Client 1 is not in game
L 11/03/2014 - 23:21:46: [SM] Displaying call stack trace for plugin "!dao.smx":
L 11/03/2014 - 23:21:46: [SM]   [0]  Line 79, D:\CSGO\csgo编译器\!dao.sp::Timer_knifemsg()
L 11/03/2014 - 23:53:08: Error log file session closed.
L 11/03/2014 - 23:53:08: SourceMod error session started
L 11/03/2014 - 23:53:08: Info (map "de_mirage") (file "errors_20141103.log")
L 11/03/2014 - 23:53:08: [SM] Fatal error encountered parsing translation file "namechangepunisher.phrases.txt"
L 11/03/2014 - 23:53:08: [SM] Error (line 0, column 0): Stream failed to open
L 11/03/2014 - 23:53:08: [SM] Fatal error encountered parsing translation file "plugin.supercmds.txt"
L 11/03/2014 - 23:53:08: [SM] Error (line 0, column 0): Stream failed to open
L 11/03/2014 - 23:53:08: [basecommands.smx] Could not parse file (line 12, file "addons\sourcemod\configs\adminmenu_cfgs.txt"):
L 11/03/2014 - 23:53:08: [basecommands.smx] Parser encountered error: Section ending without a matching section beginning
L 11/03/2014 - 23:53:08: [sm_cmdx.smx] Unable to locate overrides file.
L 11/03/2014 - 23:53:26: [SM] Native "PrintToChat" reported: Client 3 is not in game
L 11/03/2014 - 23:53:26: [SM] Displaying call stack trace for plugin "!dao.smx":
L 11/03/2014 - 23:53:26: [SM]   [0]  Line 79, D:\CSGO\csgo编译器\!dao.sp::Timer_knifemsg()
L 11/03/2014 - 23:53:33: [SM] Native "CS_RespawnPlayer" reported: Client index 3 is not valid
L 11/03/2014 - 23:53:33: [SM] Displaying call stack trace for plugin "warmod11111.smx":
L 11/03/2014 - 23:53:33: [SM]   [0]  Line 1847, D:\CSGO\csgo编译器\warmod11111.sp::RespawnPlayer()
L 11/03/2014 - 23:53:52: [SM] Native "PrintToChat" reported: Client 3 is not in game
L 11/03/2014 - 23:53:52: [SM] Displaying call stack trace for plugin "!dao.smx":
L 11/03/2014 - 23:53:52: [SM]   [0]  Line 79, D:\CSGO\csgo编译器\!dao.sp::Timer_knifemsg()
L 11/03/2014 - 23:54:55: [SM] Native "PrintToChat" reported: Client 5 is not in game
L 11/03/2014 - 23:54:55: [SM] Displaying call stack trace for plugin "!dao.smx":
L 11/03/2014 - 23:54:55: [SM]   [0]  Line 79, D:\CSGO\csgo编译器\!dao.sp::Timer_knifemsg()
L 11/03/2014 - 23:54:56: [SM] Native "PrintToChat" reported: Client 12 is not in game
L 11/03/2014 - 23:54:56: [SM] Displaying call stack trace for plugin "!dao.smx":
L 11/03/2014 - 23:54:56: [SM]   [0]  Line 79, D:\CSGO\csgo编译器\!dao.sp::Timer_knifemsg()
L 11/03/2014 - 23:54:57: [SM] Native "PrintToChat" reported: Client 14 is not in game
L 11/03/2014 - 23:54:57: [SM] Displaying call stack trace for plugin "!dao.smx":
L 11/03/2014 - 23:54:57: [SM]   [0]  Line 79, D:\CSGO\csgo编译器\!dao.sp::Timer_knifemsg()
L 11/03/2014 - 23:54:58: [SM] Native "PrintToChat" reported: Client 15 is not in game
L 11/03/2014 - 23:54:58: [SM] Displaying call stack trace for plugin "!dao.smx":
L 11/03/2014 - 23:54:58: [SM]   [0]  Line 79, D:\CSGO\csgo编译器\!dao.sp::Timer_knifemsg()
L 11/03/2014 - 23:56:01: Error log file session closed.
L 11/03/2014 - 23:56:01: SourceMod error session started
L 11/03/2014 - 23:56:01: Info (map "de_inferno") (file "errors_20141103.log")
L 11/03/2014 - 23:56:01: [SM] Fatal error encountered parsing translation file "namechangepunisher.phrases.txt"
L 11/03/2014 - 23:56:01: [SM] Error (line 0, column 0): Stream failed to open
L 11/03/2014 - 23:56:01: [SM] Fatal error encountered parsing translation file "plugin.supercmds.txt"
L 11/03/2014 - 23:56:01: [SM] Error (line 0, column 0): Stream failed to open
L 11/03/2014 - 23:56:02: [basecommands.smx] Could not parse file (line 12, file "addons\sourcemod\configs\adminmenu_cfgs.txt"):
L 11/03/2014 - 23:56:02: [basecommands.smx] Parser encountered error: Section ending without a matching section beginning
L 11/03/2014 - 23:56:02: [sm_cmdx.smx] Unable to locate overrides file.
L 11/03/2014 - 23:57:03: [SM] Native "EquipPlayerWeapon" reported: NULL not allowed
L 11/03/2014 - 23:57:03: [SM] Displaying call stack trace for plugin "!dao.smx":
L 11/03/2014 - 23:57:03: [SM]   [0]  Line 279, D:\CSGO\csgo编译器\!dao.sp::fadao()
L 11/03/2014 - 23:57:04: [SM] Native "EquipPlayerWeapon" reported: NULL not allowed
L 11/03/2014 - 23:57:04: [SM] Displaying call stack trace for plugin "!dao.smx":
L 11/03/2014 - 23:57:04: [SM]   [0]  Line 279, D:\CSGO\csgo编译器\!dao.sp::fadao()
L 11/03/2014 - 23:57:19: [SM] Native "EquipPlayerWeapon" reported: NULL not allowed
L 11/03/2014 - 23:57:19: [SM] Displaying call stack trace for plugin "!dao.smx":
L 11/03/2014 - 23:57:19: [SM]   [0]  Line 279, D:\CSGO\csgo编译器\!dao.sp::fadao()
