L 11/09/2014 - 10:04:59: SourceMod error session started
L 11/09/2014 - 10:04:59: Info (map "de_cache") (file "errors_20141109.log")
L 11/09/2014 - 10:04:59: [SM] Native "PrintToChat" reported: Client 1 is not in game
L 11/09/2014 - 10:04:59: [SM] Displaying call stack trace for plugin "!dao.smx":
L 11/09/2014 - 10:04:59: [SM]   [0]  Line 85, D:\CSGO\csgo±‡“Î∆˜\!dao.sp::Timer_knifemsg()
L 11/09/2014 - 10:05:00: Error log file session closed.
L 11/09/2014 - 10:05:00: SourceMod error session started
L 11/09/2014 - 10:05:00: Info (map "de_cache") (file "errors_20141109.log")
L 11/09/2014 - 10:05:00: [SM] Fatal error encountered parsing translation file "namechangepunisher.phrases.txt"
L 11/09/2014 - 10:05:00: [SM] Error (line 0, column 0): Stream failed to open
L 11/09/2014 - 10:05:00: [SM] Fatal error encountered parsing translation file "plugin.supercmds.txt"
L 11/09/2014 - 10:05:00: [SM] Error (line 0, column 0): Stream failed to open
L 11/09/2014 - 10:05:00: [basecommands.smx] Could not parse file (line 12, file "addons\sourcemod\configs\adminmenu_cfgs.txt"):
L 11/09/2014 - 10:05:00: [basecommands.smx] Parser encountered error: Section ending without a matching section beginning
L 11/09/2014 - 10:05:00: [sm_cmdx.smx] Unable to locate overrides file.
L 11/09/2014 - 12:16:26: Error log file session closed.
L 11/09/2014 - 12:16:26: SourceMod error session started
L 11/09/2014 - 12:16:26: Info (map "de_cache") (file "errors_20141109.log")
L 11/09/2014 - 12:16:26: [SM] Fatal error encountered parsing translation file "namechangepunisher.phrases.txt"
L 11/09/2014 - 12:16:26: [SM] Error (line 0, column 0): Stream failed to open
L 11/09/2014 - 12:16:26: [SM] Fatal error encountered parsing translation file "plugin.supercmds.txt"
L 11/09/2014 - 12:16:26: [SM] Error (line 0, column 0): Stream failed to open
L 11/09/2014 - 12:16:27: [basecommands.smx] Could not parse file (line 12, file "addons\sourcemod\configs\adminmenu_cfgs.txt"):
L 11/09/2014 - 12:16:27: [basecommands.smx] Parser encountered error: Section ending without a matching section beginning
L 11/09/2014 - 12:16:27: [sm_cmdx.smx] Unable to locate overrides file.
L 11/09/2014 - 12:17:21: Error log file session closed.
L 11/09/2014 - 12:17:21: SourceMod error session started
L 11/09/2014 - 12:17:21: Info (map "wsf_bloodstrike") (file "errors_20141109.log")
L 11/09/2014 - 12:17:21: [SM] Fatal error encountered parsing translation file "namechangepunisher.phrases.txt"
L 11/09/2014 - 12:17:21: [SM] Error (line 0, column 0): Stream failed to open
L 11/09/2014 - 12:17:21: [SM] Fatal error encountered parsing translation file "plugin.supercmds.txt"
L 11/09/2014 - 12:17:21: [SM] Error (line 0, column 0): Stream failed to open
L 11/09/2014 - 12:17:21: [basecommands.smx] Could not parse file (line 12, file "addons\sourcemod\configs\adminmenu_cfgs.txt"):
L 11/09/2014 - 12:17:21: [basecommands.smx] Parser encountered error: Section ending without a matching section beginning
L 11/09/2014 - 12:17:21: [sm_cmdx.smx] Unable to locate overrides file.
L 11/09/2014 - 12:43:26: Error log file session closed.
L 11/09/2014 - 12:43:26: SourceMod error session started
L 11/09/2014 - 12:43:26: Info (map "de_dust2") (file "errors_20141109.log")
L 11/09/2014 - 12:43:26: [SM] Fatal error encountered parsing translation file "namechangepunisher.phrases.txt"
L 11/09/2014 - 12:43:26: [SM] Error (line 0, column 0): Stream failed to open
L 11/09/2014 - 12:43:26: [SM] Fatal error encountered parsing translation file "plugin.supercmds.txt"
L 11/09/2014 - 12:43:26: [SM] Error (line 0, column 0): Stream failed to open
L 11/09/2014 - 12:43:27: [basecommands.smx] Could not parse file (line 12, file "addons\sourcemod\configs\adminmenu_cfgs.txt"):
L 11/09/2014 - 12:43:27: [basecommands.smx] Parser encountered error: Section ending without a matching section beginning
L 11/09/2014 - 12:43:27: [sm_cmdx.smx] Unable to locate overrides file.
L 11/09/2014 - 12:43:27: [SM] Native "CS_RespawnPlayer" reported: Client index 5 is not valid
L 11/09/2014 - 12:43:27: [SM] Displaying call stack trace for plugin "warmod11111.smx":
L 11/09/2014 - 12:43:27: [SM]   [0]  Line 1847, D:\CSGO\csgo±‡“Î∆˜\warmod11111.sp::RespawnPlayer()
L 11/09/2014 - 12:43:42: [SM] Native "PrintToChat" reported: Client 5 is not in game
L 11/09/2014 - 12:43:42: [SM] Displaying call stack trace for plugin "!dao.smx":
L 11/09/2014 - 12:43:42: [SM]   [0]  Line 85, D:\CSGO\csgo±‡“Î∆˜\!dao.sp::Timer_knifemsg()
L 11/09/2014 - 12:46:02: [SM] Native "PrintToChat" reported: Client 5 is not in game
L 11/09/2014 - 12:46:02: [SM] Displaying call stack trace for plugin "!dao.smx":
L 11/09/2014 - 12:46:02: [SM]   [0]  Line 85, D:\CSGO\csgo±‡“Î∆˜\!dao.sp::Timer_knifemsg()
L 11/09/2014 - 12:49:25: [SM] Native "EquipPlayerWeapon" reported: NULL not allowed
L 11/09/2014 - 12:49:25: [SM] Displaying call stack trace for plugin "!dao.smx":
L 11/09/2014 - 12:49:25: [SM]   [0]  Line 285, D:\CSGO\csgo±‡“Î∆˜\!dao.sp::fadao()
L 11/09/2014 - 12:49:25: [SM] Native "EquipPlayerWeapon" reported: NULL not allowed
L 11/09/2014 - 12:49:25: [SM] Displaying call stack trace for plugin "!dao.smx":
L 11/09/2014 - 12:49:25: [SM]   [0]  Line 285, D:\CSGO\csgo±‡“Î∆˜\!dao.sp::fadao()
L 11/09/2014 - 12:54:59: [SM] Native "PrintToChat" reported: Client 11 is not in game
L 11/09/2014 - 12:54:59: [SM] Displaying call stack trace for plugin "!dao.smx":
L 11/09/2014 - 12:54:59: [SM]   [0]  Line 85, D:\CSGO\csgo±‡“Î∆˜\!dao.sp::Timer_knifemsg()
L 11/09/2014 - 12:57:05: [SM] Native "PrintToChat" reported: Client 11 is not in game
L 11/09/2014 - 12:57:05: [SM] Displaying call stack trace for plugin "!dao.smx":
L 11/09/2014 - 12:57:05: [SM]   [0]  Line 85, D:\CSGO\csgo±‡“Î∆˜\!dao.sp::Timer_knifemsg()
L 11/09/2014 - 13:12:07: [SM] Native "PrintToChat" reported: Client 5 is not in game
L 11/09/2014 - 13:12:07: [SM] Displaying call stack trace for plugin "!dao.smx":
L 11/09/2014 - 13:12:07: [SM]   [0]  Line 85, D:\CSGO\csgo±‡“Î∆˜\!dao.sp::Timer_knifemsg()
L 11/09/2014 - 13:31:30: Error log file session closed.
L 11/09/2014 - 13:31:30: SourceMod error session started
L 11/09/2014 - 13:31:30: Info (map "de_mirage") (file "errors_20141109.log")
L 11/09/2014 - 13:31:30: [SM] Fatal error encountered parsing translation file "namechangepunisher.phrases.txt"
L 11/09/2014 - 13:31:30: [SM] Error (line 0, column 0): Stream failed to open
L 11/09/2014 - 13:31:30: [SM] Fatal error encountered parsing translation file "plugin.supercmds.txt"
L 11/09/2014 - 13:31:30: [SM] Error (line 0, column 0): Stream failed to open
L 11/09/2014 - 13:31:30: [basecommands.smx] Could not parse file (line 12, file "addons\sourcemod\configs\adminmenu_cfgs.txt"):
L 11/09/2014 - 13:31:30: [basecommands.smx] Parser encountered error: Section ending without a matching section beginning
L 11/09/2014 - 13:31:30: [sm_cmdx.smx] Unable to locate overrides file.
L 11/09/2014 - 13:31:38: [SM] Native "PrintToChat" reported: Client 11 is not in game
L 11/09/2014 - 13:31:38: [SM] Displaying call stack trace for plugin "!dao.smx":
L 11/09/2014 - 13:31:38: [SM]   [0]  Line 85, D:\CSGO\csgo±‡“Î∆˜\!dao.sp::Timer_knifemsg()
L 11/09/2014 - 13:31:56: [SM] Native "PrintToChat" reported: Client 6 is not in game
L 11/09/2014 - 13:31:56: [SM] Displaying call stack trace for plugin "!dao.smx":
L 11/09/2014 - 13:31:56: [SM]   [0]  Line 85, D:\CSGO\csgo±‡“Î∆˜\!dao.sp::Timer_knifemsg()
L 11/09/2014 - 13:31:59: [SM] Native "PrintToChat" reported: Client 2 is not in game
L 11/09/2014 - 13:31:59: [SM] Displaying call stack trace for plugin "!dao.smx":
L 11/09/2014 - 13:31:59: [SM]   [0]  Line 85, D:\CSGO\csgo±‡“Î∆˜\!dao.sp::Timer_knifemsg()
L 11/09/2014 - 13:34:47: [SM] Native "PrintToChat" reported: Client 12 is not in game
L 11/09/2014 - 13:34:47: [SM] Displaying call stack trace for plugin "!dao.smx":
L 11/09/2014 - 13:34:47: [SM]   [0]  Line 85, D:\CSGO\csgo±‡“Î∆˜\!dao.sp::Timer_knifemsg()
L 11/09/2014 - 13:49:34: [SM] Native "PrintToChat" reported: Client 1 is not in game
L 11/09/2014 - 13:49:34: [SM] Displaying call stack trace for plugin "!dao.smx":
L 11/09/2014 - 13:49:34: [SM]   [0]  Line 85, D:\CSGO\csgo±‡“Î∆˜\!dao.sp::Timer_knifemsg()
L 11/09/2014 - 14:11:03: Error log file session closed.
L 11/09/2014 - 14:11:03: SourceMod error session started
L 11/09/2014 - 14:11:03: Info (map "de_inferno") (file "errors_20141109.log")
L 11/09/2014 - 14:11:03: [SM] Fatal error encountered parsing translation file "namechangepunisher.phrases.txt"
L 11/09/2014 - 14:11:03: [SM] Error (line 0, column 0): Stream failed to open
L 11/09/2014 - 14:11:03: [SM] Fatal error encountered parsing translation file "plugin.supercmds.txt"
L 11/09/2014 - 14:11:03: [SM] Error (line 0, column 0): Stream failed to open
L 11/09/2014 - 14:11:03: [basecommands.smx] Could not parse file (line 12, file "addons\sourcemod\configs\adminmenu_cfgs.txt"):
L 11/09/2014 - 14:11:03: [basecommands.smx] Parser encountered error: Section ending without a matching section beginning
L 11/09/2014 - 14:11:03: [sm_cmdx.smx] Unable to locate overrides file.
L 11/09/2014 - 14:11:35: [SM] Native "EquipPlayerWeapon" reported: NULL not allowed
L 11/09/2014 - 14:11:35: [SM] Displaying call stack trace for plugin "!dao.smx":
L 11/09/2014 - 14:11:35: [SM]   [0]  Line 285, D:\CSGO\csgo±‡“Î∆˜\!dao.sp::fadao()
L 11/09/2014 - 14:11:35: [SM] Native "EquipPlayerWeapon" reported: NULL not allowed
L 11/09/2014 - 14:11:35: [SM] Displaying call stack trace for plugin "!dao.smx":
L 11/09/2014 - 14:11:35: [SM]   [0]  Line 285, D:\CSGO\csgo±‡“Î∆˜\!dao.sp::fadao()
L 11/09/2014 - 14:25:39: [SM] Native "PrintToChat" reported: Client 8 is not in game
L 11/09/2014 - 14:25:39: [SM] Displaying call stack trace for plugin "!dao.smx":
L 11/09/2014 - 14:25:39: [SM]   [0]  Line 85, D:\CSGO\csgo±‡“Î∆˜\!dao.sp::Timer_knifemsg()
L 11/09/2014 - 14:25:41: [SM] Native "PrintToChat" reported: Client 7 is not in game
L 11/09/2014 - 14:25:41: [SM] Displaying call stack trace for plugin "!dao.smx":
L 11/09/2014 - 14:25:41: [SM]   [0]  Line 85, D:\CSGO\csgo±‡“Î∆˜\!dao.sp::Timer_knifemsg()
L 11/09/2014 - 14:41:02: Error log file session closed.
L 11/09/2014 - 14:41:02: SourceMod error session started
L 11/09/2014 - 14:41:02: Info (map "de_nuke") (file "errors_20141109.log")
L 11/09/2014 - 14:41:02: [SM] Fatal error encountered parsing translation file "namechangepunisher.phrases.txt"
L 11/09/2014 - 14:41:02: [SM] Error (line 0, column 0): Stream failed to open
L 11/09/2014 - 14:41:02: [SM] Fatal error encountered parsing translation file "plugin.supercmds.txt"
L 11/09/2014 - 14:41:02: [SM] Error (line 0, column 0): Stream failed to open
L 11/09/2014 - 14:41:02: [basecommands.smx] Could not parse file (line 12, file "addons\sourcemod\configs\adminmenu_cfgs.txt"):
L 11/09/2014 - 14:41:02: [basecommands.smx] Parser encountered error: Section ending without a matching section beginning
L 11/09/2014 - 14:41:02: [sm_cmdx.smx] Unable to locate overrides file.
L 11/09/2014 - 14:41:17: [SM] Native "PrintToChat" reported: Client 4 is not in game
L 11/09/2014 - 14:41:17: [SM] Displaying call stack trace for plugin "!dao.smx":
L 11/09/2014 - 14:41:17: [SM]   [0]  Line 85, D:\CSGO\csgo±‡“Î∆˜\!dao.sp::Timer_knifemsg()
L 11/09/2014 - 14:41:26: [SM] Native "PrintToChat" reported: Client 13 is not in game
L 11/09/2014 - 14:41:26: [SM] Displaying call stack trace for plugin "!dao.smx":
L 11/09/2014 - 14:41:26: [SM]   [0]  Line 85, D:\CSGO\csgo±‡“Î∆˜\!dao.sp::Timer_knifemsg()
L 11/09/2014 - 14:58:43: [SM] Native "PrintToChat" reported: Client 11 is not in game
L 11/09/2014 - 14:58:43: [SM] Displaying call stack trace for plugin "!dao.smx":
L 11/09/2014 - 14:58:43: [SM]   [0]  Line 85, D:\CSGO\csgo±‡“Î∆˜\!dao.sp::Timer_knifemsg()
L 11/09/2014 - 15:19:17: Error log file session closed.
L 11/09/2014 - 15:19:17: SourceMod error session started
L 11/09/2014 - 15:19:17: Info (map "de_cache") (file "errors_20141109.log")
L 11/09/2014 - 15:19:17: [SM] Fatal error encountered parsing translation file "namechangepunisher.phrases.txt"
L 11/09/2014 - 15:19:17: [SM] Error (line 0, column 0): Stream failed to open
L 11/09/2014 - 15:19:17: [SM] Fatal error encountered parsing translation file "plugin.supercmds.txt"
L 11/09/2014 - 15:19:17: [SM] Error (line 0, column 0): Stream failed to open
L 11/09/2014 - 15:19:18: [basecommands.smx] Could not parse file (line 12, file "addons\sourcemod\configs\adminmenu_cfgs.txt"):
L 11/09/2014 - 15:19:18: [basecommands.smx] Parser encountered error: Section ending without a matching section beginning
L 11/09/2014 - 15:19:18: [sm_cmdx.smx] Unable to locate overrides file.
L 11/09/2014 - 15:38:15: [SM] Native "EquipPlayerWeapon" reported: NULL not allowed
L 11/09/2014 - 15:38:15: [SM] Displaying call stack trace for plugin "!dao.smx":
L 11/09/2014 - 15:38:15: [SM]   [0]  Line 285, D:\CSGO\csgo±‡“Î∆˜\!dao.sp::fadao()
L 11/09/2014 - 15:38:15: [SM] Native "EquipPlayerWeapon" reported: NULL not allowed
L 11/09/2014 - 15:38:15: [SM] Displaying call stack trace for plugin "!dao.smx":
L 11/09/2014 - 15:38:15: [SM]   [0]  Line 285, D:\CSGO\csgo±‡“Î∆˜\!dao.sp::fadao()
L 11/09/2014 - 15:43:17: Error log file session closed.
L 11/09/2014 - 15:43:17: SourceMod error session started
L 11/09/2014 - 15:43:17: Info (map "de_overpass") (file "errors_20141109.log")
L 11/09/2014 - 15:43:17: [SM] Fatal error encountered parsing translation file "namechangepunisher.phrases.txt"
L 11/09/2014 - 15:43:17: [SM] Error (line 0, column 0): Stream failed to open
L 11/09/2014 - 15:43:17: [SM] Fatal error encountered parsing translation file "plugin.supercmds.txt"
L 11/09/2014 - 15:43:17: [SM] Error (line 0, column 0): Stream failed to open
L 11/09/2014 - 15:43:18: [basecommands.smx] Could not parse file (line 12, file "addons\sourcemod\configs\adminmenu_cfgs.txt"):
L 11/09/2014 - 15:43:18: [basecommands.smx] Parser encountered error: Section ending without a matching section beginning
L 11/09/2014 - 15:43:18: [sm_cmdx.smx] Unable to locate overrides file.
L 11/09/2014 - 15:43:44: [SM] Native "PrintToChat" reported: Client 13 is not in game
L 11/09/2014 - 15:43:44: [SM] Displaying call stack trace for plugin "!dao.smx":
L 11/09/2014 - 15:43:44: [SM]   [0]  Line 85, D:\CSGO\csgo±‡“Î∆˜\!dao.sp::Timer_knifemsg()
L 11/09/2014 - 16:16:37: [SM] Native "PrintToChat" reported: Client 8 is not in game
L 11/09/2014 - 16:16:37: [SM] Displaying call stack trace for plugin "!dao.smx":
L 11/09/2014 - 16:16:37: [SM]   [0]  Line 85, D:\CSGO\csgo±‡“Î∆˜\!dao.sp::Timer_knifemsg()
L 11/09/2014 - 16:19:41: Error log file session closed.
L 11/09/2014 - 16:19:41: SourceMod error session started
L 11/09/2014 - 16:19:41: Info (map "de_cbble") (file "errors_20141109.log")
L 11/09/2014 - 16:19:41: [SM] Fatal error encountered parsing translation file "namechangepunisher.phrases.txt"
L 11/09/2014 - 16:19:41: [SM] Error (line 0, column 0): Stream failed to open
L 11/09/2014 - 16:19:41: [SM] Fatal error encountered parsing translation file "plugin.supercmds.txt"
L 11/09/2014 - 16:19:41: [SM] Error (line 0, column 0): Stream failed to open
L 11/09/2014 - 16:19:41: [basecommands.smx] Could not parse file (line 12, file "addons\sourcemod\configs\adminmenu_cfgs.txt"):
L 11/09/2014 - 16:19:41: [basecommands.smx] Parser encountered error: Section ending without a matching section beginning
L 11/09/2014 - 16:19:41: [sm_cmdx.smx] Unable to locate overrides file.
L 11/09/2014 - 16:19:50: [SM] Native "PrintToChat" reported: Client 1 is not in game
L 11/09/2014 - 16:19:50: [SM] Displaying call stack trace for plugin "!dao.smx":
L 11/09/2014 - 16:19:50: [SM]   [0]  Line 85, D:\CSGO\csgo±‡“Î∆˜\!dao.sp::Timer_knifemsg()
L 11/09/2014 - 16:19:51: [SM] Native "PrintToChat" reported: Client 7 is not in game
L 11/09/2014 - 16:19:51: [SM] Displaying call stack trace for plugin "!dao.smx":
L 11/09/2014 - 16:19:51: [SM]   [0]  Line 85, D:\CSGO\csgo±‡“Î∆˜\!dao.sp::Timer_knifemsg()
L 11/09/2014 - 16:57:44: Error log file session closed.
L 11/09/2014 - 16:57:44: SourceMod error session started
L 11/09/2014 - 16:57:44: Info (map "de_dust2") (file "errors_20141109.log")
L 11/09/2014 - 16:57:44: [SM] Fatal error encountered parsing translation file "namechangepunisher.phrases.txt"
L 11/09/2014 - 16:57:44: [SM] Error (line 0, column 0): Stream failed to open
L 11/09/2014 - 16:57:44: [SM] Fatal error encountered parsing translation file "plugin.supercmds.txt"
L 11/09/2014 - 16:57:44: [SM] Error (line 0, column 0): Stream failed to open
L 11/09/2014 - 16:57:44: [basecommands.smx] Could not parse file (line 12, file "addons\sourcemod\configs\adminmenu_cfgs.txt"):
L 11/09/2014 - 16:57:44: [basecommands.smx] Parser encountered error: Section ending without a matching section beginning
L 11/09/2014 - 16:57:44: [sm_cmdx.smx] Unable to locate overrides file.
L 11/09/2014 - 16:57:59: [SM] Native "CS_RespawnPlayer" reported: Client index 3 is not valid
L 11/09/2014 - 16:57:59: [SM] Displaying call stack trace for plugin "warmod11111.smx":
L 11/09/2014 - 16:57:59: [SM]   [0]  Line 1847, D:\CSGO\csgo±‡“Î∆˜\warmod11111.sp::RespawnPlayer()
L 11/09/2014 - 16:58:00: [SM] Native "PrintToChat" reported: Client 4 is not in game
L 11/09/2014 - 16:58:00: [SM] Displaying call stack trace for plugin "!dao.smx":
L 11/09/2014 - 16:58:00: [SM]   [0]  Line 85, D:\CSGO\csgo±‡“Î∆˜\!dao.sp::Timer_knifemsg()
L 11/09/2014 - 16:58:04: [SM] Native "PrintToChat" reported: Client 3 is not in game
L 11/09/2014 - 16:58:04: [SM] Displaying call stack trace for plugin "!dao.smx":
L 11/09/2014 - 16:58:04: [SM]   [0]  Line 85, D:\CSGO\csgo±‡“Î∆˜\!dao.sp::Timer_knifemsg()
L 11/09/2014 - 16:58:19: [SM] Native "PrintToChat" reported: Client 3 is not in game
L 11/09/2014 - 16:58:19: [SM] Displaying call stack trace for plugin "!dao.smx":
L 11/09/2014 - 16:58:19: [SM]   [0]  Line 85, D:\CSGO\csgo±‡“Î∆˜\!dao.sp::Timer_knifemsg()
L 11/09/2014 - 16:58:42: [SM] Native "CS_RespawnPlayer" reported: Client index 3 is not valid
L 11/09/2014 - 16:58:42: [SM] Displaying call stack trace for plugin "warmod11111.smx":
L 11/09/2014 - 16:58:42: [SM]   [0]  Line 1847, D:\CSGO\csgo±‡“Î∆˜\warmod11111.sp::RespawnPlayer()
L 11/09/2014 - 16:59:02: [SM] Native "PrintToChat" reported: Client 3 is not in game
L 11/09/2014 - 16:59:02: [SM] Displaying call stack trace for plugin "!dao.smx":
L 11/09/2014 - 16:59:02: [SM]   [0]  Line 85, D:\CSGO\csgo±‡“Î∆˜\!dao.sp::Timer_knifemsg()
L 11/09/2014 - 17:09:46: [SM] Native "PrintToChat" reported: Client 7 is not in game
L 11/09/2014 - 17:09:46: [SM] Displaying call stack trace for plugin "!dao.smx":
L 11/09/2014 - 17:09:46: [SM]   [0]  Line 85, D:\CSGO\csgo±‡“Î∆˜\!dao.sp::Timer_knifemsg()
L 11/09/2014 - 17:28:50: Error log file session closed.
L 11/09/2014 - 17:28:50: SourceMod error session started
L 11/09/2014 - 17:28:50: Info (map "de_mirage") (file "errors_20141109.log")
L 11/09/2014 - 17:28:50: [SM] Fatal error encountered parsing translation file "namechangepunisher.phrases.txt"
L 11/09/2014 - 17:28:50: [SM] Error (line 0, column 0): Stream failed to open
L 11/09/2014 - 17:28:50: [SM] Fatal error encountered parsing translation file "plugin.supercmds.txt"
L 11/09/2014 - 17:28:50: [SM] Error (line 0, column 0): Stream failed to open
L 11/09/2014 - 17:28:50: [basecommands.smx] Could not parse file (line 12, file "addons\sourcemod\configs\adminmenu_cfgs.txt"):
L 11/09/2014 - 17:28:50: [basecommands.smx] Parser encountered error: Section ending without a matching section beginning
L 11/09/2014 - 17:28:50: [sm_cmdx.smx] Unable to locate overrides file.
L 11/09/2014 - 17:29:18: [SM] Native "PrintToChat" reported: Client 12 is not in game
L 11/09/2014 - 17:29:18: [SM] Displaying call stack trace for plugin "!dao.smx":
L 11/09/2014 - 17:29:18: [SM]   [0]  Line 85, D:\CSGO\csgo±‡“Î∆˜\!dao.sp::Timer_knifemsg()
L 11/09/2014 - 17:33:57: [SM] Native "CS_RespawnPlayer" reported: Client index 7 is not valid
L 11/09/2014 - 17:33:57: [SM] Displaying call stack trace for plugin "warmod11111.smx":
L 11/09/2014 - 17:33:57: [SM]   [0]  Line 1847, D:\CSGO\csgo±‡“Î∆˜\warmod11111.sp::RespawnPlayer()
L 11/09/2014 - 17:34:17: [SM] Native "PrintToChat" reported: Client 7 is not in game
L 11/09/2014 - 17:34:17: [SM] Displaying call stack trace for plugin "!dao.smx":
L 11/09/2014 - 17:34:17: [SM]   [0]  Line 85, D:\CSGO\csgo±‡“Î∆˜\!dao.sp::Timer_knifemsg()
L 11/09/2014 - 18:00:32: Error log file session closed.
L 11/09/2014 - 18:00:32: SourceMod error session started
L 11/09/2014 - 18:00:32: Info (map "de_inferno") (file "errors_20141109.log")
L 11/09/2014 - 18:00:32: [SM] Fatal error encountered parsing translation file "namechangepunisher.phrases.txt"
L 11/09/2014 - 18:00:32: [SM] Error (line 0, column 0): Stream failed to open
L 11/09/2014 - 18:00:32: [SM] Fatal error encountered parsing translation file "plugin.supercmds.txt"
L 11/09/2014 - 18:00:32: [SM] Error (line 0, column 0): Stream failed to open
L 11/09/2014 - 18:00:32: [basecommands.smx] Could not parse file (line 12, file "addons\sourcemod\configs\adminmenu_cfgs.txt"):
L 11/09/2014 - 18:00:32: [basecommands.smx] Parser encountered error: Section ending without a matching section beginning
L 11/09/2014 - 18:00:32: [sm_cmdx.smx] Unable to locate overrides file.
L 11/09/2014 - 18:01:00: [SM] Native "PrintToChat" reported: Client 5 is not in game
L 11/09/2014 - 18:01:00: [SM] Displaying call stack trace for plugin "!dao.smx":
L 11/09/2014 - 18:01:00: [SM]   [0]  Line 85, D:\CSGO\csgo±‡“Î∆˜\!dao.sp::Timer_knifemsg()
L 11/09/2014 - 18:12:40: [SM] Native "PrintToChat" reported: Client 12 is not in game
L 11/09/2014 - 18:12:40: [SM] Displaying call stack trace for plugin "!dao.smx":
L 11/09/2014 - 18:12:40: [SM]   [0]  Line 85, D:\CSGO\csgo±‡“Î∆˜\!dao.sp::Timer_knifemsg()
L 11/09/2014 - 18:18:23: [SM] Native "EquipPlayerWeapon" reported: NULL not allowed
L 11/09/2014 - 18:18:23: [SM] Displaying call stack trace for plugin "!dao.smx":
L 11/09/2014 - 18:18:23: [SM]   [0]  Line 285, D:\CSGO\csgo±‡“Î∆˜\!dao.sp::fadao()
L 11/09/2014 - 18:18:24: [SM] Native "EquipPlayerWeapon" reported: NULL not allowed
L 11/09/2014 - 18:18:24: [SM] Displaying call stack trace for plugin "!dao.smx":
L 11/09/2014 - 18:18:24: [SM]   [0]  Line 285, D:\CSGO\csgo±‡“Î∆˜\!dao.sp::fadao()
L 11/09/2014 - 18:30:36: Error log file session closed.
L 11/09/2014 - 18:30:36: SourceMod error session started
L 11/09/2014 - 18:30:36: Info (map "de_nuke") (file "errors_20141109.log")
L 11/09/2014 - 18:30:36: [SM] Fatal error encountered parsing translation file "namechangepunisher.phrases.txt"
L 11/09/2014 - 18:30:36: [SM] Error (line 0, column 0): Stream failed to open
L 11/09/2014 - 18:30:36: [SM] Fatal error encountered parsing translation file "plugin.supercmds.txt"
L 11/09/2014 - 18:30:36: [SM] Error (line 0, column 0): Stream failed to open
L 11/09/2014 - 18:30:36: [basecommands.smx] Could not parse file (line 12, file "addons\sourcemod\configs\adminmenu_cfgs.txt"):
L 11/09/2014 - 18:30:36: [basecommands.smx] Parser encountered error: Section ending without a matching section beginning
L 11/09/2014 - 18:30:36: [sm_cmdx.smx] Unable to locate overrides file.
L 11/09/2014 - 18:30:47: [SM] Native "PrintToChat" reported: Client 3 is not in game
L 11/09/2014 - 18:30:47: [SM] Displaying call stack trace for plugin "!dao.smx":
L 11/09/2014 - 18:30:47: [SM]   [0]  Line 85, D:\CSGO\csgo±‡“Î∆˜\!dao.sp::Timer_knifemsg()
L 11/09/2014 - 18:30:48: [SM] Native "PrintToChat" reported: Client 6 is not in game
L 11/09/2014 - 18:30:48: [SM] Displaying call stack trace for plugin "!dao.smx":
L 11/09/2014 - 18:30:48: [SM]   [0]  Line 85, D:\CSGO\csgo±‡“Î∆˜\!dao.sp::Timer_knifemsg()
L 11/09/2014 - 18:30:51: [SM] Native "PrintToChat" reported: Client 8 is not in game
L 11/09/2014 - 18:30:51: [SM] Displaying call stack trace for plugin "!dao.smx":
L 11/09/2014 - 18:30:51: [SM]   [0]  Line 85, D:\CSGO\csgo±‡“Î∆˜\!dao.sp::Timer_knifemsg()
L 11/09/2014 - 18:30:51: [SM] Native "PrintToChat" reported: Client 10 is not in game
L 11/09/2014 - 18:30:51: [SM] Displaying call stack trace for plugin "!dao.smx":
L 11/09/2014 - 18:30:51: [SM]   [0]  Line 85, D:\CSGO\csgo±‡“Î∆˜\!dao.sp::Timer_knifemsg()
L 11/09/2014 - 18:30:54: [SM] Native "PrintToChat" reported: Client 9 is not in game
L 11/09/2014 - 18:30:54: [SM] Displaying call stack trace for plugin "!dao.smx":
L 11/09/2014 - 18:30:54: [SM]   [0]  Line 85, D:\CSGO\csgo±‡“Î∆˜\!dao.sp::Timer_knifemsg()
L 11/09/2014 - 18:30:55: [SM] Native "PrintToChat" reported: Client 1 is not in game
L 11/09/2014 - 18:30:55: [SM] Displaying call stack trace for plugin "!dao.smx":
L 11/09/2014 - 18:30:55: [SM]   [0]  Line 85, D:\CSGO\csgo±‡“Î∆˜\!dao.sp::Timer_knifemsg()
L 11/09/2014 - 18:35:57: [SM] Native "EquipPlayerWeapon" reported: NULL not allowed
L 11/09/2014 - 18:35:57: [SM] Displaying call stack trace for plugin "!dao.smx":
L 11/09/2014 - 18:35:57: [SM]   [0]  Line 285, D:\CSGO\csgo±‡“Î∆˜\!dao.sp::fadao()
L 11/09/2014 - 18:35:58: [SM] Native "EquipPlayerWeapon" reported: NULL not allowed
L 11/09/2014 - 18:35:58: [SM] Displaying call stack trace for plugin "!dao.smx":
L 11/09/2014 - 18:35:58: [SM]   [0]  Line 285, D:\CSGO\csgo±‡“Î∆˜\!dao.sp::fadao()
L 11/09/2014 - 18:46:15: Error log file session closed.
L 11/09/2014 - 18:46:15: SourceMod error session started
L 11/09/2014 - 18:46:15: Info (map "de_inferno") (file "errors_20141109.log")
L 11/09/2014 - 18:46:15: [SM] Fatal error encountered parsing translation file "namechangepunisher.phrases.txt"
L 11/09/2014 - 18:46:15: [SM] Error (line 0, column 0): Stream failed to open
L 11/09/2014 - 18:46:15: [SM] Fatal error encountered parsing translation file "plugin.supercmds.txt"
L 11/09/2014 - 18:46:15: [SM] Error (line 0, column 0): Stream failed to open
L 11/09/2014 - 18:46:16: [basecommands.smx] Could not parse file (line 12, file "addons\sourcemod\configs\adminmenu_cfgs.txt"):
L 11/09/2014 - 18:46:16: [basecommands.smx] Parser encountered error: Section ending without a matching section beginning
L 11/09/2014 - 18:46:16: [sm_cmdx.smx] Unable to locate overrides file.
L 11/09/2014 - 18:46:32: [SM] Native "PrintToChat" reported: Client 4 is not in game
L 11/09/2014 - 18:46:32: [SM] Displaying call stack trace for plugin "!dao.smx":
L 11/09/2014 - 18:46:32: [SM]   [0]  Line 85, D:\CSGO\csgo±‡“Î∆˜\!dao.sp::Timer_knifemsg()
L 11/09/2014 - 19:06:19: [SM] Native "PrintToChat" reported: Client 3 is not in game
L 11/09/2014 - 19:06:19: [SM] Displaying call stack trace for plugin "!dao.smx":
L 11/09/2014 - 19:06:19: [SM]   [0]  Line 85, D:\CSGO\csgo±‡“Î∆˜\!dao.sp::Timer_knifemsg()
L 11/09/2014 - 19:10:44: Error log file session closed.
L 11/09/2014 - 19:10:44: SourceMod error session started
L 11/09/2014 - 19:10:44: Info (map "de_nuke") (file "errors_20141109.log")
L 11/09/2014 - 19:10:44: [SM] Fatal error encountered parsing translation file "namechangepunisher.phrases.txt"
L 11/09/2014 - 19:10:44: [SM] Error (line 0, column 0): Stream failed to open
L 11/09/2014 - 19:10:44: [SM] Fatal error encountered parsing translation file "plugin.supercmds.txt"
L 11/09/2014 - 19:10:44: [SM] Error (line 0, column 0): Stream failed to open
L 11/09/2014 - 19:10:44: [basecommands.smx] Could not parse file (line 12, file "addons\sourcemod\configs\adminmenu_cfgs.txt"):
L 11/09/2014 - 19:10:44: [basecommands.smx] Parser encountered error: Section ending without a matching section beginning
L 11/09/2014 - 19:10:44: [sm_cmdx.smx] Unable to locate overrides file.
L 11/09/2014 - 19:10:53: [SM] Native "PrintToChat" reported: Client 7 is not in game
L 11/09/2014 - 19:10:53: [SM] Displaying call stack trace for plugin "!dao.smx":
L 11/09/2014 - 19:10:53: [SM]   [0]  Line 85, D:\CSGO\csgo±‡“Î∆˜\!dao.sp::Timer_knifemsg()
L 11/09/2014 - 19:10:59: [SM] Native "PrintToChat" reported: Client 1 is not in game
L 11/09/2014 - 19:10:59: [SM] Displaying call stack trace for plugin "!dao.smx":
L 11/09/2014 - 19:10:59: [SM]   [0]  Line 85, D:\CSGO\csgo±‡“Î∆˜\!dao.sp::Timer_knifemsg()
L 11/09/2014 - 19:11:04: [SM] Native "PrintToChat" reported: Client 10 is not in game
L 11/09/2014 - 19:11:04: [SM] Displaying call stack trace for plugin "!dao.smx":
L 11/09/2014 - 19:11:04: [SM]   [0]  Line 85, D:\CSGO\csgo±‡“Î∆˜\!dao.sp::Timer_knifemsg()
L 11/09/2014 - 19:12:57: [SM] Native "PrintToChat" reported: Client 7 is not in game
L 11/09/2014 - 19:12:57: [SM] Displaying call stack trace for plugin "!dao.smx":
L 11/09/2014 - 19:12:57: [SM]   [0]  Line 85, D:\CSGO\csgo±‡“Î∆˜\!dao.sp::Timer_knifemsg()
L 11/09/2014 - 19:17:44: [SM] Native "PrintToChat" reported: Client 11 is not in game
L 11/09/2014 - 19:17:44: [SM] Displaying call stack trace for plugin "!dao.smx":
L 11/09/2014 - 19:17:44: [SM]   [0]  Line 85, D:\CSGO\csgo±‡“Î∆˜\!dao.sp::Timer_knifemsg()
L 11/09/2014 - 19:50:05: Error log file session closed.
L 11/09/2014 - 19:50:05: SourceMod error session started
L 11/09/2014 - 19:50:05: Info (map "de_cache") (file "errors_20141109.log")
L 11/09/2014 - 19:50:05: [SM] Fatal error encountered parsing translation file "namechangepunisher.phrases.txt"
L 11/09/2014 - 19:50:05: [SM] Error (line 0, column 0): Stream failed to open
L 11/09/2014 - 19:50:05: [SM] Fatal error encountered parsing translation file "plugin.supercmds.txt"
L 11/09/2014 - 19:50:05: [SM] Error (line 0, column 0): Stream failed to open
L 11/09/2014 - 19:50:06: [basecommands.smx] Could not parse file (line 12, file "addons\sourcemod\configs\adminmenu_cfgs.txt"):
L 11/09/2014 - 19:50:06: [basecommands.smx] Parser encountered error: Section ending without a matching section beginning
L 11/09/2014 - 19:50:06: [sm_cmdx.smx] Unable to locate overrides file.
L 11/09/2014 - 20:15:07: Error log file session closed.
L 11/09/2014 - 20:15:07: SourceMod error session started
L 11/09/2014 - 20:15:07: Info (map "de_cache") (file "errors_20141109.log")
L 11/09/2014 - 20:15:07: [SM] Fatal error encountered parsing translation file "namechangepunisher.phrases.txt"
L 11/09/2014 - 20:15:07: [SM] Error (line 0, column 0): Stream failed to open
L 11/09/2014 - 20:15:07: [SM] Fatal error encountered parsing translation file "plugin.supercmds.txt"
L 11/09/2014 - 20:15:07: [SM] Error (line 0, column 0): Stream failed to open
L 11/09/2014 - 20:15:08: [basecommands.smx] Could not parse file (line 12, file "addons\sourcemod\configs\adminmenu_cfgs.txt"):
L 11/09/2014 - 20:15:08: [basecommands.smx] Parser encountered error: Section ending without a matching section beginning
L 11/09/2014 - 20:15:08: [sm_cmdx.smx] Unable to locate overrides file.
L 11/09/2014 - 23:02:18: Error log file session closed.
L 11/09/2014 - 23:02:18: SourceMod error session started
L 11/09/2014 - 23:02:18: Info (map "de_cache") (file "errors_20141109.log")
L 11/09/2014 - 23:02:18: [SM] Fatal error encountered parsing translation file "namechangepunisher.phrases.txt"
L 11/09/2014 - 23:02:18: [SM] Error (line 0, column 0): Stream failed to open
L 11/09/2014 - 23:02:18: [SM] Fatal error encountered parsing translation file "plugin.supercmds.txt"
L 11/09/2014 - 23:02:18: [SM] Error (line 0, column 0): Stream failed to open
L 11/09/2014 - 23:02:19: [basecommands.smx] Could not parse file (line 12, file "addons\sourcemod\configs\adminmenu_cfgs.txt"):
L 11/09/2014 - 23:02:19: [basecommands.smx] Parser encountered error: Section ending without a matching section beginning
L 11/09/2014 - 23:02:19: [sm_cmdx.smx] Unable to locate overrides file.
