L 09/11/2014 - 00:29:36: SourceMod error session started
L 09/11/2014 - 00:29:36: Info (map "de_nuke") (file "errors_20140911.log")
L 09/11/2014 - 00:29:36: Error log file session closed.
L 09/11/2014 - 00:29:36: SourceMod error session started
L 09/11/2014 - 00:29:36: Info (map "de_nuke") (file "errors_20140911.log")
L 09/11/2014 - 00:29:36: [SM] Fatal error encountered parsing translation file "namechangepunisher.phrases.txt"
L 09/11/2014 - 00:29:36: [SM] Error (line 0, column 0): Stream failed to open
L 09/11/2014 - 00:29:36: [SM] Unable to load plugin "rockthevote.smx": Could not find required plugin "mapchooser"
L 09/11/2014 - 00:29:42: [warmod.smx] Plug-in tEasyFTP.smx required to auto upload demos
L 09/11/2014 - 14:54:15: SourceMod error session started
L 09/11/2014 - 14:54:15: Info (map "de_dust2") (file "errors_20140911.log")
L 09/11/2014 - 14:54:15: [SM] Fatal error encountered parsing translation file "namechangepunisher.phrases.txt"
L 09/11/2014 - 14:54:15: [SM] Error (line 0, column 0): Stream failed to open
L 09/11/2014 - 14:54:15: [SM] Unable to load plugin "rockthevote.smx": Could not find required plugin "mapchooser"
L 09/11/2014 - 15:54:05: Error log file session closed.
L 09/11/2014 - 15:54:05: SourceMod error session started
L 09/11/2014 - 15:54:05: Info (map "de_dust2") (file "errors_20140911.log")
L 09/11/2014 - 15:54:05: [SM] Fatal error encountered parsing translation file "namechangepunisher.phrases.txt"
L 09/11/2014 - 15:54:05: [SM] Error (line 0, column 0): Stream failed to open
L 09/11/2014 - 15:54:05: [SM] Unable to load plugin "rockthevote.smx": Could not find required plugin "mapchooser"
L 09/11/2014 - 15:54:10: [warmod.smx] Plug-in tEasyFTP.smx required to auto upload demos
L 09/11/2014 - 15:54:10: [warmod.smx] Plug-in tEasyFTP.smx required to auto upload demos
L 09/11/2014 - 18:17:31: Error log file session closed.
L 09/11/2014 - 18:17:31: SourceMod error session started
L 09/11/2014 - 18:17:31: Info (map "de_dust2") (file "errors_20140911.log")
L 09/11/2014 - 18:17:31: [SM] Fatal error encountered parsing translation file "namechangepunisher.phrases.txt"
L 09/11/2014 - 18:17:31: [SM] Error (line 0, column 0): Stream failed to open
L 09/11/2014 - 18:17:31: [SM] Unable to load plugin "rockthevote.smx": Could not find required plugin "mapchooser"
L 09/11/2014 - 18:17:36: [warmod.smx] Plug-in tEasyFTP.smx required to auto upload demos
L 09/11/2014 - 19:23:46: Error log file session closed.
L 09/11/2014 - 19:23:47: SourceMod error session started
L 09/11/2014 - 19:23:47: Info (map "de_dust2") (file "errors_20140911.log")
L 09/11/2014 - 19:23:47: [SM] Fatal error encountered parsing translation file "namechangepunisher.phrases.txt"
L 09/11/2014 - 19:23:47: [SM] Error (line 0, column 0): Stream failed to open
L 09/11/2014 - 19:23:47: [SM] Unable to load plugin "rockthevote.smx": Could not find required plugin "mapchooser"
L 09/11/2014 - 19:23:52: [warmod.smx] Plug-in tEasyFTP.smx required to auto upload demos
