L 11/09/2014 - 10:05:00: SourceMod log file session started (file "L20141109.log") (Version "1.6.1-dev+4526")
L 11/09/2014 - 10:05:00: -------- Mapchange to de_cache --------
L 11/09/2014 - 12:16:26: -------- Mapchange to de_cache --------
L 11/09/2014 - 12:17:18: [basecommands.smx] "sifu.WANG╮(╯3╰)╭<582><STEAM_1:0:56540868><>" changed map to "wsf_bloodstrike"
L 11/09/2014 - 12:17:21: [SM] Changed map to "wsf_bloodstrike"
L 11/09/2014 - 12:17:21: -------- Mapchange to wsf_bloodstrike --------
L 11/09/2014 - 12:43:26: -------- Mapchange to de_dust2 --------
L 11/09/2014 - 13:20:13: [basechat.smx] "sifu.WANG╮(╯3╰)╭<582><STEAM_1:0:56540868><>" triggered sm_say (text 干嘛自残？)
L 11/09/2014 - 13:21:50: [basechat.smx] "sifu.WANG╮(╯3╰)╭<582><STEAM_1:0:56540868><>" triggered sm_say (text 谁再自残我T了。别闹)
L 11/09/2014 - 13:31:30: -------- Mapchange to de_mirage --------
L 11/09/2014 - 13:32:18: [basecommands.smx] "sifu.WANG╮(╯3╰)╭<582><STEAM_1:0:56540868><>" kicked "♥鸣泣之时丶<596><STEAM_1:1:53477653><>" 
L 11/09/2014 - 13:32:26: [basecommands.smx] "sifu.WANG╮(╯3╰)╭<582><STEAM_1:0:56540868><>" executed config (file "WangShiFu/SuiJiZuDui.cfg")
L 11/09/2014 - 14:11:03: -------- Mapchange to de_inferno --------
L 11/09/2014 - 14:41:02: -------- Mapchange to de_nuke --------
L 11/09/2014 - 15:19:17: -------- Mapchange to de_cache --------
L 11/09/2014 - 15:43:17: -------- Mapchange to de_overpass --------
L 11/09/2014 - 15:49:50: [namechangepunisher.smx] TeuflichRache.dRei'55 (614) changed names for the first time in this 30 second time period.
L 11/09/2014 - 16:19:41: -------- Mapchange to de_cbble --------
L 11/09/2014 - 16:53:59: [basechat.smx] "sifu.WANG╮(╯3╰)╭<683><STEAM_1:0:56540868><>" triggered sm_say (text 。。睡醒了。)
L 11/09/2014 - 16:54:25: [basechat.smx] "sifu.WANG╮(╯3╰)╭<683><STEAM_1:0:56540868><>" triggered sm_say (text 跟着我的步伐，摩擦摩擦。。)
L 11/09/2014 - 16:57:44: -------- Mapchange to de_dust2 --------
L 11/09/2014 - 16:58:36: [basecommands.smx] "sifu.WANG╮(╯3╰)╭<683><STEAM_1:0:56540868><>" executed config (file "WangShiFu/SuiJiZuDui.cfg")
L 11/09/2014 - 16:58:43: [basecommands.smx] "sifu.WANG╮(╯3╰)╭<683><STEAM_1:0:56540868><>" executed config (file "WangShiFu/SuiJiZuDui.cfg")
L 11/09/2014 - 17:25:38: [playercommands.smx] "sifu.WANG╮(╯3╰)╭<683><STEAM_1:0:56540868><>" slayed "god<597><STEAM_1:0:81584891><>"
L 11/09/2014 - 17:28:34: [playercommands.smx] "sifu.WANG╮(╯3╰)╭<683><STEAM_1:0:56540868><>" slayed "god<597><STEAM_1:0:81584891><>"
L 11/09/2014 - 17:28:50: -------- Mapchange to de_mirage --------
L 11/09/2014 - 17:29:45: [basecommands.smx] "sifu.WANG╮(╯3╰)╭<683><STEAM_1:0:56540868><>" kicked "god<597><STEAM_1:0:81584891><>" 
L 11/09/2014 - 17:33:51: [basecommands.smx] "sifu.WANG╮(╯3╰)╭<683><STEAM_1:0:56540868><>" executed config (file "WangShiFu/SuiJiZuDui.cfg")
L 11/09/2014 - 18:00:31: [mapchooser.smx] Starting map vote because outside request
L 11/09/2014 - 18:00:31: [mapchooser.smx] Voting for next map has started.
L 11/09/2014 - 18:00:32: -------- Mapchange to de_inferno --------
L 11/09/2014 - 18:01:28: [namechangepunisher.smx] RevengersGO.MKLyin [A] (699) changed names for the first time in this 30 second time period.
L 11/09/2014 - 18:06:06: [namechangepunisher.smx] drawrofinput1 (703) changed names for the first time in this 30 second time period.
L 11/09/2014 - 18:30:36: -------- Mapchange to de_nuke --------
L 11/09/2014 - 18:45:53: [mapchooser.smx] Starting map vote because outside request
L 11/09/2014 - 18:45:53: [mapchooser.smx] Voting for next map has started.
L 11/09/2014 - 18:46:13: [mapchooser.smx] Voting for next map has finished. Nextmap: de_inferno.
L 11/09/2014 - 18:46:15: [SM] Changed map to "de_inferno"
L 11/09/2014 - 18:46:15: -------- Mapchange to de_inferno --------
L 11/09/2014 - 19:10:43: [mapchooser.smx] Starting map vote because outside request
L 11/09/2014 - 19:10:43: [mapchooser.smx] Voting for next map has started.
L 11/09/2014 - 19:10:44: -------- Mapchange to de_nuke --------
L 11/09/2014 - 19:19:19: [basechat.smx] "❤butterfly❤<765><STEAM_1:0:49846465><>" triggered sm_say (text mei shi wo deng xia chu si tubie)
L 11/09/2014 - 19:20:08: [basechat.smx] "❤butterfly❤<765><STEAM_1:0:49846465><>" triggered sm_say (text 土鳖我要处死你)
L 11/09/2014 - 19:21:27: [basechat.smx] "❤butterfly❤<765><STEAM_1:0:49846465><>" triggered sm_say (text fuck )
L 11/09/2014 - 19:27:08: [namechangepunisher.smx] drawrofstyle0 (703) changed names for the first time in this 30 second time period.
L 11/09/2014 - 19:50:05: -------- Mapchange to de_cache --------
L 11/09/2014 - 20:15:07: -------- Mapchange to de_cache --------
L 11/09/2014 - 23:02:18: -------- Mapchange to de_cache --------
