L 10/24/2014 - 16:39:49: SourceMod log file session started (file "L20141024.log") (Version "1.6.1-dev+4526")
L 10/24/2014 - 16:39:49: -------- Mapchange to de_dust2 --------
L 10/24/2014 - 16:39:49: [CSMod.IP] **********************************

L 10/24/2014 - 16:39:49: [CSMod.IP] 纯真IP库版本: 纯真网络2014年6月10日IP数据
L 10/24/2014 - 16:39:49: [CSMod.IP] **********************************

L 10/24/2014 - 16:39:49: [GEOIP] GeoIP database info: GEO-106FREE 20091001 Build 1 Copyright (c) 2009 MaxMind Inc All Rights Reserved
L 10/24/2014 - 16:39:51: [warmod.smx] Current Map: de_dust2  Workshop ID: 
L 10/24/2014 - 16:42:01: SourceMod log file session started (file "L20141024.log") (Version "1.6.1-dev+4526")
L 10/24/2014 - 16:42:01: -------- Mapchange to de_dust2 --------
L 10/24/2014 - 16:42:01: [CSMod.IP] **********************************

L 10/24/2014 - 16:42:01: [CSMod.IP] 纯真IP库版本: 纯真网络2014年6月10日IP数据
L 10/24/2014 - 16:42:01: [CSMod.IP] **********************************

L 10/24/2014 - 16:42:01: [GEOIP] GeoIP database info: GEO-106FREE 20091001 Build 1 Copyright (c) 2009 MaxMind Inc All Rights Reserved
L 10/24/2014 - 16:42:02: [warmod.smx] Current Map: de_dust2  Workshop ID: 
L 10/24/2014 - 17:39:51: [UPDATER] Successfully updated gamedata file "sm-cstrike.games/game.csgo.txt"
L 10/24/2014 - 17:39:51: [UPDATER] SourceMod has been updated, please reload it or restart your server.
L 10/24/2014 - 17:39:52: -------- Mapchange to de_dust2 --------
L 10/24/2014 - 17:39:52: [warmod.smx] Current Map: de_dust2  Workshop ID: 
L 10/24/2014 - 17:57:23: -------- Mapchange to de_dust2 --------
L 10/24/2014 - 17:57:24: [warmod.smx] Current Map: de_dust2  Workshop ID: 
L 10/24/2014 - 19:21:51: -------- Mapchange to de_dust2 --------
L 10/24/2014 - 19:21:51: [warmod.smx] Current Map: de_dust2  Workshop ID: 
L 10/24/2014 - 20:31:55: -------- Mapchange to de_dust2 --------
L 10/24/2014 - 20:31:55: [warmod.smx] Current Map: de_dust2  Workshop ID: 
L 10/24/2014 - 21:17:38: -------- Mapchange to de_nuke --------
L 10/24/2014 - 21:17:38: [warmod.smx] Current Map: de_nuke  Workshop ID: ": "STEAM_1:0:33295624", "team": 2}
L 10/24/2014 - 21:18:08: -------- Mapchange to de_mirage --------
L 10/24/2014 - 21:18:09: [warmod.smx] Current Map: de_mirage  Workshop ID: 
L 10/24/2014 - 21:45:48: -------- Mapchange to de_inferno --------
L 10/24/2014 - 21:45:48: [warmod.smx] Current Map: de_inferno  Workshop ID: ": "STEAM_1:0:33295624", "team": 2}
L 10/24/2014 - 22:08:36: -------- Mapchange to de_inferno --------
L 10/24/2014 - 22:08:36: [warmod.smx] Current Map: de_inferno  Workshop ID: 
L 10/24/2014 - 22:33:09: -------- Mapchange to de_inferno --------
L 10/24/2014 - 22:33:09: [warmod.smx] Current Map: de_inferno  Workshop ID: 
L 10/24/2014 - 22:47:09: -------- Mapchange to de_inferno --------
L 10/24/2014 - 22:47:10: [warmod.smx] Current Map: de_inferno  Workshop ID: 
