L 09/19/2014 - 16:07:54: SourceMod log file session started (file "L20140919.log") (Version "1.6.1-dev+4526")
L 09/19/2014 - 16:07:54: -------- Mapchange to de_dust2 --------
L 09/19/2014 - 16:07:54: [CSMod.IP] **********************************

L 09/19/2014 - 16:07:54: [CSMod.IP] 纯真IP库版本: 纯真网络2012年8月25日IP数据
L 09/19/2014 - 16:07:54: [CSMod.IP] **********************************

L 09/19/2014 - 16:07:54: [GEOIP] GeoIP database info: GEO-106FREE 20091001 Build 1 Copyright (c) 2009 MaxMind Inc All Rights Reserved
L 09/19/2014 - 16:07:55: [CLIENTPREFS] Attempting to reconnect to database...
L 09/19/2014 - 16:07:56: [CLIENTPREFS] Attempting to reconnect to database...
L 09/19/2014 - 16:07:56: [warmod.smx] Current Map: de_dust2  Workshop ID: 
L 09/19/2014 - 16:07:56: [CLIENTPREFS] Attempting to reconnect to database...
L 09/19/2014 - 17:30:29: [CLIENTPREFS] Attempting to reconnect to database...
L 09/19/2014 - 17:30:30: -------- Mapchange to de_dust2 --------
L 09/19/2014 - 17:30:30: [CLIENTPREFS] Attempting to reconnect to database...
L 09/19/2014 - 17:30:30: [warmod.smx] Current Map: de_dust2  Workshop ID: 
L 09/19/2014 - 17:30:30: [CLIENTPREFS] Attempting to reconnect to database...
L 09/19/2014 - 17:30:30: [UPDATER] Successfully updated gamedata file "sm-cstrike.games/game.csgo.txt"
L 09/19/2014 - 17:30:30: [UPDATER] Successfully updated gamedata file "core.games/blacklist.plugins.txt"
L 09/19/2014 - 17:30:30: [UPDATER] SourceMod has been updated, please reload it or restart your server.
L 09/19/2014 - 17:30:31: [CLIENTPREFS] Attempting to reconnect to database...
L 09/19/2014 - 17:30:55: [CLIENTPREFS] Attempting to reconnect to database...
L 09/19/2014 - 17:30:55: [CLIENTPREFS] Attempting to reconnect to database...
L 09/19/2014 - 17:30:55: [CLIENTPREFS] Attempting to reconnect to database...
L 09/19/2014 - 17:30:55: [CLIENTPREFS] Attempting to reconnect to database...
L 09/19/2014 - 17:30:55: [CLIENTPREFS] Attempting to reconnect to database...
L 09/19/2014 - 17:31:33: [CLIENTPREFS] Attempting to reconnect to database...
L 09/19/2014 - 17:31:33: [CLIENTPREFS] Attempting to reconnect to database...
L 09/19/2014 - 17:31:33: [CLIENTPREFS] Attempting to reconnect to database...
L 09/19/2014 - 17:31:33: [CLIENTPREFS] Attempting to reconnect to database...
L 09/19/2014 - 17:31:33: [CLIENTPREFS] Attempting to reconnect to database...
L 09/19/2014 - 17:31:33: [CLIENTPREFS] Attempting to reconnect to database...
L 09/19/2014 - 17:31:38: [CLIENTPREFS] Attempting to reconnect to database...
L 09/19/2014 - 18:49:32: -------- Mapchange to de_dust2 --------
L 09/19/2014 - 18:49:32: [CLIENTPREFS] Attempting to reconnect to database...
L 09/19/2014 - 18:49:32: [warmod.smx] Current Map: de_dust2  Workshop ID: 
L 09/19/2014 - 18:49:32: [CLIENTPREFS] Attempting to reconnect to database...
L 09/19/2014 - 18:49:32: [CLIENTPREFS] Attempting to reconnect to database...
L 09/19/2014 - 18:49:39: [CLIENTPREFS] Attempting to reconnect to database...
L 09/19/2014 - 18:49:39: [CLIENTPREFS] Attempting to reconnect to database...
L 09/19/2014 - 18:49:39: [CLIENTPREFS] Attempting to reconnect to database...
L 09/19/2014 - 18:49:39: [CLIENTPREFS] Attempting to reconnect to database...
L 09/19/2014 - 18:49:39: [CLIENTPREFS] Attempting to reconnect to database...
L 09/19/2014 - 18:50:36: [CLIENTPREFS] Attempting to reconnect to database...
L 09/19/2014 - 18:50:36: [CLIENTPREFS] Attempting to reconnect to database...
L 09/19/2014 - 18:50:36: [CLIENTPREFS] Attempting to reconnect to database...
L 09/19/2014 - 18:50:36: [CLIENTPREFS] Attempting to reconnect to database...
L 09/19/2014 - 18:50:36: [CLIENTPREFS] Attempting to reconnect to database...
L 09/19/2014 - 18:50:36: [CLIENTPREFS] Attempting to reconnect to database...
L 09/19/2014 - 18:50:41: [CLIENTPREFS] Attempting to reconnect to database...
