L 11/03/2014 - 00:29:09: SourceMod log file session started (file "L20141103.log") (Version "1.6.1-dev+4526")
L 11/03/2014 - 00:29:09: -------- Mapchange to de_overpass --------
L 11/03/2014 - 00:29:19: [basecommands.smx] "sifu.WANGâ•®(â•¯3â•°)â•­<99><STEAM_1:0:56540868><>" changed map to "de_dust2"
L 11/03/2014 - 00:29:22: [SM] Changed map to "de_dust2"
L 11/03/2014 - 00:29:23: -------- Mapchange to de_dust2 --------
L 11/03/2014 - 00:42:01: [basecommands.smx] "sifu.WANGâ•®(â•¯3â•°)â•­<99><STEAM_1:0:56540868><>" executed config (file "WangShiFu/ShuaXin.cfg")
L 11/03/2014 - 00:42:03: [basecommands.smx] "sifu.WANGâ•®(â•¯3â•°)â•­<99><STEAM_1:0:56540868><>" changed map to "de_dust2"
L 11/03/2014 - 00:42:06: [SM] Changed map to "de_dust2"
L 11/03/2014 - 00:42:06: -------- Mapchange to de_dust2 --------
L 11/03/2014 - 00:50:22: [basecommands.smx] "sifu.WANGâ•®(â•¯3â•°)â•­<99><STEAM_1:0:56540868><>" changed map to "de_dust2"
L 11/03/2014 - 00:50:25: [SM] Changed map to "de_dust2"
L 11/03/2014 - 00:50:25: -------- Mapchange to de_dust2 --------
L 11/03/2014 - 01:05:35: [basecommands.smx] "sifu.WANGâ•®(â•¯3â•°)â•­<99><STEAM_1:0:56540868><>" changed map to "de_dust2"
L 11/03/2014 - 01:05:38: [SM] Changed map to "de_dust2"
L 11/03/2014 - 01:05:38: -------- Mapchange to de_dust2 --------
L 11/03/2014 - 01:07:21: [basecommands.smx] "sifu.WANGâ•®(â•¯3â•°)â•­<99><STEAM_1:0:56540868><>" changed map to "de_dust2"
L 11/03/2014 - 01:07:24: [SM] Changed map to "de_dust2"
L 11/03/2014 - 01:07:24: -------- Mapchange to de_dust2 --------
L 11/03/2014 - 01:07:38: [basecommands.smx] "sifu.WANGâ•®(â•¯3â•°)â•­<99><STEAM_1:0:56540868><>" changed map to "wsf_bloodstrike"
L 11/03/2014 - 01:07:41: [SM] Changed map to "wsf_bloodstrike"
L 11/03/2014 - 01:07:41: -------- Mapchange to wsf_bloodstrike --------
L 11/03/2014 - 01:34:51: -------- Mapchange to wsf_bloodstrike --------
L 11/03/2014 - 02:40:01: -------- Mapchange to wsf_bloodstrike --------
L 11/03/2014 - 19:26:27: -------- Mapchange to wsf_bloodstrike --------
L 11/03/2014 - 19:27:02: -------- Mapchange to wsf_bloodstrike --------
L 11/03/2014 - 19:37:14: -------- Mapchange to wsf_bloodstrike --------
L 11/03/2014 - 19:46:16: SourceMod log file session started (file "L20141103.log") (Version "1.6.1-dev+4526")
L 11/03/2014 - 19:46:16: -------- Mapchange to de_mirage --------
L 11/03/2014 - 19:54:38: SourceMod log file session started (file "L20141103.log") (Version "1.6.1-dev+4526")
L 11/03/2014 - 19:54:38: -------- Mapchange to de_dust2 --------
L 11/03/2014 - 19:54:38: [CSMod.IP] **********************************

L 11/03/2014 - 19:54:38: [CSMod.IP] ´¿ÕæIP¿â°æ±¾: ´¿ÕæÍøÂç2014Äê6ÔÂ10ÈÕIPÊý¾Ý
L 11/03/2014 - 19:54:38: [CSMod.IP] **********************************

L 11/03/2014 - 21:51:47: SourceMod log file session started (file "L20141103.log") (Version "1.6.1-dev+4526")
L 11/03/2014 - 21:51:47: -------- Mapchange to de_dust2 --------
L 11/03/2014 - 21:51:47: [CSMod.IP] **********************************

L 11/03/2014 - 21:51:47: [CSMod.IP] ´¿ÕæIP¿â°æ±¾: ´¿ÕæÍøÂç2014Äê6ÔÂ10ÈÕIPÊý¾Ý
L 11/03/2014 - 21:51:47: [CSMod.IP] **********************************

L 11/03/2014 - 21:53:33: -------- Mapchange to de_dust2 --------
L 11/03/2014 - 22:03:21: [basecommands.smx] "sifu.WANGâ•®(â•¯3â•°)â•­<2><STEAM_1:0:56540868><>" changed map to "de_dust2"
L 11/03/2014 - 22:03:24: [SM] Changed map to "de_dust2"
L 11/03/2014 - 22:03:24: -------- Mapchange to de_dust2 --------
L 11/03/2014 - 22:04:39: [basecommands.smx] "sifu.WANGâ•®(â•¯3â•°)â•­<2><STEAM_1:0:56540868><>" changed map to "de_dust2"
L 11/03/2014 - 22:04:42: [SM] Changed map to "de_dust2"
L 11/03/2014 - 22:04:42: -------- Mapchange to de_dust2 --------
L 11/03/2014 - 22:09:05: [basecommands.smx] "sifu.WANGâ•®(â•¯3â•°)â•­<2><STEAM_1:0:56540868><>" changed map to "de_dust2"
L 11/03/2014 - 22:09:08: [SM] Changed map to "de_dust2"
L 11/03/2014 - 22:09:08: -------- Mapchange to de_dust2 --------
L 11/03/2014 - 22:11:41: [basecommands.smx] "sifu.WANGâ•®(â•¯3â•°)â•­<2><STEAM_1:0:56540868><>" changed map to "de_dust2"
L 11/03/2014 - 22:11:44: [SM] Changed map to "de_dust2"
L 11/03/2014 - 22:11:44: -------- Mapchange to de_dust2 --------
L 11/03/2014 - 22:18:09: [basecommands.smx] "sifu.WANGâ•®(â•¯3â•°)â•­<2><STEAM_1:0:56540868><>" changed map to "de_dust2"
L 11/03/2014 - 22:18:12: [SM] Changed map to "de_dust2"
L 11/03/2014 - 22:18:13: -------- Mapchange to de_dust2 --------
L 11/03/2014 - 22:23:54: [basecommands.smx] "sifu.WANGâ•®(â•¯3â•°)â•­<2><STEAM_1:0:56540868><>" changed map to "wsf_bloodstrike"
L 11/03/2014 - 22:23:57: [SM] Changed map to "wsf_bloodstrike"
L 11/03/2014 - 22:23:57: -------- Mapchange to wsf_bloodstrike --------
L 11/03/2014 - 22:29:17: [basecommands.smx] "sifu.WANGâ•®(â•¯3â•°)â•­<2><STEAM_1:0:56540868><>" executed config (file "WangShiFu/ShuaXin.cfg")
L 11/03/2014 - 22:35:47: [basecommands.smx] "sifu.WANGâ•®(â•¯3â•°)â•­<2><STEAM_1:0:56540868><>" changed map to "de_dust2"
L 11/03/2014 - 22:35:50: [SM] Changed map to "de_dust2"
L 11/03/2014 - 22:35:51: -------- Mapchange to de_dust2 --------
L 11/03/2014 - 22:36:38: [basecommands.smx] "sifu.WANGâ•®(â•¯3â•°)â•­<2><STEAM_1:0:56540868><>" executed config (file "WangShiFu/ShuaXin.cfg")
L 11/03/2014 - 22:41:57: [basecommands.smx] "sifu.WANGâ•®(â•¯3â•°)â•­<2><STEAM_1:0:56540868><>" changed map to "de_dust2"
L 11/03/2014 - 22:42:00: [SM] Changed map to "de_dust2"
L 11/03/2014 - 22:42:00: -------- Mapchange to de_dust2 --------
L 11/03/2014 - 22:54:21: [basecommands.smx] "sifu.WANGâ•®(â•¯3â•°)â•­<2><STEAM_1:0:56540868><>" changed map to "wsf_bloodstrike"
L 11/03/2014 - 22:54:24: [SM] Changed map to "wsf_bloodstrike"
L 11/03/2014 - 22:54:25: -------- Mapchange to wsf_bloodstrike --------
L 11/03/2014 - 23:16:58: [basecommands.smx] "sifu.WANGâ•®(â•¯3â•°)â•­<2><STEAM_1:0:56540868><>" kicked "[SPACE]>ABTOBOT<<66><STEAM_1:0:86428323><>" 
L 11/03/2014 - 23:20:29: -------- Mapchange to de_dust2 --------
L 11/03/2014 - 23:53:08: -------- Mapchange to de_mirage --------
L 11/03/2014 - 23:55:57: [basecommands.smx] "sifu.WANGâ•®(â•¯3â•°)â•­<86><STEAM_1:0:56540868><>" changed map to "de_inferno"
L 11/03/2014 - 23:56:00: [SM] Changed map to "de_inferno"
L 11/03/2014 - 23:56:01: -------- Mapchange to de_inferno --------
