L 10/27/2014 - 00:38:28: SourceMod log file session started (file "L20141027.log") (Version "1.6.1-dev+4526")
L 10/27/2014 - 00:38:28: [basecommands.smx] "sifu.WANGâ•®(â•¯3â•°)â•­<43><STEAM_1:0:56540868><>" changed map to "de_inferno"
L 10/27/2014 - 00:38:31: -------- Mapchange to de_mirage --------
L 10/27/2014 - 00:38:31: [warmod.smx] Current Map: de_mirage  Workshop ID: 
L 10/27/2014 - 00:38:32: [SM] Changed map to "de_inferno"
L 10/27/2014 - 00:38:33: -------- Mapchange to de_inferno --------
L 10/27/2014 - 00:38:33: [warmod.smx] Current Map: de_inferno  Workshop ID: 
L 10/27/2014 - 00:57:47: -------- Mapchange to de_inferno --------
L 10/27/2014 - 00:57:47: [warmod.smx] Current Map: de_inferno  Workshop ID: 
L 10/27/2014 - 10:00:43: -------- Mapchange to de_inferno --------
L 10/27/2014 - 10:00:44: [warmod.smx] Current Map: de_inferno  Workshop ID: 
L 10/27/2014 - 10:01:59: [namechangepunisher.smx] Îµï½€'shAr`K.gB'oOH'' (56) changed names for the first time in this 30 second time period.
L 10/27/2014 - 11:31:32: -------- Mapchange to de_inferno --------
L 10/27/2014 - 11:31:32: [warmod.smx] Current Map: de_inferno  Workshop ID: 
L 10/27/2014 - 12:24:35: -------- Mapchange to de_inferno --------
L 10/27/2014 - 12:24:35: [warmod.smx] Current Map: de_inferno  Workshop ID: 
L 10/27/2014 - 12:25:50: [warmod.smx] "force_start" (player "sifu.WANGâ•®(â•¯3â•°)â•­<58><STEAM_1:0:56540868><>")
L 10/27/2014 - 12:26:02: [warmod.smx] "knife_on_3" (player "sifu.WANGâ•®(â•¯3â•°)â•­<58><STEAM_1:0:56540868><>")
L 10/27/2014 - 12:26:27: [basecommands.smx] "sifu.WANGâ•®(â•¯3â•°)â•­<58><STEAM_1:0:56540868><>" console command (cmdline "sv_cheats 1")
L 10/27/2014 - 12:26:32: [basecommands.smx] "sifu.WANGâ•®(â•¯3â•°)â•­<58><STEAM_1:0:56540868><>" console command (cmdline "bot_kill")
L 10/27/2014 - 12:26:48: [basecommands.smx] "sifu.WANGâ•®(â•¯3â•°)â•­<58><STEAM_1:0:56540868><>" console command (cmdline "bot_kill")
L 10/27/2014 - 12:30:11: [basecommands.smx] "sifu.WANGâ•®(â•¯3â•°)â•­<58><STEAM_1:0:56540868><>" changed map to "de_dust2"
L 10/27/2014 - 12:30:14: [SM] Changed map to "de_dust2"
L 10/27/2014 - 12:30:15: -------- Mapchange to de_dust2 --------
L 10/27/2014 - 12:30:15: [warmod.smx] Current Map: de_dust2  Workshop ID: 	
L 10/27/2014 - 12:30:25: [warmod.smx] "knife_on_3" (player "sifu.WANGâ•®(â•¯3â•°)â•­<58><STEAM_1:0:56540868><>")
L 10/27/2014 - 12:30:32: [basecommands.smx] "sifu.WANGâ•®(â•¯3â•°)â•­<58><STEAM_1:0:56540868><>" console command (cmdline "sv_cheats 1")
L 10/27/2014 - 12:30:34: [basecommands.smx] "sifu.WANGâ•®(â•¯3â•°)â•­<58><STEAM_1:0:56540868><>" console command (cmdline "bot_kill")
L 10/27/2014 - 12:53:42: [basecommands.smx] "sifu.WANGâ•®(â•¯3â•°)â•­<58><STEAM_1:0:56540868><>" console command (cmdline "mp_maxrounds 15")
L 10/27/2014 - 12:53:56: [basecommands.smx] "sifu.WANGâ•®(â•¯3â•°)â•­<58><STEAM_1:0:56540868><>" changed map to "de_dust2"
L 10/27/2014 - 12:53:58: -------- Mapchange to de_nuke --------
L 10/27/2014 - 12:53:58: [warmod.smx] Current Map: de_nuke  Workshop ID: 	
L 10/27/2014 - 12:54:00: [SM] Changed map to "de_dust2"
L 10/27/2014 - 12:54:00: -------- Mapchange to de_dust2 --------
L 10/27/2014 - 12:54:01: [warmod.smx] Current Map: de_dust2  Workshop ID: 
L 10/27/2014 - 12:54:09: [warmod.smx] "knife_on_3" (player "sifu.WANGâ•®(â•¯3â•°)â•­<58><STEAM_1:0:56540868><>")
L 10/27/2014 - 12:54:14: [basecommands.smx] "sifu.WANGâ•®(â•¯3â•°)â•­<58><STEAM_1:0:56540868><>" console command (cmdline "sv_cheats 1")
L 10/27/2014 - 12:54:19: [basecommands.smx] "sifu.WANGâ•®(â•¯3â•°)â•­<58><STEAM_1:0:56540868><>" console command (cmdline "bot_kill")
L 10/27/2014 - 13:00:44: [basecommands.smx] "sifu.WANGâ•®(â•¯3â•°)â•­<58><STEAM_1:0:56540868><>" changed map to "de_dust2"
L 10/27/2014 - 13:00:47: [SM] Changed map to "de_dust2"
L 10/27/2014 - 13:00:47: -------- Mapchange to de_dust2 --------
L 10/27/2014 - 13:00:47: [warmod.smx] Current Map: de_dust2  Workshop ID: 	
L 10/27/2014 - 13:00:55: [warmod.smx] "knife_on_3" (player "sifu.WANGâ•®(â•¯3â•°)â•­<58><STEAM_1:0:56540868><>")
L 10/27/2014 - 13:01:02: [basecommands.smx] "sifu.WANGâ•®(â•¯3â•°)â•­<58><STEAM_1:0:56540868><>" console command (cmdline "sv_cheats 1")
L 10/27/2014 - 13:01:03: [basecommands.smx] "sifu.WANGâ•®(â•¯3â•°)â•­<58><STEAM_1:0:56540868><>" console command (cmdline "bot_kill")
L 10/27/2014 - 13:07:06: [basecommands.smx] "sifu.WANGâ•®(â•¯3â•°)â•­<58><STEAM_1:0:56540868><>" changed map to "de_dust2"
L 10/27/2014 - 13:07:09: [SM] Changed map to "de_dust2"
L 10/27/2014 - 13:07:09: -------- Mapchange to de_dust2 --------
L 10/27/2014 - 13:07:09: [warmod.smx] Current Map: de_dust2  Workshop ID: 	
L 10/27/2014 - 13:07:21: [warmod.smx] "knife_on_3" (player "sifu.WANGâ•®(â•¯3â•°)â•­<58><STEAM_1:0:56540868><>")
L 10/27/2014 - 13:07:23: [basecommands.smx] "sifu.WANGâ•®(â•¯3â•°)â•­<58><STEAM_1:0:56540868><>" console command (cmdline "sv_cheats 1")
L 10/27/2014 - 13:07:36: [basecommands.smx] "sifu.WANGâ•®(â•¯3â•°)â•­<58><STEAM_1:0:56540868><>" console command (cmdline "bot_kill")
L 10/27/2014 - 13:26:06: [warmod.smx] "force_start" (player "butterfly<110><STEAM_1:0:49846465><>")
L 10/27/2014 - 15:28:48: [basecommands.smx] "sifu.WANGâ•®(â•¯3â•°)â•­<58><STEAM_1:0:56540868><>" console command (cmdline "mp_maxrounds 45")
L 10/27/2014 - 15:28:51: [basecommands.smx] "sifu.WANGâ•®(â•¯3â•°)â•­<58><STEAM_1:0:56540868><>" console command (cmdline "mp_maxrounds 48")
L 10/27/2014 - 15:29:14: -------- Mapchange to de_nuke --------
L 10/27/2014 - 15:29:14: [warmod.smx] Current Map: de_nuke  Workshop ID: 	
L 10/27/2014 - 15:52:38: -------- Mapchange to de_nuke --------
L 10/27/2014 - 15:52:39: [warmod.smx] Current Map: de_nuke  Workshop ID: 	
L 10/27/2014 - 15:52:50: [basecommands.smx] "sifu.WANGâ•®(â•¯3â•°)â•­<133><STEAM_1:0:56540868><>" changed map to "wsf_bloodstrike"
L 10/27/2014 - 15:52:53: [SM] Changed map to "wsf_bloodstrike"
L 10/27/2014 - 15:52:53: -------- Mapchange to wsf_bloodstrike --------
L 10/27/2014 - 15:52:53: [warmod.smx] Current Map: wsf_bloodstrike  Workshop ID: 
L 10/27/2014 - 15:53:02: [warmod.smx] "knife_on_3" (player "sifu.WANGâ•®(â•¯3â•°)â•­<133><STEAM_1:0:56540868><>")
L 10/27/2014 - 15:53:09: [basecommands.smx] "sifu.WANGâ•®(â•¯3â•°)â•­<133><STEAM_1:0:56540868><>" console command (cmdline "sv_cheats 1")
L 10/27/2014 - 15:53:12: [basecommands.smx] "sifu.WANGâ•®(â•¯3â•°)â•­<133><STEAM_1:0:56540868><>" console command (cmdline "bot_kill")
L 10/27/2014 - 15:53:29: [basecommands.smx] "sifu.WANGâ•®(â•¯3â•°)â•­<133><STEAM_1:0:56540868><>" console command (cmdline "bot_kill")
L 10/27/2014 - 15:53:49: [warmod.smx] "knife_on_3" (player "sifu.WANGâ•®(â•¯3â•°)â•­<133><STEAM_1:0:56540868><>")
L 10/27/2014 - 15:53:53: [basecommands.smx] "sifu.WANGâ•®(â•¯3â•°)â•­<133><STEAM_1:0:56540868><>" console command (cmdline "sv_cheats 1")
L 10/27/2014 - 15:53:55: [basecommands.smx] "sifu.WANGâ•®(â•¯3â•°)â•­<133><STEAM_1:0:56540868><>" console command (cmdline "bot_kill")
L 10/27/2014 - 15:55:10: [basecommands.smx] "sifu.WANGâ•®(â•¯3â•°)â•­<133><STEAM_1:0:56540868><>" changed map to "de_dust2"
L 10/27/2014 - 15:55:13: [SM] Changed map to "de_dust2"
L 10/27/2014 - 15:55:13: -------- Mapchange to de_dust2 --------
L 10/27/2014 - 15:55:13: [warmod.smx] Current Map: de_dust2  Workshop ID: 
L 10/27/2014 - 15:55:26: [warmod.smx] "knife_on_3" (player "sifu.WANGâ•®(â•¯3â•°)â•­<133><STEAM_1:0:56540868><>")
L 10/27/2014 - 15:55:28: [basecommands.smx] "sifu.WANGâ•®(â•¯3â•°)â•­<133><STEAM_1:0:56540868><>" console command (cmdline "sv_cheats 1")
L 10/27/2014 - 15:55:35: [basecommands.smx] "sifu.WANGâ•®(â•¯3â•°)â•­<133><STEAM_1:0:56540868><>" console command (cmdline "bot_kill")
L 10/27/2014 - 15:56:19: [warmod.smx] "knife_on_3" (player "sifu.WANGâ•®(â•¯3â•°)â•­<133><STEAM_1:0:56540868><>")
L 10/27/2014 - 15:57:32: -------- Mapchange to de_dust2 --------
L 10/27/2014 - 15:57:32: [warmod.smx] Current Map: de_dust2  Workshop ID: 
L 10/27/2014 - 16:21:50: -------- Mapchange to de_dust2 --------
L 10/27/2014 - 16:21:50: [warmod.smx] Current Map: de_dust2  Workshop ID: 
L 10/27/2014 - 16:22:00: [warmod.smx] "knife_on_3" (player "sifu.WANGâ•®(â•¯3â•°)â•­<154><STEAM_1:0:56540868><>")
L 10/27/2014 - 16:22:04: [basecommands.smx] "sifu.WANGâ•®(â•¯3â•°)â•­<154><STEAM_1:0:56540868><>" console command (cmdline "sv_cheats 1")
L 10/27/2014 - 16:22:11: [basecommands.smx] "sifu.WANGâ•®(â•¯3â•°)â•­<154><STEAM_1:0:56540868><>" console command (cmdline "bot_kill")
L 10/27/2014 - 16:22:29: [warmod.smx] "knife_on_3" (player "sifu.WANGâ•®(â•¯3â•°)â•­<154><STEAM_1:0:56540868><>")
L 10/27/2014 - 16:26:33: -------- Mapchange to de_dust2 --------
L 10/27/2014 - 16:26:34: [warmod.smx] Current Map: de_dust2  Workshop ID: 	
L 10/27/2014 - 16:26:43: [warmod.smx] "knife_on_3" (player "sifu.WANGâ•®(â•¯3â•°)â•­<164><STEAM_1:0:56540868><>")
L 10/27/2014 - 16:26:52: [basecommands.smx] "sifu.WANGâ•®(â•¯3â•°)â•­<164><STEAM_1:0:56540868><>" console command (cmdline "sv_cheats 1")
L 10/27/2014 - 16:26:56: [basecommands.smx] "sifu.WANGâ•®(â•¯3â•°)â•­<164><STEAM_1:0:56540868><>" changed map to "de_dust2"
L 10/27/2014 - 16:27:00: [SM] Changed map to "de_dust2"
L 10/27/2014 - 16:27:00: -------- Mapchange to de_dust2 --------
L 10/27/2014 - 16:27:00: [warmod.smx] Current Map: de_dust2  Workshop ID: 
L 10/27/2014 - 16:27:09: [basecommands.smx] "sifu.WANGâ•®(â•¯3â•°)â•­<164><STEAM_1:0:56540868><>" console command (cmdline "sv_cheats 1")
L 10/27/2014 - 16:27:13: [warmod.smx] "knife_on_3" (player "sifu.WANGâ•®(â•¯3â•°)â•­<164><STEAM_1:0:56540868><>")
L 10/27/2014 - 16:27:15: [basecommands.smx] "sifu.WANGâ•®(â•¯3â•°)â•­<164><STEAM_1:0:56540868><>" console command (cmdline "sv_cheats 1")
L 10/27/2014 - 16:27:23: [basecommands.smx] "sifu.WANGâ•®(â•¯3â•°)â•­<164><STEAM_1:0:56540868><>" console command (cmdline "bot_kill")
L 10/27/2014 - 16:27:32: [warmod.smx] "knife_on_3" (player "sifu.WANGâ•®(â•¯3â•°)â•­<164><STEAM_1:0:56540868><>")
L 10/27/2014 - 17:27:23: [basechat.smx] "sifu.WANGâ•®(â•¯3â•°)â•­<164><STEAM_1:0:56540868><>" triggered sm_say (text çƒ­èº«æ‰”ä¸äº†æªæ»´)
L 10/27/2014 - 17:28:45: [basechat.smx] "sifu.WANGâ•®(â•¯3â•°)â•­<164><STEAM_1:0:56540868><>" triggered sm_say (text æ¥çˆ½ä¸€ä¸‹)
L 10/27/2014 - 17:29:53: [basechat.smx] "sifu.WANGâ•®(â•¯3â•°)â•­<164><STEAM_1:0:56540868><>" triggered sm_say (text å“ˆ)
L 10/27/2014 - 17:30:10: [basecommands.smx] "sifu.WANGâ•®(â•¯3â•°)â•­<164><STEAM_1:0:56540868><>" kicked "Mixamuss<193><STEAM_1:0:87900195><>" 
L 10/27/2014 - 17:32:08: [basechat.smx] "sifu.WANGâ•®(â•¯3â•°)â•­<164><STEAM_1:0:56540868><>" triggered sm_say (text æˆ‘å…ˆå¼€ä¸€ä¸‹æµ‹è¯•ä¸€ç‚¹ä¸œè¥¿ã€‚)
L 10/27/2014 - 17:32:13: [warmod.smx] "knife_on_3" (player "sifu.WANGâ•®(â•¯3â•°)â•­<164><STEAM_1:0:56540868><>")
L 10/27/2014 - 17:32:32: [basechat.smx] "sifu.WANGâ•®(â•¯3â•°)â•­<164><STEAM_1:0:56540868><>" triggered sm_say (text æµ‹è¯•ç‚¹ä¸œè¥¿ã€‚)
L 10/27/2014 - 17:34:00: [warmod.smx] "force_end" (player "sifu.WANGâ•®(â•¯3â•°)â•­<164><STEAM_1:0:56540868><>")
L 10/27/2014 - 17:34:07: [basechat.smx] "sifu.WANGâ•®(â•¯3â•°)â•­<164><STEAM_1:0:56540868><>" triggered sm_say (text OKæ²¡é—®é¢˜ã€‚ã€‚)
L 10/27/2014 - 17:34:19: [basechat.smx] "sifu.WANGâ•®(â•¯3â•°)â•­<164><STEAM_1:0:56540868><>" triggered sm_say (text å«ä¿©äººæ¥å‘€)
L 10/27/2014 - 17:37:00: [basecommands.smx] "sifu.WANGâ•®(â•¯3â•°)â•­<164><STEAM_1:0:56540868><>" kicked "ĞŸĞ¸ÑÑĞ½)0))0<198><STEAM_1:0:69090567><>" 
L 10/27/2014 - 17:37:17: [basecommands.smx] "sifu.WANGâ•®(â•¯3â•°)â•­<164><STEAM_1:0:56540868><>" kicked "CR7<200><STEAM_1:0:95104702><>" 
L 10/27/2014 - 17:37:40: [warmod.smx] "knife_on_3" (player "sifu.WANGâ•®(â•¯3â•°)â•­<164><STEAM_1:0:56540868><>")
L 10/27/2014 - 17:38:00: [warmod.smx] "knife_on_3" (player "sifu.WANGâ•®(â•¯3â•°)â•­<204><STEAM_1:0:56540868><>")
L 10/27/2014 - 17:38:09: [basechat.smx] "sifu.WANGâ•®(â•¯3â•°)â•­<204><STEAM_1:0:56540868><>" triggered sm_say (text åˆšåˆšå¡M6äº†)
L 10/27/2014 - 17:38:16: [basechat.smx] "sifu.WANGâ•®(â•¯3â•°)â•­<204><STEAM_1:0:56540868><>" triggered sm_say (text åˆ€æˆ˜é€‰è¾¹ã€‚)
L 10/27/2014 - 17:38:38: [basechat.smx] "sifu.WANGâ•®(â•¯3â•°)â•­<204><STEAM_1:0:56540868><>" triggered sm_say (text Aé—¨åˆ€æˆ˜å‘€ã€‚ã€‚)
L 10/27/2014 - 17:39:37: [basechat.smx] "sifu.WANGâ•®(â•¯3â•°)â•­<204><STEAM_1:0:56540868><>" triggered sm_say (text å½“ç„¶èƒ½é€‰ï¼Œæˆ‘æäº†ä¿©å¤©ã€‚ã€‚)
L 10/27/2014 - 17:44:24: [basecommands.smx] "sifu.WANGâ•®(â•¯3â•°)â•­<204><STEAM_1:0:56540868><>" console command (cmdline "wsf_round_money ")
L 10/27/2014 - 18:20:52: -------- Mapchange to de_nuke --------
L 10/27/2014 - 18:20:52: [GEOIP] GeoIP database info: GEO-106FREE 20091001 Build 1 Copyright (c) 2009 MaxMind Inc All Rights Reserved
L 10/27/2014 - 18:20:52: [warmod.smx] Current Map: de_nuke  Workshop ID: 	
L 10/27/2014 - 18:21:49: [warmod.smx] "knife_on_3" (player "sifu.WANGâ•®(â•¯3â•°)â•­<204><STEAM_1:0:56540868><>")
L 10/27/2014 - 18:21:59: [basecommands.smx] "sifu.WANGâ•®(â•¯3â•°)â•­<204><STEAM_1:0:56540868><>" changed map to "wsf_bloodstrike"
L 10/27/2014 - 18:22:02: [SM] Changed map to "wsf_bloodstrike"
L 10/27/2014 - 18:22:02: -------- Mapchange to wsf_bloodstrike --------
L 10/27/2014 - 18:22:02: [warmod.smx] Current Map: wsf_bloodstrike  Workshop ID: 
L 10/27/2014 - 18:22:11: [warmod.smx] "knife_on_3" (player "sifu.WANGâ•®(â•¯3â•°)â•­<204><STEAM_1:0:56540868><>")
L 10/27/2014 - 18:22:19: [warmod.smx] "force_end" (player "sifu.WANGâ•®(â•¯3â•°)â•­<204><STEAM_1:0:56540868><>")
L 10/27/2014 - 18:22:22: [warmod.smx] "force_end" (player "sifu.WANGâ•®(â•¯3â•°)â•­<204><STEAM_1:0:56540868><>")
L 10/27/2014 - 18:22:28: [warmod.smx] "force_end" (player "sifu.WANGâ•®(â•¯3â•°)â•­<204><STEAM_1:0:56540868><>")
L 10/27/2014 - 18:22:42: [warmod.smx] "match_reset" (player "sifu.WANGâ•®(â•¯3â•°)â•­<204><STEAM_1:0:56540868><>")
L 10/27/2014 - 18:23:00: [warmod.smx] "force_end" (player "sifu.WANGâ•®(â•¯3â•°)â•­<204><STEAM_1:0:56540868><>")
L 10/27/2014 - 18:23:04: [basecommands.smx] "sifu.WANGâ•®(â•¯3â•°)â•­<204><STEAM_1:0:56540868><>" changed map to "wsf_bloodstrike"
L 10/27/2014 - 18:23:07: [SM] Changed map to "wsf_bloodstrike"
L 10/27/2014 - 18:23:07: -------- Mapchange to wsf_bloodstrike --------
L 10/27/2014 - 18:23:07: [warmod.smx] Current Map: wsf_bloodstrike  Workshop ID: 
L 10/27/2014 - 18:23:37: [warmod.smx] "force_end" (player "sifu.WANGâ•®(â•¯3â•°)â•­<204><STEAM_1:0:56540868><>")
L 10/27/2014 - 18:33:09: [basechat.smx] "sifu.WANGâ•®(â•¯3â•°)â•­<204><STEAM_1:0:56540868><>" triggered sm_say (text ç›´æ¥ä¹°ã€‚)
L 10/27/2014 - 18:35:14: [basevotes.smx] "sifu.WANGâ•®(â•¯3â•°)â•­<204><STEAM_1:0:56540868><>" initiated a map vote.
L 10/27/2014 - 18:35:33: [basecommands.smx] "sifu.WANGâ•®(â•¯3â•°)â•­<204><STEAM_1:0:56540868><>" changed map to "de_inferno"
L 10/27/2014 - 18:35:35: [basevotes.smx] Changing map to de_inferno due to vote.
L 10/27/2014 - 18:35:36: [SM] Changed map to "de_inferno"
L 10/27/2014 - 18:35:37: -------- Mapchange to de_inferno --------
L 10/27/2014 - 18:35:37: [warmod.smx] Current Map: de_inferno  Workshop ID: 
L 10/27/2014 - 18:35:41: [SM] Changed map to "de_inferno"
L 10/27/2014 - 18:35:41: -------- Mapchange to de_inferno --------
L 10/27/2014 - 18:35:42: [warmod.smx] Current Map: de_inferno  Workshop ID: 
L 10/27/2014 - 18:35:49: [warmod.smx] "force_end" (player "sifu.WANGâ•®(â•¯3â•°)â•­<204><STEAM_1:0:56540868><>")
L 10/27/2014 - 18:35:53: [warmod.smx] "knife_on_3" (player "sifu.WANGâ•®(â•¯3â•°)â•­<204><STEAM_1:0:56540868><>")
L 10/27/2014 - 18:35:57: [warmod.smx] "force_end" (player "sifu.WANGâ•®(â•¯3â•°)â•­<204><STEAM_1:0:56540868><>")
L 10/27/2014 - 18:36:02: [warmod.smx] "force_end" (player "sifu.WANGâ•®(â•¯3â•°)â•­<204><STEAM_1:0:56540868><>")
L 10/27/2014 - 18:36:10: [warmod.smx] "match_reset" (player "sifu.WANGâ•®(â•¯3â•°)â•­<204><STEAM_1:0:56540868><>")
L 10/27/2014 - 18:36:18: [basecommands.smx] "sifu.WANGâ•®(â•¯3â•°)â•­<204><STEAM_1:0:56540868><>" console command (cmdline "bot_kick")
L 10/27/2014 - 18:36:41: [basecommands.smx] "sifu.WANGâ•®(â•¯3â•°)â•­<204><STEAM_1:0:56540868><>" changed map to "de_inferno"
L 10/27/2014 - 18:36:44: [SM] Changed map to "de_inferno"
L 10/27/2014 - 18:36:45: -------- Mapchange to de_inferno --------
L 10/27/2014 - 18:36:45: [warmod.smx] Current Map: de_inferno  Workshop ID: 
L 10/27/2014 - 18:49:59: [warmod.smx] "force_all_unready" (player "æ´—å‰ªå¹ä¼šå‘˜300å—<199><STEAM_1:0:79563325><>")
L 10/27/2014 - 18:50:07: [warmod.smx] "force_start" (player "æ´—å‰ªå¹ä¼šå‘˜300å—<199><STEAM_1:0:79563325><>")
L 10/27/2014 - 19:13:46: -------- Mapchange to de_cbble --------
L 10/27/2014 - 19:13:46: [warmod.smx] Current Map: de_cbble  Workshop ID: 	
L 10/27/2014 - 19:15:28: [basecommands.smx] "æ´—å‰ªå¹ä¼šå‘˜300å—<199><STEAM_1:0:79563325><>" changed map to "de_cache"
L 10/27/2014 - 19:15:31: [SM] Changed map to "de_cache"
L 10/27/2014 - 19:15:32: -------- Mapchange to de_cache --------
L 10/27/2014 - 19:15:32: [warmod.smx] Current Map: de_cache  Workshop ID: 
L 10/27/2014 - 19:16:13: [basecommands.smx] "å‰å®³æƒ…æ­Œ<271><STEAM_1:0:38652866><>" changed map to "de_mirage"
L 10/27/2014 - 19:16:16: [SM] Changed map to "de_mirage"
L 10/27/2014 - 19:16:16: -------- Mapchange to de_mirage --------
L 10/27/2014 - 19:16:17: [warmod.smx] Current Map: de_mirage  Workshop ID: 
L 10/27/2014 - 19:29:41: [basecommands.smx] "æ´—å‰ªå¹ä¼šå‘˜300å—<199><STEAM_1:0:79563325><>" changed map to "wsf_bloodstrike"
L 10/27/2014 - 19:29:44: [SM] Changed map to "wsf_bloodstrike"
L 10/27/2014 - 19:29:44: -------- Mapchange to wsf_bloodstrike --------
L 10/27/2014 - 19:29:44: [warmod.smx] Current Map: wsf_bloodstrike  Workshop ID: 
L 10/27/2014 - 19:31:10: [warmod.smx] "force_end" (player "sifu.WANGâ•®(â•¯3â•°)â•­<286><STEAM_1:0:56540868><>")
L 10/27/2014 - 19:31:14: [warmod.smx] "force_end" (player "sifu.WANGâ•®(â•¯3â•°)â•­<286><STEAM_1:0:56540868><>")
L 10/27/2014 - 19:31:25: [warmod.smx] "force_start" (player "sifu.WANGâ•®(â•¯3â•°)â•­<286><STEAM_1:0:56540868><>")
L 10/27/2014 - 19:31:28: [warmod.smx] "force_end" (player "sifu.WANGâ•®(â•¯3â•°)â•­<286><STEAM_1:0:56540868><>")
L 10/27/2014 - 19:40:14: [warmod.smx] "force_start" (player "sifu.WANGâ•®(â•¯3â•°)â•­<286><STEAM_1:0:56540868><>")
L 10/27/2014 - 19:40:20: [warmod.smx] "force_end" (player "sifu.WANGâ•®(â•¯3â•°)â•­<286><STEAM_1:0:56540868><>")
L 10/27/2014 - 19:40:52: [basevotes.smx] "sifu.WANGâ•®(â•¯3â•°)â•­<286><STEAM_1:0:56540868><>" initiated a map vote.
L 10/27/2014 - 19:41:13: [basevotes.smx] Changing map to de_nuke due to vote.
L 10/27/2014 - 19:41:18: [SM] Changed map to "de_nuke"
L 10/27/2014 - 19:41:18: -------- Mapchange to de_nuke --------
L 10/27/2014 - 19:41:18: [warmod.smx] Current Map: de_nuke  Workshop ID: 	
L 10/27/2014 - 19:41:32: [warmod.smx] "knife_on_3" (player "æ´—å‰ªå¹ä¼šå‘˜300å—<199><STEAM_1:0:79563325><>")
L 10/27/2014 - 19:42:47: [warmod.smx] "force_end" (player "sifu.WANGâ•®(â•¯3â•°)â•­<286><STEAM_1:0:56540868><>")
L 10/27/2014 - 19:44:49: [warmod.smx] "force_start" (player "æ´—å‰ªå¹ä¼šå‘˜300å—<199><STEAM_1:0:79563325><>")
L 10/27/2014 - 19:44:56: [warmod.smx] "knife_on_3" (player "æ´—å‰ªå¹ä¼šå‘˜300å—<199><STEAM_1:0:79563325><>")
L 10/27/2014 - 19:46:19: SourceMod log file session started (file "L20141027.log") (Version "1.6.1-dev+4526")
L 10/27/2014 - 19:46:19: -------- Mapchange to de_dust2 --------
L 10/27/2014 - 19:46:19: [GEOIP] GeoIP database info: GEO-106FREE 20091001 Build 1 Copyright (c) 2009 MaxMind Inc All Rights Reserved
L 10/27/2014 - 19:46:19: [CSMod.IP] **********************************

L 10/27/2014 - 19:46:19: [CSMod.IP] ´¿ÕæIP¿â°æ±¾: ´¿ÕæÍøÂç2014Äê6ÔÂ10ÈÕIPÊı¾İ
L 10/27/2014 - 19:46:19: [CSMod.IP] **********************************

L 10/27/2014 - 19:46:20: [warmod.smx] Current Map: de_dust2  Workshop ID: 
L 10/27/2014 - 19:46:27: -------- Mapchange to de_dust2 --------
L 10/27/2014 - 19:46:27: [warmod.smx] Current Map: de_dust2  Workshop ID: 
L 10/27/2014 - 19:49:54: [basecommands.smx] "sifu.WANGâ•®(â•¯3â•°)â•­<3><STEAM_1:0:56540868><>" changed map to "de_dust2"
L 10/27/2014 - 19:49:57: [SM] Changed map to "de_dust2"
L 10/27/2014 - 19:49:58: -------- Mapchange to de_dust2 --------
L 10/27/2014 - 19:49:58: [warmod.smx] Current Map: de_dust2  Workshop ID: 	
L 10/27/2014 - 19:50:21: [basecommands.smx] "sifu.WANGâ•®(â•¯3â•°)â•­<3><STEAM_1:0:56540868><>" console command (cmdline "sv_cheats 1")
L 10/27/2014 - 19:51:00: [warmod.smx] "knife_on_3" (player "sifu.WANGâ•®(â•¯3â•°)â•­<3><STEAM_1:0:56540868><>")
L 10/27/2014 - 19:51:10: [basechat.smx] "sifu.WANGâ•®(â•¯3â•°)â•­<3><STEAM_1:0:56540868><>" triggered sm_say (text æµ‹è¯•ä¸‹ä¼šä¸ä¼šæ­»æœºã€‚ã€‚)
L 10/27/2014 - 19:51:17: [basecommands.smx] "sifu.WANGâ•®(â•¯3â•°)â•­<3><STEAM_1:0:56540868><>" console command (cmdline "sv_cheats 1")
L 10/27/2014 - 19:51:23: [basecommands.smx] "sifu.WANGâ•®(â•¯3â•°)â•­<3><STEAM_1:0:56540868><>" console command (cmdline "bot_kill")
L 10/27/2014 - 19:52:45: [basecommands.smx] "sifu.WANGâ•®(â•¯3â•°)â•­<3><STEAM_1:0:56540868><>" console command (cmdline "wm_stats_enabled 0")
L 10/27/2014 - 19:52:49: [warmod.smx] "knife_on_3" (player "sifu.WANGâ•®(â•¯3â•°)â•­<3><STEAM_1:0:56540868><>")
L 10/27/2014 - 19:52:54: [basecommands.smx] "sifu.WANGâ•®(â•¯3â•°)â•­<3><STEAM_1:0:56540868><>" console command (cmdline "bot_kill")
L 10/27/2014 - 19:52:57: [basecommands.smx] "sifu.WANGâ•®(â•¯3â•°)â•­<3><STEAM_1:0:56540868><>" console command (cmdline "sv_cheats 1")
L 10/27/2014 - 19:52:58: [basecommands.smx] "sifu.WANGâ•®(â•¯3â•°)â•­<3><STEAM_1:0:56540868><>" console command (cmdline "bot_kill")
L 10/27/2014 - 19:53:04: [basecommands.smx] "sifu.WANGâ•®(â•¯3â•°)â•­<3><STEAM_1:0:56540868><>" console command (cmdline "wm_stats_enabled 0")
L 10/27/2014 - 19:53:13: [basechat.smx] "sifu.WANGâ•®(â•¯3â•°)â•­<3><STEAM_1:0:56540868><>" triggered sm_say (text åº”è¯¥ä¼šå´©æºƒã€‚ã€‚)
L 10/27/2014 - 19:53:32: [playercommands.smx] "sifu.WANGâ•®(â•¯3â•°)â•­<3><STEAM_1:0:56540868><>" slayed "MeNg.z-``//<13><STEAM_1:1:68499683><>"
L 10/27/2014 - 19:53:49: [warmod.smx] "force_end" (player "sifu.WANGâ•®(â•¯3â•°)â•­<3><STEAM_1:0:56540868><>")
L 10/27/2014 - 19:53:53: [basecommands.smx] "sifu.WANGâ•®(â•¯3â•°)â•­<3><STEAM_1:0:56540868><>" console command (cmdline "wm_stats_enabled 1")
L 10/27/2014 - 19:54:58: [mapchooser.smx] Starting map vote because outside request
L 10/27/2014 - 19:54:58: [mapchooser.smx] Voting for next map has started.
L 10/27/2014 - 19:55:18: [mapchooser.smx] Voting for next map has finished. 'No Change' was the winner
L 10/27/2014 - 20:01:39: [basecommands.smx] "sifu.WANGâ•®(â•¯3â•°)â•­<3><STEAM_1:0:56540868><>" changed map to "de_dust2"
L 10/27/2014 - 20:01:42: [SM] Changed map to "de_dust2"
L 10/27/2014 - 20:01:42: -------- Mapchange to de_dust2 --------
L 10/27/2014 - 20:01:42: [warmod.smx] Current Map: de_dust2  Workshop ID: 
L 10/27/2014 - 20:02:57: [basechat.smx] "sifu.WANGâ•®(â•¯3â•°)â•­<3><STEAM_1:0:56540868><>" triggered sm_say (text å¸Œæœ›å´©æºƒã€‚ã€‚åˆšåˆšå¼„çš„æœ)
L 10/27/2014 - 20:03:00: [warmod.smx] "knife_on_3" (player "sifu.WANGâ•®(â•¯3â•°)â•­<3><STEAM_1:0:56540868><>")
L 10/27/2014 - 20:03:29: [basechat.smx] "sifu.WANGâ•®(â•¯3â•°)â•­<3><STEAM_1:0:56540868><>" triggered sm_say (text .åˆ€æˆ˜é€‰è¾¹å‘€..)
L 10/27/2014 - 20:04:05: [warmod.smx] "force_start" (player "sifu.WANGâ•®(â•¯3â•°)â•­<3><STEAM_1:0:56540868><>")
L 10/27/2014 - 20:04:11: [basechat.smx] "sifu.WANGâ•®(â•¯3â•°)â•­<3><STEAM_1:0:56540868><>" triggered sm_say (text ç®—äº†ã€‚ã€‚)
L 10/27/2014 - 20:18:57: [basecommands.smx] "sifu.WANGâ•®(â•¯3â•°)â•­<3><STEAM_1:0:56540868><>" kicked "zhangtuo0833<22><STEAM_1:1:55070875><>" 
L 10/27/2014 - 20:23:55: [basechat.smx] "sifu.WANGâ•®(â•¯3â•°)â•­<3><STEAM_1:0:56540868><>" triggered sm_say (text æˆ‘ä½ å¦¹å‘€ï¼Œä»–ä¸æ‰“æ‰“æˆ‘)
L 10/27/2014 - 20:33:59: -------- Mapchange to de_nuke --------
L 10/27/2014 - 20:33:59: [warmod.smx] Current Map: de_nuke  Workshop ID: 
L 10/27/2014 - 20:34:28: [basecommands.smx] "sifu.WANGâ•®(â•¯3â•°)â•­<3><STEAM_1:0:56540868><>" console command (cmdline "mp_defuser_allocation 1")
L 10/27/2014 - 20:35:13: [basecommands.smx] "sifu.WANGâ•®(â•¯3â•°)â•­<3><STEAM_1:0:56540868><>" console command (cmdline "mp_defuser_allocation 1")
L 10/27/2014 - 20:35:16: [basecommands.smx] "sifu.WANGâ•®(â•¯3â•°)â•­<3><STEAM_1:0:56540868><>" executed config (file "WangShiFu/ShuaXin.cfg")
L 10/27/2014 - 20:35:22: [basecommands.smx] "sifu.WANGâ•®(â•¯3â•°)â•­<3><STEAM_1:0:56540868><>" console command (cmdline "mp_defuser_allocation 2")
L 10/27/2014 - 20:35:27: [basecommands.smx] "sifu.WANGâ•®(â•¯3â•°)â•­<3><STEAM_1:0:56540868><>" executed config (file "WangShiFu/ShuaXin.cfg")
L 10/27/2014 - 20:35:46: [warmod.smx] "force_start" (player "sifu.WANGâ•®(â•¯3â•°)â•­<3><STEAM_1:0:56540868><>")
L 10/27/2014 - 20:35:53: [basecommands.smx] "sifu.WANGâ•®(â•¯3â•°)â•­<3><STEAM_1:0:56540868><>" console command (cmdline "mp_defuser_allocation 0")
L 10/27/2014 - 20:36:23: [basechat.smx] "sifu.WANGâ•®(â•¯3â•°)â•­<3><STEAM_1:0:56540868><>" triggered sm_say (text - -)
L 10/27/2014 - 20:44:03: [basechat.smx] "sifu.WANGâ•®(â•¯3â•°)â•­<3><STEAM_1:0:56540868><>" triggered sm_say (text ç‹¼ç‰™ã€‚)
L 10/27/2014 - 20:45:26: [basecommands.smx] "sifu.WANGâ•®(â•¯3â•°)â•­<3><STEAM_1:0:56540868><>" kicked "âœ¿ Yaksha âœ¿<42><STEAM_1:1:51589739><>" 
L 10/27/2014 - 21:10:42: -------- Mapchange to de_mirage --------
L 10/27/2014 - 21:10:42: [warmod.smx] Current Map: de_mirage  Workshop ID: 
L 10/27/2014 - 21:15:16: [warmod.smx] "force_start" (player "sifu.WANGâ•®(â•¯3â•°)â•­<3><STEAM_1:0:56540868><>")
L 10/27/2014 - 21:45:29: -------- Mapchange to de_inferno --------
L 10/27/2014 - 21:45:29: [warmod.smx] Current Map: de_inferno  Workshop ID: 	
L 10/27/2014 - 21:47:27: [warmod.smx] "knife_on_3" (player "sifu.WANGâ•®(â•¯3â•°)â•­<3><STEAM_1:0:56540868><>")
L 10/27/2014 - 21:48:27: [basechat.smx] "sifu.WANGâ•®(â•¯3â•°)â•­<3><STEAM_1:0:56540868><>" triggered sm_say (text å“ˆå“ˆ)
L 10/27/2014 - 21:49:09: [basechat.smx] "sifu.WANGâ•®(â•¯3â•°)â•­<3><STEAM_1:0:56540868><>" triggered sm_say (text æ²¡äº‹ï¼Œè¿™æ ·ä¸å´©æºƒã€‚ã€‚)
L 10/27/2014 - 21:49:31: [basechat.smx] "sifu.WANGâ•®(â•¯3â•°)â•­<3><STEAM_1:0:56540868><>" triggered sm_say (text æ¸©æŸ”ä¸€ç‚¹ã€‚ã€‚)
L 10/27/2014 - 21:55:51: [basecommands.smx] "sifu.WANGâ•®(â•¯3â•°)â•­<3><STEAM_1:0:56540868><>" console command (cmdline "mp_ct_default_secondary ")
L 10/27/2014 - 21:55:53: [basecommands.smx] "sifu.WANGâ•®(â•¯3â•°)â•­<3><STEAM_1:0:56540868><>" console command (cmdline "mp_ct_default_secondary 0")
L 10/27/2014 - 21:59:13: [basecommands.smx] "sifu.WANGâ•®(â•¯3â•°)â•­<3><STEAM_1:0:56540868><>" console command (cmdline "mp_ct_default_secondary weapon_hkp2000")
L 10/27/2014 - 22:04:06: [basechat.smx] "sifu.WANGâ•®(â•¯3â•°)â•­<3><STEAM_1:0:56540868><>" triggered sm_say (text å¯¹é¢æœ‰ä¸ä¼šç©çš„å°±æŠ•ç¥¨ã€‚ã€‚ä½ ä»¬æ‡‚çš„)
L 10/27/2014 - 22:20:26: -------- Mapchange to de_cbble --------
L 10/27/2014 - 22:20:26: [warmod.smx] Current Map: de_cbble  Workshop ID: 	
L 10/27/2014 - 22:23:52: [basecommands.smx] "sifu.WANGâ•®(â•¯3â•°)â•­<3><STEAM_1:0:56540868><>" changed map to "de_cache"
L 10/27/2014 - 22:23:55: [SM] Changed map to "de_cache"
L 10/27/2014 - 22:23:56: -------- Mapchange to de_cache --------
L 10/27/2014 - 22:23:56: [warmod.smx] Current Map: de_cache  Workshop ID: 
L 10/27/2014 - 22:26:31: [basecommands.smx] "sifu.WANGâ•®(â•¯3â•°)â•­<3><STEAM_1:0:56540868><>" changed map to "de_dust2"
L 10/27/2014 - 22:26:34: [SM] Changed map to "de_dust2"
L 10/27/2014 - 22:26:35: -------- Mapchange to de_dust2 --------
L 10/27/2014 - 22:26:35: [warmod.smx] Current Map: de_dust2  Workshop ID: 
L 10/27/2014 - 22:41:34: [basecommands.smx] "sifu.WANGâ•®(â•¯3â•°)â•­<3><STEAM_1:0:56540868><>" changed map to "wsf_bloodstrike"
L 10/27/2014 - 22:41:37: [SM] Changed map to "wsf_bloodstrike"
L 10/27/2014 - 22:41:37: -------- Mapchange to wsf_bloodstrike --------
L 10/27/2014 - 22:41:37: [warmod.smx] Current Map: wsf_bloodstrike  Workshop ID: 
L 10/27/2014 - 23:01:20: [basecommands.smx] "sifu.WANGâ•®(â•¯3â•°)â•­<3><STEAM_1:0:56540868><>" changed map to "de_dust2"
L 10/27/2014 - 23:01:23: [SM] Changed map to "de_dust2"
L 10/27/2014 - 23:01:24: -------- Mapchange to de_dust2 --------
L 10/27/2014 - 23:01:24: [warmod.smx] Current Map: de_dust2  Workshop ID: 
L 10/27/2014 - 23:10:05: [basecommands.smx] "sifu.WANGâ•®(â•¯3â•°)â•­<3><STEAM_1:0:56540868><>" console command (cmdline "wm_auto_knife ")
L 10/27/2014 - 23:10:07: [basecommands.smx] "sifu.WANGâ•®(â•¯3â•°)â•­<3><STEAM_1:0:56540868><>" console command (cmdline "wm_auto_knife 1")
L 10/27/2014 - 23:13:29: [basecommands.smx] "sifu.WANGâ•®(â•¯3â•°)â•­<3><STEAM_1:0:56540868><>" executed config (file "WangShiFu/SuiJiZuDui.cfg")
L 10/27/2014 - 23:13:41: [warmod.smx] "force_start" (player "sifu.WANGâ•®(â•¯3â•°)â•­<3><STEAM_1:0:56540868><>")
L 10/27/2014 - 23:14:41: [warmod.smx] "match_reset" (player "è‚‰å±±å¤§é­”ç‹ âœ„â•°ã²â•¯<85><STEAM_1:1:54140957><>")
L 10/27/2014 - 23:15:04: [warmod.smx] "force_start" (player "sifu.WANGâ•®(â•¯3â•°)â•­<3><STEAM_1:0:56540868><>")
L 10/27/2014 - 23:45:04: [basecommands.smx] "sifu.WANGâ•®(â•¯3â•°)â•­<3><STEAM_1:0:56540868><>" changed map to "de_inferno"
L 10/27/2014 - 23:45:06: -------- Mapchange to de_mirage --------
L 10/27/2014 - 23:45:07: [warmod.smx] Current Map: de_mirage  Workshop ID: 
L 10/27/2014 - 23:45:08: [SM] Changed map to "de_inferno"
L 10/27/2014 - 23:45:08: -------- Mapchange to de_inferno --------
L 10/27/2014 - 23:45:09: [warmod.smx] Current Map: de_inferno  Workshop ID: 
L 10/27/2014 - 23:45:17: [basecommands.smx] "sifu.WANGâ•®(â•¯3â•°)â•­<3><STEAM_1:0:56540868><>" console command (cmdline "wm_auto_knife")
L 10/27/2014 - 23:49:53: [warmod.smx] "knife_on_3" (player "sifu.WANGâ•®(â•¯3â•°)â•­<3><STEAM_1:0:56540868><>")
L 10/27/2014 - 23:50:18: [warmod.smx] "knife_on_3" (player "sifu.WANGâ•®(â•¯3â•°)â•­<3><STEAM_1:0:56540868><>")
L 10/27/2014 - 23:51:16: SourceMod log file session started (file "L20141027.log") (Version "1.6.1-dev+4526")
L 10/27/2014 - 23:51:16: -------- Mapchange to de_dust2 --------
L 10/27/2014 - 23:51:16: [CSMod.IP] **********************************

L 10/27/2014 - 23:51:16: [CSMod.IP] ´¿ÕæIP¿â°æ±¾: ´¿ÕæÍøÂç2014Äê6ÔÂ10ÈÕIPÊı¾İ
L 10/27/2014 - 23:51:16: [CSMod.IP] **********************************

L 10/27/2014 - 23:51:17: [warmod.smx] Current Map: de_dust2  Workshop ID: 
