L 11/04/2014 - 00:34:01: SourceMod log file session started (file "L20141104.log") (Version "1.6.1-dev+4526")
L 11/04/2014 - 00:34:01: -------- Mapchange to de_nuke --------
L 11/04/2014 - 00:34:48: [basecommands.smx] "sifu.WANG╮(╯3╰)╭<86><STEAM_1:0:56540868><>" changed map to "wsf_bloodstrike"
L 11/04/2014 - 00:34:51: [SM] Changed map to "wsf_bloodstrike"
L 11/04/2014 - 00:34:51: -------- Mapchange to wsf_bloodstrike --------
L 11/04/2014 - 01:00:54: -------- Mapchange to de_dust2 --------
L 11/04/2014 - 01:49:55: -------- Mapchange to de_mirage --------
L 11/04/2014 - 01:59:10: -------- Mapchange to de_mirage --------
L 11/04/2014 - 02:56:19: -------- Mapchange to de_mirage --------
L 11/04/2014 - 03:20:20: -------- Mapchange to de_mirage --------
L 11/04/2014 - 03:21:22: -------- Mapchange to de_dust2 --------
L 11/04/2014 - 03:45:38: -------- Mapchange to de_mirage --------
L 11/04/2014 - 03:46:23: -------- Mapchange to de_dust2 --------
L 11/04/2014 - 04:10:43: -------- Mapchange to de_mirage --------
L 11/04/2014 - 04:33:32: -------- Mapchange to de_inferno --------
L 11/04/2014 - 09:43:08: -------- Mapchange to de_inferno --------
L 11/04/2014 - 12:22:36: -------- Mapchange to de_inferno --------
L 11/04/2014 - 15:25:07: -------- Mapchange to de_inferno --------
L 11/04/2014 - 15:50:53: -------- Mapchange to de_nuke --------
L 11/04/2014 - 17:21:09: -------- Mapchange to de_nuke --------
L 11/04/2014 - 17:50:56: -------- Mapchange to de_nuke --------
L 11/04/2014 - 19:40:10: -------- Mapchange to de_nuke --------
L 11/04/2014 - 20:06:10: -------- Mapchange to de_nuke --------
L 11/04/2014 - 23:55:11: -------- Mapchange to de_nuke --------
