L 09/08/2014 - 22:08:51: SourceMod log file session started (file "L20140908.log") (Version "1.6.1-dev+4526")
L 09/08/2014 - 22:08:51: -------- Mapchange to de_dust2 --------
L 09/08/2014 - 22:08:51: [CSMod.IP] **********************************

L 09/08/2014 - 22:08:51: [CSMod.IP] 纯真IP库版本: 纯真网络2012年8月25日IP数据
L 09/08/2014 - 22:08:51: [CSMod.IP] **********************************

L 09/08/2014 - 22:08:51: [GEOIP] GeoIP database info: GEO-106FREE 20091001 Build 1 Copyright (c) 2009 MaxMind Inc All Rights Reserved
L 09/08/2014 - 22:08:53: [warmod.smx] Current Map: de_dust2  Workshop ID: 
L 09/08/2014 - 22:09:04: -------- Mapchange to de_dust2 --------
L 09/08/2014 - 22:09:04: [warmod.smx] Current Map: de_dust2  Workshop ID: 
L 09/08/2014 - 22:09:50: SourceMod log file session started (file "L20140908.log") (Version "1.6.1-dev+4526")
L 09/08/2014 - 22:09:50: -------- Mapchange to de_dust2 --------
L 09/08/2014 - 22:09:51: [CSMod.IP] **********************************

L 09/08/2014 - 22:09:51: [CSMod.IP] 纯真IP库版本: 纯真网络2012年8月25日IP数据
L 09/08/2014 - 22:09:51: [CSMod.IP] **********************************

L 09/08/2014 - 22:09:51: [GEOIP] GeoIP database info: GEO-106FREE 20091001 Build 1 Copyright (c) 2009 MaxMind Inc All Rights Reserved
L 09/08/2014 - 22:09:52: [warmod.smx] Current Map: de_dust2  Workshop ID: 
L 09/08/2014 - 22:10:08: -------- Mapchange to de_dust2 --------
L 09/08/2014 - 22:10:09: [warmod.smx] Current Map: de_dust2  Workshop ID: 
L 09/08/2014 - 22:10:09: [UPDATER] Successfully updated gamedata file "sm-cstrike.games/game.csgo.txt"
L 09/08/2014 - 22:10:09: [UPDATER] SourceMod has been updated, please reload it or restart your server.
L 09/08/2014 - 22:10:29: [warmod.smx] "force_start" (player "toFu<3><STEAM_1:0:24109572><>")
L 09/08/2014 - 22:12:08: SourceMod log file session started (file "L20140908.log") (Version "1.6.1-dev+4526")
L 09/08/2014 - 22:12:08: -------- Mapchange to de_dust2 --------
L 09/08/2014 - 22:12:09: [CSMod.IP] **********************************

L 09/08/2014 - 22:12:09: [CSMod.IP] 纯真IP库版本: 纯真网络2012年8月25日IP数据
L 09/08/2014 - 22:12:09: [CSMod.IP] **********************************

L 09/08/2014 - 22:12:09: [GEOIP] GeoIP database info: GEO-106FREE 20091001 Build 1 Copyright (c) 2009 MaxMind Inc All Rights Reserved
L 09/08/2014 - 22:12:10: [warmod.smx] Current Map: de_dust2  Workshop ID: 
L 09/08/2014 - 22:12:16: -------- Mapchange to de_dust2 --------
L 09/08/2014 - 22:12:17: [warmod.smx] Current Map: de_dust2  Workshop ID: 
L 09/08/2014 - 22:12:25: [warmod.smx] "force_start" (player "toFu<3><STEAM_1:0:24109572><>")
L 09/08/2014 - 22:13:03: SourceMod log file session started (file "L20140908.log") (Version "1.6.1-dev+4526")
L 09/08/2014 - 22:13:03: -------- Mapchange to de_dust2 --------
L 09/08/2014 - 22:13:03: [CSMod.IP] **********************************

L 09/08/2014 - 22:13:03: [CSMod.IP] 纯真IP库版本: 纯真网络2012年8月25日IP数据
L 09/08/2014 - 22:13:03: [CSMod.IP] **********************************

L 09/08/2014 - 22:13:03: [GEOIP] GeoIP database info: GEO-106FREE 20091001 Build 1 Copyright (c) 2009 MaxMind Inc All Rights Reserved
L 09/08/2014 - 22:13:05: [warmod.smx] Current Map: de_dust2  Workshop ID: 
L 09/08/2014 - 22:13:23: -------- Mapchange to de_dust2 --------
L 09/08/2014 - 22:13:23: [warmod.smx] Current Map: de_dust2  Workshop ID: 
L 09/08/2014 - 22:13:32: [warmod.smx] "force_start" (player "toFu<3><STEAM_1:0:24109572><>")
L 09/08/2014 - 22:24:16: SourceMod log file session started (file "L20140908.log") (Version "1.6.1-dev+4526")
L 09/08/2014 - 22:24:16: -------- Mapchange to de_dust2 --------
L 09/08/2014 - 22:24:16: [CSMod.IP] **********************************

L 09/08/2014 - 22:24:16: [CSMod.IP] 纯真IP库版本: 纯真网络2012年8月25日IP数据
L 09/08/2014 - 22:24:16: [CSMod.IP] **********************************

L 09/08/2014 - 22:24:16: [GEOIP] GeoIP database info: GEO-106FREE 20091001 Build 1 Copyright (c) 2009 MaxMind Inc All Rights Reserved
L 09/08/2014 - 22:24:17: [warmod.smx] Current Map: de_dust2  Workshop ID: 
L 09/08/2014 - 22:25:11: -------- Mapchange to de_dust2 --------
L 09/08/2014 - 22:25:11: [warmod.smx] Current Map: de_dust2  Workshop ID: 
L 09/08/2014 - 22:25:20: [warmod.smx] "force_start" (player "toFu<3><STEAM_1:0:24109572><>")
L 09/08/2014 - 22:36:30: SourceMod log file session started (file "L20140908.log") (Version "1.6.1-dev+4526")
L 09/08/2014 - 22:36:30: -------- Mapchange to de_dust2 --------
L 09/08/2014 - 22:36:30: [CSMod.IP] **********************************

L 09/08/2014 - 22:36:30: [CSMod.IP] 纯真IP库版本: 纯真网络2012年8月25日IP数据
L 09/08/2014 - 22:36:30: [CSMod.IP] **********************************

L 09/08/2014 - 22:36:30: [GEOIP] GeoIP database info: GEO-106FREE 20091001 Build 1 Copyright (c) 2009 MaxMind Inc All Rights Reserved
L 09/08/2014 - 22:36:32: [warmod.smx] Current Map: de_dust2  Workshop ID: 
L 09/08/2014 - 22:37:02: -------- Mapchange to de_dust2 --------
L 09/08/2014 - 22:37:02: [warmod.smx] Current Map: de_dust2  Workshop ID: 
L 09/08/2014 - 22:37:36: [warmod.smx] "force_start" (player "toFu<3><STEAM_1:0:24109572><>")
L 09/08/2014 - 22:40:13: SourceMod log file session started (file "L20140908.log") (Version "1.6.1-dev+4526")
L 09/08/2014 - 22:40:13: -------- Mapchange to de_dust2 --------
L 09/08/2014 - 22:40:13: [CSMod.IP] **********************************

L 09/08/2014 - 22:40:13: [CSMod.IP] 纯真IP库版本: 纯真网络2012年8月25日IP数据
L 09/08/2014 - 22:40:13: [CSMod.IP] **********************************

L 09/08/2014 - 22:40:13: [GEOIP] GeoIP database info: GEO-106FREE 20091001 Build 1 Copyright (c) 2009 MaxMind Inc All Rights Reserved
L 09/08/2014 - 22:40:14: [warmod.smx] Current Map: de_dust2  Workshop ID: 
L 09/08/2014 - 23:42:14: -------- Mapchange to de_dust2 --------
L 09/08/2014 - 23:42:14: [warmod.smx] Current Map: de_dust2  Workshop ID: 
