L 11/12/2014 - 00:01:37: SourceMod log file session started (file "L20141112.log") (Version "1.6.1-dev+4526")
L 11/12/2014 - 00:01:37: [basechat.smx] "sifu.WANGâ•®(â•¯3â•°)â•­<940><STEAM_1:0:56540868><>" triggered sm_say (text è¿™å±€ä¸ç®—è¡Œä¸è¡Œã€‚ã€‚)
L 11/12/2014 - 00:07:16: SourceMod log file session started (file "L20141112.log") (Version "1.6.1-dev+4526")
L 11/12/2014 - 00:07:16: -------- Mapchange to de_dust2 --------
L 11/12/2014 - 00:07:17: [CSMod.IP] **********************************

L 11/12/2014 - 00:07:17: [CSMod.IP] ´¿ÕæIP¿â°æ±¾: ´¿ÕæÍøÂç2014Äê6ÔÂ10ÈÕIPÊı¾İ
L 11/12/2014 - 00:07:17: [CSMod.IP] **********************************

L 11/12/2014 - 00:07:18: [warmod2(5).smx] Current Map: de_dust2  Workshop ID: 
L 11/12/2014 - 01:55:36: -------- Mapchange to de_dust2 --------
L 11/12/2014 - 02:00:38: [basecommands.smx] "sifu.WANGâ•®(â•¯3â•°)â•­<2><STEAM_1:0:56540868><>" changed map to "de_dust2"
L 11/12/2014 - 02:00:41: [SM] Changed map to "de_dust2"
L 11/12/2014 - 02:00:41: -------- Mapchange to de_dust2 --------
L 11/12/2014 - 02:18:04: -------- Mapchange to de_dust2 --------
L 11/12/2014 - 12:25:17: -------- Mapchange to de_dust2 --------
L 11/12/2014 - 14:39:57: SourceMod log file session started (file "L20141112.log") (Version "1.6.1-dev+4526")
L 11/12/2014 - 14:39:57: -------- Mapchange to de_dust2 --------
L 11/12/2014 - 14:39:57: [CSMod.IP] **********************************

L 11/12/2014 - 14:39:57: [CSMod.IP] ´¿ÕæIP¿â°æ±¾: ´¿ÕæÍøÂç2014Äê6ÔÂ10ÈÕIPÊı¾İ
L 11/12/2014 - 14:39:57: [CSMod.IP] **********************************

L 11/12/2014 - 17:05:43: -------- Mapchange to de_dust2 --------
L 11/12/2014 - 17:38:41: -------- Mapchange to de_dust2 --------
L 11/12/2014 - 17:41:40: SourceMod log file session started (file "L20141112.log") (Version "1.6.1-dev+4526")
L 11/12/2014 - 17:41:40: -------- Mapchange to de_dust2 --------
L 11/12/2014 - 17:41:40: [CSMod.IP] **********************************

L 11/12/2014 - 17:41:40: [CSMod.IP] ´¿ÕæIP¿â°æ±¾: ´¿ÕæÍøÂç2014Äê6ÔÂ10ÈÕIPÊı¾İ
L 11/12/2014 - 17:41:40: [CSMod.IP] **********************************

L 11/12/2014 - 17:43:38: -------- Mapchange to de_dust2 --------
L 11/12/2014 - 17:48:51: SourceMod log file session started (file "L20141112.log") (Version "1.6.1-dev+4526")
L 11/12/2014 - 17:48:51: -------- Mapchange to de_dust2 --------
L 11/12/2014 - 17:48:51: [CSMod.IP] **********************************

L 11/12/2014 - 17:48:51: [CSMod.IP] ´¿ÕæIP¿â°æ±¾: ´¿ÕæÍøÂç2014Äê6ÔÂ10ÈÕIPÊı¾İ
L 11/12/2014 - 17:48:51: [CSMod.IP] **********************************

L 11/12/2014 - 19:52:25: -------- Mapchange to de_dust2 --------
L 11/12/2014 - 20:29:53: -------- Mapchange to de_dust2 --------
L 11/12/2014 - 21:33:55: -------- Mapchange to de_dust2 --------
L 11/12/2014 - 21:37:55: -------- Mapchange to de_dust2 --------
L 11/12/2014 - 22:40:49: SourceMod log file session started (file "L20141112.log") (Version "1.6.1-dev+4526")
L 11/12/2014 - 22:40:49: -------- Mapchange to de_dust2 --------
L 11/12/2014 - 22:40:49: [CSMod.IP] **********************************

L 11/12/2014 - 22:40:49: [CSMod.IP] ´¿ÕæIP¿â°æ±¾: ´¿ÕæÍøÂç2014Äê6ÔÂ10ÈÕIPÊı¾İ
L 11/12/2014 - 22:40:49: [CSMod.IP] **********************************

L 11/12/2014 - 23:52:43: SourceMod log file session started (file "L20141112.log") (Version "1.6.1-dev+4526")
L 11/12/2014 - 23:52:43: -------- Mapchange to de_dust2 --------
L 11/12/2014 - 23:52:43: [CSMod.IP] **********************************

L 11/12/2014 - 23:52:43: [CSMod.IP] ´¿ÕæIP¿â°æ±¾: ´¿ÕæÍøÂç2014Äê6ÔÂ10ÈÕIPÊı¾İ
L 11/12/2014 - 23:52:43: [CSMod.IP] **********************************

