L 10/30/2014 - 01:10:55: SourceMod log file session started (file "L20141030.log") (Version "1.6.1-dev+4526")
L 10/30/2014 - 01:10:55: -------- Mapchange to de_nuke --------
L 10/30/2014 - 01:29:02: -------- Mapchange to de_nuke --------
L 10/30/2014 - 01:29:17: [basecommands.smx] "sifu.WANG╮(╯3╰)╭<135><STEAM_1:0:56540868><>" changed map to "de_dust2"
L 10/30/2014 - 01:29:20: [SM] Changed map to "de_dust2"
L 10/30/2014 - 01:29:21: -------- Mapchange to de_dust2 --------
L 10/30/2014 - 01:29:53: [basecommands.smx] "sifu.WANG╮(╯3╰)╭<135><STEAM_1:0:56540868><>" console command (cmdline "sv_cheats 1")
L 10/30/2014 - 01:29:58: [basecommands.smx] "sifu.WANG╮(╯3╰)╭<135><STEAM_1:0:56540868><>" console command (cmdline "bot_kill")
L 10/30/2014 - 01:34:20: [basecommands.smx] "sifu.WANG╮(╯3╰)╭<135><STEAM_1:0:56540868><>" console command (cmdline "sv_cheats 1")
L 10/30/2014 - 01:34:21: [basecommands.smx] "sifu.WANG╮(╯3╰)╭<135><STEAM_1:0:56540868><>" console command (cmdline "bot_kill")
L 10/30/2014 - 01:35:13: [basecommands.smx] "sifu.WANG╮(╯3╰)╭<135><STEAM_1:0:56540868><>" console command (cmdline "sv_cheats 1")
L 10/30/2014 - 01:35:14: [basecommands.smx] "sifu.WANG╮(╯3╰)╭<135><STEAM_1:0:56540868><>" console command (cmdline "bot_kill")
L 10/30/2014 - 01:36:16: [basecommands.smx] "sifu.WANG╮(╯3╰)╭<135><STEAM_1:0:56540868><>" console command (cmdline "bot_kill")
L 10/30/2014 - 01:36:17: [basecommands.smx] "sifu.WANG╮(╯3╰)╭<135><STEAM_1:0:56540868><>" console command (cmdline "sv_cheats 1")
L 10/30/2014 - 01:36:18: [basecommands.smx] "sifu.WANG╮(╯3╰)╭<135><STEAM_1:0:56540868><>" console command (cmdline "bot_kill")
L 10/30/2014 - 01:36:35: [basecommands.smx] "sifu.WANG╮(╯3╰)╭<135><STEAM_1:0:56540868><>" console command (cmdline "sv_cheats 1")
L 10/30/2014 - 01:36:36: [basecommands.smx] "sifu.WANG╮(╯3╰)╭<135><STEAM_1:0:56540868><>" console command (cmdline "bot_kill")
L 10/30/2014 - 01:36:43: [basecommands.smx] "sifu.WANG╮(╯3╰)╭<135><STEAM_1:0:56540868><>" console command (cmdline "sv_cheats 1")
L 10/30/2014 - 01:36:44: [basecommands.smx] "sifu.WANG╮(╯3╰)╭<135><STEAM_1:0:56540868><>" console command (cmdline "bot_kill")
L 10/30/2014 - 01:36:51: [basecommands.smx] "sifu.WANG╮(╯3╰)╭<135><STEAM_1:0:56540868><>" console command (cmdline "bot_kill")
L 10/30/2014 - 01:36:59: [basecommands.smx] "sifu.WANG╮(╯3╰)╭<135><STEAM_1:0:56540868><>" console command (cmdline "bot_kill")
L 10/30/2014 - 01:37:06: [basecommands.smx] "sifu.WANG╮(╯3╰)╭<135><STEAM_1:0:56540868><>" console command (cmdline "bot_kill")
L 10/30/2014 - 01:37:12: [basecommands.smx] "sifu.WANG╮(╯3╰)╭<135><STEAM_1:0:56540868><>" console command (cmdline "bot_kill")
L 10/30/2014 - 01:37:17: [basecommands.smx] "sifu.WANG╮(╯3╰)╭<135><STEAM_1:0:56540868><>" console command (cmdline "bot_kill")
L 10/30/2014 - 01:37:20: [basecommands.smx] "sifu.WANG╮(╯3╰)╭<135><STEAM_1:0:56540868><>" console command (cmdline "bot_kill")
L 10/30/2014 - 01:37:23: [basecommands.smx] "sifu.WANG╮(╯3╰)╭<135><STEAM_1:0:56540868><>" console command (cmdline "bot_kill")
L 10/30/2014 - 01:37:28: [basecommands.smx] "sifu.WANG╮(╯3╰)╭<135><STEAM_1:0:56540868><>" console command (cmdline "bot_kill")
L 10/30/2014 - 01:37:34: [basecommands.smx] "sifu.WANG╮(╯3╰)╭<135><STEAM_1:0:56540868><>" console command (cmdline "bot_kill")
L 10/30/2014 - 01:37:43: [basecommands.smx] "sifu.WANG╮(╯3╰)╭<135><STEAM_1:0:56540868><>" console command (cmdline "bot_kill")
L 10/30/2014 - 01:37:49: [basecommands.smx] "sifu.WANG╮(╯3╰)╭<135><STEAM_1:0:56540868><>" console command (cmdline "bot_kill")
L 10/30/2014 - 01:37:55: [basecommands.smx] "sifu.WANG╮(╯3╰)╭<135><STEAM_1:0:56540868><>" console command (cmdline "bot_kill")
L 10/30/2014 - 01:38:01: [basecommands.smx] "sifu.WANG╮(╯3╰)╭<135><STEAM_1:0:56540868><>" console command (cmdline "bot_kill")
L 10/30/2014 - 01:38:14: [basecommands.smx] "sifu.WANG╮(╯3╰)╭<135><STEAM_1:0:56540868><>" console command (cmdline "bot_kill")
L 10/30/2014 - 01:38:22: [basecommands.smx] "sifu.WANG╮(╯3╰)╭<135><STEAM_1:0:56540868><>" console command (cmdline "bot_kill")
L 10/30/2014 - 01:38:38: -------- Mapchange to de_mirage --------
L 10/30/2014 - 11:13:23: -------- Mapchange to de_mirage --------
L 10/30/2014 - 11:17:30: [basecommands.smx] "sifu.WANG╮(╯3╰)╭<164><STEAM_1:0:56540868><>" changed map to "de_dust2"
L 10/30/2014 - 11:17:33: [SM] Changed map to "de_dust2"
L 10/30/2014 - 11:17:34: -------- Mapchange to de_dust2 --------
L 10/30/2014 - 11:18:55: [basecommands.smx] "sifu.WANG╮(╯3╰)╭<164><STEAM_1:0:56540868><>" executed config (file "WangShiFu/SuiJiZuDui.cfg")
L 10/30/2014 - 11:20:09: [basecommands.smx] "sifu.WANG╮(╯3╰)╭<164><STEAM_1:0:56540868><>" executed config (file "WangShiFu/ShuaXin.cfg")
L 10/30/2014 - 11:20:11: [basecommands.smx] "sifu.WANG╮(╯3╰)╭<164><STEAM_1:0:56540868><>" changed map to "de_dust2"
L 10/30/2014 - 11:20:14: [SM] Changed map to "de_dust2"
L 10/30/2014 - 11:20:14: -------- Mapchange to de_dust2 --------
L 10/30/2014 - 11:47:17: -------- Mapchange to de_mirage --------
L 10/30/2014 - 12:14:20: -------- Mapchange to de_inferno --------
L 10/30/2014 - 12:43:18: -------- Mapchange to de_nuke --------
L 10/30/2014 - 12:46:13: [basecommands.smx] "sifu.WANG╮(╯3╰)╭<164><STEAM_1:0:56540868><>" changed map to "de_dust2"
L 10/30/2014 - 12:46:16: [SM] Changed map to "de_dust2"
L 10/30/2014 - 12:46:17: -------- Mapchange to de_dust2 --------
L 10/30/2014 - 14:56:02: -------- Mapchange to de_dust2 --------
L 10/30/2014 - 14:56:14: [basecommands.smx] "sifu.WANG╮(╯3╰)╭<205><STEAM_1:0:56540868><>" changed map to "de_dust2"
L 10/30/2014 - 14:56:17: [SM] Changed map to "de_dust2"
L 10/30/2014 - 14:56:17: -------- Mapchange to de_dust2 --------
L 10/30/2014 - 14:56:59: [basecommands.smx] "sifu.WANG╮(╯3╰)╭<205><STEAM_1:0:56540868><>" console command (cmdline "sv_cheats 1")
L 10/30/2014 - 14:57:04: [basecommands.smx] "sifu.WANG╮(╯3╰)╭<205><STEAM_1:0:56540868><>" console command (cmdline "bot_kill")
L 10/30/2014 - 15:02:18: -------- Mapchange to de_dust2 --------
L 10/30/2014 - 15:11:12: -------- Mapchange to de_dust2 --------
L 10/30/2014 - 15:14:31: [basecommands.smx] "sifu.WANG╮(╯3╰)╭<216><STEAM_1:0:56540868><>" console command (cmdline "sv_cheats 1")
L 10/30/2014 - 15:14:36: [basecommands.smx] "sifu.WANG╮(╯3╰)╭<216><STEAM_1:0:56540868><>" console command (cmdline "bot_kill")
L 10/30/2014 - 15:15:42: [basecommands.smx] "sifu.WANG╮(╯3╰)╭<216><STEAM_1:0:56540868><>" executed config (file "WangShiFu/off.cfg")
L 10/30/2014 - 15:15:49: [basecommands.smx] "sifu.WANG╮(╯3╰)╭<216><STEAM_1:0:56540868><>" executed config (file "WangShiFu/on.cfg")
L 10/30/2014 - 15:16:11: [basecommands.smx] "sifu.WANG╮(╯3╰)╭<216><STEAM_1:0:56540868><>" console command (cmdline "sv_cheats 1")
L 10/30/2014 - 15:16:16: [basecommands.smx] "sifu.WANG╮(╯3╰)╭<216><STEAM_1:0:56540868><>" console command (cmdline "sv_grenade_trajectory 1 ")
L 10/30/2014 - 15:17:27: -------- Mapchange to de_dust2 --------
L 10/30/2014 - 15:17:49: [basecommands.smx] "sifu.WANG╮(╯3╰)╭<235><STEAM_1:0:56540868><>" console command (cmdline "sv_cheats 1")
L 10/30/2014 - 15:17:54: [basecommands.smx] "sifu.WANG╮(╯3╰)╭<235><STEAM_1:0:56540868><>" console command (cmdline "sv_grenade_trajectory 1 ")
L 10/30/2014 - 15:18:02: [basecommands.smx] "sifu.WANG╮(╯3╰)╭<235><STEAM_1:0:56540868><>" executed config (file "WangShiFu/on.cfg")
L 10/30/2014 - 15:31:19: -------- Mapchange to de_dust2 --------
L 10/30/2014 - 15:31:19: [GEOIP] GeoIP database info: GEO-106FREE 20091001 Build 1 Copyright (c) 2009 MaxMind Inc All Rights Reserved
L 10/30/2014 - 15:31:28: [basecommands.smx] "sifu.WANG╮(╯3╰)╭<238><STEAM_1:0:56540868><>" changed map to "de_dust2"
L 10/30/2014 - 15:31:31: [SM] Changed map to "de_dust2"
L 10/30/2014 - 15:31:32: -------- Mapchange to de_dust2 --------
L 10/30/2014 - 16:22:54: -------- Mapchange to de_dust2 --------
L 10/30/2014 - 16:30:03: -------- Mapchange to de_dust2 --------
L 10/30/2014 - 18:16:34: -------- Mapchange to de_dust2 --------
L 10/30/2014 - 18:45:46: -------- Mapchange to de_dust2 --------
L 10/30/2014 - 18:46:07: [basecommands.smx] "sifu.WANG╮(╯3╰)╭<243><STEAM_1:0:56540868><>" changed map to "de_dust2"
L 10/30/2014 - 18:46:10: [SM] Changed map to "de_dust2"
L 10/30/2014 - 18:46:10: -------- Mapchange to de_dust2 --------
L 10/30/2014 - 18:59:03: [basechat.smx] "sifu.WANG╮(╯3╰)╭<243><STEAM_1:0:56540868><>" triggered sm_say (text 拉点人进来呀)
L 10/30/2014 - 19:05:33: [basecommands.smx] "sifu.WANG╮(╯3╰)╭<243><STEAM_1:0:56540868><>" changed map to "wsf_bloodstrike"
L 10/30/2014 - 19:05:36: [SM] Changed map to "wsf_bloodstrike"
L 10/30/2014 - 19:05:36: -------- Mapchange to wsf_bloodstrike --------
L 10/30/2014 - 19:18:21: [basechat.smx] "sifu.WANG╮(╯3╰)╭<243><STEAM_1:0:56540868><>" triggered sm_say (text ok)
L 10/30/2014 - 19:18:30: [basevotes.smx] "sifu.WANG╮(╯3╰)╭<243><STEAM_1:0:56540868><>" initiated a map vote.
L 10/30/2014 - 19:18:47: [basevotes.smx] Changing map to de_dust2 due to vote.
L 10/30/2014 - 19:18:52: [SM] Changed map to "de_dust2"
L 10/30/2014 - 19:18:53: -------- Mapchange to de_dust2 --------
L 10/30/2014 - 19:19:24: [basecommands.smx] "sifu.WANG╮(╯3╰)╭<243><STEAM_1:0:56540868><>" executed config (file "WangShiFu/SuiJiZuDui.cfg")
L 10/30/2014 - 19:42:14: [basechat.smx] "butterfly&23™ POW<275><STEAM_1:0:49846465><>" triggered sm_say (text CAONIMA)
L 10/30/2014 - 19:48:00: [basechat.smx] "sifu.WANG╮(╯3╰)╭<243><STEAM_1:0:56540868><>" triggered sm_say (text 墨绿对面最后那个貌似不会玩？你可以换上去啊。)
L 10/30/2014 - 19:49:58: [basechat.smx] "sifu.WANG╮(╯3╰)╭<243><STEAM_1:0:56540868><>" triggered sm_say (text 费天王在不在？)
L 10/30/2014 - 19:56:19: -------- Mapchange to de_mirage --------
L 10/30/2014 - 19:59:13: [basecommands.smx] "sifu.WANG╮(╯3╰)╭<243><STEAM_1:0:56540868><>" executed config (file "WangShiFu/SuiJiZuDui.cfg")
L 10/30/2014 - 20:00:13: [basechat.smx] "sifu.WANG╮(╯3╰)╭<243><STEAM_1:0:56540868><>" triggered sm_say (text T家。。)
L 10/30/2014 - 20:00:22: [basechat.smx] "sifu.WANG╮(╯3╰)╭<243><STEAM_1:0:56540868><>" triggered sm_say (text )
L 10/30/2014 - 20:00:34: [basechat.smx] "sifu.WANG╮(╯3╰)╭<243><STEAM_1:0:56540868><>" triggered sm_say (text baichi ...)
L 10/30/2014 - 20:01:59: [basechat.smx] "sifu.WANG╮(╯3╰)╭<243><STEAM_1:0:56540868><>" triggered sm_say (text 求你们看提示。。)
L 10/30/2014 - 20:03:16: [basechat.smx] "sifu.WANG╮(╯3╰)╭<243><STEAM_1:0:56540868><>" triggered sm_say (text 我操。。)
L 10/30/2014 - 20:17:55: [basechat.smx] "sifu.WANG╮(╯3╰)╭<243><STEAM_1:0:56540868><>" triggered sm_say (text pow5: 16 ..)
L 10/30/2014 - 20:42:12: [basechat.smx] "sifu.WANG╮(╯3╰)╭<243><STEAM_1:0:56540868><>" triggered sm_say (text 我怎么这卡，我想把服务器重启一下。。)
L 10/30/2014 - 20:44:54: -------- Mapchange to de_inferno --------
L 10/30/2014 - 20:48:57: [basevotes.smx] "C1<294><STEAM_1:0:43933669><>" initiated a map vote.
L 10/30/2014 - 20:49:17: [basevotes.smx] Vote failed.
L 10/30/2014 - 21:06:35: [basechat.smx] "C1<294><STEAM_1:0:43933669><>" triggered sm_say (text 大家好，我是个傻B )
L 10/30/2014 - 21:06:51: [basecommands.smx] "C1<294><STEAM_1:0:43933669><>" kicked "sifu.WANG╮(╯3╰)╭<243><STEAM_1:0:56540868><>" 
L 10/30/2014 - 21:25:03: -------- Mapchange to de_nuke --------
L 10/30/2014 - 21:51:01: -------- Mapchange to de_cache --------
L 10/30/2014 - 21:52:10: [basecommands.smx] "SUPER GAO<283><STEAM_1:0:54309167><>" changed map to "de_dust2"
L 10/30/2014 - 21:52:13: [SM] Changed map to "de_dust2"
L 10/30/2014 - 21:52:13: -------- Mapchange to de_dust2 --------
L 10/30/2014 - 22:31:09: -------- Mapchange to de_mirage --------
L 10/30/2014 - 22:34:21: [basecommands.smx] "butterfly&23™ POW<296><STEAM_1:0:49846465><>" executed config (file "WangShiFu/SuiJiZuDui.cfg")
L 10/30/2014 - 23:14:50: -------- Mapchange to de_inferno --------
L 10/30/2014 - 23:44:54: -------- Mapchange to de_nuke --------
L 10/30/2014 - 23:50:07: -------- Mapchange to de_nuke --------
L 10/30/2014 - 23:54:38: -------- Mapchange to de_nuke --------
