L 10/29/2014 - 00:17:22: SourceMod log file session started (file "L20141029.log") (Version "1.6.1-dev+4526")
L 10/29/2014 - 00:17:22: -------- Mapchange to de_mirage --------
L 10/29/2014 - 00:17:22: [warmod.smx] Current Map: de_mirage  Workshop ID: 
L 10/29/2014 - 00:18:00: [funcommands.smx] "SUPER GAO<121><STEAM_1:0:54309167><>" ignited "Dark Horse* Y n L cï¼ˆO.z)<139><STEAM_1:1:56072659><>" (seconds "20.000000")
L 10/29/2014 - 00:18:06: [funcommands.smx] "SUPER GAO<121><STEAM_1:0:54309167><>" ignited "Dark Horse* Y n L cï¼ˆO.z)<139><STEAM_1:1:56072659><>" (seconds "20.000000")
L 10/29/2014 - 00:18:08: [funcommands.smx] "SUPER GAO<121><STEAM_1:0:54309167><>" ignited "Dark Horse* Y n L cï¼ˆO.z)<139><STEAM_1:1:56072659><>" (seconds "20.000000")
L 10/29/2014 - 00:18:08: [funcommands.smx] "SUPER GAO<121><STEAM_1:0:54309167><>" ignited "Dark Horse* Y n L cï¼ˆO.z)<139><STEAM_1:1:56072659><>" (seconds "20.000000")
L 10/29/2014 - 00:18:08: [funcommands.smx] "SUPER GAO<121><STEAM_1:0:54309167><>" ignited "Dark Horse* Y n L cï¼ˆO.z)<139><STEAM_1:1:56072659><>" (seconds "20.000000")
L 10/29/2014 - 00:18:09: [funcommands.smx] "SUPER GAO<121><STEAM_1:0:54309167><>" ignited "Dark Horse* Y n L cï¼ˆO.z)<139><STEAM_1:1:56072659><>" (seconds "20.000000")
L 10/29/2014 - 00:18:09: [funcommands.smx] "SUPER GAO<121><STEAM_1:0:54309167><>" ignited "Dark Horse* Y n L cï¼ˆO.z)<139><STEAM_1:1:56072659><>" (seconds "20.000000")
L 10/29/2014 - 00:18:09: [funcommands.smx] "SUPER GAO<121><STEAM_1:0:54309167><>" ignited ">< Cy ><166><STEAM_1:1:56606096><>" (seconds "20.000000")
L 10/29/2014 - 00:18:09: [funcommands.smx] "SUPER GAO<121><STEAM_1:0:54309167><>" ignited "Dark Horse* Y n L cï¼ˆO.z)<139><STEAM_1:1:56072659><>" (seconds "20.000000")
L 10/29/2014 - 00:18:09: [funcommands.smx] "SUPER GAO<121><STEAM_1:0:54309167><>" ignited "Dark Horse* Y n L cï¼ˆO.z)<139><STEAM_1:1:56072659><>" (seconds "20.000000")
L 10/29/2014 - 00:18:09: [funcommands.smx] "SUPER GAO<121><STEAM_1:0:54309167><>" ignited "Dark Horse* Y n L cï¼ˆO.z)<139><STEAM_1:1:56072659><>" (seconds "20.000000")
L 10/29/2014 - 00:18:09: [funcommands.smx] "SUPER GAO<121><STEAM_1:0:54309167><>" ignited "Dark Horse* Y n L cï¼ˆO.z)<139><STEAM_1:1:56072659><>" (seconds "20.000000")
L 10/29/2014 - 00:18:10: [funcommands.smx] "SUPER GAO<121><STEAM_1:0:54309167><>" ignited "Dark Horse* Y n L cï¼ˆO.z)<139><STEAM_1:1:56072659><>" (seconds "20.000000")
L 10/29/2014 - 00:18:10: [funcommands.smx] "SUPER GAO<121><STEAM_1:0:54309167><>" ignited "Dark Horse* Y n L cï¼ˆO.z)<139><STEAM_1:1:56072659><>" (seconds "20.000000")
L 10/29/2014 - 00:18:10: [funcommands.smx] "SUPER GAO<121><STEAM_1:0:54309167><>" ignited "Dark Horse* Y n L cï¼ˆO.z)<139><STEAM_1:1:56072659><>" (seconds "20.000000")
L 10/29/2014 - 00:18:10: [funcommands.smx] "SUPER GAO<121><STEAM_1:0:54309167><>" ignited "Dark Horse* Y n L cï¼ˆO.z)<139><STEAM_1:1:56072659><>" (seconds "20.000000")
L 10/29/2014 - 00:18:10: [funcommands.smx] "SUPER GAO<121><STEAM_1:0:54309167><>" ignited "Dark Horse* Y n L cï¼ˆO.z)<139><STEAM_1:1:56072659><>" (seconds "20.000000")
L 10/29/2014 - 00:18:10: [funcommands.smx] "SUPER GAO<121><STEAM_1:0:54309167><>" ignited "Dark Horse* Y n L cï¼ˆO.z)<139><STEAM_1:1:56072659><>" (seconds "20.000000")
L 10/29/2014 - 00:18:10: [funcommands.smx] "SUPER GAO<121><STEAM_1:0:54309167><>" ignited "Dark Horse* Y n L cï¼ˆO.z)<139><STEAM_1:1:56072659><>" (seconds "20.000000")
L 10/29/2014 - 00:18:11: [funcommands.smx] "SUPER GAO<121><STEAM_1:0:54309167><>" ignited "Dark Horse* Y n L cï¼ˆO.z)<139><STEAM_1:1:56072659><>" (seconds "20.000000")
L 10/29/2014 - 00:18:11: [funcommands.smx] "SUPER GAO<121><STEAM_1:0:54309167><>" ignited "Dark Horse* Y n L cï¼ˆO.z)<139><STEAM_1:1:56072659><>" (seconds "20.000000")
L 10/29/2014 - 00:18:11: [funcommands.smx] "SUPER GAO<121><STEAM_1:0:54309167><>" ignited "Dark Horse* Y n L cï¼ˆO.z)<139><STEAM_1:1:56072659><>" (seconds "20.000000")
L 10/29/2014 - 00:18:11: [funcommands.smx] "SUPER GAO<121><STEAM_1:0:54309167><>" ignited "Dark Horse* Y n L cï¼ˆO.z)<139><STEAM_1:1:56072659><>" (seconds "20.000000")
L 10/29/2014 - 00:18:11: [funcommands.smx] "SUPER GAO<121><STEAM_1:0:54309167><>" ignited "Dark Horse* Y n L cï¼ˆO.z)<139><STEAM_1:1:56072659><>" (seconds "20.000000")
L 10/29/2014 - 00:18:11: [funcommands.smx] "SUPER GAO<121><STEAM_1:0:54309167><>" ignited "Dark Horse* Y n L cï¼ˆO.z)<139><STEAM_1:1:56072659><>" (seconds "20.000000")
L 10/29/2014 - 00:18:12: [funcommands.smx] "SUPER GAO<121><STEAM_1:0:54309167><>" ignited "Dark Horse* Y n L cï¼ˆO.z)<139><STEAM_1:1:56072659><>" (seconds "20.000000")
L 10/29/2014 - 00:18:12: [funcommands.smx] "SUPER GAO<121><STEAM_1:0:54309167><>" ignited "Dark Horse* Y n L cï¼ˆO.z)<139><STEAM_1:1:56072659><>" (seconds "20.000000")
L 10/29/2014 - 00:18:12: [funcommands.smx] "SUPER GAO<121><STEAM_1:0:54309167><>" ignited "Dark Horse* Y n L cï¼ˆO.z)<139><STEAM_1:1:56072659><>" (seconds "20.000000")
L 10/29/2014 - 00:18:12: [funcommands.smx] "SUPER GAO<121><STEAM_1:0:54309167><>" ignited "Dark Horse* Y n L cï¼ˆO.z)<139><STEAM_1:1:56072659><>" (seconds "20.000000")
L 10/29/2014 - 00:18:12: [funcommands.smx] "SUPER GAO<121><STEAM_1:0:54309167><>" ignited "Dark Horse* Y n L cï¼ˆO.z)<139><STEAM_1:1:56072659><>" (seconds "20.000000")
L 10/29/2014 - 00:18:12: [funcommands.smx] "SUPER GAO<121><STEAM_1:0:54309167><>" ignited "Dark Horse* Y n L cï¼ˆO.z)<139><STEAM_1:1:56072659><>" (seconds "20.000000")
L 10/29/2014 - 00:18:12: [funcommands.smx] "SUPER GAO<121><STEAM_1:0:54309167><>" ignited "Dark Horse* Y n L cï¼ˆO.z)<139><STEAM_1:1:56072659><>" (seconds "20.000000")
L 10/29/2014 - 00:18:13: [funcommands.smx] "SUPER GAO<121><STEAM_1:0:54309167><>" ignited "Dark Horse* Y n L cï¼ˆO.z)<139><STEAM_1:1:56072659><>" (seconds "20.000000")
L 10/29/2014 - 00:18:13: [funcommands.smx] "SUPER GAO<121><STEAM_1:0:54309167><>" ignited "Dark Horse* Y n L cï¼ˆO.z)<139><STEAM_1:1:56072659><>" (seconds "20.000000")
L 10/29/2014 - 00:18:13: [funcommands.smx] "SUPER GAO<121><STEAM_1:0:54309167><>" ignited "Dark Horse* Y n L cï¼ˆO.z)<139><STEAM_1:1:56072659><>" (seconds "20.000000")
L 10/29/2014 - 00:18:13: [funcommands.smx] "SUPER GAO<121><STEAM_1:0:54309167><>" ignited "Dark Horse* Y n L cï¼ˆO.z)<139><STEAM_1:1:56072659><>" (seconds "20.000000")
L 10/29/2014 - 00:18:13: [funcommands.smx] "SUPER GAO<121><STEAM_1:0:54309167><>" ignited "Dark Horse* Y n L cï¼ˆO.z)<139><STEAM_1:1:56072659><>" (seconds "20.000000")
L 10/29/2014 - 00:18:28: [funcommands.smx] "SUPER GAO<121><STEAM_1:0:54309167><>" ignited "Dark Horse* Y n L cï¼ˆO.z)<139><STEAM_1:1:56072659><>" (seconds "20.000000")
L 10/29/2014 - 00:18:36: [funcommands.smx] "SUPER GAO<121><STEAM_1:0:54309167><>" ignited "Dark Horse* Y n L cï¼ˆO.z)<139><STEAM_1:1:56072659><>" (seconds "20.000000")
L 10/29/2014 - 00:18:53: [funcommands.smx] "SUPER GAO<121><STEAM_1:0:54309167><>" ignited "Dark Horse* Y n L cï¼ˆO.z)<139><STEAM_1:1:56072659><>" (seconds "20.000000")
L 10/29/2014 - 00:19:18: [funcommands.smx] "SUPER GAO<121><STEAM_1:0:54309167><>" ignited "Dark Horse* Y n L cï¼ˆO.z)<139><STEAM_1:1:56072659><>" (seconds "20.000000")
L 10/29/2014 - 00:27:21: [warmod.smx] "force_start" (player "æ´—å‰ªå¹ä¼šå‘˜300å—<105><STEAM_1:0:79563325><>")
L 10/29/2014 - 00:54:16: -------- Mapchange to de_inferno --------
L 10/29/2014 - 00:54:16: [warmod.smx] Current Map: de_inferno  Workshop ID: 
L 10/29/2014 - 11:05:37: SourceMod log file session started (file "L20141029.log") (Version "1.6.1-dev+4526")
L 10/29/2014 - 11:05:37: -------- Mapchange to de_dust2 --------
L 10/29/2014 - 11:05:37: [warmod.smx] Current Map: de_dust2  Workshop ID: 
L 10/29/2014 - 13:20:20: -------- Mapchange to de_inferno --------
L 10/29/2014 - 13:20:20: [warmod.smx] Current Map: de_inferno  Workshop ID: 
L 10/29/2014 - 13:21:06: [basecommands.smx] "æ´—å‰ªå¹ä¼šå‘˜300å—<190><STEAM_1:0:79563325><>" executed config (file "WangShiFu/on.cfg")
L 10/29/2014 - 13:21:58: [funcommands.smx] "æ´—å‰ªå¹ä¼šå‘˜300å—<190><STEAM_1:0:79563325><>" toggled noclip on "æ´—å‰ªå¹ä¼šå‘˜300å—<190><STEAM_1:0:79563325><>"
L 10/29/2014 - 13:22:05: [funcommands.smx] "æ´—å‰ªå¹ä¼šå‘˜300å—<190><STEAM_1:0:79563325><>" toggled noclip on "æ´—å‰ªå¹ä¼šå‘˜300å—<190><STEAM_1:0:79563325><>"
L 10/29/2014 - 13:25:29: [funcommands.smx] "æ´—å‰ªå¹ä¼šå‘˜300å—<190><STEAM_1:0:79563325><>" toggled noclip on "æ´—å‰ªå¹ä¼šå‘˜300å—<190><STEAM_1:0:79563325><>"
L 10/29/2014 - 13:26:25: [funcommands.smx] "æ´—å‰ªå¹ä¼šå‘˜300å—<190><STEAM_1:0:79563325><>" toggled noclip on "æ´—å‰ªå¹ä¼šå‘˜300å—<190><STEAM_1:0:79563325><>"
L 10/29/2014 - 13:26:56: [funcommands.smx] "æ´—å‰ªå¹ä¼šå‘˜300å—<190><STEAM_1:0:79563325><>" toggled noclip on "æ´—å‰ªå¹ä¼šå‘˜300å—<190><STEAM_1:0:79563325><>"
L 10/29/2014 - 13:27:06: [funcommands.smx] "æ´—å‰ªå¹ä¼šå‘˜300å—<190><STEAM_1:0:79563325><>" toggled noclip on "æ´—å‰ªå¹ä¼šå‘˜300å—<190><STEAM_1:0:79563325><>"
L 10/29/2014 - 13:27:12: [funcommands.smx] "æ´—å‰ªå¹ä¼šå‘˜300å—<190><STEAM_1:0:79563325><>" toggled noclip on "æ´—å‰ªå¹ä¼šå‘˜300å—<190><STEAM_1:0:79563325><>"
L 10/29/2014 - 13:27:17: [funcommands.smx] "æ´—å‰ªå¹ä¼šå‘˜300å—<190><STEAM_1:0:79563325><>" toggled noclip on "æ´—å‰ªå¹ä¼šå‘˜300å—<190><STEAM_1:0:79563325><>"
L 10/29/2014 - 13:27:24: [funcommands.smx] "æ´—å‰ªå¹ä¼šå‘˜300å—<190><STEAM_1:0:79563325><>" toggled noclip on "æ´—å‰ªå¹ä¼šå‘˜300å—<190><STEAM_1:0:79563325><>"
L 10/29/2014 - 13:27:33: [funcommands.smx] "æ´—å‰ªå¹ä¼šå‘˜300å—<190><STEAM_1:0:79563325><>" toggled noclip on "æ´—å‰ªå¹ä¼šå‘˜300å—<190><STEAM_1:0:79563325><>"
L 10/29/2014 - 13:27:42: [funcommands.smx] "æ´—å‰ªå¹ä¼šå‘˜300å—<190><STEAM_1:0:79563325><>" toggled noclip on "æ´—å‰ªå¹ä¼šå‘˜300å—<190><STEAM_1:0:79563325><>"
L 10/29/2014 - 13:27:53: [funcommands.smx] "æ´—å‰ªå¹ä¼šå‘˜300å—<190><STEAM_1:0:79563325><>" toggled noclip on "æ´—å‰ªå¹ä¼šå‘˜300å—<190><STEAM_1:0:79563325><>"
L 10/29/2014 - 13:28:01: [funcommands.smx] "æ´—å‰ªå¹ä¼šå‘˜300å—<190><STEAM_1:0:79563325><>" toggled noclip on "æ´—å‰ªå¹ä¼šå‘˜300å—<190><STEAM_1:0:79563325><>"
L 10/29/2014 - 13:28:36: [funcommands.smx] "æ´—å‰ªå¹ä¼šå‘˜300å—<190><STEAM_1:0:79563325><>" toggled noclip on "æ´—å‰ªå¹ä¼šå‘˜300å—<190><STEAM_1:0:79563325><>"
L 10/29/2014 - 13:28:56: [funcommands.smx] "æ´—å‰ªå¹ä¼šå‘˜300å—<190><STEAM_1:0:79563325><>" toggled noclip on "æ´—å‰ªå¹ä¼šå‘˜300å—<190><STEAM_1:0:79563325><>"
L 10/29/2014 - 13:29:10: [funcommands.smx] "æ´—å‰ªå¹ä¼šå‘˜300å—<190><STEAM_1:0:79563325><>" toggled noclip on "æ´—å‰ªå¹ä¼šå‘˜300å—<190><STEAM_1:0:79563325><>"
L 10/29/2014 - 13:29:13: [funcommands.smx] "æ´—å‰ªå¹ä¼šå‘˜300å—<190><STEAM_1:0:79563325><>" toggled noclip on "æ´—å‰ªå¹ä¼šå‘˜300å—<190><STEAM_1:0:79563325><>"
L 10/29/2014 - 13:29:34: [funcommands.smx] "æ´—å‰ªå¹ä¼šå‘˜300å—<190><STEAM_1:0:79563325><>" toggled noclip on "å†²é”‹åˆºçŒ¬<191><STEAM_1:1:55107314><>"
L 10/29/2014 - 13:29:46: [funcommands.smx] "æ´—å‰ªå¹ä¼šå‘˜300å—<190><STEAM_1:0:79563325><>" toggled noclip on "æ´—å‰ªå¹ä¼šå‘˜300å—<190><STEAM_1:0:79563325><>"
L 10/29/2014 - 13:30:29: [funcommands.smx] "æ´—å‰ªå¹ä¼šå‘˜300å—<190><STEAM_1:0:79563325><>" toggled noclip on "å†²é”‹åˆºçŒ¬<191><STEAM_1:1:55107314><>"
L 10/29/2014 - 13:30:29: [funcommands.smx] "æ´—å‰ªå¹ä¼šå‘˜300å—<190><STEAM_1:0:79563325><>" toggled noclip on "å†²é”‹åˆºçŒ¬<191><STEAM_1:1:55107314><>"
L 10/29/2014 - 13:30:32: [funcommands.smx] "æ´—å‰ªå¹ä¼šå‘˜300å—<190><STEAM_1:0:79563325><>" toggled noclip on "å†²é”‹åˆºçŒ¬<191><STEAM_1:1:55107314><>"
L 10/29/2014 - 13:33:45: [basecommands.smx] "æ´—å‰ªå¹ä¼šå‘˜300å—<190><STEAM_1:0:79563325><>" changed map to "wsf_bloodstrike"
L 10/29/2014 - 13:33:48: [SM] Changed map to "wsf_bloodstrike"
L 10/29/2014 - 13:33:48: -------- Mapchange to wsf_bloodstrike --------
L 10/29/2014 - 13:33:49: [warmod.smx] Current Map: wsf_bloodstrike  Workshop ID: 
L 10/29/2014 - 13:38:50: [basevotes.smx] "æ´—å‰ªå¹ä¼šå‘˜300å—<190><STEAM_1:0:79563325><>" initiated a map vote.
L 10/29/2014 - 13:39:01: [basevotes.smx] Changing map to de_nuke due to vote.
L 10/29/2014 - 13:39:06: [SM] Changed map to "de_nuke"
L 10/29/2014 - 13:39:06: -------- Mapchange to de_nuke --------
L 10/29/2014 - 13:39:06: [warmod.smx] Current Map: de_nuke  Workshop ID: 
L 10/29/2014 - 13:39:54: [basecommands.smx] "æ´—å‰ªå¹ä¼šå‘˜300å—<190><STEAM_1:0:79563325><>" executed config (file "WangShiFu/SuiJiZuDui.cfg")
L 10/29/2014 - 13:40:01: [warmod.smx] "force_start" (player "æ´—å‰ªå¹ä¼šå‘˜300å—<190><STEAM_1:0:79563325><>")
L 10/29/2014 - 14:26:14: -------- Mapchange to de_cache --------
L 10/29/2014 - 14:26:14: [warmod.smx] Current Map: de_cache  Workshop ID: 
L 10/29/2014 - 14:28:50: [warmod.smx] "force_start" (player "æ´—å‰ªå¹ä¼šå‘˜300å—<190><STEAM_1:0:79563325><>")
L 10/29/2014 - 14:35:26: SourceMod log file session started (file "L20141029.log") (Version "1.6.1-dev+4526")
L 10/29/2014 - 14:35:26: -------- Mapchange to de_dust2 --------
L 10/29/2014 - 14:35:26: [CSMod.IP] **********************************

L 10/29/2014 - 14:35:26: [CSMod.IP] ´¿ÕæIP¿â°æ±¾: ´¿ÕæÍøÂç2014Äê6ÔÂ10ÈÕIPÊı¾İ
L 10/29/2014 - 14:35:26: [CSMod.IP] **********************************

L 10/29/2014 - 14:35:27: [warmod.smx] Current Map: de_dust2  Workshop ID: 
L 10/29/2014 - 14:38:36: -------- Mapchange to de_dust2 --------
L 10/29/2014 - 14:38:36: [warmod.smx] Current Map: de_dust2  Workshop ID: 
L 10/29/2014 - 14:39:43: [mapchooser.smx] Starting map vote because outside request
L 10/29/2014 - 14:39:43: [mapchooser.smx] Voting for next map has started.
L 10/29/2014 - 14:39:46: [mapchooser.smx] Voting for next map has finished. Nextmap: de_mirage.
L 10/29/2014 - 14:39:48: [SM] Changed map to "de_mirage"
L 10/29/2014 - 14:39:48: -------- Mapchange to de_mirage --------
L 10/29/2014 - 14:39:49: [warmod.smx] Current Map: de_mirage  Workshop ID: 
L 10/29/2014 - 16:01:29: SourceMod log file session started (file "L20141029.log") (Version "1.6.1-dev+4526")
L 10/29/2014 - 16:01:29: -------- Mapchange to de_dust2 --------
L 10/29/2014 - 16:01:29: [CSMod.IP] **********************************

L 10/29/2014 - 16:01:29: [CSMod.IP] ´¿ÕæIP¿â°æ±¾: ´¿ÕæÍøÂç2014Äê6ÔÂ10ÈÕIPÊı¾İ
L 10/29/2014 - 16:01:29: [CSMod.IP] **********************************

L 10/29/2014 - 16:01:33: [warmod.smx] Current Map: de_dust2  Workshop ID: 
L 10/29/2014 - 16:56:51: -------- Mapchange to de_dust2 --------
L 10/29/2014 - 16:56:52: [warmod.smx] Current Map: de_dust2  Workshop ID: 
L 10/29/2014 - 19:12:12: SourceMod log file session started (file "L20141029.log") (Version "1.6.1-dev+4526")
L 10/29/2014 - 19:12:12: -------- Mapchange to de_dust2 --------
L 10/29/2014 - 19:12:12: [CSMod.IP] **********************************

L 10/29/2014 - 19:12:12: [CSMod.IP] ´¿ÕæIP¿â°æ±¾: ´¿ÕæÍøÂç2014Äê6ÔÂ10ÈÕIPÊı¾İ
L 10/29/2014 - 19:12:12: [CSMod.IP] **********************************

L 10/29/2014 - 19:17:38: -------- Mapchange to de_dust2 --------
L 10/29/2014 - 19:21:52: SourceMod log file session started (file "L20141029.log") (Version "1.6.1-dev+4526")
L 10/29/2014 - 19:21:52: -------- Mapchange to de_dust2 --------
L 10/29/2014 - 19:21:52: [CSMod.IP] **********************************

L 10/29/2014 - 19:21:52: [CSMod.IP] ´¿ÕæIP¿â°æ±¾: ´¿ÕæÍøÂç2014Äê6ÔÂ10ÈÕIPÊı¾İ
L 10/29/2014 - 19:21:52: [CSMod.IP] **********************************

L 10/29/2014 - 19:27:13: -------- Mapchange to de_dust2 --------
L 10/29/2014 - 19:28:02: [basecommands.smx] "sifu.WANGâ•®(â•¯3â•°)â•­<2><STEAM_1:0:56540868><>" changed map to "wsf_bloodstrike"
L 10/29/2014 - 19:28:05: [SM] Changed map to "wsf_bloodstrike"
L 10/29/2014 - 19:28:05: -------- Mapchange to wsf_bloodstrike --------
L 10/29/2014 - 19:35:07: SourceMod log file session started (file "L20141029.log") (Version "1.6.1-dev+4526")
L 10/29/2014 - 19:35:07: -------- Mapchange to de_dust2 --------
L 10/29/2014 - 19:35:07: [CSMod.IP] **********************************

L 10/29/2014 - 19:35:07: [CSMod.IP] ´¿ÕæIP¿â°æ±¾: ´¿ÕæÍøÂç2014Äê6ÔÂ10ÈÕIPÊı¾İ
L 10/29/2014 - 19:35:07: [CSMod.IP] **********************************

L 10/29/2014 - 19:37:14: -------- Mapchange to de_dust2 --------
L 10/29/2014 - 19:42:33: -------- Mapchange to de_dust2 --------
L 10/29/2014 - 19:42:33: [warmod2.smx] Current Map: de_dust2  Workshop ID: 	
L 10/29/2014 - 19:42:45: [warmod2.smx] "knife_on_3" (player "sifu.WANGâ•®(â•¯3â•°)â•­<3><STEAM_1:0:56540868><>")
L 10/29/2014 - 19:42:58: [basecommands.smx] "sifu.WANGâ•®(â•¯3â•°)â•­<3><STEAM_1:0:56540868><>" console command (cmdline "sv_cheats 1")
L 10/29/2014 - 19:43:02: [basecommands.smx] "sifu.WANGâ•®(â•¯3â•°)â•­<3><STEAM_1:0:56540868><>" console command (cmdline "bot_kill")
L 10/29/2014 - 19:43:54: [basecommands.smx] "sifu.WANGâ•®(â•¯3â•°)â•­<3><STEAM_1:0:56540868><>" console command (cmdline "sv_cheats 1")
L 10/29/2014 - 19:43:56: [basecommands.smx] "sifu.WANGâ•®(â•¯3â•°)â•­<3><STEAM_1:0:56540868><>" console command (cmdline "bot_kill")
L 10/29/2014 - 19:44:06: [warmod2.smx] "knife_on_3" (player "sifu.WANGâ•®(â•¯3â•°)â•­<3><STEAM_1:0:56540868><>")
L 10/29/2014 - 19:44:13: [basecommands.smx] "sifu.WANGâ•®(â•¯3â•°)â•­<3><STEAM_1:0:56540868><>" console command (cmdline "sv_cheats 1")
L 10/29/2014 - 19:44:14: [basecommands.smx] "sifu.WANGâ•®(â•¯3â•°)â•­<3><STEAM_1:0:56540868><>" console command (cmdline "bot_kill")
L 10/29/2014 - 19:45:03: [warmod2.smx] "knife_on_3" (player "sifu.WANGâ•®(â•¯3â•°)â•­<3><STEAM_1:0:56540868><>")
L 10/29/2014 - 19:45:10: [basecommands.smx] "sifu.WANGâ•®(â•¯3â•°)â•­<3><STEAM_1:0:56540868><>" console command (cmdline "sv_cheats 1")
L 10/29/2014 - 19:45:11: [basecommands.smx] "sifu.WANGâ•®(â•¯3â•°)â•­<3><STEAM_1:0:56540868><>" console command (cmdline "bot_kill")
L 10/29/2014 - 19:45:15: [playercommands.smx] "sifu.WANGâ•®(â•¯3â•°)â•­<3><STEAM_1:0:56540868><>" slayed "å‰å®³æƒ…æ­Œ<14><STEAM_1:0:38652866><>"
L 10/29/2014 - 19:45:24: [warmod2.smx] "knife_on_3" (player "sifu.WANGâ•®(â•¯3â•°)â•­<3><STEAM_1:0:56540868><>")
L 10/29/2014 - 19:45:35: [warmod2.smx] "knife_on_3" (player "sifu.WANGâ•®(â•¯3â•°)â•­<3><STEAM_1:0:56540868><>")
L 10/29/2014 - 19:48:08: SourceMod log file session started (file "L20141029.log") (Version "1.6.1-dev+4526")
L 10/29/2014 - 19:48:08: -------- Mapchange to de_dust2 --------
L 10/29/2014 - 19:48:08: [CSMod.IP] **********************************

L 10/29/2014 - 19:48:08: [CSMod.IP] ´¿ÕæIP¿â°æ±¾: ´¿ÕæÍøÂç2014Äê6ÔÂ10ÈÕIPÊı¾İ
L 10/29/2014 - 19:48:08: [CSMod.IP] **********************************

L 10/29/2014 - 19:53:51: -------- Mapchange to de_dust2 --------
L 10/29/2014 - 19:54:01: [basecommands.smx] "sifu.WANGâ•®(â•¯3â•°)â•­<2><STEAM_1:0:56540868><>" changed map to "de_dust2"
L 10/29/2014 - 19:54:04: [SM] Changed map to "de_dust2"
L 10/29/2014 - 19:54:04: -------- Mapchange to de_dust2 --------
L 10/29/2014 - 19:55:59: SourceMod log file session started (file "L20141029.log") (Version "1.6.1-dev+4526")
L 10/29/2014 - 19:55:59: -------- Mapchange to de_dust2 --------
L 10/29/2014 - 19:55:59: [CSMod.IP] **********************************

L 10/29/2014 - 19:55:59: [CSMod.IP] ´¿ÕæIP¿â°æ±¾: ´¿ÕæÍøÂç2014Äê6ÔÂ10ÈÕIPÊı¾İ
L 10/29/2014 - 19:55:59: [CSMod.IP] **********************************

L 10/29/2014 - 20:03:28: -------- Mapchange to de_dust2 --------
L 10/29/2014 - 20:03:38: [basecommands.smx] "sifu.WANGâ•®(â•¯3â•°)â•­<2><STEAM_1:0:56540868><>" changed map to "de_dust2"
L 10/29/2014 - 20:03:41: [SM] Changed map to "de_dust2"
L 10/29/2014 - 20:03:42: -------- Mapchange to de_dust2 --------
L 10/29/2014 - 20:04:11: [basecommands.smx] "sifu.WANGâ•®(â•¯3â•°)â•­<2><STEAM_1:0:56540868><>" console command (cmdline "sv_cheats 1")
L 10/29/2014 - 20:04:17: [basecommands.smx] "sifu.WANGâ•®(â•¯3â•°)â•­<2><STEAM_1:0:56540868><>" console command (cmdline "bot_kill")
L 10/29/2014 - 20:05:41: [basecommands.smx] "sifu.WANGâ•®(â•¯3â•°)â•­<2><STEAM_1:0:56540868><>" console command (cmdline "bot_kill")
L 10/29/2014 - 20:15:08: [basecommands.smx] "sifu.WANGâ•®(â•¯3â•°)â•­<2><STEAM_1:0:56540868><>" changed map to "de_dust2"
L 10/29/2014 - 20:15:11: [SM] Changed map to "de_dust2"
L 10/29/2014 - 20:15:11: -------- Mapchange to de_dust2 --------
L 10/29/2014 - 20:15:35: [basecommands.smx] "sifu.WANGâ•®(â•¯3â•°)â•­<2><STEAM_1:0:56540868><>" console command (cmdline "sv_cheats 1")
L 10/29/2014 - 20:15:36: [basecommands.smx] "sifu.WANGâ•®(â•¯3â•°)â•­<2><STEAM_1:0:56540868><>" console command (cmdline "bot_kill")
L 10/29/2014 - 20:16:22: [basecommands.smx] "sifu.WANGâ•®(â•¯3â•°)â•­<2><STEAM_1:0:56540868><>" console command (cmdline "bot_kill")
L 10/29/2014 - 20:20:35: [basecommands.smx] "sifu.WANGâ•®(â•¯3â•°)â•­<2><STEAM_1:0:56540868><>" changed map to "de_dust2"
L 10/29/2014 - 20:20:38: [SM] Changed map to "de_dust2"
L 10/29/2014 - 20:20:39: -------- Mapchange to de_dust2 --------
L 10/29/2014 - 20:20:51: [basecommands.smx] "sifu.WANGâ•®(â•¯3â•°)â•­<2><STEAM_1:0:56540868><>" console command (cmdline "sv_cheats 1")
L 10/29/2014 - 20:20:56: [basecommands.smx] "sifu.WANGâ•®(â•¯3â•°)â•­<2><STEAM_1:0:56540868><>" console command (cmdline "bot_kill")
L 10/29/2014 - 20:27:01: [basecommands.smx] "sifu.WANGâ•®(â•¯3â•°)â•­<2><STEAM_1:0:56540868><>" changed map to "de_dust2"
L 10/29/2014 - 20:27:04: [SM] Changed map to "de_dust2"
L 10/29/2014 - 20:27:04: -------- Mapchange to de_dust2 --------
L 10/29/2014 - 20:27:18: [basecommands.smx] "sifu.WANGâ•®(â•¯3â•°)â•­<2><STEAM_1:0:56540868><>" console command (cmdline "sv_cheats 1")
L 10/29/2014 - 20:27:21: [basecommands.smx] "sifu.WANGâ•®(â•¯3â•°)â•­<2><STEAM_1:0:56540868><>" console command (cmdline "bot_kill")
L 10/29/2014 - 20:28:13: [basecommands.smx] "sifu.WANGâ•®(â•¯3â•°)â•­<2><STEAM_1:0:56540868><>" console command (cmdline "sv_cheats 1")
L 10/29/2014 - 20:28:14: [basecommands.smx] "sifu.WANGâ•®(â•¯3â•°)â•­<2><STEAM_1:0:56540868><>" console command (cmdline "bot_kill")
L 10/29/2014 - 20:35:40: [basecommands.smx] "sifu.WANGâ•®(â•¯3â•°)â•­<2><STEAM_1:0:56540868><>" changed map to "de_dust2"
L 10/29/2014 - 20:35:43: [SM] Changed map to "de_dust2"
L 10/29/2014 - 20:35:43: -------- Mapchange to de_dust2 --------
L 10/29/2014 - 20:35:56: [basecommands.smx] "sifu.WANGâ•®(â•¯3â•°)â•­<2><STEAM_1:0:56540868><>" console command (cmdline "sv_cheats 1")
L 10/29/2014 - 20:36:00: [basecommands.smx] "sifu.WANGâ•®(â•¯3â•°)â•­<2><STEAM_1:0:56540868><>" console command (cmdline "bot_kill")
L 10/29/2014 - 20:43:32: [basecommands.smx] "sifu.WANGâ•®(â•¯3â•°)â•­<2><STEAM_1:0:56540868><>" changed map to "de_dust2"
L 10/29/2014 - 20:43:35: [SM] Changed map to "de_dust2"
L 10/29/2014 - 20:43:36: -------- Mapchange to de_dust2 --------
L 10/29/2014 - 20:43:56: [basecommands.smx] "sifu.WANGâ•®(â•¯3â•°)â•­<2><STEAM_1:0:56540868><>" console command (cmdline "sv_cheats 1")
L 10/29/2014 - 20:43:57: [basecommands.smx] "sifu.WANGâ•®(â•¯3â•°)â•­<2><STEAM_1:0:56540868><>" console command (cmdline "bot_kill")
L 10/29/2014 - 20:52:37: [basecommands.smx] "sifu.WANGâ•®(â•¯3â•°)â•­<2><STEAM_1:0:56540868><>" changed map to "de_dust2"
L 10/29/2014 - 20:52:40: [SM] Changed map to "de_dust2"
L 10/29/2014 - 20:52:41: -------- Mapchange to de_dust2 --------
L 10/29/2014 - 20:52:58: [basecommands.smx] "sifu.WANGâ•®(â•¯3â•°)â•­<2><STEAM_1:0:56540868><>" console command (cmdline "sv_cheats 1")
L 10/29/2014 - 20:52:59: [basecommands.smx] "sifu.WANGâ•®(â•¯3â•°)â•­<2><STEAM_1:0:56540868><>" console command (cmdline "bot_kill")
L 10/29/2014 - 20:55:28: [basecommands.smx] "sifu.WANGâ•®(â•¯3â•°)â•­<2><STEAM_1:0:56540868><>" console command (cmdline "sv_cheats 1")
L 10/29/2014 - 20:55:29: [basecommands.smx] "sifu.WANGâ•®(â•¯3â•°)â•­<2><STEAM_1:0:56540868><>" console command (cmdline "bot_kill")
L 10/29/2014 - 21:32:30: [basechat.smx] "SUPER GAO<85><STEAM_1:0:54309167><>" triggered sm_say (text åˆšå‡ºé—®é¢˜äº†ï¼Œæ²¡å‡†æ˜Ÿäº†)
L 10/29/2014 - 21:33:26: [basechat.smx] "SUPER GAO<85><STEAM_1:0:54309167><>" triggered sm_say (text å…¨æ˜¯é«˜æ‰‹ã€‚ã€‚ã€‚ã€‚ã€‚)
L 10/29/2014 - 21:35:11: [basechat.smx] "sifu.WANGâ•®(â•¯3â•°)â•­<2><STEAM_1:0:56540868><>" triggered sm_say (text æœ€åä¸€å±€ã€‚ã€‚)
L 10/29/2014 - 21:49:04: -------- Mapchange to de_mirage --------
L 10/29/2014 - 21:54:44: [basecommands.smx] "sifu.WANGâ•®(â•¯3â•°)â•­<93><STEAM_1:0:56540868><>" kicked "å¤§è„¸çŒ«<92><STEAM_1:1:62474239><>" 
L 10/29/2014 - 21:56:06: [basecommands.smx] "sifu.WANGâ•®(â•¯3â•°)â•­<93><STEAM_1:0:56540868><>" executed config (file "WangShiFu/SuiJiZuDui.cfg")
L 10/29/2014 - 21:56:16: [basecommands.smx] "sifu.WANGâ•®(â•¯3â•°)â•­<93><STEAM_1:0:56540868><>" executed config (file "WangShiFu/SuiJiZuDui.cfg")
L 10/29/2014 - 22:01:19: [basecommands.smx] "sifu.WANGâ•®(â•¯3â•°)â•­<93><STEAM_1:0:56540868><>" kicked "dogsaur<94><STEAM_1:1:99644839><>" 
L 10/29/2014 - 22:21:10: [basechat.smx] "sifu.WANGâ•®(â•¯3â•°)â•­<93><STEAM_1:0:56540868><>" triggered sm_say (text æˆ‘ä¸¢ã€‚ã€‚è¢« AWPæªæ†æ‰“æ­»çš„ã€‚ã€‚)
L 10/29/2014 - 22:28:09: -------- Mapchange to de_inferno --------
L 10/29/2014 - 22:33:12: [basecommands.smx] "sifu.WANGâ•®(â•¯3â•°)â•­<106><STEAM_1:0:56540868><>" executed config (file "WangShiFu/SuiJiZuDui.cfg")
L 10/29/2014 - 23:08:40: -------- Mapchange to de_nuke --------
