L 07/30/2014 - 17:30:29: SourceMod log file session started (file "L20140730.log") (Version "1.6.1-dev+4526")
L 07/30/2014 - 17:30:29: -------- Mapchange to de_dust2 --------
L 07/30/2014 - 17:30:30: [CLIENTPREFS] Attempting to reconnect to database...
L 07/30/2014 - 17:33:06: Log file closed.
L 07/30/2014 - 17:33:21: SourceMod log file session started (file "L20140730.log") (Version "1.6.1-dev+4526")
L 07/30/2014 - 17:33:21: -------- Mapchange to de_dust2 --------
L 07/30/2014 - 17:33:22: [CLIENTPREFS] Attempting to reconnect to database...
L 07/30/2014 - 17:34:16: Log file closed.
L 07/30/2014 - 17:34:30: SourceMod log file session started (file "L20140730.log") (Version "1.6.1-dev+4526")
L 07/30/2014 - 17:34:30: -------- Mapchange to de_dust2 --------
L 07/30/2014 - 17:34:32: [CLIENTPREFS] Attempting to reconnect to database...
L 07/30/2014 - 17:35:12: -------- Mapchange to de_dust2 --------
L 07/30/2014 - 17:35:12: [CLIENTPREFS] Attempting to reconnect to database...
L 07/30/2014 - 17:35:12: [UPDATER] Successfully updated gamedata file "sm-cstrike.games/game.csgo.txt"
L 07/30/2014 - 17:35:12: [UPDATER] SourceMod has been updated, please reload it or restart your server.
L 07/30/2014 - 17:35:13: [CLIENTPREFS] Attempting to reconnect to database...
L 07/30/2014 - 17:35:32: [CLIENTPREFS] Attempting to reconnect to database...
L 07/30/2014 - 17:35:32: [CLIENTPREFS] Attempting to reconnect to database...
L 07/30/2014 - 17:35:32: [CLIENTPREFS] Attempting to reconnect to database...
L 07/30/2014 - 17:35:32: [CLIENTPREFS] Attempting to reconnect to database...
L 07/30/2014 - 17:35:32: [CLIENTPREFS] Attempting to reconnect to database...
L 07/30/2014 - 17:35:32: [CLIENTPREFS] Attempting to reconnect to database...
L 07/30/2014 - 17:35:32: [CLIENTPREFS] Attempting to reconnect to database...
L 07/30/2014 - 17:35:32: [CLIENTPREFS] Attempting to reconnect to database...
L 07/30/2014 - 17:35:32: [CLIENTPREFS] Attempting to reconnect to database...
L 07/30/2014 - 17:35:51: [CLIENTPREFS] Attempting to reconnect to database...
L 07/30/2014 - 17:35:51: [CLIENTPREFS] Attempting to reconnect to database...
L 07/30/2014 - 17:35:51: [CLIENTPREFS] Attempting to reconnect to database...
L 07/30/2014 - 17:35:51: [CLIENTPREFS] Attempting to reconnect to database...
L 07/30/2014 - 17:35:51: [CLIENTPREFS] Attempting to reconnect to database...
L 07/30/2014 - 17:35:51: [CLIENTPREFS] Attempting to reconnect to database...
L 07/30/2014 - 17:35:51: [CLIENTPREFS] Attempting to reconnect to database...
L 07/30/2014 - 17:35:51: [CLIENTPREFS] Attempting to reconnect to database...
L 07/30/2014 - 17:35:51: [CLIENTPREFS] Attempting to reconnect to database...
L 07/30/2014 - 17:35:51: [CLIENTPREFS] Attempting to reconnect to database...
L 07/30/2014 - 17:35:56: [CLIENTPREFS] Attempting to reconnect to database...
L 07/30/2014 - 17:36:22: SourceMod log file session started (file "L20140730.log") (Version "1.6.1-dev+4526")
L 07/30/2014 - 17:36:22: -------- Mapchange to de_dust2 --------
L 07/30/2014 - 17:36:23: [CLIENTPREFS] Attempting to reconnect to database...
L 07/30/2014 - 17:37:29: Log file closed.
